#
# A fatal error has been detected by the Java Runtime Environment:
#
#  SIGSEGV (0xb) at pc=0x00007fd5aa3b2182, pid=108877, tid=108883
#
# JRE version: OpenJDK Runtime Environment Temurin-17.0.5+8 (17.0.5+8) (build 17.0.5+8)
# Java VM: OpenJDK 64-Bit Server VM Temurin-17.0.5+8 (17.0.5+8, mixed mode, tiered, compressed oops, compressed class ptrs, g1 gc, linux-amd64)
# Problematic frame:
# C  [libc.so.6+0x1b2182]
#
# Core dump will be written. Default location: Core dumps may be processed with "/usr/share/apport/apport -p%p -s%s -c%c -d%d -P%P -u%u -g%g -- %E" (or dumping to /home/pfr/pfr_code/PFR_Java/core.108877)
#
# If you would like to submit a bug report, please visit:
#   https://github.com/adoptium/adoptium-support/issues
# The crash happened outside the Java Virtual Machine in native code.
# See problematic frame for where to report the bug.
#

---------------  S U M M A R Y ------------

Command Line: -Dfile.encoding=UTF-8 -XX:+ShowCodeDetailsInExceptionMessages test.TestJNA

Host: 11th Gen Intel(R) Core(TM) i7-11370H @ 3.30GHz, 6 cores, 3G, Ubuntu 22.04.2 LTS
Time: Wed Mar 22 00:35:35 2023 CET elapsed time: 0.631543 seconds (0d 0h 0m 0s)

---------------  T H R E A D  ---------------

Current thread (0x00007fd5a4025d60):  JavaThread "main" [_thread_in_native, id=108883, stack(0x00007fd5a8cda000,0x00007fd5a8dda000)]

Stack: [0x00007fd5a8cda000,0x00007fd5a8dda000],  sp=0x00007fd5a8dd7ab8,  free space=1014k
Native frames: (J=compiled Java code, j=interpreted, Vv=VM code, C=native code)
C  [libc.so.6+0x1b2182]
C  [jna15562644940136632134.tmp+0x16052]

Java frames: (J=compiled Java code, j=interpreted, Vv=VM code)
j  com.sun.jna.Native.invokeVoid(Lcom/sun/jna/Function;JI[Ljava/lang/Object;)V+0
j  com.sun.jna.Function.invoke([Ljava/lang/Object;Ljava/lang/Class;ZI)Ljava/lang/Object;+42
j  com.sun.jna.Function.invoke(Ljava/lang/reflect/Method;[Ljava/lang/Class;Ljava/lang/Class;[Ljava/lang/Object;Ljava/util/Map;)Ljava/lang/Object;+271
j  com.sun.jna.Library$Handler.invoke(Ljava/lang/Object;Ljava/lang/reflect/Method;[Ljava/lang/Object;)Ljava/lang/Object;+390
j  jdk.proxy1.$Proxy0.recherchenoiretblanc(IFLjava/lang/String;)V+30 jdk.proxy1
j  test.TestJNA.main([Ljava/lang/String;)V+13
v  ~StubRoutines::call_stub

siginfo: si_signo: 11 (SIGSEGV), si_code: 1 (SEGV_MAPERR), si_addr: 0x0000000000000000

Register to memory mapping:

RAX=0x0 is NULL
RBX=0x00007fd5a8dd7c30 is pointing into the stack for thread: 0x00007fd5a4025d60
RCX=0x00000000a8dd7f80 is an unknown value
RDX=0x0000000000000006 is an unknown value
RSP=0x00007fd5a8dd7ab8 is pointing into the stack for thread: 0x00007fd5a4025d60
RBP=0x00007fd5a8dd7db0 is pointing into the stack for thread: 0x00007fd5a4025d60
RSI=0x00007fd5a8dd7c18 is pointing into the stack for thread: 0x00007fd5a4025d60
RDI=0x0 is NULL
R8 =0x00007fd5a413f4e0 points into unknown readable memory: 0x00007fd2fbad2488 | 88 24 ad fb d2 7f 00 00
R9 =0x0 is NULL
R10=0x00007fd5aa20adb8: <offset 0x000000000000adb8> in /lib/x86_64-linux-gnu/libc.so.6 at 0x00007fd5aa200000
R11=0x00007fd5aa3b1dd0: <offset 0x00000000001b1dd0> in /lib/x86_64-linux-gnu/libc.so.6 at 0x00007fd5aa200000
R12=0x000000000000000d is an unknown value
R13=0x0 is NULL
R14=0x000000000000000d is an unknown value
R15=0x0 is NULL


Registers:
RAX=0x0000000000000000, RBX=0x00007fd5a8dd7c30, RCX=0x00000000a8dd7f80, RDX=0x0000000000000006
RSP=0x00007fd5a8dd7ab8, RBP=0x00007fd5a8dd7db0, RSI=0x00007fd5a8dd7c18, RDI=0x0000000000000000
R8 =0x00007fd5a413f4e0, R9 =0x0000000000000000, R10=0x00007fd5aa20adb8, R11=0x00007fd5aa3b1dd0
R12=0x000000000000000d, R13=0x0000000000000000, R14=0x000000000000000d, R15=0x0000000000000000
RIP=0x00007fd5aa3b2182, EFLAGS=0x0000000000010202, CSGSFS=0x002b000000000033, ERR=0x0000000000000006
  TRAPNO=0x000000000000000e

Top of Stack: (sp=0x00007fd5a8dd7ab8)
0x00007fd5a8dd7ab8:   00007fd5aa435cec 0000090000000000
0x00007fd5a8dd7ac8:   0000000000000000 0000000000000000
0x00007fd5a8dd7ad8:   0000000000000000 000000000001656c
0x00007fd5a8dd7ae8:   0000000000000000 0000000000000000 

Instructions: (pc=0x00007fd5aa3b2182)
0x00007fd5aa3b2082:   66 66 2e 0f 1f 84 00 00 00 00 00 0f 1f 00 48 01
0x00007fd5aa3b2092:   cf 48 01 ce 0f bc d2 83 fa 20 0f 83 3e 01 00 00
0x00007fd5aa3b20a2:   83 fa 10 0f 83 05 01 00 00 83 fa 08 0f 83 dc 00
0x00007fd5aa3b20b2:   00 00 83 fa 04 0f 83 c3 00 00 00 83 fa 03 0f 84
0x00007fd5aa3b20c2:   aa 00 00 00 83 fa 01 0f 87 91 00 00 00 74 7f c6
0x00007fd5aa3b20d2:   07 00 c3 66 66 2e 0f 1f 84 00 00 00 00 00 48 83
0x00007fd5aa3b20e2:   c6 20 48 83 c7 20 eb ac 66 0f 1f 44 00 00 0f bc
0x00007fd5aa3b20f2:   d2 48 01 ce 83 c2 20 29 ca eb 9c 0f 1f 00 0f bc
0x00007fd5aa3b2102:   d2 eb 94 66 66 2e 0f 1f 84 00 00 00 00 00 0f bc
0x00007fd5aa3b2112:   d1 62 e1 fe 28 7f 27 48 83 c6 20 48 83 c7 20 e9
0x00007fd5aa3b2122:   73 ff ff ff 66 2e 0f 1f 84 00 00 00 00 00 0f bc
0x00007fd5aa3b2132:   d2 62 e1 fe 28 7f 27 62 e1 fe 28 7f 6f 01 48 83
0x00007fd5aa3b2142:   c6 40 48 83 c7 40 e9 4c ff ff ff 0f 1f 00 0f b7
0x00007fd5aa3b2152:   16 66 89 17 c3 66 0f 1f 84 00 00 00 00 00 0f b7
0x00007fd5aa3b2162:   0e 66 89 0f c6 47 02 00 c3 0f 1f 44 00 00 8b 16
0x00007fd5aa3b2172:   89 17 c3 66 66 2e 0f 1f 84 00 00 00 00 00 8b 0e
0x00007fd5aa3b2182:   89 0f 8b 4c 16 fd 89 4c 17 fd c3 0f 1f 00 48 8b
0x00007fd5aa3b2192:   0e 4c 8b 4c 16 f9 48 89 0f 4c 89 4c 17 f9 c3 66
0x00007fd5aa3b21a2:   66 2e 0f 1f 84 00 00 00 00 00 0f 1f 40 00 62 e1
0x00007fd5aa3b21b2:   fe 08 6f 16 62 e1 fe 08 6f 9c 16 f1 ff ff ff 62
0x00007fd5aa3b21c2:   e1 fe 08 7f 17 62 e1 fe 08 7f 9c 17 f1 ff ff ff
0x00007fd5aa3b21d2:   c3 66 66 2e 0f 1f 84 00 00 00 00 00 66 90 62 e1
0x00007fd5aa3b21e2:   fe 28 6f 16 62 e1 fe 28 6f 9c 16 e1 ff ff ff 62
0x00007fd5aa3b21f2:   e1 fe 28 7f 17 62 e1 fe 28 7f 9c 17 e1 ff ff ff
0x00007fd5aa3b2202:   c3 66 2e 0f 1f 84 00 00 00 00 00 66 2e 0f 1f 84
0x00007fd5aa3b2212:   00 00 00 00 00 66 0f 1f 84 00 00 00 00 00 f3 0f
0x00007fd5aa3b2222:   1e fa 89 f8 62 a1 fd 00 ef c0 25 ff 0f 00 00 3d
0x00007fd5aa3b2232:   e0 0f 00 00 0f 87 34 01 00 00 62 f3 7d 20 3f 07
0x00007fd5aa3b2242:   00 c5 fb 93 c0 85 c0 74 55 f3 0f bc c0 c3 f3 0f
0x00007fd5aa3b2252:   bc c0 29 d7 8d 44 07 20 c3 0f 1f 44 00 00 f3 0f
0x00007fd5aa3b2262:   bc c0 29 d7 8d 44 07 40 c3 0f 1f 44 00 00 f3 0f
0x00007fd5aa3b2272:   bc c0 29 d7 8d 44 07 60 c3 0f 1f 44 00 00 f3 0f 


Stack slot to memory mapping:
stack at sp + 0 slots: 0x00007fd5aa435cec: recherchenoiretblanc+0x00000000000003a8 in /home/pfr/pfr_code/image/src/libImage.so at 0x00007fd5aa430000
stack at sp + 1 slots: 0x0000090000000000 is an unknown value
stack at sp + 2 slots: 0x0 is NULL
stack at sp + 3 slots: 0x0 is NULL
stack at sp + 4 slots: 0x0 is NULL
stack at sp + 5 slots: 0x000000000001656c is an unknown value
stack at sp + 6 slots: 0x0 is NULL
stack at sp + 7 slots: 0x0 is NULL


---------------  P R O C E S S  ---------------

Threads class SMR info:
_java_thread_list=0x00007fd5a42fd280, length=13, elements={
0x00007fd5a4025d60, 0x00007fd5a41421c0, 0x00007fd5a4143810, 0x00007fd5a416c750,
0x00007fd5a416d5b0, 0x00007fd5a416e9c0, 0x00007fd5a4170040, 0x00007fd5a4171520,
0x00007fd5a41729b0, 0x00007fd5a4211fa0, 0x00007fd5a4219680, 0x00007fd5a4308df0,
0x00007fd5a42fb9f0
}

Java Threads: ( => current thread )
=>0x00007fd5a4025d60 JavaThread "main" [_thread_in_native, id=108883, stack(0x00007fd5a8cda000,0x00007fd5a8dda000)]
  0x00007fd5a41421c0 JavaThread "Reference Handler" daemon [_thread_blocked, id=108890, stack(0x00007fd58c300000,0x00007fd58c400000)]
  0x00007fd5a4143810 JavaThread "Finalizer" daemon [_thread_blocked, id=108891, stack(0x00007fd58c200000,0x00007fd58c300000)]
  0x00007fd5a416c750 JavaThread "Signal Dispatcher" daemon [_thread_blocked, id=108892, stack(0x00007fd58c100000,0x00007fd58c200000)]
  0x00007fd5a416d5b0 JavaThread "Service Thread" daemon [_thread_blocked, id=108893, stack(0x00007fd58c000000,0x00007fd58c100000)]
  0x00007fd5a416e9c0 JavaThread "Monitor Deflation Thread" daemon [_thread_blocked, id=108894, stack(0x00007fd56ff00000,0x00007fd570000000)]
  0x00007fd5a4170040 JavaThread "C2 CompilerThread0" daemon [_thread_blocked, id=108895, stack(0x00007fd56ed00000,0x00007fd56ee00000)]
  0x00007fd5a4171520 JavaThread "C1 CompilerThread0" daemon [_thread_blocked, id=108896, stack(0x00007fd56ec00000,0x00007fd56ed00000)]
  0x00007fd5a41729b0 JavaThread "Sweeper thread" daemon [_thread_blocked, id=108897, stack(0x00007fd56eb00000,0x00007fd56ec00000)]
  0x00007fd5a4211fa0 JavaThread "Notification Thread" daemon [_thread_blocked, id=108898, stack(0x00007fd56ea00000,0x00007fd56eb00000)]
  0x00007fd5a4219680 JavaThread "Common-Cleaner" daemon [_thread_blocked, id=108900, stack(0x00007fd56e7fe000,0x00007fd56e8fe000)]
  0x00007fd5a4308df0 JavaThread "process reaper" daemon [_thread_blocked, id=108902, stack(0x00007fd58cc4c000,0x00007fd58cc6e000)]
  0x00007fd5a42fb9f0 JavaThread "JNA Cleaner" daemon [_thread_blocked, id=108903, stack(0x00007fd56e6fe000,0x00007fd56e7fe000)]

Other Threads:
  0x00007fd5a40f27e0 VMThread "VM Thread" [stack: 0x00007fd58ccb9000,0x00007fd58cdb9000] [id=108889]
  0x00007fd5a41956e0 WatcherThread [stack: 0x00007fd56e900000,0x00007fd56ea00000] [id=108899]
  0x00007fd5a4062850 GCTaskThread "GC Thread#0" [stack: 0x00007fd58f84a000,0x00007fd58f94a000] [id=108884]
  0x00007fd5a406b800 ConcurrentGCThread "G1 Main Marker" [stack: 0x00007fd58f748000,0x00007fd58f848000] [id=108885]
  0x00007fd5a406c760 ConcurrentGCThread "G1 Conc#0" [stack: 0x00007fd58f646000,0x00007fd58f746000] [id=108886]
  0x00007fd5a40b04e0 ConcurrentGCThread "G1 Refine#0" [stack: 0x00007fd58cf3e000,0x00007fd58d03e000] [id=108887]
  0x00007fd5a40b13d0 ConcurrentGCThread "G1 Service" [stack: 0x00007fd58ce3c000,0x00007fd58cf3c000] [id=108888]

Threads with active compile tasks:

VM state: not at safepoint (normal execution)

VM Mutex/Monitor currently owned by a thread: None

Heap address: 0x00000000c3200000, size: 974 MB, Compressed Oops mode: 32-bit

CDS archive(s) not mapped
Compressed class space mapped at: 0x0000000100000000-0x0000000140000000, reserved size: 1073741824
Narrow klass base: 0x0000000000000000, Narrow klass shift: 3, Narrow klass range: 0x140000000

GC Precious Log:
 CPUs: 6 total, 6 available
 Memory: 3888M
 Large Page Support: Disabled
 NUMA Support: Disabled
 Compressed Oops: Enabled (32-bit)
 Heap Region Size: 1M
 Heap Min Capacity: 8M
 Heap Initial Capacity: 62M
 Heap Max Capacity: 974M
 Pre-touch: Disabled
 Parallel Workers: 6
 Concurrent Workers: 2
 Concurrent Refinement Workers: 6
 Periodic GC: Disabled

Heap:
 garbage-first heap   total 63488K, used 4096K [0x00000000c3200000, 0x0000000100000000)
  region size 1024K, 5 young (5120K), 0 survivors (0K)
 Metaspace       used 8818K, committed 8896K, reserved 1064960K
  class space    used 794K, committed 832K, reserved 1048576K

Heap Regions: E=young(eden), S=young(survivor), O=old, HS=humongous(starts), HC=humongous(continues), CS=collection set, F=free, OA=open archive, CA=closed archive, TAMS=top-at-mark-start (previous, next)
|   0|0x00000000c3200000, 0x00000000c3200000, 0x00000000c3300000|  0%| F|  |TAMS 0x00000000c3200000, 0x00000000c3200000| Untracked 
|   1|0x00000000c3300000, 0x00000000c3300000, 0x00000000c3400000|  0%| F|  |TAMS 0x00000000c3300000, 0x00000000c3300000| Untracked 
|   2|0x00000000c3400000, 0x00000000c3400000, 0x00000000c3500000|  0%| F|  |TAMS 0x00000000c3400000, 0x00000000c3400000| Untracked 
|   3|0x00000000c3500000, 0x00000000c3500000, 0x00000000c3600000|  0%| F|  |TAMS 0x00000000c3500000, 0x00000000c3500000| Untracked 
|   4|0x00000000c3600000, 0x00000000c3600000, 0x00000000c3700000|  0%| F|  |TAMS 0x00000000c3600000, 0x00000000c3600000| Untracked 
|   5|0x00000000c3700000, 0x00000000c3700000, 0x00000000c3800000|  0%| F|  |TAMS 0x00000000c3700000, 0x00000000c3700000| Untracked 
|   6|0x00000000c3800000, 0x00000000c3800000, 0x00000000c3900000|  0%| F|  |TAMS 0x00000000c3800000, 0x00000000c3800000| Untracked 
|   7|0x00000000c3900000, 0x00000000c3900000, 0x00000000c3a00000|  0%| F|  |TAMS 0x00000000c3900000, 0x00000000c3900000| Untracked 
|   8|0x00000000c3a00000, 0x00000000c3a00000, 0x00000000c3b00000|  0%| F|  |TAMS 0x00000000c3a00000, 0x00000000c3a00000| Untracked 
|   9|0x00000000c3b00000, 0x00000000c3b00000, 0x00000000c3c00000|  0%| F|  |TAMS 0x00000000c3b00000, 0x00000000c3b00000| Untracked 
|  10|0x00000000c3c00000, 0x00000000c3c00000, 0x00000000c3d00000|  0%| F|  |TAMS 0x00000000c3c00000, 0x00000000c3c00000| Untracked 
|  11|0x00000000c3d00000, 0x00000000c3d00000, 0x00000000c3e00000|  0%| F|  |TAMS 0x00000000c3d00000, 0x00000000c3d00000| Untracked 
|  12|0x00000000c3e00000, 0x00000000c3e00000, 0x00000000c3f00000|  0%| F|  |TAMS 0x00000000c3e00000, 0x00000000c3e00000| Untracked 
|  13|0x00000000c3f00000, 0x00000000c3f00000, 0x00000000c4000000|  0%| F|  |TAMS 0x00000000c3f00000, 0x00000000c3f00000| Untracked 
|  14|0x00000000c4000000, 0x00000000c4000000, 0x00000000c4100000|  0%| F|  |TAMS 0x00000000c4000000, 0x00000000c4000000| Untracked 
|  15|0x00000000c4100000, 0x00000000c4100000, 0x00000000c4200000|  0%| F|  |TAMS 0x00000000c4100000, 0x00000000c4100000| Untracked 
|  16|0x00000000c4200000, 0x00000000c4200000, 0x00000000c4300000|  0%| F|  |TAMS 0x00000000c4200000, 0x00000000c4200000| Untracked 
|  17|0x00000000c4300000, 0x00000000c4300000, 0x00000000c4400000|  0%| F|  |TAMS 0x00000000c4300000, 0x00000000c4300000| Untracked 
|  18|0x00000000c4400000, 0x00000000c4400000, 0x00000000c4500000|  0%| F|  |TAMS 0x00000000c4400000, 0x00000000c4400000| Untracked 
|  19|0x00000000c4500000, 0x00000000c4500000, 0x00000000c4600000|  0%| F|  |TAMS 0x00000000c4500000, 0x00000000c4500000| Untracked 
|  20|0x00000000c4600000, 0x00000000c4600000, 0x00000000c4700000|  0%| F|  |TAMS 0x00000000c4600000, 0x00000000c4600000| Untracked 
|  21|0x00000000c4700000, 0x00000000c4700000, 0x00000000c4800000|  0%| F|  |TAMS 0x00000000c4700000, 0x00000000c4700000| Untracked 
|  22|0x00000000c4800000, 0x00000000c4800000, 0x00000000c4900000|  0%| F|  |TAMS 0x00000000c4800000, 0x00000000c4800000| Untracked 
|  23|0x00000000c4900000, 0x00000000c4900000, 0x00000000c4a00000|  0%| F|  |TAMS 0x00000000c4900000, 0x00000000c4900000| Untracked 
|  24|0x00000000c4a00000, 0x00000000c4a00000, 0x00000000c4b00000|  0%| F|  |TAMS 0x00000000c4a00000, 0x00000000c4a00000| Untracked 
|  25|0x00000000c4b00000, 0x00000000c4b00000, 0x00000000c4c00000|  0%| F|  |TAMS 0x00000000c4b00000, 0x00000000c4b00000| Untracked 
|  26|0x00000000c4c00000, 0x00000000c4c00000, 0x00000000c4d00000|  0%| F|  |TAMS 0x00000000c4c00000, 0x00000000c4c00000| Untracked 
|  27|0x00000000c4d00000, 0x00000000c4d00000, 0x00000000c4e00000|  0%| F|  |TAMS 0x00000000c4d00000, 0x00000000c4d00000| Untracked 
|  28|0x00000000c4e00000, 0x00000000c4e00000, 0x00000000c4f00000|  0%| F|  |TAMS 0x00000000c4e00000, 0x00000000c4e00000| Untracked 
|  29|0x00000000c4f00000, 0x00000000c4f00000, 0x00000000c5000000|  0%| F|  |TAMS 0x00000000c4f00000, 0x00000000c4f00000| Untracked 
|  30|0x00000000c5000000, 0x00000000c5000000, 0x00000000c5100000|  0%| F|  |TAMS 0x00000000c5000000, 0x00000000c5000000| Untracked 
|  31|0x00000000c5100000, 0x00000000c5100000, 0x00000000c5200000|  0%| F|  |TAMS 0x00000000c5100000, 0x00000000c5100000| Untracked 
|  32|0x00000000c5200000, 0x00000000c5200000, 0x00000000c5300000|  0%| F|  |TAMS 0x00000000c5200000, 0x00000000c5200000| Untracked 
|  33|0x00000000c5300000, 0x00000000c5300000, 0x00000000c5400000|  0%| F|  |TAMS 0x00000000c5300000, 0x00000000c5300000| Untracked 
|  34|0x00000000c5400000, 0x00000000c5400000, 0x00000000c5500000|  0%| F|  |TAMS 0x00000000c5400000, 0x00000000c5400000| Untracked 
|  35|0x00000000c5500000, 0x00000000c5500000, 0x00000000c5600000|  0%| F|  |TAMS 0x00000000c5500000, 0x00000000c5500000| Untracked 
|  36|0x00000000c5600000, 0x00000000c5600000, 0x00000000c5700000|  0%| F|  |TAMS 0x00000000c5600000, 0x00000000c5600000| Untracked 
|  37|0x00000000c5700000, 0x00000000c5700000, 0x00000000c5800000|  0%| F|  |TAMS 0x00000000c5700000, 0x00000000c5700000| Untracked 
|  38|0x00000000c5800000, 0x00000000c5800000, 0x00000000c5900000|  0%| F|  |TAMS 0x00000000c5800000, 0x00000000c5800000| Untracked 
|  39|0x00000000c5900000, 0x00000000c5900000, 0x00000000c5a00000|  0%| F|  |TAMS 0x00000000c5900000, 0x00000000c5900000| Untracked 
|  40|0x00000000c5a00000, 0x00000000c5a00000, 0x00000000c5b00000|  0%| F|  |TAMS 0x00000000c5a00000, 0x00000000c5a00000| Untracked 
|  41|0x00000000c5b00000, 0x00000000c5b00000, 0x00000000c5c00000|  0%| F|  |TAMS 0x00000000c5b00000, 0x00000000c5b00000| Untracked 
|  42|0x00000000c5c00000, 0x00000000c5c00000, 0x00000000c5d00000|  0%| F|  |TAMS 0x00000000c5c00000, 0x00000000c5c00000| Untracked 
|  43|0x00000000c5d00000, 0x00000000c5d00000, 0x00000000c5e00000|  0%| F|  |TAMS 0x00000000c5d00000, 0x00000000c5d00000| Untracked 
|  44|0x00000000c5e00000, 0x00000000c5e00000, 0x00000000c5f00000|  0%| F|  |TAMS 0x00000000c5e00000, 0x00000000c5e00000| Untracked 
|  45|0x00000000c5f00000, 0x00000000c5f00000, 0x00000000c6000000|  0%| F|  |TAMS 0x00000000c5f00000, 0x00000000c5f00000| Untracked 
|  46|0x00000000c6000000, 0x00000000c6000000, 0x00000000c6100000|  0%| F|  |TAMS 0x00000000c6000000, 0x00000000c6000000| Untracked 
|  47|0x00000000c6100000, 0x00000000c6100000, 0x00000000c6200000|  0%| F|  |TAMS 0x00000000c6100000, 0x00000000c6100000| Untracked 
|  48|0x00000000c6200000, 0x00000000c6200000, 0x00000000c6300000|  0%| F|  |TAMS 0x00000000c6200000, 0x00000000c6200000| Untracked 
|  49|0x00000000c6300000, 0x00000000c6300000, 0x00000000c6400000|  0%| F|  |TAMS 0x00000000c6300000, 0x00000000c6300000| Untracked 
|  50|0x00000000c6400000, 0x00000000c6400000, 0x00000000c6500000|  0%| F|  |TAMS 0x00000000c6400000, 0x00000000c6400000| Untracked 
|  51|0x00000000c6500000, 0x00000000c6500000, 0x00000000c6600000|  0%| F|  |TAMS 0x00000000c6500000, 0x00000000c6500000| Untracked 
|  52|0x00000000c6600000, 0x00000000c6600000, 0x00000000c6700000|  0%| F|  |TAMS 0x00000000c6600000, 0x00000000c6600000| Untracked 
|  53|0x00000000c6700000, 0x00000000c6700000, 0x00000000c6800000|  0%| F|  |TAMS 0x00000000c6700000, 0x00000000c6700000| Untracked 
|  54|0x00000000c6800000, 0x00000000c6800000, 0x00000000c6900000|  0%| F|  |TAMS 0x00000000c6800000, 0x00000000c6800000| Untracked 
|  55|0x00000000c6900000, 0x00000000c6900000, 0x00000000c6a00000|  0%| F|  |TAMS 0x00000000c6900000, 0x00000000c6900000| Untracked 
|  56|0x00000000c6a00000, 0x00000000c6a00000, 0x00000000c6b00000|  0%| F|  |TAMS 0x00000000c6a00000, 0x00000000c6a00000| Untracked 
|  57|0x00000000c6b00000, 0x00000000c6b6c090, 0x00000000c6c00000| 42%| E|  |TAMS 0x00000000c6b00000, 0x00000000c6b00000| Complete 
|  58|0x00000000c6c00000, 0x00000000c6d00000, 0x00000000c6d00000|100%| E|CS|TAMS 0x00000000c6c00000, 0x00000000c6c00000| Complete 
|  59|0x00000000c6d00000, 0x00000000c6e00000, 0x00000000c6e00000|100%| E|CS|TAMS 0x00000000c6d00000, 0x00000000c6d00000| Complete 
|  60|0x00000000c6e00000, 0x00000000c6f00000, 0x00000000c6f00000|100%| E|CS|TAMS 0x00000000c6e00000, 0x00000000c6e00000| Complete 
|  61|0x00000000c6f00000, 0x00000000c7000000, 0x00000000c7000000|100%| E|CS|TAMS 0x00000000c6f00000, 0x00000000c6f00000| Complete 

Card table byte_map: [0x00007fd5a8107000,0x00007fd5a82ee000] _byte_map_base: 0x00007fd5a7aee000

Marking Bits (Prev, Next): (CMBitMap*) 0x00007fd5a40632d0, (CMBitMap*) 0x00007fd5a4063310
 Prev Bits: [0x00007fd590882000, 0x00007fd5917ba000)
 Next Bits: [0x00007fd58f94a000, 0x00007fd590882000)

Polling page: 0x00007fd5aa4c1000

Metaspace:

Usage:
  Non-class:      7,84 MB used.
      Class:    794,77 KB used.
       Both:      8,61 MB used.

Virtual space:
  Non-class space:       16,00 MB reserved,       7,88 MB ( 49%) committed,  2 nodes.
      Class space:        1,00 GB reserved,     832,00 KB ( <1%) committed,  1 nodes.
             Both:        1,02 GB reserved,       8,69 MB ( <1%) committed. 

Chunk freelists:
   Non-Class:  3,95 MB
       Class:  3,20 MB
        Both:  7,15 MB

MaxMetaspaceSize: unlimited
CompressedClassSpaceSize: 1,00 GB
Initial GC threshold: 21,00 MB
Current GC threshold: 21,00 MB
CDS: off
MetaspaceReclaimPolicy: balanced
 - commit_granule_bytes: 65536.
 - commit_granule_words: 8192.
 - virtual_space_node_default_size: 1048576.
 - enlarge_chunks_in_place: 1.
 - new_chunks_are_fully_committed: 0.
 - uncommit_free_chunks: 1.
 - use_allocation_guard: 0.
 - handle_deallocations: 1.


Internal statistics:

num_allocs_failed_limit: 0.
num_arena_births: 24.
num_arena_deaths: 0.
num_vsnodes_births: 3.
num_vsnodes_deaths: 0.
num_space_committed: 139.
num_space_uncommitted: 0.
num_chunks_returned_to_freelist: 0.
num_chunks_taken_from_freelist: 61.
num_chunk_merges: 0.
num_chunk_splits: 33.
num_chunks_enlarged: 23.
num_purges: 0.
num_inconsistent_stats: 0.

CodeHeap 'non-profiled nmethods': size=120032Kb used=108Kb max_used=108Kb free=119923Kb
 bounds [0x00007fd599469000, 0x00007fd5996d9000, 0x00007fd5a09a1000]
CodeHeap 'profiled nmethods': size=120028Kb used=457Kb max_used=457Kb free=119570Kb
 bounds [0x00007fd591f32000, 0x00007fd5921a2000, 0x00007fd599469000]
CodeHeap 'non-nmethods': size=5700Kb used=1137Kb max_used=1157Kb free=4562Kb
 bounds [0x00007fd5919a1000, 0x00007fd591c11000, 0x00007fd591f32000]
 total_blobs=748 nmethods=332 adapters=330
 compilation: enabled
              stopped_count=0, restarted_count=0
 full_count=0

Compilation events (20 events):
Event: 0,613 Thread 0x00007fd5a4171520  323       3       jdk.internal.org.objectweb.asm.ByteVector::put12 (64 bytes)
Event: 0,613 Thread 0x00007fd5a4171520 nmethod 323 0x00007fd591fa1810 code [0x00007fd591fa19c0, 0x00007fd591fa1be0]
Event: 0,613 Thread 0x00007fd5a4171520  328       3       jdk.internal.org.objectweb.asm.MethodWriter::visitInsn (115 bytes)
Event: 0,614 Thread 0x00007fd5a4171520 nmethod 328 0x00007fd591fa1d90 code [0x00007fd591fa1f80, 0x00007fd591fa2360]
Event: 0,614 Thread 0x00007fd5a4171520  325       1       jdk.internal.org.objectweb.asm.SymbolTable::getMajorVersion (5 bytes)
Event: 0,614 Thread 0x00007fd5a4171520 nmethod 325 0x00007fd599480590 code [0x00007fd599480720, 0x00007fd5994807f0]
Event: 0,614 Thread 0x00007fd5a4171520  330       3       jdk.internal.org.objectweb.asm.Frame::pop (44 bytes)
Event: 0,614 Thread 0x00007fd5a4171520 nmethod 330 0x00007fd591fa2510 code [0x00007fd591fa26c0, 0x00007fd591fa2850]
Event: 0,614 Thread 0x00007fd5a4171520  324       3       jdk.internal.org.objectweb.asm.Frame::merge (317 bytes)
Event: 0,614 Thread 0x00007fd5a4171520 nmethod 324 0x00007fd591fa2910 code [0x00007fd591fa2b40, 0x00007fd591fa34c0]
Event: 0,614 Thread 0x00007fd5a4171520  329       3       jdk.internal.org.objectweb.asm.Label::getCanonicalInstance (19 bytes)
Event: 0,614 Thread 0x00007fd5a4171520 nmethod 329 0x00007fd591fa3690 code [0x00007fd591fa3820, 0x00007fd591fa3990]
Event: 0,614 Thread 0x00007fd5a4171520  321       3       jdk.internal.org.objectweb.asm.ByteVector::put122 (93 bytes)
Event: 0,615 Thread 0x00007fd5a4171520 nmethod 321 0x00007fd591fa3a90 code [0x00007fd591fa3c40, 0x00007fd591fa3ec0]
Event: 0,615 Thread 0x00007fd5a4171520  331       3       java.lang.PublicMethods$Key::matches (31 bytes)
Event: 0,616 Thread 0x00007fd5a4171520 nmethod 331 0x00007fd591fa4090 code [0x00007fd591fa4260, 0x00007fd591fa45b0]
Event: 0,616 Thread 0x00007fd5a4171520  332       1       java.lang.reflect.Method::getSharedParameterTypes (5 bytes)
Event: 0,616 Thread 0x00007fd5a4171520 nmethod 332 0x00007fd599480890 code [0x00007fd599480a20, 0x00007fd599480af0]
Event: 0,627 Thread 0x00007fd5a4170040 nmethod 302% 0x00007fd599480b90 code [0x00007fd599480dc0, 0x00007fd599482700]
Event: 0,627 Thread 0x00007fd5a4170040  301 %     4       java.lang.StringUTF16::compress @ 3 (50 bytes)

GC Heap History (0 events):
No events

Dll operation events (5 events):
Event: 0,012 Loaded shared library /snap/eclipse/66/plugins/org.eclipse.justj.openjdk.hotspot.jre.full.linux.x86_64_17.0.5.v20221102-0933/jre/lib/libjava.so
Event: 0,428 Loaded shared library /snap/eclipse/66/plugins/org.eclipse.justj.openjdk.hotspot.jre.full.linux.x86_64_17.0.5.v20221102-0933/jre/lib/libnio.so
Event: 0,439 Loaded shared library /snap/eclipse/66/plugins/org.eclipse.justj.openjdk.hotspot.jre.full.linux.x86_64_17.0.5.v20221102-0933/jre/lib/libzip.so
Event: 0,514 Loaded shared library /snap/eclipse/66/plugins/org.eclipse.justj.openjdk.hotspot.jre.full.linux.x86_64_17.0.5.v20221102-0933/jre/lib/libjimage.so
Event: 0,565 Loaded shared library /home/pfr/.cache/JNA/temp/jna15562644940136632134.tmp

Deoptimization events (0 events):
No events

Classes unloaded (0 events):
No events

Classes redefined (0 events):
No events

Internal exceptions (7 events):
Event: 0,582 Thread 0x00007fd5a4025d60 Exception <a 'java/lang/NoSuchMethodError'{0x00000000c6dd9670}: 'java.lang.Object java.lang.invoke.DirectMethodHandle$Holder.invokeStaticInit(java.lang.Object)'> (0x00000000c6dd9670) 
thrown [src/hotspot/share/interpreter/linkResolver.cpp, line 758]
Event: 0,585 Thread 0x00007fd5a4025d60 Exception <a 'java/lang/NoSuchMethodError'{0x00000000c6de33c0}: 'java.lang.Object java.lang.invoke.DirectMethodHandle$Holder.invokeStaticInit(java.lang.Object, java.lang.Object, long, java.lang.Object)'> (0x00000000c6de33c0) 
thrown [src/hotspot/share/interpreter/linkResolver.cpp, line 758]
Event: 0,586 Thread 0x00007fd5a4025d60 Exception <a 'java/lang/NoSuchMethodError'{0x00000000c6de9cc8}: 'java.lang.Object java.lang.invoke.DirectMethodHandle$Holder.newInvokeSpecial(java.lang.Object, java.lang.Object, long)'> (0x00000000c6de9cc8) 
thrown [src/hotspot/share/interpreter/linkResolver.cpp, line 758]
Event: 0,587 Thread 0x00007fd5a4025d60 Exception <a 'java/lang/NoSuchMethodError'{0x00000000c6dee1f8}: 'java.lang.Object java.lang.invoke.Invokers$Holder.linkToTargetMethod(java.lang.Object, long, java.lang.Object)'> (0x00000000c6dee1f8) 
thrown [src/hotspot/share/interpreter/linkResolver.cpp, line 758]
Event: 0,590 Thread 0x00007fd5a4025d60 Exception <a 'java/lang/NoSuchMethodError'{0x00000000c6df6758}: 'java.lang.Object java.lang.invoke.DirectMethodHandle$Holder.newInvokeSpecial(java.lang.Object, java.lang.Object, java.lang.Object, int)'> (0x00000000c6df6758) 
thrown [src/hotspot/share/interpreter/linkResolver.cpp, line 758]
Event: 0,590 Thread 0x00007fd5a4025d60 Exception <a 'java/lang/NoSuchMethodError'{0x00000000c6dfab38}: 'java.lang.Object java.lang.invoke.DirectMethodHandle$Holder.invokeSpecial(java.lang.Object, java.lang.Object, java.lang.Object, java.lang.Object, int)'> (0x00000000c6dfab38) 
thrown [src/hotspot/share/interpreter/linkResolver.cpp, line 758]
Event: 0,590 Thread 0x00007fd5a4025d60 Exception <a 'java/lang/NoSuchMethodError'{0x00000000c6dfe700}: 'java.lang.Object java.lang.invoke.Invokers$Holder.linkToTargetMethod(java.lang.Object, java.lang.Object, int, java.lang.Object)'> (0x00000000c6dfe700) 
thrown [src/hotspot/share/interpreter/linkResolver.cpp, line 758]

VM Operations (4 events):
Event: 0,440 Executing VM operation: HandshakeAllThreads
Event: 0,440 Executing VM operation: HandshakeAllThreads done
Event: 0,575 Executing VM operation: HandshakeAllThreads
Event: 0,576 Executing VM operation: HandshakeAllThreads done

Events (20 events):
Event: 0,606 loading class java/lang/reflect/ProxyGenerator
Event: 0,606 loading class java/lang/reflect/ProxyGenerator done
Event: 0,606 loading class java/lang/reflect/ProxyGenerator$ProxyMethod
Event: 0,607 loading class java/lang/reflect/ProxyGenerator$ProxyMethod done
Event: 0,608 loading class java/lang/reflect/ProxyGenerator$PrimitiveTypeInfo
Event: 0,608 loading class java/lang/reflect/ProxyGenerator$PrimitiveTypeInfo done
Event: 0,608 loading class jdk/internal/org/objectweb/asm/Edge
Event: 0,608 loading class jdk/internal/org/objectweb/asm/Edge done
Event: 0,614 loading class java/lang/reflect/UndeclaredThrowableException
Event: 0,614 loading class java/lang/reflect/UndeclaredThrowableException done
Event: 0,615 loading class java/lang/reflect/Proxy$ProxyBuilder$1
Event: 0,615 loading class java/lang/reflect/Proxy$ProxyBuilder$1 done
Event: 0,617 loading class java/lang/AssertionError
Event: 0,617 loading class java/lang/AssertionError done
Event: 0,618 loading class java/lang/reflect/TypeVariable
Event: 0,618 loading class java/lang/reflect/TypeVariable done
Event: 0,618 loading class java/lang/reflect/AnnotatedType
Event: 0,618 loading class java/lang/reflect/AnnotatedType done
Event: 0,618 loading class java/lang/TypeNotPresentException
Event: 0,619 loading class java/lang/TypeNotPresentException done


Dynamic libraries:
c3200000-c7000000 rw-p 00000000 00:00 0 
c7000000-100000000 ---p 00000000 00:00 0 
100000000-100020000 rw-p 00000000 00:00 0 
100020000-100040000 rw-p 00000000 00:00 0 
100040000-1000c0000 rw-p 00000000 00:00 0 
1000c0000-1000d0000 rw-p 00000000 00:00 0 
1000d0000-140000000 ---p 00000000 00:00 0 
5556ea726000-5556ea727000 r--p 00000000 07:0b 932                        /snap/eclipse/66/plugins/org.eclipse.justj.openjdk.hotspot.jre.full.linux.x86_64_17.0.5.v20221102-0933/jre/bin/java
5556ea727000-5556ea728000 r-xp 00001000 07:0b 932                        /snap/eclipse/66/plugins/org.eclipse.justj.openjdk.hotspot.jre.full.linux.x86_64_17.0.5.v20221102-0933/jre/bin/java
5556ea728000-5556ea729000 r--p 00002000 07:0b 932                        /snap/eclipse/66/plugins/org.eclipse.justj.openjdk.hotspot.jre.full.linux.x86_64_17.0.5.v20221102-0933/jre/bin/java
5556ea729000-5556ea72a000 r--p 00002000 07:0b 932                        /snap/eclipse/66/plugins/org.eclipse.justj.openjdk.hotspot.jre.full.linux.x86_64_17.0.5.v20221102-0933/jre/bin/java
5556ea72a000-5556ea72b000 rw-p 00003000 07:0b 932                        /snap/eclipse/66/plugins/org.eclipse.justj.openjdk.hotspot.jre.full.linux.x86_64_17.0.5.v20221102-0933/jre/bin/java
5556eb0e1000-5556eb129000 rw-p 00000000 00:00 0                          [heap]
7fd53c000000-7fd53c021000 rw-p 00000000 00:00 0 
7fd53c021000-7fd540000000 ---p 00000000 00:00 0 
7fd540000000-7fd540021000 rw-p 00000000 00:00 0 
7fd540021000-7fd544000000 ---p 00000000 00:00 0 
7fd544000000-7fd544021000 rw-p 00000000 00:00 0 
7fd544021000-7fd548000000 ---p 00000000 00:00 0 
7fd548000000-7fd548021000 rw-p 00000000 00:00 0 
7fd548021000-7fd54c000000 ---p 00000000 00:00 0 
7fd54c000000-7fd54c021000 rw-p 00000000 00:00 0 
7fd54c021000-7fd550000000 ---p 00000000 00:00 0 
7fd550000000-7fd550021000 rw-p 00000000 00:00 0 
7fd550021000-7fd554000000 ---p 00000000 00:00 0 
7fd554000000-7fd5542af000 rw-p 00000000 00:00 0 
7fd5542af000-7fd558000000 ---p 00000000 00:00 0 
7fd558000000-7fd558263000 rw-p 00000000 00:00 0 
7fd558263000-7fd55c000000 ---p 00000000 00:00 0 
7fd55c000000-7fd55c021000 rw-p 00000000 00:00 0 
7fd55c021000-7fd560000000 ---p 00000000 00:00 0 
7fd560000000-7fd560021000 rw-p 00000000 00:00 0 
7fd560021000-7fd564000000 ---p 00000000 00:00 0 
7fd564000000-7fd564021000 rw-p 00000000 00:00 0 
7fd564021000-7fd568000000 ---p 00000000 00:00 0 
7fd568000000-7fd568021000 rw-p 00000000 00:00 0 
7fd568021000-7fd56c000000 ---p 00000000 00:00 0 
7fd56dc00000-7fd56dc10000 rw-p 00000000 00:00 0 
7fd56dc10000-7fd56e400000 ---p 00000000 00:00 0 
7fd56e400000-7fd56e41e000 r-xp 00000000 08:03 687495                     /home/pfr/.cache/JNA/temp/jna15562644940136632134.tmp (deleted)
7fd56e41e000-7fd56e61d000 ---p 0001e000 08:03 687495                     /home/pfr/.cache/JNA/temp/jna15562644940136632134.tmp (deleted)
7fd56e61d000-7fd56e61e000 rw-p 0001d000 08:03 687495                     /home/pfr/.cache/JNA/temp/jna15562644940136632134.tmp (deleted)
7fd56e61e000-7fd56e61f000 rw-p 00000000 00:00 0 
7fd56e6fe000-7fd56e702000 ---p 00000000 00:00 0 
7fd56e702000-7fd56e7fe000 rw-p 00000000 00:00 0 
7fd56e7fe000-7fd56e802000 ---p 00000000 00:00 0 
7fd56e802000-7fd56e8fe000 rw-p 00000000 00:00 0 
7fd56e8fe000-7fd56e8ff000 ---p 00000000 00:00 0 
7fd56e8ff000-7fd56ea00000 rw-p 00000000 00:00 0 
7fd56ea00000-7fd56ea04000 ---p 00000000 00:00 0 
7fd56ea04000-7fd56eb00000 rw-p 00000000 00:00 0 
7fd56eb00000-7fd56eb04000 ---p 00000000 00:00 0 
7fd56eb04000-7fd56ec00000 rw-p 00000000 00:00 0 
7fd56ec00000-7fd56ec04000 ---p 00000000 00:00 0 
7fd56ec04000-7fd56ed00000 rw-p 00000000 00:00 0 
7fd56ed00000-7fd56ed04000 ---p 00000000 00:00 0 
7fd56ed04000-7fd56ee00000 rw-p 00000000 00:00 0 
7fd56ee00000-7fd56feb6000 r--p 00000000 08:03 136397                     /usr/lib/locale/locale-archive
7fd56ff00000-7fd56ff04000 ---p 00000000 00:00 0 
7fd56ff04000-7fd570000000 rw-p 00000000 00:00 0 
7fd570000000-7fd570021000 rw-p 00000000 00:00 0 
7fd570021000-7fd574000000 ---p 00000000 00:00 0 
7fd574000000-7fd574021000 rw-p 00000000 00:00 0 
7fd574021000-7fd578000000 ---p 00000000 00:00 0 
7fd578000000-7fd578021000 rw-p 00000000 00:00 0 
7fd578021000-7fd57c000000 ---p 00000000 00:00 0 
7fd57c000000-7fd57c021000 rw-p 00000000 00:00 0 
7fd57c021000-7fd580000000 ---p 00000000 00:00 0 
7fd580000000-7fd580021000 rw-p 00000000 00:00 0 
7fd580021000-7fd584000000 ---p 00000000 00:00 0 
7fd584000000-7fd584021000 rw-p 00000000 00:00 0 
7fd584021000-7fd588000000 ---p 00000000 00:00 0 
7fd588000000-7fd588021000 rw-p 00000000 00:00 0 
7fd588021000-7fd58c000000 ---p 00000000 00:00 0 
7fd58c000000-7fd58c004000 ---p 00000000 00:00 0 
7fd58c004000-7fd58c100000 rw-p 00000000 00:00 0 
7fd58c100000-7fd58c104000 ---p 00000000 00:00 0 
7fd58c104000-7fd58c200000 rw-p 00000000 00:00 0 
7fd58c200000-7fd58c204000 ---p 00000000 00:00 0 
7fd58c204000-7fd58c300000 rw-p 00000000 00:00 0 
7fd58c300000-7fd58c304000 ---p 00000000 00:00 0 
7fd58c304000-7fd58c800000 rw-p 00000000 00:00 0 
7fd58c800000-7fd58c840000 rw-p 00000000 00:00 0 
7fd58c840000-7fd58c880000 rw-p 00000000 00:00 0 
7fd58c880000-7fd58c900000 rw-p 00000000 00:00 0 
7fd58c900000-7fd58cb00000 rw-p 00000000 00:00 0 
7fd58cb00000-7fd58cb50000 rw-p 00000000 00:00 0 
7fd58cb50000-7fd58cb80000 ---p 00000000 00:00 0 
7fd58cb80000-7fd58cc00000 rw-p 00000000 00:00 0 
7fd58cc4c000-7fd58cc50000 ---p 00000000 00:00 0 
7fd58cc50000-7fd58cc9f000 rw-p 00000000 00:00 0 
7fd58cc9f000-7fd58cca3000 r--p 00000000 07:0b 1330                       /snap/eclipse/66/plugins/org.eclipse.justj.openjdk.hotspot.jre.full.linux.x86_64_17.0.5.v20221102-0933/jre/lib/libnet.so
7fd58cca3000-7fd58ccb1000 r-xp 00004000 07:0b 1330                       /snap/eclipse/66/plugins/org.eclipse.justj.openjdk.hotspot.jre.full.linux.x86_64_17.0.5.v20221102-0933/jre/lib/libnet.so
7fd58ccb1000-7fd58ccb5000 r--p 00012000 07:0b 1330                       /snap/eclipse/66/plugins/org.eclipse.justj.openjdk.hotspot.jre.full.linux.x86_64_17.0.5.v20221102-0933/jre/lib/libnet.so
7fd58ccb5000-7fd58ccb6000 r--p 00015000 07:0b 1330                       /snap/eclipse/66/plugins/org.eclipse.justj.openjdk.hotspot.jre.full.linux.x86_64_17.0.5.v20221102-0933/jre/lib/libnet.so
7fd58ccb6000-7fd58ccb7000 rw-p 00016000 07:0b 1330                       /snap/eclipse/66/plugins/org.eclipse.justj.openjdk.hotspot.jre.full.linux.x86_64_17.0.5.v20221102-0933/jre/lib/libnet.so
7fd58ccb7000-7fd58ccb8000 ---p 00000000 00:00 0 
7fd58ccb8000-7fd58ce3a000 rw-p 00000000 00:00 0 
7fd58ce3a000-7fd58ce3b000 ---p 00000000 00:00 0 
7fd58ce3b000-7fd58cf3c000 rw-p 00000000 00:00 0 
7fd58cf3c000-7fd58cf3d000 ---p 00000000 00:00 0 
7fd58cf3d000-7fd58f644000 rw-p 00000000 00:00 0 
7fd58f644000-7fd58f645000 ---p 00000000 00:00 0 
7fd58f645000-7fd58f746000 rw-p 00000000 00:00 0 
7fd58f746000-7fd58f747000 ---p 00000000 00:00 0 
7fd58f747000-7fd58f848000 rw-p 00000000 00:00 0 
7fd58f848000-7fd58f849000 ---p 00000000 00:00 0 
7fd58f849000-7fd58fa42000 rw-p 00000000 00:00 0 
7fd58fa42000-7fd590882000 ---p 00000000 00:00 0 
7fd590882000-7fd59097a000 rw-p 00000000 00:00 0 
7fd59097a000-7fd5917ba000 ---p 00000000 00:00 0 
7fd5917ba000-7fd5917d9000 rw-p 00000000 00:00 0 
7fd5917d9000-7fd5919a1000 ---p 00000000 00:00 0 
7fd5919a1000-7fd591c11000 rwxp 00000000 00:00 0 
7fd591c11000-7fd591f32000 ---p 00000000 00:00 0 
7fd591f32000-7fd5921a2000 rwxp 00000000 00:00 0 
7fd5921a2000-7fd599469000 ---p 00000000 00:00 0 
7fd599469000-7fd5996d9000 rwxp 00000000 00:00 0 
7fd5996d9000-7fd5a09a1000 ---p 00000000 00:00 0 
7fd5a09a1000-7fd5a4000000 r--s 00000000 07:0b 1339                       /snap/eclipse/66/plugins/org.eclipse.justj.openjdk.hotspot.jre.full.linux.x86_64_17.0.5.v20221102-0933/jre/lib/modules
7fd5a4000000-7fd5a4339000 rw-p 00000000 00:00 0 
7fd5a4339000-7fd5a8000000 ---p 00000000 00:00 0 
7fd5a8015000-7fd5a801c000 r--p 00000000 07:0b 1331                       /snap/eclipse/66/plugins/org.eclipse.justj.openjdk.hotspot.jre.full.linux.x86_64_17.0.5.v20221102-0933/jre/lib/libnio.so
7fd5a801c000-7fd5a8025000 r-xp 00007000 07:0b 1331                       /snap/eclipse/66/plugins/org.eclipse.justj.openjdk.hotspot.jre.full.linux.x86_64_17.0.5.v20221102-0933/jre/lib/libnio.so
7fd5a8025000-7fd5a8029000 r--p 00010000 07:0b 1331                       /snap/eclipse/66/plugins/org.eclipse.justj.openjdk.hotspot.jre.full.linux.x86_64_17.0.5.v20221102-0933/jre/lib/libnio.so
7fd5a8029000-7fd5a802a000 ---p 00014000 07:0b 1331                       /snap/eclipse/66/plugins/org.eclipse.justj.openjdk.hotspot.jre.full.linux.x86_64_17.0.5.v20221102-0933/jre/lib/libnio.so
7fd5a802a000-7fd5a802b000 r--p 00014000 07:0b 1331                       /snap/eclipse/66/plugins/org.eclipse.justj.openjdk.hotspot.jre.full.linux.x86_64_17.0.5.v20221102-0933/jre/lib/libnio.so
7fd5a802b000-7fd5a802c000 rw-p 00015000 07:0b 1331                       /snap/eclipse/66/plugins/org.eclipse.justj.openjdk.hotspot.jre.full.linux.x86_64_17.0.5.v20221102-0933/jre/lib/libnio.so
7fd5a802c000-7fd5a8126000 rw-p 00000000 00:00 0 
7fd5a8126000-7fd5a82ee000 ---p 00000000 00:00 0 
7fd5a82ee000-7fd5a830d000 rw-p 00000000 00:00 0 
7fd5a830d000-7fd5a84d5000 ---p 00000000 00:00 0 
7fd5a84d5000-7fd5a8ae0000 rw-p 00000000 00:00 0 
7fd5a8ae0000-7fd5a8bc6000 ---p 00000000 00:00 0 
7fd5a8bc6000-7fd5a8bcb000 rw-p 00000000 00:00 0 
7fd5a8bcb000-7fd5a8cb1000 ---p 00000000 00:00 0 
7fd5a8cb1000-7fd5a8cbe000 r--p 00000000 07:0b 1317                       /snap/eclipse/66/plugins/org.eclipse.justj.openjdk.hotspot.jre.full.linux.x86_64_17.0.5.v20221102-0933/jre/lib/libjava.so
7fd5a8cbe000-7fd5a8cd0000 r-xp 0000d000 07:0b 1317                       /snap/eclipse/66/plugins/org.eclipse.justj.openjdk.hotspot.jre.full.linux.x86_64_17.0.5.v20221102-0933/jre/lib/libjava.so
7fd5a8cd0000-7fd5a8cd6000 r--p 0001f000 07:0b 1317                       /snap/eclipse/66/plugins/org.eclipse.justj.openjdk.hotspot.jre.full.linux.x86_64_17.0.5.v20221102-0933/jre/lib/libjava.so
7fd5a8cd6000-7fd5a8cd7000 ---p 00025000 07:0b 1317                       /snap/eclipse/66/plugins/org.eclipse.justj.openjdk.hotspot.jre.full.linux.x86_64_17.0.5.v20221102-0933/jre/lib/libjava.so
7fd5a8cd7000-7fd5a8cd8000 r--p 00025000 07:0b 1317                       /snap/eclipse/66/plugins/org.eclipse.justj.openjdk.hotspot.jre.full.linux.x86_64_17.0.5.v20221102-0933/jre/lib/libjava.so
7fd5a8cd8000-7fd5a8cd9000 rw-p 00026000 07:0b 1317                       /snap/eclipse/66/plugins/org.eclipse.justj.openjdk.hotspot.jre.full.linux.x86_64_17.0.5.v20221102-0933/jre/lib/libjava.so
7fd5a8cd9000-7fd5a8cda000 rw-p 00000000 00:00 0 
7fd5a8cda000-7fd5a8cde000 ---p 00000000 00:00 0 
7fd5a8cde000-7fd5a8dda000 rw-p 00000000 00:00 0 
7fd5a8dda000-7fd5a8de8000 r--p 00000000 08:03 137843                     /usr/lib/x86_64-linux-gnu/libm.so.6
7fd5a8de8000-7fd5a8e64000 r-xp 0000e000 08:03 137843                     /usr/lib/x86_64-linux-gnu/libm.so.6
7fd5a8e64000-7fd5a8ebf000 r--p 0008a000 08:03 137843                     /usr/lib/x86_64-linux-gnu/libm.so.6
7fd5a8ebf000-7fd5a8ec0000 r--p 000e4000 08:03 137843                     /usr/lib/x86_64-linux-gnu/libm.so.6
7fd5a8ec0000-7fd5a8ec1000 rw-p 000e5000 08:03 137843                     /usr/lib/x86_64-linux-gnu/libm.so.6
7fd5a8ec1000-7fd5a9113000 r--p 00000000 07:0b 1349                       /snap/eclipse/66/plugins/org.eclipse.justj.openjdk.hotspot.jre.full.linux.x86_64_17.0.5.v20221102-0933/jre/lib/server/libjvm.so
7fd5a9113000-7fd5a9e2c000 r-xp 00252000 07:0b 1349                       /snap/eclipse/66/plugins/org.eclipse.justj.openjdk.hotspot.jre.full.linux.x86_64_17.0.5.v20221102-0933/jre/lib/server/libjvm.so
7fd5a9e2c000-7fd5aa0b7000 r--p 00f6b000 07:0b 1349                       /snap/eclipse/66/plugins/org.eclipse.justj.openjdk.hotspot.jre.full.linux.x86_64_17.0.5.v20221102-0933/jre/lib/server/libjvm.so
7fd5aa0b7000-7fd5aa0b8000 ---p 011f6000 07:0b 1349                       /snap/eclipse/66/plugins/org.eclipse.justj.openjdk.hotspot.jre.full.linux.x86_64_17.0.5.v20221102-0933/jre/lib/server/libjvm.so
7fd5aa0b8000-7fd5aa171000 r--p 011f6000 07:0b 1349                       /snap/eclipse/66/plugins/org.eclipse.justj.openjdk.hotspot.jre.full.linux.x86_64_17.0.5.v20221102-0933/jre/lib/server/libjvm.so
7fd5aa171000-7fd5aa1a6000 rw-p 012af000 07:0b 1349                       /snap/eclipse/66/plugins/org.eclipse.justj.openjdk.hotspot.jre.full.linux.x86_64_17.0.5.v20221102-0933/jre/lib/server/libjvm.so
7fd5aa1a6000-7fd5aa200000 rw-p 00000000 00:00 0 
7fd5aa200000-7fd5aa228000 r--p 00000000 08:03 137192                     /usr/lib/x86_64-linux-gnu/libc.so.6
7fd5aa228000-7fd5aa3bd000 r-xp 00028000 08:03 137192                     /usr/lib/x86_64-linux-gnu/libc.so.6
7fd5aa3bd000-7fd5aa415000 r--p 001bd000 08:03 137192                     /usr/lib/x86_64-linux-gnu/libc.so.6
7fd5aa415000-7fd5aa419000 r--p 00214000 08:03 137192                     /usr/lib/x86_64-linux-gnu/libc.so.6
7fd5aa419000-7fd5aa41b000 rw-p 00218000 08:03 137192                     /usr/lib/x86_64-linux-gnu/libc.so.6
7fd5aa41b000-7fd5aa428000 rw-p 00000000 00:00 0 
7fd5aa429000-7fd5aa430000 r--s 00000000 08:03 656382                     /usr/lib/x86_64-linux-gnu/gconv/gconv-modules.cache
7fd5aa430000-7fd5aa432000 r--p 00000000 08:03 679791                     /home/pfr/pfr_code/image/src/libImage.so
7fd5aa432000-7fd5aa437000 r-xp 00002000 08:03 679791                     /home/pfr/pfr_code/image/src/libImage.so
7fd5aa437000-7fd5aa438000 r--p 00007000 08:03 679791                     /home/pfr/pfr_code/image/src/libImage.so
7fd5aa438000-7fd5aa439000 r--p 00007000 08:03 679791                     /home/pfr/pfr_code/image/src/libImage.so
7fd5aa439000-7fd5aa43a000 rw-p 00008000 08:03 679791                     /home/pfr/pfr_code/image/src/libImage.so
7fd5aa43a000-7fd5aa43c000 r--p 00000000 07:0b 1338                       /snap/eclipse/66/plugins/org.eclipse.justj.openjdk.hotspot.jre.full.linux.x86_64_17.0.5.v20221102-0933/jre/lib/libzip.so
7fd5aa43c000-7fd5aa440000 r-xp 00002000 07:0b 1338                       /snap/eclipse/66/plugins/org.eclipse.justj.openjdk.hotspot.jre.full.linux.x86_64_17.0.5.v20221102-0933/jre/lib/libzip.so
7fd5aa440000-7fd5aa442000 r--p 00006000 07:0b 1338                       /snap/eclipse/66/plugins/org.eclipse.justj.openjdk.hotspot.jre.full.linux.x86_64_17.0.5.v20221102-0933/jre/lib/libzip.so
7fd5aa442000-7fd5aa443000 r--p 00007000 07:0b 1338                       /snap/eclipse/66/plugins/org.eclipse.justj.openjdk.hotspot.jre.full.linux.x86_64_17.0.5.v20221102-0933/jre/lib/libzip.so
7fd5aa443000-7fd5aa444000 rw-p 00008000 07:0b 1338                       /snap/eclipse/66/plugins/org.eclipse.justj.openjdk.hotspot.jre.full.linux.x86_64_17.0.5.v20221102-0933/jre/lib/libzip.so
7fd5aa444000-7fd5aa449000 rw-p 00000000 00:00 0 
7fd5aa449000-7fd5aa450000 ---p 00000000 00:00 0 
7fd5aa450000-7fd5aa454000 r--p 00000000 07:0b 1321                       /snap/eclipse/66/plugins/org.eclipse.justj.openjdk.hotspot.jre.full.linux.x86_64_17.0.5.v20221102-0933/jre/lib/libjimage.so
7fd5aa454000-7fd5aa467000 r-xp 00004000 07:0b 1321                       /snap/eclipse/66/plugins/org.eclipse.justj.openjdk.hotspot.jre.full.linux.x86_64_17.0.5.v20221102-0933/jre/lib/libjimage.so
7fd5aa467000-7fd5aa46d000 r--p 00017000 07:0b 1321                       /snap/eclipse/66/plugins/org.eclipse.justj.openjdk.hotspot.jre.full.linux.x86_64_17.0.5.v20221102-0933/jre/lib/libjimage.so
7fd5aa46d000-7fd5aa46f000 r--p 0001c000 07:0b 1321                       /snap/eclipse/66/plugins/org.eclipse.justj.openjdk.hotspot.jre.full.linux.x86_64_17.0.5.v20221102-0933/jre/lib/libjimage.so
7fd5aa46f000-7fd5aa470000 rw-p 0001e000 07:0b 1321                       /snap/eclipse/66/plugins/org.eclipse.justj.openjdk.hotspot.jre.full.linux.x86_64_17.0.5.v20221102-0933/jre/lib/libjimage.so
7fd5aa470000-7fd5aa471000 r--p 00000000 08:03 138168                     /usr/lib/x86_64-linux-gnu/librt.so.1
7fd5aa471000-7fd5aa472000 r-xp 00001000 08:03 138168                     /usr/lib/x86_64-linux-gnu/librt.so.1
7fd5aa472000-7fd5aa473000 r--p 00002000 08:03 138168                     /usr/lib/x86_64-linux-gnu/librt.so.1
7fd5aa473000-7fd5aa474000 r--p 00002000 08:03 138168                     /usr/lib/x86_64-linux-gnu/librt.so.1
7fd5aa474000-7fd5aa475000 rw-p 00003000 08:03 138168                     /usr/lib/x86_64-linux-gnu/librt.so.1
7fd5aa475000-7fd5aa47a000 rw-p 00000000 00:00 0 
7fd5aa47a000-7fd5aa47b000 r--p 00000000 08:03 137334                     /usr/lib/x86_64-linux-gnu/libdl.so.2
7fd5aa47b000-7fd5aa47c000 r-xp 00001000 08:03 137334                     /usr/lib/x86_64-linux-gnu/libdl.so.2
7fd5aa47c000-7fd5aa47d000 r--p 00002000 08:03 137334                     /usr/lib/x86_64-linux-gnu/libdl.so.2
7fd5aa47d000-7fd5aa47e000 r--p 00002000 08:03 137334                     /usr/lib/x86_64-linux-gnu/libdl.so.2
7fd5aa47e000-7fd5aa47f000 rw-p 00003000 08:03 137334                     /usr/lib/x86_64-linux-gnu/libdl.so.2
7fd5aa47f000-7fd5aa480000 r--p 00000000 08:03 138112                     /usr/lib/x86_64-linux-gnu/libpthread.so.0
7fd5aa480000-7fd5aa481000 r-xp 00001000 08:03 138112                     /usr/lib/x86_64-linux-gnu/libpthread.so.0
7fd5aa481000-7fd5aa482000 r--p 00002000 08:03 138112                     /usr/lib/x86_64-linux-gnu/libpthread.so.0
7fd5aa482000-7fd5aa483000 r--p 00002000 08:03 138112                     /usr/lib/x86_64-linux-gnu/libpthread.so.0
7fd5aa483000-7fd5aa484000 rw-p 00003000 08:03 138112                     /usr/lib/x86_64-linux-gnu/libpthread.so.0
7fd5aa484000-7fd5aa487000 r--p 00000000 07:0b 1322                       /snap/eclipse/66/plugins/org.eclipse.justj.openjdk.hotspot.jre.full.linux.x86_64_17.0.5.v20221102-0933/jre/lib/libjli.so
7fd5aa487000-7fd5aa491000 r-xp 00003000 07:0b 1322                       /snap/eclipse/66/plugins/org.eclipse.justj.openjdk.hotspot.jre.full.linux.x86_64_17.0.5.v20221102-0933/jre/lib/libjli.so
7fd5aa491000-7fd5aa494000 r--p 0000d000 07:0b 1322                       /snap/eclipse/66/plugins/org.eclipse.justj.openjdk.hotspot.jre.full.linux.x86_64_17.0.5.v20221102-0933/jre/lib/libjli.so
7fd5aa494000-7fd5aa495000 ---p 00010000 07:0b 1322                       /snap/eclipse/66/plugins/org.eclipse.justj.openjdk.hotspot.jre.full.linux.x86_64_17.0.5.v20221102-0933/jre/lib/libjli.so
7fd5aa495000-7fd5aa496000 r--p 00010000 07:0b 1322                       /snap/eclipse/66/plugins/org.eclipse.justj.openjdk.hotspot.jre.full.linux.x86_64_17.0.5.v20221102-0933/jre/lib/libjli.so
7fd5aa496000-7fd5aa497000 rw-p 00011000 07:0b 1322                       /snap/eclipse/66/plugins/org.eclipse.justj.openjdk.hotspot.jre.full.linux.x86_64_17.0.5.v20221102-0933/jre/lib/libjli.so
7fd5aa497000-7fd5aa499000 r--p 00000000 08:03 131946                     /usr/lib/x86_64-linux-gnu/libz.so.1.2.11
7fd5aa499000-7fd5aa4aa000 r-xp 00002000 08:03 131946                     /usr/lib/x86_64-linux-gnu/libz.so.1.2.11
7fd5aa4aa000-7fd5aa4b0000 r--p 00013000 08:03 131946                     /usr/lib/x86_64-linux-gnu/libz.so.1.2.11
7fd5aa4b0000-7fd5aa4b1000 ---p 00019000 08:03 131946                     /usr/lib/x86_64-linux-gnu/libz.so.1.2.11
7fd5aa4b1000-7fd5aa4b2000 r--p 00019000 08:03 131946                     /usr/lib/x86_64-linux-gnu/libz.so.1.2.11
7fd5aa4b2000-7fd5aa4b3000 rw-p 0001a000 08:03 131946                     /usr/lib/x86_64-linux-gnu/libz.so.1.2.11
7fd5aa4b9000-7fd5aa4c1000 rw-s 00000000 08:03 393397                     /tmp/hsperfdata_pfr/108877
7fd5aa4c1000-7fd5aa4c2000 ---p 00000000 00:00 0 
7fd5aa4c2000-7fd5aa4c3000 r--p 00000000 00:00 0 
7fd5aa4c3000-7fd5aa4c5000 rw-p 00000000 00:00 0 
7fd5aa4c5000-7fd5aa4c7000 r--p 00000000 08:03 136855                     /usr/lib/x86_64-linux-gnu/ld-linux-x86-64.so.2
7fd5aa4c7000-7fd5aa4f1000 r-xp 00002000 08:03 136855                     /usr/lib/x86_64-linux-gnu/ld-linux-x86-64.so.2
7fd5aa4f1000-7fd5aa4fc000 r--p 0002c000 08:03 136855                     /usr/lib/x86_64-linux-gnu/ld-linux-x86-64.so.2
7fd5aa4fc000-7fd5aa4fd000 ---p 00000000 00:00 0 
7fd5aa4fd000-7fd5aa4ff000 r--p 00037000 08:03 136855                     /usr/lib/x86_64-linux-gnu/ld-linux-x86-64.so.2
7fd5aa4ff000-7fd5aa501000 rw-p 00039000 08:03 136855                     /usr/lib/x86_64-linux-gnu/ld-linux-x86-64.so.2
7fffd85b7000-7fffd85d8000 rw-p 00000000 00:00 0                          [stack]
7fffd85e8000-7fffd85ec000 r--p 00000000 00:00 0                          [vvar]
7fffd85ec000-7fffd85ee000 r-xp 00000000 00:00 0                          [vdso]
ffffffffff600000-ffffffffff601000 --xp 00000000 00:00 0                  [vsyscall]


VM Arguments:
jvm_args: -Dfile.encoding=UTF-8 -XX:+ShowCodeDetailsInExceptionMessages 
java_command: test.TestJNA
java_class_path (initial): /home/pfr/pfr_code/PFR_Java/bin:/home/pfr/Téléchargements/jar_files/jna-5.13.0.jar
Launcher Type: SUN_STANDARD

[Global flags]
     intx CICompilerCount                          = 3                                         {product} {ergonomic}
     uint ConcGCThreads                            = 2                                         {product} {ergonomic}
     uint G1ConcRefinementThreads                  = 6                                         {product} {ergonomic}
   size_t G1HeapRegionSize                         = 1048576                                   {product} {ergonomic}
    uintx GCDrainStackTargetSize                   = 64                                        {product} {ergonomic}
   size_t InitialHeapSize                          = 65011712                                  {product} {ergonomic}
   size_t MarkStackSize                            = 4194304                                   {product} {ergonomic}
   size_t MaxHeapSize                              = 1021313024                                {product} {ergonomic}
   size_t MaxNewSize                               = 612368384                                 {product} {ergonomic}
   size_t MinHeapDeltaBytes                        = 1048576                                   {product} {ergonomic}
   size_t MinHeapSize                              = 8388608                                   {product} {ergonomic}
    uintx NonNMethodCodeHeapSize                   = 5832780                                {pd product} {ergonomic}
    uintx NonProfiledCodeHeapSize                  = 122912730                              {pd product} {ergonomic}
    uintx ProfiledCodeHeapSize                     = 122912730                              {pd product} {ergonomic}
    uintx ReservedCodeCacheSize                    = 251658240                              {pd product} {ergonomic}
     bool SegmentedCodeCache                       = true                                      {product} {ergonomic}
     bool ShowCodeDetailsInExceptionMessages       = true                                   {manageable} {command line}
   size_t SoftMaxHeapSize                          = 1021313024                             {manageable} {ergonomic}
     bool UseCompressedClassPointers               = true                           {product lp64_product} {ergonomic}
     bool UseCompressedOops                        = true                           {product lp64_product} {ergonomic}
     bool UseG1GC                                  = true                                      {product} {ergonomic}

Logging:
Log output configuration:
 #0: stdout all=warning uptime,level,tags
 #1: stderr all=off uptime,level,tags

Environment Variables:
PATH=/usr/local/sbin:/usr/local/bin:/usr/sbin:/usr/bin:/sbin:/bin:/usr/games:/usr/local/games:/snap/bin:/snap/bin
USERNAME=pfr
SHELL=/bin/bash
DISPLAY=:0
LANG=fr_FR.UTF-8
LC_NUMERIC=sv_SE.UTF-8
LC_TIME=sv_SE.UTF-8

Signal Handlers:
   SIGSEGV: crash_handler in libjvm.so, mask=11100100010111111101111111111110, flags=SA_RESTART|SA_SIGINFO
    SIGBUS: crash_handler in libjvm.so, mask=11100100010111111101111111111110, flags=SA_RESTART|SA_SIGINFO
    SIGFPE: crash_handler in libjvm.so, mask=11100100010111111101111111111110, flags=SA_RESTART|SA_SIGINFO
   SIGPIPE: javaSignalHandler in libjvm.so, mask=11100100010111111101111111111110, flags=SA_RESTART|SA_SIGINFO
   SIGXFSZ: javaSignalHandler in libjvm.so, mask=11100100010111111101111111111110, flags=SA_RESTART|SA_SIGINFO
    SIGILL: crash_handler in libjvm.so, mask=11100100010111111101111111111110, flags=SA_RESTART|SA_SIGINFO
   SIGUSR2: SR_handler in libjvm.so, mask=00100000000000000000000000000000, flags=SA_RESTART|SA_SIGINFO
    SIGHUP: UserHandler in libjvm.so, mask=11100100010111111101111111111110, flags=SA_RESTART|SA_SIGINFO
    SIGINT: UserHandler in libjvm.so, mask=11100100010111111101111111111110, flags=SA_RESTART|SA_SIGINFO
   SIGTERM: UserHandler in libjvm.so, mask=11100100010111111101111111111110, flags=SA_RESTART|SA_SIGINFO
   SIGQUIT: UserHandler in libjvm.so, mask=11100100010111111101111111111110, flags=SA_RESTART|SA_SIGINFO
  *** Handler was modified!
  *** Expected: javaSignalHandler in libjvm.so, mask=11100100110111111111111111111110, flags=SA_RESTART|SA_SIGINFO
   SIGTRAP: crash_handler in libjvm.so, mask=11100100010111111101111111111110, flags=SA_RESTART|SA_SIGINFO


---------------  S Y S T E M  ---------------

OS:
DISTRIB_ID=Ubuntu
DISTRIB_RELEASE=22.04
DISTRIB_CODENAME=jammy
DISTRIB_DESCRIPTION="Ubuntu 22.04.2 LTS"
uname: Linux 5.19.0-35-generic #36~22.04.1-Ubuntu SMP PREEMPT_DYNAMIC Fri Feb 17 15:17:25 UTC 2 x86_64
OS uptime: 0 days 3:26 hours
libc: glibc 2.35 NPTL 2.35 
rlimit (soft/hard): STACK 8192k/infinity , CORE 0k/infinity , NPROC 15243/15243 , NOFILE 1048576/1048576 , AS infinity/infinity , CPU infinity/infinity , DATA infinity/infinity , FSIZE infinity/infinity , MEMLOCK 497764k/497764k
load average: 0,42 0,86 1,18

/proc/meminfo:
MemTotal:        3982132 kB
MemFree:          111728 kB
MemAvailable:     536756 kB
Buffers:            7804 kB
Cached:           687160 kB
SwapCached:        94764 kB
Active:           975524 kB
Inactive:        1424160 kB
Active(anon):     652516 kB
Inactive(anon):  1156820 kB
Active(file):     323008 kB
Inactive(file):   267340 kB
Unevictable:          96 kB
Mlocked:              96 kB
SwapTotal:       2097148 kB
SwapFree:         328100 kB
Zswap:                 0 kB
Zswapped:              0 kB
Dirty:              2224 kB
Writeback:             0 kB
AnonPages:       1609976 kB
Mapped:           458028 kB
Shmem:            104684 kB
KReclaimable:      78264 kB
Slab:             648160 kB
SReclaimable:      78264 kB
SUnreclaim:       569896 kB
KernelStack:       21840 kB
PageTables:        45856 kB
NFS_Unstable:          0 kB
Bounce:                0 kB
WritebackTmp:          0 kB
CommitLimit:     4088212 kB
Committed_AS:   11147304 kB
VmallocTotal:   34359738367 kB
VmallocUsed:      577372 kB
VmallocChunk:          0 kB
Percpu:           125440 kB
HardwareCorrupted:     0 kB
AnonHugePages:         0 kB
ShmemHugePages:        0 kB
ShmemPmdMapped:        0 kB
FileHugePages:         0 kB
FilePmdMapped:         0 kB
HugePages_Total:       0
HugePages_Free:        0
HugePages_Rsvd:        0
HugePages_Surp:        0
Hugepagesize:       2048 kB
Hugetlb:               0 kB
DirectMap4k:      280384 kB
DirectMap2M:     3913728 kB
DirectMap1G:     2097152 kB

/sys/kernel/mm/transparent_hugepage/enabled: always [madvise] never
/sys/kernel/mm/transparent_hugepage/defrag (defrag/compaction efforts parameter): always defer defer+madvise [madvise] never

Process Memory:
Virtual Size: 3827516K (peak: 3827516K)
Resident Set Size: 53420K (peak: 53420K) (anon: 28292K, file: 25128K, shmem: 0K)
Swapped out: 0K
C-Heap outstanding allocations: 25547K, retained: 2604K
glibc malloc tunables: (default)

/proc/sys/kernel/threads-max (system-wide limit on the number of threads): 30487
/proc/sys/vm/max_map_count (maximum number of memory map areas a process may have): 65530
/proc/sys/kernel/pid_max (system-wide limit on number of process identifiers): 4194304

container (cgroup) information:
container_type: cgroupv2
cpu_cpuset_cpus: not supported
cpu_memory_nodes: not supported
active_processor_count: 6
cpu_quota: not supported
cpu_period: not supported
cpu_shares: not supported
memory_limit_in_bytes: unlimited
memory_and_swap_limit_in_bytes: unlimited
memory_soft_limit_in_bytes: unlimited
memory_usage_in_bytes: 927344 k
memory_max_usage_in_bytes: not supported
maximum number of tasks: 4573
current number of tasks: 130

VMWare virtualization detected
Steal ticks since vm start: 0
Steal ticks percentage since vm start:  0,000

CPU: total 6 (initial active 6) (3 cores per cpu, 1 threads per core) family 6 model 140 stepping 1 microcode 0x86, cx8, cmov, fxsr, mmx, 3dnowpref, sse, sse2, sse3, ssse3, sse4.1, sse4.2, popcnt, lzcnt, tsc, tscinvbit, avx, avx2, aes, erms, clmul, bmi1, bmi2, adx, avx512f, avx512dq, avx512cd, avx512bw, avx512vl, sha, fma, vzeroupper, avx512_vpopcntdq, avx512_vpclmulqdq, avx512_vaes, avx512_vnni, clflush, clflushopt, clwb, avx512_vbmi2, avx512_vbmi, hv
CPU Model and flags from /proc/cpuinfo:
model name	: 11th Gen Intel(R) Core(TM) i7-11370H @ 3.30GHz
flags		: fpu vme de pse tsc msr pae mce cx8 apic sep mtrr pge mca cmov pat pse36 clflush mmx fxsr sse sse2 ss ht syscall nx pdpe1gb rdtscp lm constant_tsc arch_perfmon rep_good nopl xtopology tsc_reliable nonstop_tsc cpuid tsc_known_freq pni pclmulqdq ssse3 fma cx16 pcid sse4_1 sse4_2 x2apic movbe popcnt tsc_deadline_timer aes xsave avx f16c rdrand hypervisor lahf_lm abm 3dnowprefetch invpcid_single ssbd ibrs ibpb stibp ibrs_enhanced fsgsbase tsc_adjust bmi1 avx2 smep bmi2 erms invpcid avx512f avx512dq rdseed adx smap avx512ifma clflushopt clwb avx512cd sha_ni avx512bw avx512vl xsaveopt xsavec xgetbv1 xsaves arat avx512vbmi umip pku ospke avx512_vbmi2 gfni vaes vpclmulqdq avx512_vnni avx512_bitalg avx512_vpopcntdq rdpid movdiri movdir64b fsrm avx512_vp2intersect md_clear flush_l1d arch_capabilities

Online cpus: 0-5
Offline cpus: 6-127
BIOS frequency limitation: <Not Available>
Frequency switch latency (ns): <Not Available>
Available cpu frequencies: <Not Available>
Current governor: <Not Available>
Core performance/turbo boost: <Not Available>

Memory: 4k page, physical 3982132k(109712k free), swap 2097148k(328100k free)
Page Sizes: 4k

vm_info: OpenJDK 64-Bit Server VM (17.0.5+8) for linux-amd64 JRE (17.0.5+8), built on Oct 18 2022 00:00:00 by "temurin" with gcc 10.3.0

END.
