#
# A fatal error has been detected by the Java Runtime Environment:
#
#  SIGSEGV (0xb) at pc=0x00007f1037bb2163, pid=6265, tid=6271
#
# JRE version: OpenJDK Runtime Environment Temurin-17.0.5+8 (17.0.5+8) (build 17.0.5+8)
# Java VM: OpenJDK 64-Bit Server VM Temurin-17.0.5+8 (17.0.5+8, mixed mode, tiered, compressed oops, compressed class ptrs, g1 gc, linux-amd64)
# Problematic frame:
# C  [libc.so.6+0x1b2163]
#
# Core dump will be written. Default location: Core dumps may be processed with "/usr/share/apport/apport -p%p -s%s -c%c -d%d -P%P -u%u -g%g -- %E" (or dumping to /home/pfr/pfr_code/PFR_Java/core.6265)
#
# If you would like to submit a bug report, please visit:
#   https://github.com/adoptium/adoptium-support/issues
# The crash happened outside the Java Virtual Machine in native code.
# See problematic frame for where to report the bug.
#

---------------  S U M M A R Y ------------

Command Line: -Dfile.encoding=UTF-8 -XX:+ShowCodeDetailsInExceptionMessages test.TestJNA

Host: 11th Gen Intel(R) Core(TM) i7-11370H @ 3.30GHz, 6 cores, 3G, Ubuntu 22.04.2 LTS
Time: Mon Mar 27 00:14:44 2023 CEST elapsed time: 0.801090 seconds (0d 0h 0m 0s)

---------------  T H R E A D  ---------------

Current thread (0x00007f1030025d60):  JavaThread "main" [_thread_in_native, id=6271, stack(0x00007f10364da000,0x00007f10365da000)]

Stack: [0x00007f10364da000,0x00007f10365da000],  sp=0x00007f10365d77a8,  free space=1013k
Native frames: (J=compiled Java code, j=interpreted, Vv=VM code, C=native code)
C  [libc.so.6+0x1b2163]
C  [jna1668008075472315927.tmp+0x16052]

Java frames: (J=compiled Java code, j=interpreted, Vv=VM code)
j  com.sun.jna.Native.invokeVoid(Lcom/sun/jna/Function;JI[Ljava/lang/Object;)V+0
j  com.sun.jna.Function.invoke([Ljava/lang/Object;Ljava/lang/Class;ZI)Ljava/lang/Object;+42
j  com.sun.jna.Function.invoke(Ljava/lang/reflect/Method;[Ljava/lang/Class;Ljava/lang/Class;[Ljava/lang/Object;Ljava/util/Map;)Ljava/lang/Object;+271
j  com.sun.jna.Library$Handler.invoke(Ljava/lang/Object;Ljava/lang/reflect/Method;[Ljava/lang/Object;)Ljava/lang/Object;+390
j  jdk.proxy1.$Proxy0.recherchecouleur(IFLjava/lang/String;)V+30 jdk.proxy1
j  test.TestJNA.main([Ljava/lang/String;)V+13
v  ~StubRoutines::call_stub

siginfo: si_signo: 11 (SIGSEGV), si_code: 1 (SEGV_MAPERR), si_addr: 0x0000000000000000

Register to memory mapping:

RAX=0x0 is NULL
RBX=0x00007f10365d7d30 is pointing into the stack for thread: 0x00007f1030025d60
RCX=0x0000000000007f10 is an unknown value
RDX=0x0000000000000002 is an unknown value
RSP=0x00007f10365d77a8 is pointing into the stack for thread: 0x00007f1030025d60
RBP=0x00007f10365d7db0 is pointing into the stack for thread: 0x00007f1030025d60
RSI=0x00007f10365d7d14 is pointing into the stack for thread: 0x00007f1030025d60
RDI=0x0 is NULL
R8 =0x00007f103013f4e0 points into unknown readable memory: 0x00007f17fbad2488 | 88 24 ad fb 17 7f 00 00
R9 =0x0 is NULL
R10=0x00007f1037a0adb8: <offset 0x000000000000adb8> in /lib/x86_64-linux-gnu/libc.so.6 at 0x00007f1037a00000
R11=0x00007f1037bb1dd0: <offset 0x00000000001b1dd0> in /lib/x86_64-linux-gnu/libc.so.6 at 0x00007f1037a00000
R12=0x0000000000000032 is an unknown value
R13=0x0 is NULL
R14=0x0000000000000032 is an unknown value
R15=0x0 is NULL


Registers:
RAX=0x0000000000000000, RBX=0x00007f10365d7d30, RCX=0x0000000000007f10, RDX=0x0000000000000002
RSP=0x00007f10365d77a8, RBP=0x00007f10365d7db0, RSI=0x00007f10365d7d14, RDI=0x0000000000000000
R8 =0x00007f103013f4e0, R9 =0x0000000000000000, R10=0x00007f1037a0adb8, R11=0x00007f1037bb1dd0
R12=0x0000000000000032, R13=0x0000000000000000, R14=0x0000000000000032, R15=0x0000000000000000
RIP=0x00007f1037bb2163, EFLAGS=0x0000000000010202, CSGSFS=0x002b000000000033, ERR=0x0000000000000006
  TRAPNO=0x000000000000000e

Top of Stack: (sp=0x00007f10365d77a8)
0x00007f10365d77a8:   00007f101c070dff b5012a0200000000
0x00007f10365d77b8:   0000000000000400 2c2c2c2c2c2c2c2c
0x00007f10365d77c8:   000000002c2c2c2c 2c2c2c2c0000001d
0x00007f10365d77d8:   2c2c2c2c2c2c2c2c 0000000000000000 

Instructions: (pc=0x00007f1037bb2163)
0x00007f1037bb2063:   fe 28 7f 1f 62 b3 7d 20 3f c2 00 c5 fb 93 d0 85
0x00007f1037bb2073:   d2 75 6a 48 83 e6 e0 83 e1 1f e9 ae fd ff ff 66
0x00007f1037bb2083:   66 2e 0f 1f 84 00 00 00 00 00 0f 1f 00 48 01 cf
0x00007f1037bb2093:   48 01 ce 0f bc d2 83 fa 20 0f 83 3e 01 00 00 83
0x00007f1037bb20a3:   fa 10 0f 83 05 01 00 00 83 fa 08 0f 83 dc 00 00
0x00007f1037bb20b3:   00 83 fa 04 0f 83 c3 00 00 00 83 fa 03 0f 84 aa
0x00007f1037bb20c3:   00 00 00 83 fa 01 0f 87 91 00 00 00 74 7f c6 07
0x00007f1037bb20d3:   00 c3 66 66 2e 0f 1f 84 00 00 00 00 00 48 83 c6
0x00007f1037bb20e3:   20 48 83 c7 20 eb ac 66 0f 1f 44 00 00 0f bc d2
0x00007f1037bb20f3:   48 01 ce 83 c2 20 29 ca eb 9c 0f 1f 00 0f bc d2
0x00007f1037bb2103:   eb 94 66 66 2e 0f 1f 84 00 00 00 00 00 0f bc d1
0x00007f1037bb2113:   62 e1 fe 28 7f 27 48 83 c6 20 48 83 c7 20 e9 73
0x00007f1037bb2123:   ff ff ff 66 2e 0f 1f 84 00 00 00 00 00 0f bc d2
0x00007f1037bb2133:   62 e1 fe 28 7f 27 62 e1 fe 28 7f 6f 01 48 83 c6
0x00007f1037bb2143:   40 48 83 c7 40 e9 4c ff ff ff 0f 1f 00 0f b7 16
0x00007f1037bb2153:   66 89 17 c3 66 0f 1f 84 00 00 00 00 00 0f b7 0e
0x00007f1037bb2163:   66 89 0f c6 47 02 00 c3 0f 1f 44 00 00 8b 16 89
0x00007f1037bb2173:   17 c3 66 66 2e 0f 1f 84 00 00 00 00 00 8b 0e 89
0x00007f1037bb2183:   0f 8b 4c 16 fd 89 4c 17 fd c3 0f 1f 00 48 8b 0e
0x00007f1037bb2193:   4c 8b 4c 16 f9 48 89 0f 4c 89 4c 17 f9 c3 66 66
0x00007f1037bb21a3:   2e 0f 1f 84 00 00 00 00 00 0f 1f 40 00 62 e1 fe
0x00007f1037bb21b3:   08 6f 16 62 e1 fe 08 6f 9c 16 f1 ff ff ff 62 e1
0x00007f1037bb21c3:   fe 08 7f 17 62 e1 fe 08 7f 9c 17 f1 ff ff ff c3
0x00007f1037bb21d3:   66 66 2e 0f 1f 84 00 00 00 00 00 66 90 62 e1 fe
0x00007f1037bb21e3:   28 6f 16 62 e1 fe 28 6f 9c 16 e1 ff ff ff 62 e1
0x00007f1037bb21f3:   fe 28 7f 17 62 e1 fe 28 7f 9c 17 e1 ff ff ff c3
0x00007f1037bb2203:   66 2e 0f 1f 84 00 00 00 00 00 66 2e 0f 1f 84 00
0x00007f1037bb2213:   00 00 00 00 66 0f 1f 84 00 00 00 00 00 f3 0f 1e
0x00007f1037bb2223:   fa 89 f8 62 a1 fd 00 ef c0 25 ff 0f 00 00 3d e0
0x00007f1037bb2233:   0f 00 00 0f 87 34 01 00 00 62 f3 7d 20 3f 07 00
0x00007f1037bb2243:   c5 fb 93 c0 85 c0 74 55 f3 0f bc c0 c3 f3 0f bc
0x00007f1037bb2253:   c0 29 d7 8d 44 07 20 c3 0f 1f 44 00 00 f3 0f bc 


Stack slot to memory mapping:
stack at sp + 0 slots: 0x00007f101c070dff: recherchecouleur+0x00000000000002f4 in /home/pfr/pfr_code/image/src/libImage.so at 0x00007f101c06b000
stack at sp + 1 slots: 0xb5012a0200000000 is an unknown value
stack at sp + 2 slots: 0x0000000000000400 is an unknown value
stack at sp + 3 slots: 0x2c2c2c2c2c2c2c2c is an unknown value
stack at sp + 4 slots: 0x000000002c2c2c2c is an unknown value
stack at sp + 5 slots: 0x2c2c2c2c0000001d is an unknown value
stack at sp + 6 slots: 0x2c2c2c2c2c2c2c2c is an unknown value
stack at sp + 7 slots: 0x0 is NULL


---------------  P R O C E S S  ---------------

Threads class SMR info:
_java_thread_list=0x00007f103034d310, length=13, elements={
0x00007f1030025d60, 0x00007f10301421c0, 0x00007f1030143810, 0x00007f103016c750,
0x00007f103016d5b0, 0x00007f103016e9c0, 0x00007f1030170040, 0x00007f1030171520,
0x00007f10301729b0, 0x00007f1030231cf0, 0x00007f10302393d0, 0x00007f1030358b20,
0x00007f103034ba10
}

Java Threads: ( => current thread )
=>0x00007f1030025d60 JavaThread "main" [_thread_in_native, id=6271, stack(0x00007f10364da000,0x00007f10365da000)]
  0x00007f10301421c0 JavaThread "Reference Handler" daemon [_thread_blocked, id=6278, stack(0x00007f101c3e0000,0x00007f101c4e0000)]
  0x00007f1030143810 JavaThread "Finalizer" daemon [_thread_blocked, id=6279, stack(0x00007f101c2e0000,0x00007f101c3e0000)]
  0x00007f103016c750 JavaThread "Signal Dispatcher" daemon [_thread_blocked, id=6280, stack(0x00007f101c1e0000,0x00007f101c2e0000)]
  0x00007f103016d5b0 JavaThread "Service Thread" daemon [_thread_blocked, id=6281, stack(0x00007f101c0e0000,0x00007f101c1e0000)]
  0x00007f103016e9c0 JavaThread "Monitor Deflation Thread" daemon [_thread_blocked, id=6282, stack(0x00007f100d700000,0x00007f100d800000)]
  0x00007f1030170040 JavaThread "C2 CompilerThread0" daemon [_thread_blocked, id=6283, stack(0x00007f100c500000,0x00007f100c600000)]
  0x00007f1030171520 JavaThread "C1 CompilerThread0" daemon [_thread_blocked, id=6284, stack(0x00007f100c400000,0x00007f100c500000)]
  0x00007f10301729b0 JavaThread "Sweeper thread" daemon [_thread_blocked, id=6285, stack(0x00007f100c300000,0x00007f100c400000)]
  0x00007f1030231cf0 JavaThread "Notification Thread" daemon [_thread_blocked, id=6286, stack(0x00007f100c200000,0x00007f100c300000)]
  0x00007f10302393d0 JavaThread "Common-Cleaner" daemon [_thread_blocked, id=6288, stack(0x00007f0fd7f00000,0x00007f0fd8000000)]
  0x00007f1030358b20 JavaThread "process reaper" daemon [_thread_blocked, id=6290, stack(0x00007f101c075000,0x00007f101c097000)]
  0x00007f103034ba10 JavaThread "JNA Cleaner" daemon [_thread_blocked, id=6291, stack(0x00007f0fd7b00000,0x00007f0fd7c00000)]

Other Threads:
  0x00007f10300f27e0 VMThread "VM Thread" [stack: 0x00007f101c4e2000,0x00007f101c5e2000] [id=6277]
  0x00007f10301ad6b0 WatcherThread [stack: 0x00007f100c100000,0x00007f100c200000] [id=6287]
  0x00007f1030062850 GCTaskThread "GC Thread#0" [stack: 0x00007f10346c6000,0x00007f10347c6000] [id=6272]
  0x00007f103006b800 ConcurrentGCThread "G1 Main Marker" [stack: 0x00007f10345c4000,0x00007f10346c4000] [id=6273]
  0x00007f103006c760 ConcurrentGCThread "G1 Conc#0" [stack: 0x00007f10344c2000,0x00007f10345c2000] [id=6274]
  0x00007f10300b04e0 ConcurrentGCThread "G1 Refine#0" [stack: 0x00007f101c767000,0x00007f101c867000] [id=6275]
  0x00007f10300b13d0 ConcurrentGCThread "G1 Service" [stack: 0x00007f101c665000,0x00007f101c765000] [id=6276]

Threads with active compile tasks:

VM state: not at safepoint (normal execution)

VM Mutex/Monitor currently owned by a thread: None

Heap address: 0x00000000c3200000, size: 974 MB, Compressed Oops mode: 32-bit

CDS archive(s) not mapped
Compressed class space mapped at: 0x0000000100000000-0x0000000140000000, reserved size: 1073741824
Narrow klass base: 0x0000000000000000, Narrow klass shift: 3, Narrow klass range: 0x140000000

GC Precious Log:
 CPUs: 6 total, 6 available
 Memory: 3888M
 Large Page Support: Disabled
 NUMA Support: Disabled
 Compressed Oops: Enabled (32-bit)
 Heap Region Size: 1M
 Heap Min Capacity: 8M
 Heap Initial Capacity: 62M
 Heap Max Capacity: 974M
 Pre-touch: Disabled
 Parallel Workers: 6
 Concurrent Workers: 2
 Concurrent Refinement Workers: 6
 Periodic GC: Disabled

Heap:
 garbage-first heap   total 63488K, used 4096K [0x00000000c3200000, 0x0000000100000000)
  region size 1024K, 5 young (5120K), 0 survivors (0K)
 Metaspace       used 8813K, committed 8896K, reserved 1064960K
  class space    used 794K, committed 832K, reserved 1048576K

Heap Regions: E=young(eden), S=young(survivor), O=old, HS=humongous(starts), HC=humongous(continues), CS=collection set, F=free, OA=open archive, CA=closed archive, TAMS=top-at-mark-start (previous, next)
|   0|0x00000000c3200000, 0x00000000c3200000, 0x00000000c3300000|  0%| F|  |TAMS 0x00000000c3200000, 0x00000000c3200000| Untracked 
|   1|0x00000000c3300000, 0x00000000c3300000, 0x00000000c3400000|  0%| F|  |TAMS 0x00000000c3300000, 0x00000000c3300000| Untracked 
|   2|0x00000000c3400000, 0x00000000c3400000, 0x00000000c3500000|  0%| F|  |TAMS 0x00000000c3400000, 0x00000000c3400000| Untracked 
|   3|0x00000000c3500000, 0x00000000c3500000, 0x00000000c3600000|  0%| F|  |TAMS 0x00000000c3500000, 0x00000000c3500000| Untracked 
|   4|0x00000000c3600000, 0x00000000c3600000, 0x00000000c3700000|  0%| F|  |TAMS 0x00000000c3600000, 0x00000000c3600000| Untracked 
|   5|0x00000000c3700000, 0x00000000c3700000, 0x00000000c3800000|  0%| F|  |TAMS 0x00000000c3700000, 0x00000000c3700000| Untracked 
|   6|0x00000000c3800000, 0x00000000c3800000, 0x00000000c3900000|  0%| F|  |TAMS 0x00000000c3800000, 0x00000000c3800000| Untracked 
|   7|0x00000000c3900000, 0x00000000c3900000, 0x00000000c3a00000|  0%| F|  |TAMS 0x00000000c3900000, 0x00000000c3900000| Untracked 
|   8|0x00000000c3a00000, 0x00000000c3a00000, 0x00000000c3b00000|  0%| F|  |TAMS 0x00000000c3a00000, 0x00000000c3a00000| Untracked 
|   9|0x00000000c3b00000, 0x00000000c3b00000, 0x00000000c3c00000|  0%| F|  |TAMS 0x00000000c3b00000, 0x00000000c3b00000| Untracked 
|  10|0x00000000c3c00000, 0x00000000c3c00000, 0x00000000c3d00000|  0%| F|  |TAMS 0x00000000c3c00000, 0x00000000c3c00000| Untracked 
|  11|0x00000000c3d00000, 0x00000000c3d00000, 0x00000000c3e00000|  0%| F|  |TAMS 0x00000000c3d00000, 0x00000000c3d00000| Untracked 
|  12|0x00000000c3e00000, 0x00000000c3e00000, 0x00000000c3f00000|  0%| F|  |TAMS 0x00000000c3e00000, 0x00000000c3e00000| Untracked 
|  13|0x00000000c3f00000, 0x00000000c3f00000, 0x00000000c4000000|  0%| F|  |TAMS 0x00000000c3f00000, 0x00000000c3f00000| Untracked 
|  14|0x00000000c4000000, 0x00000000c4000000, 0x00000000c4100000|  0%| F|  |TAMS 0x00000000c4000000, 0x00000000c4000000| Untracked 
|  15|0x00000000c4100000, 0x00000000c4100000, 0x00000000c4200000|  0%| F|  |TAMS 0x00000000c4100000, 0x00000000c4100000| Untracked 
|  16|0x00000000c4200000, 0x00000000c4200000, 0x00000000c4300000|  0%| F|  |TAMS 0x00000000c4200000, 0x00000000c4200000| Untracked 
|  17|0x00000000c4300000, 0x00000000c4300000, 0x00000000c4400000|  0%| F|  |TAMS 0x00000000c4300000, 0x00000000c4300000| Untracked 
|  18|0x00000000c4400000, 0x00000000c4400000, 0x00000000c4500000|  0%| F|  |TAMS 0x00000000c4400000, 0x00000000c4400000| Untracked 
|  19|0x00000000c4500000, 0x00000000c4500000, 0x00000000c4600000|  0%| F|  |TAMS 0x00000000c4500000, 0x00000000c4500000| Untracked 
|  20|0x00000000c4600000, 0x00000000c4600000, 0x00000000c4700000|  0%| F|  |TAMS 0x00000000c4600000, 0x00000000c4600000| Untracked 
|  21|0x00000000c4700000, 0x00000000c4700000, 0x00000000c4800000|  0%| F|  |TAMS 0x00000000c4700000, 0x00000000c4700000| Untracked 
|  22|0x00000000c4800000, 0x00000000c4800000, 0x00000000c4900000|  0%| F|  |TAMS 0x00000000c4800000, 0x00000000c4800000| Untracked 
|  23|0x00000000c4900000, 0x00000000c4900000, 0x00000000c4a00000|  0%| F|  |TAMS 0x00000000c4900000, 0x00000000c4900000| Untracked 
|  24|0x00000000c4a00000, 0x00000000c4a00000, 0x00000000c4b00000|  0%| F|  |TAMS 0x00000000c4a00000, 0x00000000c4a00000| Untracked 
|  25|0x00000000c4b00000, 0x00000000c4b00000, 0x00000000c4c00000|  0%| F|  |TAMS 0x00000000c4b00000, 0x00000000c4b00000| Untracked 
|  26|0x00000000c4c00000, 0x00000000c4c00000, 0x00000000c4d00000|  0%| F|  |TAMS 0x00000000c4c00000, 0x00000000c4c00000| Untracked 
|  27|0x00000000c4d00000, 0x00000000c4d00000, 0x00000000c4e00000|  0%| F|  |TAMS 0x00000000c4d00000, 0x00000000c4d00000| Untracked 
|  28|0x00000000c4e00000, 0x00000000c4e00000, 0x00000000c4f00000|  0%| F|  |TAMS 0x00000000c4e00000, 0x00000000c4e00000| Untracked 
|  29|0x00000000c4f00000, 0x00000000c4f00000, 0x00000000c5000000|  0%| F|  |TAMS 0x00000000c4f00000, 0x00000000c4f00000| Untracked 
|  30|0x00000000c5000000, 0x00000000c5000000, 0x00000000c5100000|  0%| F|  |TAMS 0x00000000c5000000, 0x00000000c5000000| Untracked 
|  31|0x00000000c5100000, 0x00000000c5100000, 0x00000000c5200000|  0%| F|  |TAMS 0x00000000c5100000, 0x00000000c5100000| Untracked 
|  32|0x00000000c5200000, 0x00000000c5200000, 0x00000000c5300000|  0%| F|  |TAMS 0x00000000c5200000, 0x00000000c5200000| Untracked 
|  33|0x00000000c5300000, 0x00000000c5300000, 0x00000000c5400000|  0%| F|  |TAMS 0x00000000c5300000, 0x00000000c5300000| Untracked 
|  34|0x00000000c5400000, 0x00000000c5400000, 0x00000000c5500000|  0%| F|  |TAMS 0x00000000c5400000, 0x00000000c5400000| Untracked 
|  35|0x00000000c5500000, 0x00000000c5500000, 0x00000000c5600000|  0%| F|  |TAMS 0x00000000c5500000, 0x00000000c5500000| Untracked 
|  36|0x00000000c5600000, 0x00000000c5600000, 0x00000000c5700000|  0%| F|  |TAMS 0x00000000c5600000, 0x00000000c5600000| Untracked 
|  37|0x00000000c5700000, 0x00000000c5700000, 0x00000000c5800000|  0%| F|  |TAMS 0x00000000c5700000, 0x00000000c5700000| Untracked 
|  38|0x00000000c5800000, 0x00000000c5800000, 0x00000000c5900000|  0%| F|  |TAMS 0x00000000c5800000, 0x00000000c5800000| Untracked 
|  39|0x00000000c5900000, 0x00000000c5900000, 0x00000000c5a00000|  0%| F|  |TAMS 0x00000000c5900000, 0x00000000c5900000| Untracked 
|  40|0x00000000c5a00000, 0x00000000c5a00000, 0x00000000c5b00000|  0%| F|  |TAMS 0x00000000c5a00000, 0x00000000c5a00000| Untracked 
|  41|0x00000000c5b00000, 0x00000000c5b00000, 0x00000000c5c00000|  0%| F|  |TAMS 0x00000000c5b00000, 0x00000000c5b00000| Untracked 
|  42|0x00000000c5c00000, 0x00000000c5c00000, 0x00000000c5d00000|  0%| F|  |TAMS 0x00000000c5c00000, 0x00000000c5c00000| Untracked 
|  43|0x00000000c5d00000, 0x00000000c5d00000, 0x00000000c5e00000|  0%| F|  |TAMS 0x00000000c5d00000, 0x00000000c5d00000| Untracked 
|  44|0x00000000c5e00000, 0x00000000c5e00000, 0x00000000c5f00000|  0%| F|  |TAMS 0x00000000c5e00000, 0x00000000c5e00000| Untracked 
|  45|0x00000000c5f00000, 0x00000000c5f00000, 0x00000000c6000000|  0%| F|  |TAMS 0x00000000c5f00000, 0x00000000c5f00000| Untracked 
|  46|0x00000000c6000000, 0x00000000c6000000, 0x00000000c6100000|  0%| F|  |TAMS 0x00000000c6000000, 0x00000000c6000000| Untracked 
|  47|0x00000000c6100000, 0x00000000c6100000, 0x00000000c6200000|  0%| F|  |TAMS 0x00000000c6100000, 0x00000000c6100000| Untracked 
|  48|0x00000000c6200000, 0x00000000c6200000, 0x00000000c6300000|  0%| F|  |TAMS 0x00000000c6200000, 0x00000000c6200000| Untracked 
|  49|0x00000000c6300000, 0x00000000c6300000, 0x00000000c6400000|  0%| F|  |TAMS 0x00000000c6300000, 0x00000000c6300000| Untracked 
|  50|0x00000000c6400000, 0x00000000c6400000, 0x00000000c6500000|  0%| F|  |TAMS 0x00000000c6400000, 0x00000000c6400000| Untracked 
|  51|0x00000000c6500000, 0x00000000c6500000, 0x00000000c6600000|  0%| F|  |TAMS 0x00000000c6500000, 0x00000000c6500000| Untracked 
|  52|0x00000000c6600000, 0x00000000c6600000, 0x00000000c6700000|  0%| F|  |TAMS 0x00000000c6600000, 0x00000000c6600000| Untracked 
|  53|0x00000000c6700000, 0x00000000c6700000, 0x00000000c6800000|  0%| F|  |TAMS 0x00000000c6700000, 0x00000000c6700000| Untracked 
|  54|0x00000000c6800000, 0x00000000c6800000, 0x00000000c6900000|  0%| F|  |TAMS 0x00000000c6800000, 0x00000000c6800000| Untracked 
|  55|0x00000000c6900000, 0x00000000c6900000, 0x00000000c6a00000|  0%| F|  |TAMS 0x00000000c6900000, 0x00000000c6900000| Untracked 
|  56|0x00000000c6a00000, 0x00000000c6a00000, 0x00000000c6b00000|  0%| F|  |TAMS 0x00000000c6a00000, 0x00000000c6a00000| Untracked 
|  57|0x00000000c6b00000, 0x00000000c6b6c090, 0x00000000c6c00000| 42%| E|  |TAMS 0x00000000c6b00000, 0x00000000c6b00000| Complete 
|  58|0x00000000c6c00000, 0x00000000c6d00000, 0x00000000c6d00000|100%| E|CS|TAMS 0x00000000c6c00000, 0x00000000c6c00000| Complete 
|  59|0x00000000c6d00000, 0x00000000c6e00000, 0x00000000c6e00000|100%| E|CS|TAMS 0x00000000c6d00000, 0x00000000c6d00000| Complete 
|  60|0x00000000c6e00000, 0x00000000c6f00000, 0x00000000c6f00000|100%| E|CS|TAMS 0x00000000c6e00000, 0x00000000c6e00000| Complete 
|  61|0x00000000c6f00000, 0x00000000c7000000, 0x00000000c7000000|100%| E|CS|TAMS 0x00000000c6f00000, 0x00000000c6f00000| Complete 

Card table byte_map: [0x00007f1035924000,0x00007f1035b0b000] _byte_map_base: 0x00007f103530b000

Marking Bits (Prev, Next): (CMBitMap*) 0x00007f10300632d0, (CMBitMap*) 0x00007f1030063310
 Prev Bits: [0x00007f1034805000, 0x00007f103573d000)
 Next Bits: [0x00007f101ca69000, 0x00007f101d9a1000)

Polling page: 0x00007f1037ccc000

Metaspace:

Usage:
  Non-class:      7,83 MB used.
      Class:    794,77 KB used.
       Both:      8,61 MB used.

Virtual space:
  Non-class space:       16,00 MB reserved,       7,88 MB ( 49%) committed,  2 nodes.
      Class space:        1,00 GB reserved,     832,00 KB ( <1%) committed,  1 nodes.
             Both:        1,02 GB reserved,       8,69 MB ( <1%) committed. 

Chunk freelists:
   Non-Class:  3,95 MB
       Class:  3,20 MB
        Both:  7,15 MB

MaxMetaspaceSize: unlimited
CompressedClassSpaceSize: 1,00 GB
Initial GC threshold: 21,00 MB
Current GC threshold: 21,00 MB
CDS: off
MetaspaceReclaimPolicy: balanced
 - commit_granule_bytes: 65536.
 - commit_granule_words: 8192.
 - virtual_space_node_default_size: 1048576.
 - enlarge_chunks_in_place: 1.
 - new_chunks_are_fully_committed: 0.
 - uncommit_free_chunks: 1.
 - use_allocation_guard: 0.
 - handle_deallocations: 1.


Internal statistics:

num_allocs_failed_limit: 0.
num_arena_births: 24.
num_arena_deaths: 0.
num_vsnodes_births: 3.
num_vsnodes_deaths: 0.
num_space_committed: 139.
num_space_uncommitted: 0.
num_chunks_returned_to_freelist: 0.
num_chunks_taken_from_freelist: 61.
num_chunk_merges: 0.
num_chunk_splits: 33.
num_chunks_enlarged: 23.
num_purges: 0.
num_inconsistent_stats: 0.

CodeHeap 'non-profiled nmethods': size=120032Kb used=102Kb max_used=102Kb free=119929Kb
 bounds [0x00007f1025469000, 0x00007f10256d9000, 0x00007f102c9a1000]
CodeHeap 'profiled nmethods': size=120028Kb used=452Kb max_used=452Kb free=119575Kb
 bounds [0x00007f101df32000, 0x00007f101e1a2000, 0x00007f1025469000]
CodeHeap 'non-nmethods': size=5700Kb used=1136Kb max_used=1150Kb free=4563Kb
 bounds [0x00007f101d9a1000, 0x00007f101dc11000, 0x00007f101df32000]
 total_blobs=755 nmethods=339 adapters=330
 compilation: enabled
              stopped_count=0, restarted_count=0
 full_count=0

Compilation events (20 events):
Event: 0,779 Thread 0x00007f1030171520  331       3       jdk.internal.org.objectweb.asm.MethodWriter::visitInsn (115 bytes)
Event: 0,779 Thread 0x00007f1030171520 nmethod 331 0x00007f101dfa0c10 code [0x00007f101dfa0e00, 0x00007f101dfa11e0]
Event: 0,779 Thread 0x00007f1030171520  335       3       jdk.internal.org.objectweb.asm.Frame::pop (44 bytes)
Event: 0,780 Thread 0x00007f1030171520 nmethod 335 0x00007f101dfa1390 code [0x00007f101dfa1540, 0x00007f101dfa16d0]
Event: 0,780 Thread 0x00007f1030171520  336       3       jdk.internal.org.objectweb.asm.Frame::pop (42 bytes)
Event: 0,780 Thread 0x00007f1030171520 nmethod 336 0x00007f101dfa1790 code [0x00007f101dfa1940, 0x00007f101dfa1af0]
Event: 0,780 Thread 0x00007f1030171520  328       1       jdk.internal.org.objectweb.asm.SymbolTable::getMajorVersion (5 bytes)
Event: 0,780 Thread 0x00007f1030171520 nmethod 328 0x00007f1025481e10 code [0x00007f1025481fa0, 0x00007f1025482070]
Event: 0,780 Thread 0x00007f1030171520  332       3       jdk.internal.org.objectweb.asm.Label::getCanonicalInstance (19 bytes)
Event: 0,780 Thread 0x00007f1030171520 nmethod 332 0x00007f101dfa1c10 code [0x00007f101dfa1da0, 0x00007f101dfa1f10]
Event: 0,780 Thread 0x00007f1030171520  323       3       jdk.internal.org.objectweb.asm.ByteVector::put122 (93 bytes)
Event: 0,780 Thread 0x00007f1030171520 nmethod 323 0x00007f101dfa2010 code [0x00007f101dfa21c0, 0x00007f101dfa2440]
Event: 0,780 Thread 0x00007f1030171520  333       3       jdk.internal.org.objectweb.asm.MethodWriter::visitAbstractType (8 bytes)
Event: 0,780 Thread 0x00007f1030171520 nmethod 333 0x00007f101dfa2610 code [0x00007f101dfa27a0, 0x00007f101dfa28d0]
Event: 0,785 Thread 0x00007f1030171520  337       3       java.lang.PublicMethods$Key::matches (31 bytes)
Event: 0,785 Thread 0x00007f1030171520 nmethod 337 0x00007f101dfa2990 code [0x00007f101dfa2b60, 0x00007f101dfa2eb0]
Event: 0,785 Thread 0x00007f1030171520  338       1       java.lang.reflect.Method::getSharedParameterTypes (5 bytes)
Event: 0,785 Thread 0x00007f1030171520 nmethod 338 0x00007f1025482110 code [0x00007f10254822a0, 0x00007f1025482370]
Event: 0,786 Thread 0x00007f1030170040  339 %     4       java.lang.StringLatin1::indexOfChar @ 7 (33 bytes)
Event: 0,789 Thread 0x00007f1030170040 nmethod 339% 0x00007f1025482410 code [0x00007f10254825a0, 0x00007f1025482778]

GC Heap History (0 events):
No events

Dll operation events (5 events):
Event: 0,051 Loaded shared library /snap/eclipse/66/plugins/org.eclipse.justj.openjdk.hotspot.jre.full.linux.x86_64_17.0.5.v20221102-0933/jre/lib/libjava.so
Event: 0,506 Loaded shared library /snap/eclipse/66/plugins/org.eclipse.justj.openjdk.hotspot.jre.full.linux.x86_64_17.0.5.v20221102-0933/jre/lib/libnio.so
Event: 0,519 Loaded shared library /snap/eclipse/66/plugins/org.eclipse.justj.openjdk.hotspot.jre.full.linux.x86_64_17.0.5.v20221102-0933/jre/lib/libzip.so
Event: 0,648 Loaded shared library /snap/eclipse/66/plugins/org.eclipse.justj.openjdk.hotspot.jre.full.linux.x86_64_17.0.5.v20221102-0933/jre/lib/libjimage.so
Event: 0,705 Loaded shared library /home/pfr/.cache/JNA/temp/jna1668008075472315927.tmp

Deoptimization events (0 events):
No events

Classes unloaded (0 events):
No events

Classes redefined (0 events):
No events

Internal exceptions (7 events):
Event: 0,729 Thread 0x00007f1030025d60 Exception <a 'java/lang/NoSuchMethodError'{0x00000000c6dd9690}: 'java.lang.Object java.lang.invoke.DirectMethodHandle$Holder.invokeStaticInit(java.lang.Object)'> (0x00000000c6dd9690) 
thrown [src/hotspot/share/interpreter/linkResolver.cpp, line 758]
Event: 0,731 Thread 0x00007f1030025d60 Exception <a 'java/lang/NoSuchMethodError'{0x00000000c6de33e0}: 'java.lang.Object java.lang.invoke.DirectMethodHandle$Holder.invokeStaticInit(java.lang.Object, java.lang.Object, long, java.lang.Object)'> (0x00000000c6de33e0) 
thrown [src/hotspot/share/interpreter/linkResolver.cpp, line 758]
Event: 0,732 Thread 0x00007f1030025d60 Exception <a 'java/lang/NoSuchMethodError'{0x00000000c6de9ce8}: 'java.lang.Object java.lang.invoke.DirectMethodHandle$Holder.newInvokeSpecial(java.lang.Object, java.lang.Object, long)'> (0x00000000c6de9ce8) 
thrown [src/hotspot/share/interpreter/linkResolver.cpp, line 758]
Event: 0,733 Thread 0x00007f1030025d60 Exception <a 'java/lang/NoSuchMethodError'{0x00000000c6dee218}: 'java.lang.Object java.lang.invoke.Invokers$Holder.linkToTargetMethod(java.lang.Object, long, java.lang.Object)'> (0x00000000c6dee218) 
thrown [src/hotspot/share/interpreter/linkResolver.cpp, line 758]
Event: 0,739 Thread 0x00007f1030025d60 Exception <a 'java/lang/NoSuchMethodError'{0x00000000c6df6778}: 'java.lang.Object java.lang.invoke.DirectMethodHandle$Holder.newInvokeSpecial(java.lang.Object, java.lang.Object, java.lang.Object, int)'> (0x00000000c6df6778) 
thrown [src/hotspot/share/interpreter/linkResolver.cpp, line 758]
Event: 0,739 Thread 0x00007f1030025d60 Exception <a 'java/lang/NoSuchMethodError'{0x00000000c6dfab58}: 'java.lang.Object java.lang.invoke.DirectMethodHandle$Holder.invokeSpecial(java.lang.Object, java.lang.Object, java.lang.Object, java.lang.Object, int)'> (0x00000000c6dfab58) 
thrown [src/hotspot/share/interpreter/linkResolver.cpp, line 758]
Event: 0,740 Thread 0x00007f1030025d60 Exception <a 'java/lang/NoSuchMethodError'{0x00000000c6dfe720}: 'java.lang.Object java.lang.invoke.Invokers$Holder.linkToTargetMethod(java.lang.Object, java.lang.Object, int, java.lang.Object)'> (0x00000000c6dfe720) 
thrown [src/hotspot/share/interpreter/linkResolver.cpp, line 758]

VM Operations (4 events):
Event: 0,520 Executing VM operation: HandshakeAllThreads
Event: 0,520 Executing VM operation: HandshakeAllThreads done
Event: 0,718 Executing VM operation: HandshakeAllThreads
Event: 0,718 Executing VM operation: HandshakeAllThreads done

Events (20 events):
Event: 0,771 loading class java/lang/reflect/ProxyGenerator
Event: 0,772 loading class java/lang/reflect/ProxyGenerator done
Event: 0,772 loading class java/lang/reflect/ProxyGenerator$ProxyMethod
Event: 0,772 loading class java/lang/reflect/ProxyGenerator$ProxyMethod done
Event: 0,773 loading class java/lang/reflect/ProxyGenerator$PrimitiveTypeInfo
Event: 0,773 loading class java/lang/reflect/ProxyGenerator$PrimitiveTypeInfo done
Event: 0,773 loading class jdk/internal/org/objectweb/asm/Edge
Event: 0,773 loading class jdk/internal/org/objectweb/asm/Edge done
Event: 0,781 loading class java/lang/reflect/UndeclaredThrowableException
Event: 0,781 loading class java/lang/reflect/UndeclaredThrowableException done
Event: 0,784 loading class java/lang/reflect/Proxy$ProxyBuilder$1
Event: 0,784 loading class java/lang/reflect/Proxy$ProxyBuilder$1 done
Event: 0,786 loading class java/lang/AssertionError
Event: 0,787 loading class java/lang/AssertionError done
Event: 0,787 loading class java/lang/reflect/TypeVariable
Event: 0,787 loading class java/lang/reflect/TypeVariable done
Event: 0,787 loading class java/lang/reflect/AnnotatedType
Event: 0,787 loading class java/lang/reflect/AnnotatedType done
Event: 0,788 loading class java/lang/TypeNotPresentException
Event: 0,788 loading class java/lang/TypeNotPresentException done


Dynamic libraries:
c3200000-c7000000 rw-p 00000000 00:00 0 
c7000000-100000000 ---p 00000000 00:00 0 
100000000-100020000 rw-p 00000000 00:00 0 
100020000-100040000 rw-p 00000000 00:00 0 
100040000-1000c0000 rw-p 00000000 00:00 0 
1000c0000-1000d0000 rw-p 00000000 00:00 0 
1000d0000-140000000 ---p 00000000 00:00 0 
5623cf95a000-5623cf95b000 r--p 00000000 07:09 932                        /snap/eclipse/66/plugins/org.eclipse.justj.openjdk.hotspot.jre.full.linux.x86_64_17.0.5.v20221102-0933/jre/bin/java
5623cf95b000-5623cf95c000 r-xp 00001000 07:09 932                        /snap/eclipse/66/plugins/org.eclipse.justj.openjdk.hotspot.jre.full.linux.x86_64_17.0.5.v20221102-0933/jre/bin/java
5623cf95c000-5623cf95d000 r--p 00002000 07:09 932                        /snap/eclipse/66/plugins/org.eclipse.justj.openjdk.hotspot.jre.full.linux.x86_64_17.0.5.v20221102-0933/jre/bin/java
5623cf95d000-5623cf95e000 r--p 00002000 07:09 932                        /snap/eclipse/66/plugins/org.eclipse.justj.openjdk.hotspot.jre.full.linux.x86_64_17.0.5.v20221102-0933/jre/bin/java
5623cf95e000-5623cf95f000 rw-p 00003000 07:09 932                        /snap/eclipse/66/plugins/org.eclipse.justj.openjdk.hotspot.jre.full.linux.x86_64_17.0.5.v20221102-0933/jre/bin/java
5623d13a8000-5623d13f0000 rw-p 00000000 00:00 0                          [heap]
7f0fc8000000-7f0fc8021000 rw-p 00000000 00:00 0 
7f0fc8021000-7f0fcc000000 ---p 00000000 00:00 0 
7f0fcc000000-7f0fcc021000 rw-p 00000000 00:00 0 
7f0fcc021000-7f0fd0000000 ---p 00000000 00:00 0 
7f0fd0000000-7f0fd0021000 rw-p 00000000 00:00 0 
7f0fd0021000-7f0fd4000000 ---p 00000000 00:00 0 
7f0fd7000000-7f0fd7010000 rw-p 00000000 00:00 0 
7f0fd7010000-7f0fd7800000 ---p 00000000 00:00 0 
7f0fd7b00000-7f0fd7b04000 ---p 00000000 00:00 0 
7f0fd7b04000-7f0fd7c00000 rw-p 00000000 00:00 0 
7f0fd7c00000-7f0fd7c1e000 r-xp 00000000 08:03 671202                     /home/pfr/.cache/JNA/temp/jna1668008075472315927.tmp (deleted)
7f0fd7c1e000-7f0fd7e1d000 ---p 0001e000 08:03 671202                     /home/pfr/.cache/JNA/temp/jna1668008075472315927.tmp (deleted)
7f0fd7e1d000-7f0fd7e1e000 rw-p 0001d000 08:03 671202                     /home/pfr/.cache/JNA/temp/jna1668008075472315927.tmp (deleted)
7f0fd7e1e000-7f0fd7e1f000 rw-p 00000000 00:00 0 
7f0fd7f00000-7f0fd7f04000 ---p 00000000 00:00 0 
7f0fd7f04000-7f0fd8000000 rw-p 00000000 00:00 0 
7f0fd8000000-7f0fd8021000 rw-p 00000000 00:00 0 
7f0fd8021000-7f0fdc000000 ---p 00000000 00:00 0 
7f0fdc000000-7f0fdc021000 rw-p 00000000 00:00 0 
7f0fdc021000-7f0fe0000000 ---p 00000000 00:00 0 
7f0fe0000000-7f0fe017b000 rw-p 00000000 00:00 0 
7f0fe017b000-7f0fe4000000 ---p 00000000 00:00 0 
7f0fe4000000-7f0fe4021000 rw-p 00000000 00:00 0 
7f0fe4021000-7f0fe8000000 ---p 00000000 00:00 0 
7f0fe8000000-7f0fe8021000 rw-p 00000000 00:00 0 
7f0fe8021000-7f0fec000000 ---p 00000000 00:00 0 
7f0fec000000-7f0fec15b000 rw-p 00000000 00:00 0 
7f0fec15b000-7f0ff0000000 ---p 00000000 00:00 0 
7f0ff0000000-7f0ff0021000 rw-p 00000000 00:00 0 
7f0ff0021000-7f0ff4000000 ---p 00000000 00:00 0 
7f0ff4000000-7f0ff4021000 rw-p 00000000 00:00 0 
7f0ff4021000-7f0ff8000000 ---p 00000000 00:00 0 
7f0ff8000000-7f0ff8021000 rw-p 00000000 00:00 0 
7f0ff8021000-7f0ffc000000 ---p 00000000 00:00 0 
7f0ffc000000-7f0ffc021000 rw-p 00000000 00:00 0 
7f0ffc021000-7f1000000000 ---p 00000000 00:00 0 
7f1000000000-7f1000021000 rw-p 00000000 00:00 0 
7f1000021000-7f1004000000 ---p 00000000 00:00 0 
7f1004000000-7f1004021000 rw-p 00000000 00:00 0 
7f1004021000-7f1008000000 ---p 00000000 00:00 0 
7f1008000000-7f1008021000 rw-p 00000000 00:00 0 
7f1008021000-7f100c000000 ---p 00000000 00:00 0 
7f100c0fe000-7f100c0ff000 ---p 00000000 00:00 0 
7f100c0ff000-7f100c200000 rw-p 00000000 00:00 0 
7f100c200000-7f100c204000 ---p 00000000 00:00 0 
7f100c204000-7f100c300000 rw-p 00000000 00:00 0 
7f100c300000-7f100c304000 ---p 00000000 00:00 0 
7f100c304000-7f100c400000 rw-p 00000000 00:00 0 
7f100c400000-7f100c404000 ---p 00000000 00:00 0 
7f100c404000-7f100c500000 rw-p 00000000 00:00 0 
7f100c500000-7f100c504000 ---p 00000000 00:00 0 
7f100c504000-7f100c600000 rw-p 00000000 00:00 0 
7f100c600000-7f100d6b6000 r--p 00000000 08:03 136397                     /usr/lib/locale/locale-archive
7f100d700000-7f100d704000 ---p 00000000 00:00 0 
7f100d704000-7f100dc00000 rw-p 00000000 00:00 0 
7f100dc00000-7f100dc40000 rw-p 00000000 00:00 0 
7f100dc40000-7f100dc80000 rw-p 00000000 00:00 0 
7f100dc80000-7f100dd00000 rw-p 00000000 00:00 0 
7f100dd00000-7f100df00000 rw-p 00000000 00:00 0 
7f100df00000-7f100df50000 rw-p 00000000 00:00 0 
7f100df50000-7f100df80000 ---p 00000000 00:00 0 
7f100df80000-7f1010000000 rw-p 00000000 00:00 0 
7f1010000000-7f1010021000 rw-p 00000000 00:00 0 
7f1010021000-7f1014000000 ---p 00000000 00:00 0 
7f1014000000-7f1014021000 rw-p 00000000 00:00 0 
7f1014021000-7f1018000000 ---p 00000000 00:00 0 
7f1018000000-7f1018021000 rw-p 00000000 00:00 0 
7f1018021000-7f101c000000 ---p 00000000 00:00 0 
7f101c06b000-7f101c06d000 r--p 00000000 08:03 671954                     /home/pfr/pfr_code/image/src/libImage.so
7f101c06d000-7f101c072000 r-xp 00002000 08:03 671954                     /home/pfr/pfr_code/image/src/libImage.so
7f101c072000-7f101c073000 r--p 00007000 08:03 671954                     /home/pfr/pfr_code/image/src/libImage.so
7f101c073000-7f101c074000 r--p 00007000 08:03 671954                     /home/pfr/pfr_code/image/src/libImage.so
7f101c074000-7f101c075000 rw-p 00008000 08:03 671954                     /home/pfr/pfr_code/image/src/libImage.so
7f101c075000-7f101c079000 ---p 00000000 00:00 0 
7f101c079000-7f101c0c8000 rw-p 00000000 00:00 0 
7f101c0c8000-7f101c0cc000 r--p 00000000 07:09 1330                       /snap/eclipse/66/plugins/org.eclipse.justj.openjdk.hotspot.jre.full.linux.x86_64_17.0.5.v20221102-0933/jre/lib/libnet.so
7f101c0cc000-7f101c0da000 r-xp 00004000 07:09 1330                       /snap/eclipse/66/plugins/org.eclipse.justj.openjdk.hotspot.jre.full.linux.x86_64_17.0.5.v20221102-0933/jre/lib/libnet.so
7f101c0da000-7f101c0de000 r--p 00012000 07:09 1330                       /snap/eclipse/66/plugins/org.eclipse.justj.openjdk.hotspot.jre.full.linux.x86_64_17.0.5.v20221102-0933/jre/lib/libnet.so
7f101c0de000-7f101c0df000 r--p 00015000 07:09 1330                       /snap/eclipse/66/plugins/org.eclipse.justj.openjdk.hotspot.jre.full.linux.x86_64_17.0.5.v20221102-0933/jre/lib/libnet.so
7f101c0df000-7f101c0e0000 rw-p 00016000 07:09 1330                       /snap/eclipse/66/plugins/org.eclipse.justj.openjdk.hotspot.jre.full.linux.x86_64_17.0.5.v20221102-0933/jre/lib/libnet.so
7f101c0e0000-7f101c0e4000 ---p 00000000 00:00 0 
7f101c0e4000-7f101c1e0000 rw-p 00000000 00:00 0 
7f101c1e0000-7f101c1e4000 ---p 00000000 00:00 0 
7f101c1e4000-7f101c2e0000 rw-p 00000000 00:00 0 
7f101c2e0000-7f101c2e4000 ---p 00000000 00:00 0 
7f101c2e4000-7f101c3e0000 rw-p 00000000 00:00 0 
7f101c3e0000-7f101c3e4000 ---p 00000000 00:00 0 
7f101c3e4000-7f101c4e0000 rw-p 00000000 00:00 0 
7f101c4e0000-7f101c4e1000 ---p 00000000 00:00 0 
7f101c4e1000-7f101c663000 rw-p 00000000 00:00 0 
7f101c663000-7f101c664000 ---p 00000000 00:00 0 
7f101c664000-7f101c765000 rw-p 00000000 00:00 0 
7f101c765000-7f101c766000 ---p 00000000 00:00 0 
7f101c766000-7f101cb61000 rw-p 00000000 00:00 0 
7f101cb61000-7f101d9a1000 ---p 00000000 00:00 0 
7f101d9a1000-7f101dc11000 rwxp 00000000 00:00 0 
7f101dc11000-7f101df32000 ---p 00000000 00:00 0 
7f101df32000-7f101e1a2000 rwxp 00000000 00:00 0 
7f101e1a2000-7f1025469000 ---p 00000000 00:00 0 
7f1025469000-7f10256d9000 rwxp 00000000 00:00 0 
7f10256d9000-7f102c9a1000 ---p 00000000 00:00 0 
7f102c9a1000-7f1030000000 r--s 00000000 07:09 1339                       /snap/eclipse/66/plugins/org.eclipse.justj.openjdk.hotspot.jre.full.linux.x86_64_17.0.5.v20221102-0933/jre/lib/modules
7f1030000000-7f1030382000 rw-p 00000000 00:00 0 
7f1030382000-7f1034000000 ---p 00000000 00:00 0 
7f1034002000-7f1034009000 r--s 00000000 08:03 656382                     /usr/lib/x86_64-linux-gnu/gconv/gconv-modules.cache
7f1034009000-7f1034010000 r--p 00000000 07:09 1331                       /snap/eclipse/66/plugins/org.eclipse.justj.openjdk.hotspot.jre.full.linux.x86_64_17.0.5.v20221102-0933/jre/lib/libnio.so
7f1034010000-7f1034019000 r-xp 00007000 07:09 1331                       /snap/eclipse/66/plugins/org.eclipse.justj.openjdk.hotspot.jre.full.linux.x86_64_17.0.5.v20221102-0933/jre/lib/libnio.so
7f1034019000-7f103401d000 r--p 00010000 07:09 1331                       /snap/eclipse/66/plugins/org.eclipse.justj.openjdk.hotspot.jre.full.linux.x86_64_17.0.5.v20221102-0933/jre/lib/libnio.so
7f103401d000-7f103401e000 ---p 00014000 07:09 1331                       /snap/eclipse/66/plugins/org.eclipse.justj.openjdk.hotspot.jre.full.linux.x86_64_17.0.5.v20221102-0933/jre/lib/libnio.so
7f103401e000-7f103401f000 r--p 00014000 07:09 1331                       /snap/eclipse/66/plugins/org.eclipse.justj.openjdk.hotspot.jre.full.linux.x86_64_17.0.5.v20221102-0933/jre/lib/libnio.so
7f103401f000-7f1034020000 rw-p 00015000 07:09 1331                       /snap/eclipse/66/plugins/org.eclipse.justj.openjdk.hotspot.jre.full.linux.x86_64_17.0.5.v20221102-0933/jre/lib/libnio.so
7f1034020000-7f10344c0000 rw-p 00000000 00:00 0 
7f10344c0000-7f10344c1000 ---p 00000000 00:00 0 
7f10344c1000-7f10345c2000 rw-p 00000000 00:00 0 
7f10345c2000-7f10345c3000 ---p 00000000 00:00 0 
7f10345c3000-7f10346c4000 rw-p 00000000 00:00 0 
7f10346c4000-7f10346c5000 ---p 00000000 00:00 0 
7f10346c5000-7f10348fd000 rw-p 00000000 00:00 0 
7f10348fd000-7f103573d000 ---p 00000000 00:00 0 
7f103573d000-7f103575c000 rw-p 00000000 00:00 0 
7f103575c000-7f1035924000 ---p 00000000 00:00 0 
7f1035924000-7f1035943000 rw-p 00000000 00:00 0 
7f1035943000-7f1035b0b000 ---p 00000000 00:00 0 
7f1035b0b000-7f1035b2a000 rw-p 00000000 00:00 0 
7f1035b2a000-7f1035cf2000 ---p 00000000 00:00 0 
7f1035cf2000-7f10362fd000 rw-p 00000000 00:00 0 
7f10362fd000-7f10363e3000 ---p 00000000 00:00 0 
7f10363e3000-7f10363e8000 rw-p 00000000 00:00 0 
7f10363e8000-7f10364ce000 ---p 00000000 00:00 0 
7f10364ce000-7f10364d3000 rw-p 00000000 00:00 0 
7f10364d3000-7f10364da000 ---p 00000000 00:00 0 
7f10364da000-7f10364de000 ---p 00000000 00:00 0 
7f10364de000-7f10365da000 rw-p 00000000 00:00 0 
7f10365da000-7f10365e8000 r--p 00000000 08:03 137843                     /usr/lib/x86_64-linux-gnu/libm.so.6
7f10365e8000-7f1036664000 r-xp 0000e000 08:03 137843                     /usr/lib/x86_64-linux-gnu/libm.so.6
7f1036664000-7f10366bf000 r--p 0008a000 08:03 137843                     /usr/lib/x86_64-linux-gnu/libm.so.6
7f10366bf000-7f10366c0000 r--p 000e4000 08:03 137843                     /usr/lib/x86_64-linux-gnu/libm.so.6
7f10366c0000-7f10366c1000 rw-p 000e5000 08:03 137843                     /usr/lib/x86_64-linux-gnu/libm.so.6
7f10366c1000-7f1036913000 r--p 00000000 07:09 1349                       /snap/eclipse/66/plugins/org.eclipse.justj.openjdk.hotspot.jre.full.linux.x86_64_17.0.5.v20221102-0933/jre/lib/server/libjvm.so
7f1036913000-7f103762c000 r-xp 00252000 07:09 1349                       /snap/eclipse/66/plugins/org.eclipse.justj.openjdk.hotspot.jre.full.linux.x86_64_17.0.5.v20221102-0933/jre/lib/server/libjvm.so
7f103762c000-7f10378b7000 r--p 00f6b000 07:09 1349                       /snap/eclipse/66/plugins/org.eclipse.justj.openjdk.hotspot.jre.full.linux.x86_64_17.0.5.v20221102-0933/jre/lib/server/libjvm.so
7f10378b7000-7f10378b8000 ---p 011f6000 07:09 1349                       /snap/eclipse/66/plugins/org.eclipse.justj.openjdk.hotspot.jre.full.linux.x86_64_17.0.5.v20221102-0933/jre/lib/server/libjvm.so
7f10378b8000-7f1037971000 r--p 011f6000 07:09 1349                       /snap/eclipse/66/plugins/org.eclipse.justj.openjdk.hotspot.jre.full.linux.x86_64_17.0.5.v20221102-0933/jre/lib/server/libjvm.so
7f1037971000-7f10379a6000 rw-p 012af000 07:09 1349                       /snap/eclipse/66/plugins/org.eclipse.justj.openjdk.hotspot.jre.full.linux.x86_64_17.0.5.v20221102-0933/jre/lib/server/libjvm.so
7f10379a6000-7f1037a00000 rw-p 00000000 00:00 0 
7f1037a00000-7f1037a28000 r--p 00000000 08:03 137192                     /usr/lib/x86_64-linux-gnu/libc.so.6
7f1037a28000-7f1037bbd000 r-xp 00028000 08:03 137192                     /usr/lib/x86_64-linux-gnu/libc.so.6
7f1037bbd000-7f1037c15000 r--p 001bd000 08:03 137192                     /usr/lib/x86_64-linux-gnu/libc.so.6
7f1037c15000-7f1037c19000 r--p 00214000 08:03 137192                     /usr/lib/x86_64-linux-gnu/libc.so.6
7f1037c19000-7f1037c1b000 rw-p 00218000 08:03 137192                     /usr/lib/x86_64-linux-gnu/libc.so.6
7f1037c1b000-7f1037c28000 rw-p 00000000 00:00 0 
7f1037c28000-7f1037c2a000 r--p 00000000 07:09 1338                       /snap/eclipse/66/plugins/org.eclipse.justj.openjdk.hotspot.jre.full.linux.x86_64_17.0.5.v20221102-0933/jre/lib/libzip.so
7f1037c2a000-7f1037c2e000 r-xp 00002000 07:09 1338                       /snap/eclipse/66/plugins/org.eclipse.justj.openjdk.hotspot.jre.full.linux.x86_64_17.0.5.v20221102-0933/jre/lib/libzip.so
7f1037c2e000-7f1037c30000 r--p 00006000 07:09 1338                       /snap/eclipse/66/plugins/org.eclipse.justj.openjdk.hotspot.jre.full.linux.x86_64_17.0.5.v20221102-0933/jre/lib/libzip.so
7f1037c30000-7f1037c31000 r--p 00007000 07:09 1338                       /snap/eclipse/66/plugins/org.eclipse.justj.openjdk.hotspot.jre.full.linux.x86_64_17.0.5.v20221102-0933/jre/lib/libzip.so
7f1037c31000-7f1037c32000 rw-p 00008000 07:09 1338                       /snap/eclipse/66/plugins/org.eclipse.justj.openjdk.hotspot.jre.full.linux.x86_64_17.0.5.v20221102-0933/jre/lib/libzip.so
7f1037c32000-7f1037c3f000 r--p 00000000 07:09 1317                       /snap/eclipse/66/plugins/org.eclipse.justj.openjdk.hotspot.jre.full.linux.x86_64_17.0.5.v20221102-0933/jre/lib/libjava.so
7f1037c3f000-7f1037c51000 r-xp 0000d000 07:09 1317                       /snap/eclipse/66/plugins/org.eclipse.justj.openjdk.hotspot.jre.full.linux.x86_64_17.0.5.v20221102-0933/jre/lib/libjava.so
7f1037c51000-7f1037c57000 r--p 0001f000 07:09 1317                       /snap/eclipse/66/plugins/org.eclipse.justj.openjdk.hotspot.jre.full.linux.x86_64_17.0.5.v20221102-0933/jre/lib/libjava.so
7f1037c57000-7f1037c58000 ---p 00025000 07:09 1317                       /snap/eclipse/66/plugins/org.eclipse.justj.openjdk.hotspot.jre.full.linux.x86_64_17.0.5.v20221102-0933/jre/lib/libjava.so
7f1037c58000-7f1037c59000 r--p 00025000 07:09 1317                       /snap/eclipse/66/plugins/org.eclipse.justj.openjdk.hotspot.jre.full.linux.x86_64_17.0.5.v20221102-0933/jre/lib/libjava.so
7f1037c59000-7f1037c5a000 rw-p 00026000 07:09 1317                       /snap/eclipse/66/plugins/org.eclipse.justj.openjdk.hotspot.jre.full.linux.x86_64_17.0.5.v20221102-0933/jre/lib/libjava.so
7f1037c5a000-7f1037c5b000 rw-p 00000000 00:00 0 
7f1037c5b000-7f1037c5f000 r--p 00000000 07:09 1321                       /snap/eclipse/66/plugins/org.eclipse.justj.openjdk.hotspot.jre.full.linux.x86_64_17.0.5.v20221102-0933/jre/lib/libjimage.so
7f1037c5f000-7f1037c72000 r-xp 00004000 07:09 1321                       /snap/eclipse/66/plugins/org.eclipse.justj.openjdk.hotspot.jre.full.linux.x86_64_17.0.5.v20221102-0933/jre/lib/libjimage.so
7f1037c72000-7f1037c78000 r--p 00017000 07:09 1321                       /snap/eclipse/66/plugins/org.eclipse.justj.openjdk.hotspot.jre.full.linux.x86_64_17.0.5.v20221102-0933/jre/lib/libjimage.so
7f1037c78000-7f1037c7a000 r--p 0001c000 07:09 1321                       /snap/eclipse/66/plugins/org.eclipse.justj.openjdk.hotspot.jre.full.linux.x86_64_17.0.5.v20221102-0933/jre/lib/libjimage.so
7f1037c7a000-7f1037c7b000 rw-p 0001e000 07:09 1321                       /snap/eclipse/66/plugins/org.eclipse.justj.openjdk.hotspot.jre.full.linux.x86_64_17.0.5.v20221102-0933/jre/lib/libjimage.so
7f1037c7b000-7f1037c7c000 r--p 00000000 08:03 138168                     /usr/lib/x86_64-linux-gnu/librt.so.1
7f1037c7c000-7f1037c7d000 r-xp 00001000 08:03 138168                     /usr/lib/x86_64-linux-gnu/librt.so.1
7f1037c7d000-7f1037c7e000 r--p 00002000 08:03 138168                     /usr/lib/x86_64-linux-gnu/librt.so.1
7f1037c7e000-7f1037c7f000 r--p 00002000 08:03 138168                     /usr/lib/x86_64-linux-gnu/librt.so.1
7f1037c7f000-7f1037c80000 rw-p 00003000 08:03 138168                     /usr/lib/x86_64-linux-gnu/librt.so.1
7f1037c80000-7f1037c85000 rw-p 00000000 00:00 0 
7f1037c85000-7f1037c86000 r--p 00000000 08:03 137334                     /usr/lib/x86_64-linux-gnu/libdl.so.2
7f1037c86000-7f1037c87000 r-xp 00001000 08:03 137334                     /usr/lib/x86_64-linux-gnu/libdl.so.2
7f1037c87000-7f1037c88000 r--p 00002000 08:03 137334                     /usr/lib/x86_64-linux-gnu/libdl.so.2
7f1037c88000-7f1037c89000 r--p 00002000 08:03 137334                     /usr/lib/x86_64-linux-gnu/libdl.so.2
7f1037c89000-7f1037c8a000 rw-p 00003000 08:03 137334                     /usr/lib/x86_64-linux-gnu/libdl.so.2
7f1037c8a000-7f1037c8b000 r--p 00000000 08:03 138112                     /usr/lib/x86_64-linux-gnu/libpthread.so.0
7f1037c8b000-7f1037c8c000 r-xp 00001000 08:03 138112                     /usr/lib/x86_64-linux-gnu/libpthread.so.0
7f1037c8c000-7f1037c8d000 r--p 00002000 08:03 138112                     /usr/lib/x86_64-linux-gnu/libpthread.so.0
7f1037c8d000-7f1037c8e000 r--p 00002000 08:03 138112                     /usr/lib/x86_64-linux-gnu/libpthread.so.0
7f1037c8e000-7f1037c8f000 rw-p 00003000 08:03 138112                     /usr/lib/x86_64-linux-gnu/libpthread.so.0
7f1037c8f000-7f1037c92000 r--p 00000000 07:09 1322                       /snap/eclipse/66/plugins/org.eclipse.justj.openjdk.hotspot.jre.full.linux.x86_64_17.0.5.v20221102-0933/jre/lib/libjli.so
7f1037c92000-7f1037c9c000 r-xp 00003000 07:09 1322                       /snap/eclipse/66/plugins/org.eclipse.justj.openjdk.hotspot.jre.full.linux.x86_64_17.0.5.v20221102-0933/jre/lib/libjli.so
7f1037c9c000-7f1037c9f000 r--p 0000d000 07:09 1322                       /snap/eclipse/66/plugins/org.eclipse.justj.openjdk.hotspot.jre.full.linux.x86_64_17.0.5.v20221102-0933/jre/lib/libjli.so
7f1037c9f000-7f1037ca0000 ---p 00010000 07:09 1322                       /snap/eclipse/66/plugins/org.eclipse.justj.openjdk.hotspot.jre.full.linux.x86_64_17.0.5.v20221102-0933/jre/lib/libjli.so
7f1037ca0000-7f1037ca1000 r--p 00010000 07:09 1322                       /snap/eclipse/66/plugins/org.eclipse.justj.openjdk.hotspot.jre.full.linux.x86_64_17.0.5.v20221102-0933/jre/lib/libjli.so
7f1037ca1000-7f1037ca2000 rw-p 00011000 07:09 1322                       /snap/eclipse/66/plugins/org.eclipse.justj.openjdk.hotspot.jre.full.linux.x86_64_17.0.5.v20221102-0933/jre/lib/libjli.so
7f1037ca2000-7f1037ca4000 r--p 00000000 08:03 131946                     /usr/lib/x86_64-linux-gnu/libz.so.1.2.11
7f1037ca4000-7f1037cb5000 r-xp 00002000 08:03 131946                     /usr/lib/x86_64-linux-gnu/libz.so.1.2.11
7f1037cb5000-7f1037cbb000 r--p 00013000 08:03 131946                     /usr/lib/x86_64-linux-gnu/libz.so.1.2.11
7f1037cbb000-7f1037cbc000 ---p 00019000 08:03 131946                     /usr/lib/x86_64-linux-gnu/libz.so.1.2.11
7f1037cbc000-7f1037cbd000 r--p 00019000 08:03 131946                     /usr/lib/x86_64-linux-gnu/libz.so.1.2.11
7f1037cbd000-7f1037cbe000 rw-p 0001a000 08:03 131946                     /usr/lib/x86_64-linux-gnu/libz.so.1.2.11
7f1037cc4000-7f1037ccc000 rw-s 00000000 08:03 393396                     /tmp/hsperfdata_pfr/6265
7f1037ccc000-7f1037ccd000 ---p 00000000 00:00 0 
7f1037ccd000-7f1037cce000 r--p 00000000 00:00 0 
7f1037cce000-7f1037cd0000 rw-p 00000000 00:00 0 
7f1037cd0000-7f1037cd2000 r--p 00000000 08:03 136855                     /usr/lib/x86_64-linux-gnu/ld-linux-x86-64.so.2
7f1037cd2000-7f1037cfc000 r-xp 00002000 08:03 136855                     /usr/lib/x86_64-linux-gnu/ld-linux-x86-64.so.2
7f1037cfc000-7f1037d07000 r--p 0002c000 08:03 136855                     /usr/lib/x86_64-linux-gnu/ld-linux-x86-64.so.2
7f1037d07000-7f1037d08000 ---p 00000000 00:00 0 
7f1037d08000-7f1037d0a000 r--p 00037000 08:03 136855                     /usr/lib/x86_64-linux-gnu/ld-linux-x86-64.so.2
7f1037d0a000-7f1037d0c000 rw-p 00039000 08:03 136855                     /usr/lib/x86_64-linux-gnu/ld-linux-x86-64.so.2
7ffe372d2000-7ffe372f3000 rw-p 00000000 00:00 0                          [stack]
7ffe373b4000-7ffe373b8000 r--p 00000000 00:00 0                          [vvar]
7ffe373b8000-7ffe373ba000 r-xp 00000000 00:00 0                          [vdso]
ffffffffff600000-ffffffffff601000 --xp 00000000 00:00 0                  [vsyscall]


VM Arguments:
jvm_args: -Dfile.encoding=UTF-8 -XX:+ShowCodeDetailsInExceptionMessages 
java_command: test.TestJNA
java_class_path (initial): /home/pfr/pfr_code/PFR_Java/bin:/home/pfr/Téléchargements/jar_files/jna-5.13.0.jar
Launcher Type: SUN_STANDARD

[Global flags]
     intx CICompilerCount                          = 3                                         {product} {ergonomic}
     uint ConcGCThreads                            = 2                                         {product} {ergonomic}
     uint G1ConcRefinementThreads                  = 6                                         {product} {ergonomic}
   size_t G1HeapRegionSize                         = 1048576                                   {product} {ergonomic}
    uintx GCDrainStackTargetSize                   = 64                                        {product} {ergonomic}
   size_t InitialHeapSize                          = 65011712                                  {product} {ergonomic}
   size_t MarkStackSize                            = 4194304                                   {product} {ergonomic}
   size_t MaxHeapSize                              = 1021313024                                {product} {ergonomic}
   size_t MaxNewSize                               = 612368384                                 {product} {ergonomic}
   size_t MinHeapDeltaBytes                        = 1048576                                   {product} {ergonomic}
   size_t MinHeapSize                              = 8388608                                   {product} {ergonomic}
    uintx NonNMethodCodeHeapSize                   = 5832780                                {pd product} {ergonomic}
    uintx NonProfiledCodeHeapSize                  = 122912730                              {pd product} {ergonomic}
    uintx ProfiledCodeHeapSize                     = 122912730                              {pd product} {ergonomic}
    uintx ReservedCodeCacheSize                    = 251658240                              {pd product} {ergonomic}
     bool SegmentedCodeCache                       = true                                      {product} {ergonomic}
     bool ShowCodeDetailsInExceptionMessages       = true                                   {manageable} {command line}
   size_t SoftMaxHeapSize                          = 1021313024                             {manageable} {ergonomic}
     bool UseCompressedClassPointers               = true                           {product lp64_product} {ergonomic}
     bool UseCompressedOops                        = true                           {product lp64_product} {ergonomic}
     bool UseG1GC                                  = true                                      {product} {ergonomic}

Logging:
Log output configuration:
 #0: stdout all=warning uptime,level,tags
 #1: stderr all=off uptime,level,tags

Environment Variables:
PATH=/usr/local/sbin:/usr/local/bin:/usr/sbin:/usr/bin:/sbin:/bin:/usr/games:/usr/local/games:/snap/bin:/snap/bin
USERNAME=pfr
SHELL=/bin/bash
DISPLAY=:0
LANG=fr_FR.UTF-8
LC_NUMERIC=sv_SE.UTF-8
LC_TIME=sv_SE.UTF-8

Signal Handlers:
   SIGSEGV: crash_handler in libjvm.so, mask=11100100010111111101111111111110, flags=SA_RESTART|SA_SIGINFO
    SIGBUS: crash_handler in libjvm.so, mask=11100100010111111101111111111110, flags=SA_RESTART|SA_SIGINFO
    SIGFPE: crash_handler in libjvm.so, mask=11100100010111111101111111111110, flags=SA_RESTART|SA_SIGINFO
   SIGPIPE: javaSignalHandler in libjvm.so, mask=11100100010111111101111111111110, flags=SA_RESTART|SA_SIGINFO
   SIGXFSZ: javaSignalHandler in libjvm.so, mask=11100100010111111101111111111110, flags=SA_RESTART|SA_SIGINFO
    SIGILL: crash_handler in libjvm.so, mask=11100100010111111101111111111110, flags=SA_RESTART|SA_SIGINFO
   SIGUSR2: SR_handler in libjvm.so, mask=00100000000000000000000000000000, flags=SA_RESTART|SA_SIGINFO
    SIGHUP: UserHandler in libjvm.so, mask=11100100010111111101111111111110, flags=SA_RESTART|SA_SIGINFO
    SIGINT: UserHandler in libjvm.so, mask=11100100010111111101111111111110, flags=SA_RESTART|SA_SIGINFO
   SIGTERM: UserHandler in libjvm.so, mask=11100100010111111101111111111110, flags=SA_RESTART|SA_SIGINFO
   SIGQUIT: UserHandler in libjvm.so, mask=11100100010111111101111111111110, flags=SA_RESTART|SA_SIGINFO
  *** Handler was modified!
  *** Expected: javaSignalHandler in libjvm.so, mask=11100100110111111111111111111110, flags=SA_RESTART|SA_SIGINFO
   SIGTRAP: crash_handler in libjvm.so, mask=11100100010111111101111111111110, flags=SA_RESTART|SA_SIGINFO


---------------  S Y S T E M  ---------------

OS:
DISTRIB_ID=Ubuntu
DISTRIB_RELEASE=22.04
DISTRIB_CODENAME=jammy
DISTRIB_DESCRIPTION="Ubuntu 22.04.2 LTS"
uname: Linux 5.19.0-35-generic #36~22.04.1-Ubuntu SMP PREEMPT_DYNAMIC Fri Feb 17 15:17:25 UTC 2 x86_64
OS uptime: 0 days 0:42 hours
libc: glibc 2.35 NPTL 2.35 
rlimit (soft/hard): STACK 8192k/infinity , CORE 0k/infinity , NPROC 15243/15243 , NOFILE 1048576/1048576 , AS infinity/infinity , CPU infinity/infinity , DATA infinity/infinity , FSIZE infinity/infinity , MEMLOCK 497764k/497764k
load average: 1,09 0,51 0,40

/proc/meminfo:
MemTotal:        3982132 kB
MemFree:          119476 kB
MemAvailable:     551048 kB
Buffers:           21508 kB
Cached:           637012 kB
SwapCached:        66732 kB
Active:           902044 kB
Inactive:        1453396 kB
Active(anon):     547948 kB
Inactive(anon):  1194972 kB
Active(file):     354096 kB
Inactive(file):   258424 kB
Unevictable:         128 kB
Mlocked:             128 kB
SwapTotal:       2097148 kB
SwapFree:        1433136 kB
Zswap:                 0 kB
Zswapped:              0 kB
Dirty:               232 kB
Writeback:           184 kB
AnonPages:       1668008 kB
Mapped:           272112 kB
Shmem:             48724 kB
KReclaimable:      79776 kB
Slab:             637348 kB
SReclaimable:      79776 kB
SUnreclaim:       557572 kB
KernelStack:       14800 kB
PageTables:        26676 kB
NFS_Unstable:          0 kB
Bounce:                0 kB
WritebackTmp:          0 kB
CommitLimit:     4088212 kB
Committed_AS:    6553768 kB
VmallocTotal:   34359738367 kB
VmallocUsed:      570104 kB
VmallocChunk:          0 kB
Percpu:           128512 kB
HardwareCorrupted:     0 kB
AnonHugePages:         0 kB
ShmemHugePages:        0 kB
ShmemPmdMapped:        0 kB
FileHugePages:         0 kB
FilePmdMapped:         0 kB
HugePages_Total:       0
HugePages_Free:        0
HugePages_Rsvd:        0
HugePages_Surp:        0
Hugepagesize:       2048 kB
Hugetlb:               0 kB
DirectMap4k:      288576 kB
DirectMap2M:     3905536 kB
DirectMap1G:     2097152 kB

/sys/kernel/mm/transparent_hugepage/enabled: always [madvise] never
/sys/kernel/mm/transparent_hugepage/defrag (defrag/compaction efforts parameter): always defer defer+madvise [madvise] never

Process Memory:
Virtual Size: 3827516K (peak: 3827572K)
Resident Set Size: 51832K (peak: 51832K) (anon: 26672K, file: 25160K, shmem: 0K)
Swapped out: 0K
C-Heap outstanding allocations: 24367K, retained: 2360K
glibc malloc tunables: (default)

/proc/sys/kernel/threads-max (system-wide limit on the number of threads): 30487
/proc/sys/vm/max_map_count (maximum number of memory map areas a process may have): 65530
/proc/sys/kernel/pid_max (system-wide limit on number of process identifiers): 4194304

container (cgroup) information:
container_type: cgroupv2
cpu_cpuset_cpus: not supported
cpu_memory_nodes: not supported
active_processor_count: 6
cpu_quota: not supported
cpu_period: not supported
cpu_shares: not supported
memory_limit_in_bytes: unlimited
memory_and_swap_limit_in_bytes: unlimited
memory_soft_limit_in_bytes: unlimited
memory_usage_in_bytes: 1235376 k
memory_max_usage_in_bytes: not supported
maximum number of tasks: 4573
current number of tasks: 173

VMWare virtualization detected
Steal ticks since vm start: 0
Steal ticks percentage since vm start:  0,000

CPU: total 6 (initial active 6) (3 cores per cpu, 1 threads per core) family 6 model 140 stepping 1 microcode 0x86, cx8, cmov, fxsr, mmx, 3dnowpref, sse, sse2, sse3, ssse3, sse4.1, sse4.2, popcnt, lzcnt, tsc, tscinvbit, avx, avx2, aes, erms, clmul, bmi1, bmi2, adx, avx512f, avx512dq, avx512cd, avx512bw, avx512vl, sha, fma, vzeroupper, avx512_vpopcntdq, avx512_vpclmulqdq, avx512_vaes, avx512_vnni, clflush, clflushopt, clwb, avx512_vbmi2, avx512_vbmi, hv
CPU Model and flags from /proc/cpuinfo:
model name	: 11th Gen Intel(R) Core(TM) i7-11370H @ 3.30GHz
flags		: fpu vme de pse tsc msr pae mce cx8 apic sep mtrr pge mca cmov pat pse36 clflush mmx fxsr sse sse2 ss ht syscall nx pdpe1gb rdtscp lm constant_tsc arch_perfmon rep_good nopl xtopology tsc_reliable nonstop_tsc cpuid tsc_known_freq pni pclmulqdq ssse3 fma cx16 pcid sse4_1 sse4_2 x2apic movbe popcnt tsc_deadline_timer aes xsave avx f16c rdrand hypervisor lahf_lm abm 3dnowprefetch invpcid_single ssbd ibrs ibpb stibp ibrs_enhanced fsgsbase tsc_adjust bmi1 avx2 smep bmi2 erms invpcid avx512f avx512dq rdseed adx smap avx512ifma clflushopt clwb avx512cd sha_ni avx512bw avx512vl xsaveopt xsavec xgetbv1 xsaves arat avx512vbmi umip pku ospke avx512_vbmi2 gfni vaes vpclmulqdq avx512_vnni avx512_bitalg avx512_vpopcntdq rdpid movdiri movdir64b fsrm avx512_vp2intersect md_clear flush_l1d arch_capabilities

Online cpus: 0-5
Offline cpus: 6-127
BIOS frequency limitation: <Not Available>
Frequency switch latency (ns): <Not Available>
Available cpu frequencies: <Not Available>
Current governor: <Not Available>
Core performance/turbo boost: <Not Available>

Memory: 4k page, physical 3982132k(119980k free), swap 2097148k(1432880k free)
Page Sizes: 4k

vm_info: OpenJDK 64-Bit Server VM (17.0.5+8) for linux-amd64 JRE (17.0.5+8), built on Oct 18 2022 00:00:00 by "temurin" with gcc 10.3.0

END.
