#
# A fatal error has been detected by the Java Runtime Environment:
#
#  SIGSEGV (0xb) at pc=0x00007f1e9da62af2, pid=5050, tid=5055
#
# JRE version: OpenJDK Runtime Environment Temurin-17.0.5+8 (17.0.5+8) (build 17.0.5+8)
# Java VM: OpenJDK 64-Bit Server VM Temurin-17.0.5+8 (17.0.5+8, mixed mode, tiered, compressed oops, compressed class ptrs, g1 gc, linux-amd64)
# Problematic frame:
# C  [libc.so.6+0x62af2]
#
# Core dump will be written. Default location: Core dumps may be processed with "/usr/share/apport/apport -p%p -s%s -c%c -d%d -P%P -u%u -g%g -- %E" (or dumping to /home/pfr/pfr_code/PFR_Java/core.5050)
#
# If you would like to submit a bug report, please visit:
#   https://github.com/adoptium/adoptium-support/issues
# The crash happened outside the Java Virtual Machine in native code.
# See problematic frame for where to report the bug.
#

---------------  S U M M A R Y ------------

Command Line: -Dfile.encoding=UTF-8 -XX:+ShowCodeDetailsInExceptionMessages test.TestJNA

Host: 11th Gen Intel(R) Core(TM) i7-11370H @ 3.30GHz, 6 cores, 7G, Ubuntu 22.04.2 LTS
Time: Sat Apr  1 21:47:53 2023 CEST elapsed time: 0.400167 seconds (0d 0h 0m 0s)

---------------  T H R E A D  ---------------

Current thread (0x00007f1e98025d60):  JavaThread "main" [_thread_in_native, id=5055, stack(0x00007f1e9c4da000,0x00007f1e9c5da000)]

Stack: [0x00007f1e9c4da000,0x00007f1e9c5da000],  sp=0x00007f1e9c5d7250,  free space=1012k
Native frames: (J=compiled Java code, j=interpreted, Vv=VM code, C=native code)
C  [libc.so.6+0x62af2]
C  [libc.so.6+0x6229d]  __isoc99_fscanf+0x9d
C  [jna18328378902190072076.tmp+0x16052]

Java frames: (J=compiled Java code, j=interpreted, Vv=VM code)
j  com.sun.jna.Native.invokeVoid(Lcom/sun/jna/Function;JI[Ljava/lang/Object;)V+0
j  com.sun.jna.Function.invoke([Ljava/lang/Object;Ljava/lang/Class;ZI)Ljava/lang/Object;+42
j  com.sun.jna.Function.invoke(Ljava/lang/reflect/Method;[Ljava/lang/Class;Ljava/lang/Class;[Ljava/lang/Object;Ljava/util/Map;)Ljava/lang/Object;+271
j  com.sun.jna.Library$Handler.invoke(Ljava/lang/Object;Ljava/lang/reflect/Method;[Ljava/lang/Object;)Ljava/lang/Object;+390
j  jdk.proxy1.$Proxy0.rech_MC(Ljava/lang/String;)V+16 jdk.proxy1
j  test.TestJNA.main([Ljava/lang/String;)V+7
v  ~StubRoutines::call_stub

siginfo: si_signo: 11 (SIGSEGV), si_code: 1 (SEGV_MAPERR), si_addr: 0x00000000000000c0

Register to memory mapping:

RAX=0x00007f1e9c5d7980 is pointing into the stack for thread: 0x00007f1e98025d60
RBX=0x0000000000000008 is an unknown value
RCX=0x0000000000000002 is an unknown value
RDX=0x00007f1e9c5d7960 is pointing into the stack for thread: 0x00007f1e98025d60
RSP=0x00007f1e9c5d7250 is pointing into the stack for thread: 0x00007f1e98025d60
RBP=0x00007f1e9c5d7950 is pointing into the stack for thread: 0x00007f1e98025d60
RSI=0x00007f1e714fa067: <offset 0x0000000000009067> in /home/pfr/pfr_code/texte/src/libTexte.so at 0x00007f1e714f1000
RDI=0x0 is NULL
R8 =0x00007f1e981937c0 points into unknown readable memory: 0x00000007fbad2488 | 88 24 ad fb 07 00 00 00
R9 =0x0000000000000001 is an unknown value
R10=0x00007f1e9da08508: <offset 0x0000000000008508> in /lib/x86_64-linux-gnu/libc.so.6 at 0x00007f1e9da00000
R11=0x00007f1e9da62200: __isoc99_fscanf+0x0000000000000000 in /lib/x86_64-linux-gnu/libc.so.6 at 0x00007f1e9da00000
R12=0x0000000000000002 is an unknown value
R13=0x0000000000000008 is an unknown value
R14=0x0 is NULL
R15=0x00007f1e9c5d7fc0 is pointing into the stack for thread: 0x00007f1e98025d60


Registers:
RAX=0x00007f1e9c5d7980, RBX=0x0000000000000008, RCX=0x0000000000000002, RDX=0x00007f1e9c5d7960
RSP=0x00007f1e9c5d7250, RBP=0x00007f1e9c5d7950, RSI=0x00007f1e714fa067, RDI=0x0000000000000000
R8 =0x00007f1e981937c0, R9 =0x0000000000000001, R10=0x00007f1e9da08508, R11=0x00007f1e9da62200
R12=0x0000000000000002, R13=0x0000000000000008, R14=0x0000000000000000, R15=0x00007f1e9c5d7fc0
RIP=0x00007f1e9da62af2, EFLAGS=0x0000000000010206, CSGSFS=0x002b000000000033, ERR=0x0000000000000004
  TRAPNO=0x000000000000000e

Top of Stack: (sp=0x00007f1e9c5d7250)
0x00007f1e9c5d7250:   0000000000000001 00007f1e98335c50
0x00007f1e9c5d7260:   00007f1e983361f0 00007f1e98335c50
0x00007f1e9c5d7270:   0000000100000000 00007f1e98335fc0
0x00007f1e9c5d7280:   00000000000000a2 00007f1e9c5d7960 

Instructions: (pc=0x00007f1e9da62af2)
0x00007f1e9da629f2:   3f 00 74 4a 41 54 41 89 f4 55 53 48 89 fb 48 8b
0x00007f1e9da62a02:   47 08 48 8d 7f 10 48 2b 07 48 89 c5 e8 4d 51 04
0x00007f1e9da62a12:   00 84 c0 74 31 48 8b 53 10 48 8d 04 2a 48 03 53
0x00007f1e9da62a22:   18 48 8d 48 01 66 48 0f 6e ca 66 48 0f 6e c1 66
0x00007f1e9da62a32:   0f 6c c1 0f 29 03 44 88 20 5b 5d 41 5c c3 c3 0f
0x00007f1e9da62a42:   1f 80 00 00 00 00 66 0f ef c0 0f 29 03 eb ea 66
0x00007f1e9da62a52:   66 2e 0f 1f 84 00 00 00 00 00 0f 1f 40 00 f3 0f
0x00007f1e9da62a62:   1e fa 55 48 89 e5 41 57 41 56 49 89 fe 41 55 41
0x00007f1e9da62a72:   54 41 89 cc 53 48 81 ec d8 06 00 00 48 89 b5 e8
0x00007f1e9da62a82:   f9 ff ff 48 89 95 38 f9 ff ff 64 48 8b 04 25 28
0x00007f1e9da62a92:   00 00 00 48 89 45 c8 48 8b 05 d0 64 1b 00 64 48
0x00007f1e9da62aa2:   8b 00 48 89 85 a8 f9 ff ff 48 8b 00 48 c7 85 a8
0x00007f1e9da62ab2:   fb ff ff 00 04 00 00 48 89 85 88 f9 ff ff 48 8d
0x00007f1e9da62ac2:   85 b0 fb ff ff 48 89 85 a0 fb ff ff f3 0f 6f 0a
0x00007f1e9da62ad2:   48 89 85 58 f9 ff ff 0f 11 8d 58 fa ff ff 48 8b
0x00007f1e9da62ae2:   42 10 0f 29 8d 00 fa ff ff 48 89 85 68 fa ff ff
0x00007f1e9da62af2:   8b 87 c0 00 00 00 85 c0 0f 85 78 03 00 00 c7 87
0x00007f1e9da62b02:   c0 00 00 00 ff ff ff ff 41 f6 06 04 0f 85 ff 39
0x00007f1e9da62b12:   00 00 48 83 bd e8 f9 ff ff 00 0f 84 af 49 00 00
0x00007f1e9da62b22:   48 8b 85 a8 f9 ff ff 48 8b 40 08 48 8b 78 48 48
0x00007f1e9da62b32:   8b 70 40 31 c0 80 3f 00 48 89 b5 28 f9 ff ff 48
0x00007f1e9da62b42:   0f 45 c7 4c 89 b5 28 fa ff ff 48 89 85 80 f9 ff
0x00007f1e9da62b52:   ff 48 8b 05 e6 63 1b 00 48 89 85 20 fa ff ff 48
0x00007f1e9da62b62:   8d 85 20 fa ff ff 48 89 c7 48 89 85 50 f9 ff ff
0x00007f1e9da62b72:   e8 c9 e6 02 00 41 8b 06 25 00 80 00 00 0f 84 0b
0x00007f1e9da62b82:   03 00 00 48 8b 85 e8 f9 ff ff 48 c7 85 48 fa ff
0x00007f1e9da62b92:   ff 00 00 00 00 44 0f b6 28 45 84 ed 0f 84 67 2e
0x00007f1e9da62ba2:   00 00 44 89 e0 45 31 ff 31 db c7 85 00 fa ff ff
0x00007f1e9da62bb2:   00 00 00 00 c7 85 c0 f9 ff ff 00 00 00 00 83 e0
0x00007f1e9da62bc2:   02 89 85 70 f9 ff ff 44 89 e0 41 f7 d4 41 83 e4
0x00007f1e9da62bd2:   01 83 e0 04 48 c7 85 68 f9 ff ff 00 00 00 00 44
0x00007f1e9da62be2:   89 a5 20 f9 ff ff 45 31 e4 48 c7 85 90 f9 ff ff 


Stack slot to memory mapping:
stack at sp + 0 slots: 0x0000000000000001 is an unknown value
stack at sp + 1 slots: 0x00007f1e98335c50 points into unknown readable memory: 0x00007f1e4b800000 | 00 00 80 4b 1e 7f 00 00
stack at sp + 2 slots: 0x00007f1e983361f0 points into unknown readable memory: 0x00007f1e4b8032e9 | e9 32 80 4b 1e 7f 00 00
stack at sp + 3 slots: 0x00007f1e98335c50 points into unknown readable memory: 0x00007f1e4b800000 | 00 00 80 4b 1e 7f 00 00
stack at sp + 4 slots: 0x0000000100000000 is pointing into metadata
stack at sp + 5 slots: 0x00007f1e98335fc0 points into unknown readable memory: 0x00007f1e98335f20 | 20 5f 33 98 1e 7f 00 00
stack at sp + 6 slots: 0x00000000000000a2 is an unknown value
stack at sp + 7 slots: 0x00007f1e9c5d7960 is pointing into the stack for thread: 0x00007f1e98025d60


---------------  P R O C E S S  ---------------

Threads class SMR info:
_java_thread_list=0x00007f1e983600f0, length=13, elements={
0x00007f1e98025d60, 0x00007f1e981964a0, 0x00007f1e98197af0, 0x00007f1e981bd7f0,
0x00007f1e981beba0, 0x00007f1e981bffb0, 0x00007f1e981c1630, 0x00007f1e981c2b10,
0x00007f1e981c3f80, 0x00007f1e982656b0, 0x00007f1e9826cfb0, 0x00007f1e9836b410,
0x00007f1e9835e860
}

Java Threads: ( => current thread )
=>0x00007f1e98025d60 JavaThread "main" [_thread_in_native, id=5055, stack(0x00007f1e9c4da000,0x00007f1e9c5da000)]
  0x00007f1e981964a0 JavaThread "Reference Handler" daemon [_thread_blocked, id=5062, stack(0x00007f1e715fe000,0x00007f1e716fe000)]
  0x00007f1e98197af0 JavaThread "Finalizer" daemon [_thread_blocked, id=5063, stack(0x00007f1e714fe000,0x00007f1e715fe000)]
  0x00007f1e981bd7f0 JavaThread "Signal Dispatcher" daemon [_thread_blocked, id=5064, stack(0x00007f1e70300000,0x00007f1e70400000)]
  0x00007f1e981beba0 JavaThread "Service Thread" daemon [_thread_blocked, id=5065, stack(0x00007f1e70200000,0x00007f1e70300000)]
  0x00007f1e981bffb0 JavaThread "Monitor Deflation Thread" daemon [_thread_blocked, id=5066, stack(0x00007f1e70100000,0x00007f1e70200000)]
  0x00007f1e981c1630 JavaThread "C2 CompilerThread0" daemon [_thread_in_native, id=5067, stack(0x00007f1e70000000,0x00007f1e70100000)]
  0x00007f1e981c2b10 JavaThread "C1 CompilerThread0" daemon [_thread_blocked, id=5068, stack(0x00007f1e4bf00000,0x00007f1e4c000000)]
  0x00007f1e981c3f80 JavaThread "Sweeper thread" daemon [_thread_blocked, id=5069, stack(0x00007f1e4be00000,0x00007f1e4bf00000)]
  0x00007f1e982656b0 JavaThread "Notification Thread" daemon [_thread_blocked, id=5070, stack(0x00007f1e4bd00000,0x00007f1e4be00000)]
  0x00007f1e9826cfb0 JavaThread "Common-Cleaner" daemon [_thread_blocked, id=5072, stack(0x00007f1e4bafe000,0x00007f1e4bbfe000)]
  0x00007f1e9836b410 JavaThread "process reaper" daemon [_thread_blocked, id=5074, stack(0x00007f1e8000c000,0x00007f1e8002e000)]
  0x00007f1e9835e860 JavaThread "JNA Cleaner" daemon [_thread_blocked, id=5075, stack(0x00007f1e4b700000,0x00007f1e4b800000)]

Other Threads:
  0x00007f1e98146ac0 VMThread "VM Thread" [stack: 0x00007f1e71700000,0x00007f1e71800000] [id=5061]
  0x00007f1e981f1920 WatcherThread [stack: 0x00007f1e4bc00000,0x00007f1e4bd00000] [id=5071]
  0x00007f1e98080820 GCTaskThread "GC Thread#0" [stack: 0x00007f1e80ba4000,0x00007f1e80ca4000] [id=5056]
  0x00007f1e98091590 ConcurrentGCThread "G1 Main Marker" [stack: 0x00007f1e80aa2000,0x00007f1e80ba2000] [id=5057]
  0x00007f1e980924f0 ConcurrentGCThread "G1 Conc#0" [stack: 0x00007f1e809a0000,0x00007f1e80aa0000] [id=5058]
  0x00007f1e980ff530 ConcurrentGCThread "G1 Refine#0" [stack: 0x00007f1e80298000,0x00007f1e80398000] [id=5059]
  0x00007f1e98100420 ConcurrentGCThread "G1 Service" [stack: 0x00007f1e80196000,0x00007f1e80296000] [id=5060]

Threads with active compile tasks:
C2 CompilerThread0      404  302 % !   4       java.io.BufferedReader::readLine @ 139 (327 bytes)

VM state: not at safepoint (normal execution)

VM Mutex/Monitor currently owned by a thread: None

Heap address: 0x0000000084400000, size: 1980 MB, Compressed Oops mode: 32-bit

CDS archive(s) not mapped
Compressed class space mapped at: 0x0000000100000000-0x0000000140000000, reserved size: 1073741824
Narrow klass base: 0x0000000000000000, Narrow klass shift: 3, Narrow klass range: 0x140000000

GC Precious Log:
 CPUs: 6 total, 6 available
 Memory: 7914M
 Large Page Support: Disabled
 NUMA Support: Disabled
 Compressed Oops: Enabled (32-bit)
 Heap Region Size: 1M
 Heap Min Capacity: 8M
 Heap Initial Capacity: 124M
 Heap Max Capacity: 1980M
 Pre-touch: Disabled
 Parallel Workers: 6
 Concurrent Workers: 2
 Concurrent Refinement Workers: 6
 Periodic GC: Disabled

Heap:
 garbage-first heap   total 126976K, used 4096K [0x0000000084400000, 0x0000000100000000)
  region size 1024K, 5 young (5120K), 0 survivors (0K)
 Metaspace       used 8793K, committed 8896K, reserved 1064960K
  class space    used 794K, committed 832K, reserved 1048576K

Heap Regions: E=young(eden), S=young(survivor), O=old, HS=humongous(starts), HC=humongous(continues), CS=collection set, F=free, OA=open archive, CA=closed archive, TAMS=top-at-mark-start (previous, next)
|   0|0x0000000084400000, 0x0000000084400000, 0x0000000084500000|  0%| F|  |TAMS 0x0000000084400000, 0x0000000084400000| Untracked 
|   1|0x0000000084500000, 0x0000000084500000, 0x0000000084600000|  0%| F|  |TAMS 0x0000000084500000, 0x0000000084500000| Untracked 
|   2|0x0000000084600000, 0x0000000084600000, 0x0000000084700000|  0%| F|  |TAMS 0x0000000084600000, 0x0000000084600000| Untracked 
|   3|0x0000000084700000, 0x0000000084700000, 0x0000000084800000|  0%| F|  |TAMS 0x0000000084700000, 0x0000000084700000| Untracked 
|   4|0x0000000084800000, 0x0000000084800000, 0x0000000084900000|  0%| F|  |TAMS 0x0000000084800000, 0x0000000084800000| Untracked 
|   5|0x0000000084900000, 0x0000000084900000, 0x0000000084a00000|  0%| F|  |TAMS 0x0000000084900000, 0x0000000084900000| Untracked 
|   6|0x0000000084a00000, 0x0000000084a00000, 0x0000000084b00000|  0%| F|  |TAMS 0x0000000084a00000, 0x0000000084a00000| Untracked 
|   7|0x0000000084b00000, 0x0000000084b00000, 0x0000000084c00000|  0%| F|  |TAMS 0x0000000084b00000, 0x0000000084b00000| Untracked 
|   8|0x0000000084c00000, 0x0000000084c00000, 0x0000000084d00000|  0%| F|  |TAMS 0x0000000084c00000, 0x0000000084c00000| Untracked 
|   9|0x0000000084d00000, 0x0000000084d00000, 0x0000000084e00000|  0%| F|  |TAMS 0x0000000084d00000, 0x0000000084d00000| Untracked 
|  10|0x0000000084e00000, 0x0000000084e00000, 0x0000000084f00000|  0%| F|  |TAMS 0x0000000084e00000, 0x0000000084e00000| Untracked 
|  11|0x0000000084f00000, 0x0000000084f00000, 0x0000000085000000|  0%| F|  |TAMS 0x0000000084f00000, 0x0000000084f00000| Untracked 
|  12|0x0000000085000000, 0x0000000085000000, 0x0000000085100000|  0%| F|  |TAMS 0x0000000085000000, 0x0000000085000000| Untracked 
|  13|0x0000000085100000, 0x0000000085100000, 0x0000000085200000|  0%| F|  |TAMS 0x0000000085100000, 0x0000000085100000| Untracked 
|  14|0x0000000085200000, 0x0000000085200000, 0x0000000085300000|  0%| F|  |TAMS 0x0000000085200000, 0x0000000085200000| Untracked 
|  15|0x0000000085300000, 0x0000000085300000, 0x0000000085400000|  0%| F|  |TAMS 0x0000000085300000, 0x0000000085300000| Untracked 
|  16|0x0000000085400000, 0x0000000085400000, 0x0000000085500000|  0%| F|  |TAMS 0x0000000085400000, 0x0000000085400000| Untracked 
|  17|0x0000000085500000, 0x0000000085500000, 0x0000000085600000|  0%| F|  |TAMS 0x0000000085500000, 0x0000000085500000| Untracked 
|  18|0x0000000085600000, 0x0000000085600000, 0x0000000085700000|  0%| F|  |TAMS 0x0000000085600000, 0x0000000085600000| Untracked 
|  19|0x0000000085700000, 0x0000000085700000, 0x0000000085800000|  0%| F|  |TAMS 0x0000000085700000, 0x0000000085700000| Untracked 
|  20|0x0000000085800000, 0x0000000085800000, 0x0000000085900000|  0%| F|  |TAMS 0x0000000085800000, 0x0000000085800000| Untracked 
|  21|0x0000000085900000, 0x0000000085900000, 0x0000000085a00000|  0%| F|  |TAMS 0x0000000085900000, 0x0000000085900000| Untracked 
|  22|0x0000000085a00000, 0x0000000085a00000, 0x0000000085b00000|  0%| F|  |TAMS 0x0000000085a00000, 0x0000000085a00000| Untracked 
|  23|0x0000000085b00000, 0x0000000085b00000, 0x0000000085c00000|  0%| F|  |TAMS 0x0000000085b00000, 0x0000000085b00000| Untracked 
|  24|0x0000000085c00000, 0x0000000085c00000, 0x0000000085d00000|  0%| F|  |TAMS 0x0000000085c00000, 0x0000000085c00000| Untracked 
|  25|0x0000000085d00000, 0x0000000085d00000, 0x0000000085e00000|  0%| F|  |TAMS 0x0000000085d00000, 0x0000000085d00000| Untracked 
|  26|0x0000000085e00000, 0x0000000085e00000, 0x0000000085f00000|  0%| F|  |TAMS 0x0000000085e00000, 0x0000000085e00000| Untracked 
|  27|0x0000000085f00000, 0x0000000085f00000, 0x0000000086000000|  0%| F|  |TAMS 0x0000000085f00000, 0x0000000085f00000| Untracked 
|  28|0x0000000086000000, 0x0000000086000000, 0x0000000086100000|  0%| F|  |TAMS 0x0000000086000000, 0x0000000086000000| Untracked 
|  29|0x0000000086100000, 0x0000000086100000, 0x0000000086200000|  0%| F|  |TAMS 0x0000000086100000, 0x0000000086100000| Untracked 
|  30|0x0000000086200000, 0x0000000086200000, 0x0000000086300000|  0%| F|  |TAMS 0x0000000086200000, 0x0000000086200000| Untracked 
|  31|0x0000000086300000, 0x0000000086300000, 0x0000000086400000|  0%| F|  |TAMS 0x0000000086300000, 0x0000000086300000| Untracked 
|  32|0x0000000086400000, 0x0000000086400000, 0x0000000086500000|  0%| F|  |TAMS 0x0000000086400000, 0x0000000086400000| Untracked 
|  33|0x0000000086500000, 0x0000000086500000, 0x0000000086600000|  0%| F|  |TAMS 0x0000000086500000, 0x0000000086500000| Untracked 
|  34|0x0000000086600000, 0x0000000086600000, 0x0000000086700000|  0%| F|  |TAMS 0x0000000086600000, 0x0000000086600000| Untracked 
|  35|0x0000000086700000, 0x0000000086700000, 0x0000000086800000|  0%| F|  |TAMS 0x0000000086700000, 0x0000000086700000| Untracked 
|  36|0x0000000086800000, 0x0000000086800000, 0x0000000086900000|  0%| F|  |TAMS 0x0000000086800000, 0x0000000086800000| Untracked 
|  37|0x0000000086900000, 0x0000000086900000, 0x0000000086a00000|  0%| F|  |TAMS 0x0000000086900000, 0x0000000086900000| Untracked 
|  38|0x0000000086a00000, 0x0000000086a00000, 0x0000000086b00000|  0%| F|  |TAMS 0x0000000086a00000, 0x0000000086a00000| Untracked 
|  39|0x0000000086b00000, 0x0000000086b00000, 0x0000000086c00000|  0%| F|  |TAMS 0x0000000086b00000, 0x0000000086b00000| Untracked 
|  40|0x0000000086c00000, 0x0000000086c00000, 0x0000000086d00000|  0%| F|  |TAMS 0x0000000086c00000, 0x0000000086c00000| Untracked 
|  41|0x0000000086d00000, 0x0000000086d00000, 0x0000000086e00000|  0%| F|  |TAMS 0x0000000086d00000, 0x0000000086d00000| Untracked 
|  42|0x0000000086e00000, 0x0000000086e00000, 0x0000000086f00000|  0%| F|  |TAMS 0x0000000086e00000, 0x0000000086e00000| Untracked 
|  43|0x0000000086f00000, 0x0000000086f00000, 0x0000000087000000|  0%| F|  |TAMS 0x0000000086f00000, 0x0000000086f00000| Untracked 
|  44|0x0000000087000000, 0x0000000087000000, 0x0000000087100000|  0%| F|  |TAMS 0x0000000087000000, 0x0000000087000000| Untracked 
|  45|0x0000000087100000, 0x0000000087100000, 0x0000000087200000|  0%| F|  |TAMS 0x0000000087100000, 0x0000000087100000| Untracked 
|  46|0x0000000087200000, 0x0000000087200000, 0x0000000087300000|  0%| F|  |TAMS 0x0000000087200000, 0x0000000087200000| Untracked 
|  47|0x0000000087300000, 0x0000000087300000, 0x0000000087400000|  0%| F|  |TAMS 0x0000000087300000, 0x0000000087300000| Untracked 
|  48|0x0000000087400000, 0x0000000087400000, 0x0000000087500000|  0%| F|  |TAMS 0x0000000087400000, 0x0000000087400000| Untracked 
|  49|0x0000000087500000, 0x0000000087500000, 0x0000000087600000|  0%| F|  |TAMS 0x0000000087500000, 0x0000000087500000| Untracked 
|  50|0x0000000087600000, 0x0000000087600000, 0x0000000087700000|  0%| F|  |TAMS 0x0000000087600000, 0x0000000087600000| Untracked 
|  51|0x0000000087700000, 0x0000000087700000, 0x0000000087800000|  0%| F|  |TAMS 0x0000000087700000, 0x0000000087700000| Untracked 
|  52|0x0000000087800000, 0x0000000087800000, 0x0000000087900000|  0%| F|  |TAMS 0x0000000087800000, 0x0000000087800000| Untracked 
|  53|0x0000000087900000, 0x0000000087900000, 0x0000000087a00000|  0%| F|  |TAMS 0x0000000087900000, 0x0000000087900000| Untracked 
|  54|0x0000000087a00000, 0x0000000087a00000, 0x0000000087b00000|  0%| F|  |TAMS 0x0000000087a00000, 0x0000000087a00000| Untracked 
|  55|0x0000000087b00000, 0x0000000087b00000, 0x0000000087c00000|  0%| F|  |TAMS 0x0000000087b00000, 0x0000000087b00000| Untracked 
|  56|0x0000000087c00000, 0x0000000087c00000, 0x0000000087d00000|  0%| F|  |TAMS 0x0000000087c00000, 0x0000000087c00000| Untracked 
|  57|0x0000000087d00000, 0x0000000087d00000, 0x0000000087e00000|  0%| F|  |TAMS 0x0000000087d00000, 0x0000000087d00000| Untracked 
|  58|0x0000000087e00000, 0x0000000087e00000, 0x0000000087f00000|  0%| F|  |TAMS 0x0000000087e00000, 0x0000000087e00000| Untracked 
|  59|0x0000000087f00000, 0x0000000087f00000, 0x0000000088000000|  0%| F|  |TAMS 0x0000000087f00000, 0x0000000087f00000| Untracked 
|  60|0x0000000088000000, 0x0000000088000000, 0x0000000088100000|  0%| F|  |TAMS 0x0000000088000000, 0x0000000088000000| Untracked 
|  61|0x0000000088100000, 0x0000000088100000, 0x0000000088200000|  0%| F|  |TAMS 0x0000000088100000, 0x0000000088100000| Untracked 
|  62|0x0000000088200000, 0x0000000088200000, 0x0000000088300000|  0%| F|  |TAMS 0x0000000088200000, 0x0000000088200000| Untracked 
|  63|0x0000000088300000, 0x0000000088300000, 0x0000000088400000|  0%| F|  |TAMS 0x0000000088300000, 0x0000000088300000| Untracked 
|  64|0x0000000088400000, 0x0000000088400000, 0x0000000088500000|  0%| F|  |TAMS 0x0000000088400000, 0x0000000088400000| Untracked 
|  65|0x0000000088500000, 0x0000000088500000, 0x0000000088600000|  0%| F|  |TAMS 0x0000000088500000, 0x0000000088500000| Untracked 
|  66|0x0000000088600000, 0x0000000088600000, 0x0000000088700000|  0%| F|  |TAMS 0x0000000088600000, 0x0000000088600000| Untracked 
|  67|0x0000000088700000, 0x0000000088700000, 0x0000000088800000|  0%| F|  |TAMS 0x0000000088700000, 0x0000000088700000| Untracked 
|  68|0x0000000088800000, 0x0000000088800000, 0x0000000088900000|  0%| F|  |TAMS 0x0000000088800000, 0x0000000088800000| Untracked 
|  69|0x0000000088900000, 0x0000000088900000, 0x0000000088a00000|  0%| F|  |TAMS 0x0000000088900000, 0x0000000088900000| Untracked 
|  70|0x0000000088a00000, 0x0000000088a00000, 0x0000000088b00000|  0%| F|  |TAMS 0x0000000088a00000, 0x0000000088a00000| Untracked 
|  71|0x0000000088b00000, 0x0000000088b00000, 0x0000000088c00000|  0%| F|  |TAMS 0x0000000088b00000, 0x0000000088b00000| Untracked 
|  72|0x0000000088c00000, 0x0000000088c00000, 0x0000000088d00000|  0%| F|  |TAMS 0x0000000088c00000, 0x0000000088c00000| Untracked 
|  73|0x0000000088d00000, 0x0000000088d00000, 0x0000000088e00000|  0%| F|  |TAMS 0x0000000088d00000, 0x0000000088d00000| Untracked 
|  74|0x0000000088e00000, 0x0000000088e00000, 0x0000000088f00000|  0%| F|  |TAMS 0x0000000088e00000, 0x0000000088e00000| Untracked 
|  75|0x0000000088f00000, 0x0000000088f00000, 0x0000000089000000|  0%| F|  |TAMS 0x0000000088f00000, 0x0000000088f00000| Untracked 
|  76|0x0000000089000000, 0x0000000089000000, 0x0000000089100000|  0%| F|  |TAMS 0x0000000089000000, 0x0000000089000000| Untracked 
|  77|0x0000000089100000, 0x0000000089100000, 0x0000000089200000|  0%| F|  |TAMS 0x0000000089100000, 0x0000000089100000| Untracked 
|  78|0x0000000089200000, 0x0000000089200000, 0x0000000089300000|  0%| F|  |TAMS 0x0000000089200000, 0x0000000089200000| Untracked 
|  79|0x0000000089300000, 0x0000000089300000, 0x0000000089400000|  0%| F|  |TAMS 0x0000000089300000, 0x0000000089300000| Untracked 
|  80|0x0000000089400000, 0x0000000089400000, 0x0000000089500000|  0%| F|  |TAMS 0x0000000089400000, 0x0000000089400000| Untracked 
|  81|0x0000000089500000, 0x0000000089500000, 0x0000000089600000|  0%| F|  |TAMS 0x0000000089500000, 0x0000000089500000| Untracked 
|  82|0x0000000089600000, 0x0000000089600000, 0x0000000089700000|  0%| F|  |TAMS 0x0000000089600000, 0x0000000089600000| Untracked 
|  83|0x0000000089700000, 0x0000000089700000, 0x0000000089800000|  0%| F|  |TAMS 0x0000000089700000, 0x0000000089700000| Untracked 
|  84|0x0000000089800000, 0x0000000089800000, 0x0000000089900000|  0%| F|  |TAMS 0x0000000089800000, 0x0000000089800000| Untracked 
|  85|0x0000000089900000, 0x0000000089900000, 0x0000000089a00000|  0%| F|  |TAMS 0x0000000089900000, 0x0000000089900000| Untracked 
|  86|0x0000000089a00000, 0x0000000089a00000, 0x0000000089b00000|  0%| F|  |TAMS 0x0000000089a00000, 0x0000000089a00000| Untracked 
|  87|0x0000000089b00000, 0x0000000089b00000, 0x0000000089c00000|  0%| F|  |TAMS 0x0000000089b00000, 0x0000000089b00000| Untracked 
|  88|0x0000000089c00000, 0x0000000089c00000, 0x0000000089d00000|  0%| F|  |TAMS 0x0000000089c00000, 0x0000000089c00000| Untracked 
|  89|0x0000000089d00000, 0x0000000089d00000, 0x0000000089e00000|  0%| F|  |TAMS 0x0000000089d00000, 0x0000000089d00000| Untracked 
|  90|0x0000000089e00000, 0x0000000089e00000, 0x0000000089f00000|  0%| F|  |TAMS 0x0000000089e00000, 0x0000000089e00000| Untracked 
|  91|0x0000000089f00000, 0x0000000089f00000, 0x000000008a000000|  0%| F|  |TAMS 0x0000000089f00000, 0x0000000089f00000| Untracked 
|  92|0x000000008a000000, 0x000000008a000000, 0x000000008a100000|  0%| F|  |TAMS 0x000000008a000000, 0x000000008a000000| Untracked 
|  93|0x000000008a100000, 0x000000008a100000, 0x000000008a200000|  0%| F|  |TAMS 0x000000008a100000, 0x000000008a100000| Untracked 
|  94|0x000000008a200000, 0x000000008a200000, 0x000000008a300000|  0%| F|  |TAMS 0x000000008a200000, 0x000000008a200000| Untracked 
|  95|0x000000008a300000, 0x000000008a300000, 0x000000008a400000|  0%| F|  |TAMS 0x000000008a300000, 0x000000008a300000| Untracked 
|  96|0x000000008a400000, 0x000000008a400000, 0x000000008a500000|  0%| F|  |TAMS 0x000000008a400000, 0x000000008a400000| Untracked 
|  97|0x000000008a500000, 0x000000008a500000, 0x000000008a600000|  0%| F|  |TAMS 0x000000008a500000, 0x000000008a500000| Untracked 
|  98|0x000000008a600000, 0x000000008a600000, 0x000000008a700000|  0%| F|  |TAMS 0x000000008a600000, 0x000000008a600000| Untracked 
|  99|0x000000008a700000, 0x000000008a700000, 0x000000008a800000|  0%| F|  |TAMS 0x000000008a700000, 0x000000008a700000| Untracked 
| 100|0x000000008a800000, 0x000000008a800000, 0x000000008a900000|  0%| F|  |TAMS 0x000000008a800000, 0x000000008a800000| Untracked 
| 101|0x000000008a900000, 0x000000008a900000, 0x000000008aa00000|  0%| F|  |TAMS 0x000000008a900000, 0x000000008a900000| Untracked 
| 102|0x000000008aa00000, 0x000000008aa00000, 0x000000008ab00000|  0%| F|  |TAMS 0x000000008aa00000, 0x000000008aa00000| Untracked 
| 103|0x000000008ab00000, 0x000000008ab00000, 0x000000008ac00000|  0%| F|  |TAMS 0x000000008ab00000, 0x000000008ab00000| Untracked 
| 104|0x000000008ac00000, 0x000000008ac00000, 0x000000008ad00000|  0%| F|  |TAMS 0x000000008ac00000, 0x000000008ac00000| Untracked 
| 105|0x000000008ad00000, 0x000000008ad00000, 0x000000008ae00000|  0%| F|  |TAMS 0x000000008ad00000, 0x000000008ad00000| Untracked 
| 106|0x000000008ae00000, 0x000000008ae00000, 0x000000008af00000|  0%| F|  |TAMS 0x000000008ae00000, 0x000000008ae00000| Untracked 
| 107|0x000000008af00000, 0x000000008af00000, 0x000000008b000000|  0%| F|  |TAMS 0x000000008af00000, 0x000000008af00000| Untracked 
| 108|0x000000008b000000, 0x000000008b000000, 0x000000008b100000|  0%| F|  |TAMS 0x000000008b000000, 0x000000008b000000| Untracked 
| 109|0x000000008b100000, 0x000000008b100000, 0x000000008b200000|  0%| F|  |TAMS 0x000000008b100000, 0x000000008b100000| Untracked 
| 110|0x000000008b200000, 0x000000008b200000, 0x000000008b300000|  0%| F|  |TAMS 0x000000008b200000, 0x000000008b200000| Untracked 
| 111|0x000000008b300000, 0x000000008b300000, 0x000000008b400000|  0%| F|  |TAMS 0x000000008b300000, 0x000000008b300000| Untracked 
| 112|0x000000008b400000, 0x000000008b400000, 0x000000008b500000|  0%| F|  |TAMS 0x000000008b400000, 0x000000008b400000| Untracked 
| 113|0x000000008b500000, 0x000000008b500000, 0x000000008b600000|  0%| F|  |TAMS 0x000000008b500000, 0x000000008b500000| Untracked 
| 114|0x000000008b600000, 0x000000008b600000, 0x000000008b700000|  0%| F|  |TAMS 0x000000008b600000, 0x000000008b600000| Untracked 
| 115|0x000000008b700000, 0x000000008b700000, 0x000000008b800000|  0%| F|  |TAMS 0x000000008b700000, 0x000000008b700000| Untracked 
| 116|0x000000008b800000, 0x000000008b800000, 0x000000008b900000|  0%| F|  |TAMS 0x000000008b800000, 0x000000008b800000| Untracked 
| 117|0x000000008b900000, 0x000000008b900000, 0x000000008ba00000|  0%| F|  |TAMS 0x000000008b900000, 0x000000008b900000| Untracked 
| 118|0x000000008ba00000, 0x000000008ba00000, 0x000000008bb00000|  0%| F|  |TAMS 0x000000008ba00000, 0x000000008ba00000| Untracked 
| 119|0x000000008bb00000, 0x000000008bb74290, 0x000000008bc00000| 45%| E|  |TAMS 0x000000008bb00000, 0x000000008bb00000| Complete 
| 120|0x000000008bc00000, 0x000000008bd00000, 0x000000008bd00000|100%| E|CS|TAMS 0x000000008bc00000, 0x000000008bc00000| Complete 
| 121|0x000000008bd00000, 0x000000008be00000, 0x000000008be00000|100%| E|CS|TAMS 0x000000008bd00000, 0x000000008bd00000| Complete 
| 122|0x000000008be00000, 0x000000008bf00000, 0x000000008bf00000|100%| E|CS|TAMS 0x000000008be00000, 0x000000008be00000| Complete 
| 123|0x000000008bf00000, 0x000000008c000000, 0x000000008c000000|100%| E|CS|TAMS 0x000000008bf00000, 0x000000008bf00000| Complete 

Card table byte_map: [0x00007f1e84ee2000,0x00007f1e852c0000] _byte_map_base: 0x00007f1e84ac0000

Marking Bits (Prev, Next): (CMBitMap*) 0x00007f1e980812a0, (CMBitMap*) 0x00007f1e980812e0
 Prev Bits: [0x00007f1e82c14000, 0x00007f1e84b04000)
 Next Bits: [0x00007f1e80d24000, 0x00007f1e82c14000)

Polling page: 0x00007f1e9dcef000

Metaspace:

Usage:
  Non-class:      7,81 MB used.
      Class:    794,76 KB used.
       Both:      8,59 MB used.

Virtual space:
  Non-class space:       16,00 MB reserved,       7,88 MB ( 49%) committed,  2 nodes.
      Class space:        1,00 GB reserved,     832,00 KB ( <1%) committed,  1 nodes.
             Both:        1,02 GB reserved,       8,69 MB ( <1%) committed. 

Chunk freelists:
   Non-Class:  3,97 MB
       Class:  3,20 MB
        Both:  7,16 MB

MaxMetaspaceSize: unlimited
CompressedClassSpaceSize: 1,00 GB
Initial GC threshold: 21,00 MB
Current GC threshold: 21,00 MB
CDS: off
MetaspaceReclaimPolicy: balanced
 - commit_granule_bytes: 65536.
 - commit_granule_words: 8192.
 - virtual_space_node_default_size: 1048576.
 - enlarge_chunks_in_place: 1.
 - new_chunks_are_fully_committed: 0.
 - uncommit_free_chunks: 1.
 - use_allocation_guard: 0.
 - handle_deallocations: 1.


Internal statistics:

num_allocs_failed_limit: 0.
num_arena_births: 24.
num_arena_deaths: 0.
num_vsnodes_births: 3.
num_vsnodes_deaths: 0.
num_space_committed: 139.
num_space_uncommitted: 0.
num_chunks_returned_to_freelist: 0.
num_chunks_taken_from_freelist: 59.
num_chunk_merges: 0.
num_chunk_splits: 32.
num_chunks_enlarged: 24.
num_purges: 0.
num_inconsistent_stats: 0.

CodeHeap 'non-profiled nmethods': size=120032Kb used=96Kb max_used=96Kb free=119935Kb
 bounds [0x00007f1e8d469000, 0x00007f1e8d6d9000, 0x00007f1e949a1000]
CodeHeap 'profiled nmethods': size=120028Kb used=428Kb max_used=428Kb free=119599Kb
 bounds [0x00007f1e85f32000, 0x00007f1e861a2000, 0x00007f1e8d469000]
CodeHeap 'non-nmethods': size=5700Kb used=1135Kb max_used=1151Kb free=4564Kb
 bounds [0x00007f1e859a1000, 0x00007f1e85c11000, 0x00007f1e85f32000]
 total_blobs=735 nmethods=322 adapters=327
 compilation: enabled
              stopped_count=0, restarted_count=0
 full_count=0

Compilation events (20 events):
Event: 0,386 Thread 0x00007f1e981c2b10  317       3       jdk.internal.org.objectweb.asm.Frame::push (109 bytes)
Event: 0,387 Thread 0x00007f1e981c2b10 nmethod 317 0x00007f1e85f90710 code [0x00007f1e85f908e0, 0x00007f1e85f90e40]
Event: 0,387 Thread 0x00007f1e981c2b10  318       3       jdk.internal.org.objectweb.asm.ByteVector::put12 (64 bytes)
Event: 0,387 Thread 0x00007f1e981c2b10 nmethod 318 0x00007f1e85f91010 code [0x00007f1e85f911c0, 0x00007f1e85f913e0]
Event: 0,387 Thread 0x00007f1e981c2b10  319       3       jdk.internal.org.objectweb.asm.Frame::execute (2305 bytes)
Event: 0,391 Thread 0x00007f1e981c2b10 nmethod 319 0x00007f1e85f91590 code [0x00007f1e85f924c0, 0x00007f1e85f98c30]
Event: 0,391 Thread 0x00007f1e981c2b10  322       1       java.lang.reflect.Method::getName (5 bytes)
Event: 0,391 Thread 0x00007f1e981c2b10 nmethod 322 0x00007f1e8d480810 code [0x00007f1e8d4809a0, 0x00007f1e8d480a70]
Event: 0,391 Thread 0x00007f1e981c2b10  323       3       java.lang.PublicMethods$Key::matches (31 bytes)
Event: 0,391 Thread 0x00007f1e981c2b10 nmethod 323 0x00007f1e85f9a810 code [0x00007f1e85f9a9e0, 0x00007f1e85f9ad30]
Event: 0,391 Thread 0x00007f1e981c2b10  321       3       jdk.internal.org.objectweb.asm.ByteVector::putInt (74 bytes)
Event: 0,392 Thread 0x00007f1e981c2b10 nmethod 321 0x00007f1e85f9af10 code [0x00007f1e85f9b0c0, 0x00007f1e85f9b320]
Event: 0,392 Thread 0x00007f1e981c2b10  320       1       jdk.internal.org.objectweb.asm.SymbolTable::getMajorVersion (5 bytes)
Event: 0,392 Thread 0x00007f1e981c2b10 nmethod 320 0x00007f1e8d480b10 code [0x00007f1e8d480ca0, 0x00007f1e8d480d70]
Event: 0,393 Thread 0x00007f1e981c2b10  324       3       sun.net.www.ParseUtil::firstEncodeIndex (86 bytes)
Event: 0,394 Thread 0x00007f1e981c2b10 nmethod 324 0x00007f1e85f9b490 code [0x00007f1e85f9b6e0, 0x00007f1e85f9c0a0]
Event: 0,394 Thread 0x00007f1e981c2b10  325       1       java.net.URL::getUserInfo (5 bytes)
Event: 0,394 Thread 0x00007f1e981c2b10 nmethod 325 0x00007f1e8d480e10 code [0x00007f1e8d480fa0, 0x00007f1e8d481070]
Event: 0,395 Thread 0x00007f1e981c2b10  326       3       java.lang.StringLatin1::regionMatchesCI (98 bytes)
Event: 0,395 Thread 0x00007f1e981c2b10 nmethod 326 0x00007f1e85f9c410 code [0x00007f1e85f9c660, 0x00007f1e85f9cdb0]

GC Heap History (0 events):
No events

Dll operation events (5 events):
Event: 0,002 Loaded shared library /snap/eclipse/66/plugins/org.eclipse.justj.openjdk.hotspot.jre.full.linux.x86_64_17.0.5.v20221102-0933/jre/lib/libjava.so
Event: 0,151 Loaded shared library /snap/eclipse/66/plugins/org.eclipse.justj.openjdk.hotspot.jre.full.linux.x86_64_17.0.5.v20221102-0933/jre/lib/libnio.so
Event: 0,164 Loaded shared library /snap/eclipse/66/plugins/org.eclipse.justj.openjdk.hotspot.jre.full.linux.x86_64_17.0.5.v20221102-0933/jre/lib/libzip.so
Event: 0,251 Loaded shared library /snap/eclipse/66/plugins/org.eclipse.justj.openjdk.hotspot.jre.full.linux.x86_64_17.0.5.v20221102-0933/jre/lib/libjimage.so
Event: 0,316 Loaded shared library /home/pfr/.cache/JNA/temp/jna18328378902190072076.tmp

Deoptimization events (0 events):
No events

Classes unloaded (0 events):
No events

Classes redefined (0 events):
No events

Internal exceptions (7 events):
Event: 0,345 Thread 0x00007f1e98025d60 Exception <a 'java/lang/NoSuchMethodError'{0x000000008bdd7a70}: 'java.lang.Object java.lang.invoke.DirectMethodHandle$Holder.invokeStaticInit(java.lang.Object)'> (0x000000008bdd7a70) 
thrown [src/hotspot/share/interpreter/linkResolver.cpp, line 758]
Event: 0,348 Thread 0x00007f1e98025d60 Exception <a 'java/lang/NoSuchMethodError'{0x000000008bde1c90}: 'java.lang.Object java.lang.invoke.DirectMethodHandle$Holder.invokeStaticInit(java.lang.Object, java.lang.Object, long, java.lang.Object)'> (0x000000008bde1c90) 
thrown [src/hotspot/share/interpreter/linkResolver.cpp, line 758]
Event: 0,349 Thread 0x00007f1e98025d60 Exception <a 'java/lang/NoSuchMethodError'{0x000000008bde8598}: 'java.lang.Object java.lang.invoke.DirectMethodHandle$Holder.newInvokeSpecial(java.lang.Object, java.lang.Object, long)'> (0x000000008bde8598) 
thrown [src/hotspot/share/interpreter/linkResolver.cpp, line 758]
Event: 0,349 Thread 0x00007f1e98025d60 Exception <a 'java/lang/NoSuchMethodError'{0x000000008bdec888}: 'java.lang.Object java.lang.invoke.Invokers$Holder.linkToTargetMethod(java.lang.Object, long, java.lang.Object)'> (0x000000008bdec888) 
thrown [src/hotspot/share/interpreter/linkResolver.cpp, line 758]
Event: 0,355 Thread 0x00007f1e98025d60 Exception <a 'java/lang/NoSuchMethodError'{0x000000008bdf4de8}: 'java.lang.Object java.lang.invoke.DirectMethodHandle$Holder.newInvokeSpecial(java.lang.Object, java.lang.Object, java.lang.Object, int)'> (0x000000008bdf4de8) 
thrown [src/hotspot/share/interpreter/linkResolver.cpp, line 758]
Event: 0,356 Thread 0x00007f1e98025d60 Exception <a 'java/lang/NoSuchMethodError'{0x000000008bdf91c8}: 'java.lang.Object java.lang.invoke.DirectMethodHandle$Holder.invokeSpecial(java.lang.Object, java.lang.Object, java.lang.Object, java.lang.Object, int)'> (0x000000008bdf91c8) 
thrown [src/hotspot/share/interpreter/linkResolver.cpp, line 758]
Event: 0,357 Thread 0x00007f1e98025d60 Exception <a 'java/lang/NoSuchMethodError'{0x000000008bdfcd90}: 'java.lang.Object java.lang.invoke.Invokers$Holder.linkToTargetMethod(java.lang.Object, java.lang.Object, int, java.lang.Object)'> (0x000000008bdfcd90) 
thrown [src/hotspot/share/interpreter/linkResolver.cpp, line 758]

VM Operations (4 events):
Event: 0,165 Executing VM operation: HandshakeAllThreads
Event: 0,165 Executing VM operation: HandshakeAllThreads done
Event: 0,335 Executing VM operation: HandshakeAllThreads
Event: 0,335 Executing VM operation: HandshakeAllThreads done

Events (20 events):
Event: 0,383 loading class java/lang/reflect/ProxyGenerator
Event: 0,383 loading class java/lang/reflect/ProxyGenerator done
Event: 0,383 loading class java/lang/reflect/ProxyGenerator$ProxyMethod
Event: 0,384 loading class java/lang/reflect/ProxyGenerator$ProxyMethod done
Event: 0,385 loading class java/lang/reflect/ProxyGenerator$PrimitiveTypeInfo
Event: 0,385 loading class java/lang/reflect/ProxyGenerator$PrimitiveTypeInfo done
Event: 0,385 loading class jdk/internal/org/objectweb/asm/Edge
Event: 0,385 loading class jdk/internal/org/objectweb/asm/Edge done
Event: 0,388 loading class java/lang/reflect/UndeclaredThrowableException
Event: 0,388 loading class java/lang/reflect/UndeclaredThrowableException done
Event: 0,388 loading class java/lang/reflect/Proxy$ProxyBuilder$1
Event: 0,388 loading class java/lang/reflect/Proxy$ProxyBuilder$1 done
Event: 0,389 loading class java/lang/AssertionError
Event: 0,389 loading class java/lang/AssertionError done
Event: 0,390 loading class java/lang/reflect/TypeVariable
Event: 0,390 loading class java/lang/reflect/TypeVariable done
Event: 0,390 loading class java/lang/reflect/AnnotatedType
Event: 0,390 loading class java/lang/reflect/AnnotatedType done
Event: 0,390 loading class java/lang/TypeNotPresentException
Event: 0,390 loading class java/lang/TypeNotPresentException done


Dynamic libraries:
84400000-8c000000 rw-p 00000000 00:00 0 
8c000000-100000000 ---p 00000000 00:00 0 
100000000-100020000 rw-p 00000000 00:00 0 
100020000-100040000 rw-p 00000000 00:00 0 
100040000-1000c0000 rw-p 00000000 00:00 0 
1000c0000-1000d0000 rw-p 00000000 00:00 0 
1000d0000-140000000 ---p 00000000 00:00 0 
564d0a509000-564d0a50a000 r--p 00000000 07:0a 932                        /snap/eclipse/66/plugins/org.eclipse.justj.openjdk.hotspot.jre.full.linux.x86_64_17.0.5.v20221102-0933/jre/bin/java
564d0a50a000-564d0a50b000 r-xp 00001000 07:0a 932                        /snap/eclipse/66/plugins/org.eclipse.justj.openjdk.hotspot.jre.full.linux.x86_64_17.0.5.v20221102-0933/jre/bin/java
564d0a50b000-564d0a50c000 r--p 00002000 07:0a 932                        /snap/eclipse/66/plugins/org.eclipse.justj.openjdk.hotspot.jre.full.linux.x86_64_17.0.5.v20221102-0933/jre/bin/java
564d0a50c000-564d0a50d000 r--p 00002000 07:0a 932                        /snap/eclipse/66/plugins/org.eclipse.justj.openjdk.hotspot.jre.full.linux.x86_64_17.0.5.v20221102-0933/jre/bin/java
564d0a50d000-564d0a50e000 rw-p 00003000 07:0a 932                        /snap/eclipse/66/plugins/org.eclipse.justj.openjdk.hotspot.jre.full.linux.x86_64_17.0.5.v20221102-0933/jre/bin/java
564d0ba5b000-564d0baa3000 rw-p 00000000 00:00 0                          [heap]
7f1e2c000000-7f1e2c021000 rw-p 00000000 00:00 0 
7f1e2c021000-7f1e30000000 ---p 00000000 00:00 0 
7f1e30000000-7f1e30021000 rw-p 00000000 00:00 0 
7f1e30021000-7f1e34000000 ---p 00000000 00:00 0 
7f1e34000000-7f1e34021000 rw-p 00000000 00:00 0 
7f1e34021000-7f1e38000000 ---p 00000000 00:00 0 
7f1e38000000-7f1e38021000 rw-p 00000000 00:00 0 
7f1e38021000-7f1e3c000000 ---p 00000000 00:00 0 
7f1e3c000000-7f1e3c021000 rw-p 00000000 00:00 0 
7f1e3c021000-7f1e40000000 ---p 00000000 00:00 0 
7f1e40000000-7f1e40021000 rw-p 00000000 00:00 0 
7f1e40021000-7f1e44000000 ---p 00000000 00:00 0 
7f1e44000000-7f1e442aa000 rw-p 00000000 00:00 0 
7f1e442aa000-7f1e48000000 ---p 00000000 00:00 0 
7f1e4ac00000-7f1e4ac10000 rw-p 00000000 00:00 0 
7f1e4ac10000-7f1e4b400000 ---p 00000000 00:00 0 
7f1e4b700000-7f1e4b704000 ---p 00000000 00:00 0 
7f1e4b704000-7f1e4b800000 rw-p 00000000 00:00 0 
7f1e4b800000-7f1e4b81e000 r-xp 00000000 08:03 665571                     /home/pfr/.cache/JNA/temp/jna18328378902190072076.tmp (deleted)
7f1e4b81e000-7f1e4ba1d000 ---p 0001e000 08:03 665571                     /home/pfr/.cache/JNA/temp/jna18328378902190072076.tmp (deleted)
7f1e4ba1d000-7f1e4ba1e000 rw-p 0001d000 08:03 665571                     /home/pfr/.cache/JNA/temp/jna18328378902190072076.tmp (deleted)
7f1e4ba1e000-7f1e4ba1f000 rw-p 00000000 00:00 0 
7f1e4bafe000-7f1e4bb02000 ---p 00000000 00:00 0 
7f1e4bb02000-7f1e4bbfe000 rw-p 00000000 00:00 0 
7f1e4bbfe000-7f1e4bbff000 ---p 00000000 00:00 0 
7f1e4bbff000-7f1e4bd00000 rw-p 00000000 00:00 0 
7f1e4bd00000-7f1e4bd04000 ---p 00000000 00:00 0 
7f1e4bd04000-7f1e4be00000 rw-p 00000000 00:00 0 
7f1e4be00000-7f1e4be04000 ---p 00000000 00:00 0 
7f1e4be04000-7f1e4bf00000 rw-p 00000000 00:00 0 
7f1e4bf00000-7f1e4bf04000 ---p 00000000 00:00 0 
7f1e4bf04000-7f1e4c000000 rw-p 00000000 00:00 0 
7f1e4c000000-7f1e4c021000 rw-p 00000000 00:00 0 
7f1e4c021000-7f1e50000000 ---p 00000000 00:00 0 
7f1e50000000-7f1e5022d000 rw-p 00000000 00:00 0 
7f1e5022d000-7f1e54000000 ---p 00000000 00:00 0 
7f1e54000000-7f1e54021000 rw-p 00000000 00:00 0 
7f1e54021000-7f1e58000000 ---p 00000000 00:00 0 
7f1e58000000-7f1e58021000 rw-p 00000000 00:00 0 
7f1e58021000-7f1e5c000000 ---p 00000000 00:00 0 
7f1e5c000000-7f1e5c021000 rw-p 00000000 00:00 0 
7f1e5c021000-7f1e60000000 ---p 00000000 00:00 0 
7f1e60000000-7f1e60021000 rw-p 00000000 00:00 0 
7f1e60021000-7f1e64000000 ---p 00000000 00:00 0 
7f1e64000000-7f1e64021000 rw-p 00000000 00:00 0 
7f1e64021000-7f1e68000000 ---p 00000000 00:00 0 
7f1e68000000-7f1e68021000 rw-p 00000000 00:00 0 
7f1e68021000-7f1e6c000000 ---p 00000000 00:00 0 
7f1e6c000000-7f1e6c021000 rw-p 00000000 00:00 0 
7f1e6c021000-7f1e70000000 ---p 00000000 00:00 0 
7f1e70000000-7f1e70004000 ---p 00000000 00:00 0 
7f1e70004000-7f1e70100000 rw-p 00000000 00:00 0 
7f1e70100000-7f1e70104000 ---p 00000000 00:00 0 
7f1e70104000-7f1e70200000 rw-p 00000000 00:00 0 
7f1e70200000-7f1e70204000 ---p 00000000 00:00 0 
7f1e70204000-7f1e70300000 rw-p 00000000 00:00 0 
7f1e70300000-7f1e70304000 ---p 00000000 00:00 0 
7f1e70304000-7f1e70400000 rw-p 00000000 00:00 0 
7f1e70400000-7f1e714b6000 r--p 00000000 08:03 136397                     /usr/lib/locale/locale-archive
7f1e714f1000-7f1e714f3000 r--p 00000000 08:03 683467                     /home/pfr/pfr_code/texte/src/libTexte.so
7f1e714f3000-7f1e714fa000 r-xp 00002000 08:03 683467                     /home/pfr/pfr_code/texte/src/libTexte.so
7f1e714fa000-7f1e714fc000 r--p 00009000 08:03 683467                     /home/pfr/pfr_code/texte/src/libTexte.so
7f1e714fc000-7f1e714fd000 r--p 0000a000 08:03 683467                     /home/pfr/pfr_code/texte/src/libTexte.so
7f1e714fd000-7f1e714fe000 rw-p 0000b000 08:03 683467                     /home/pfr/pfr_code/texte/src/libTexte.so
7f1e714fe000-7f1e71502000 ---p 00000000 00:00 0 
7f1e71502000-7f1e715fe000 rw-p 00000000 00:00 0 
7f1e715fe000-7f1e71602000 ---p 00000000 00:00 0 
7f1e71602000-7f1e716fe000 rw-p 00000000 00:00 0 
7f1e716fe000-7f1e716ff000 ---p 00000000 00:00 0 
7f1e716ff000-7f1e71c00000 rw-p 00000000 00:00 0 
7f1e71c00000-7f1e71c40000 rw-p 00000000 00:00 0 
7f1e71c40000-7f1e71c80000 rw-p 00000000 00:00 0 
7f1e71c80000-7f1e71d00000 rw-p 00000000 00:00 0 
7f1e71d00000-7f1e71f00000 rw-p 00000000 00:00 0 
7f1e71f00000-7f1e71f50000 rw-p 00000000 00:00 0 
7f1e71f50000-7f1e71f80000 ---p 00000000 00:00 0 
7f1e71f80000-7f1e74000000 rw-p 00000000 00:00 0 
7f1e74000000-7f1e74021000 rw-p 00000000 00:00 0 
7f1e74021000-7f1e78000000 ---p 00000000 00:00 0 
7f1e78000000-7f1e78021000 rw-p 00000000 00:00 0 
7f1e78021000-7f1e7c000000 ---p 00000000 00:00 0 
7f1e7c000000-7f1e7c021000 rw-p 00000000 00:00 0 
7f1e7c021000-7f1e80000000 ---p 00000000 00:00 0 
7f1e80005000-7f1e8000c000 r--s 00000000 08:03 656382                     /usr/lib/x86_64-linux-gnu/gconv/gconv-modules.cache
7f1e8000c000-7f1e80010000 ---p 00000000 00:00 0 
7f1e80010000-7f1e8005f000 rw-p 00000000 00:00 0 
7f1e8005f000-7f1e80063000 r--p 00000000 07:0a 1330                       /snap/eclipse/66/plugins/org.eclipse.justj.openjdk.hotspot.jre.full.linux.x86_64_17.0.5.v20221102-0933/jre/lib/libnet.so
7f1e80063000-7f1e80071000 r-xp 00004000 07:0a 1330                       /snap/eclipse/66/plugins/org.eclipse.justj.openjdk.hotspot.jre.full.linux.x86_64_17.0.5.v20221102-0933/jre/lib/libnet.so
7f1e80071000-7f1e80075000 r--p 00012000 07:0a 1330                       /snap/eclipse/66/plugins/org.eclipse.justj.openjdk.hotspot.jre.full.linux.x86_64_17.0.5.v20221102-0933/jre/lib/libnet.so
7f1e80075000-7f1e80076000 r--p 00015000 07:0a 1330                       /snap/eclipse/66/plugins/org.eclipse.justj.openjdk.hotspot.jre.full.linux.x86_64_17.0.5.v20221102-0933/jre/lib/libnet.so
7f1e80076000-7f1e80077000 rw-p 00016000 07:0a 1330                       /snap/eclipse/66/plugins/org.eclipse.justj.openjdk.hotspot.jre.full.linux.x86_64_17.0.5.v20221102-0933/jre/lib/libnet.so
7f1e80077000-7f1e80194000 rw-p 00000000 00:00 0 
7f1e80194000-7f1e80195000 ---p 00000000 00:00 0 
7f1e80195000-7f1e80296000 rw-p 00000000 00:00 0 
7f1e80296000-7f1e80297000 ---p 00000000 00:00 0 
7f1e80297000-7f1e8099e000 rw-p 00000000 00:00 0 
7f1e8099e000-7f1e8099f000 ---p 00000000 00:00 0 
7f1e8099f000-7f1e80aa0000 rw-p 00000000 00:00 0 
7f1e80aa0000-7f1e80aa1000 ---p 00000000 00:00 0 
7f1e80aa1000-7f1e80ba2000 rw-p 00000000 00:00 0 
7f1e80ba2000-7f1e80ba3000 ---p 00000000 00:00 0 
7f1e80ba3000-7f1e80f14000 rw-p 00000000 00:00 0 
7f1e80f14000-7f1e82c14000 ---p 00000000 00:00 0 
7f1e82c14000-7f1e82e04000 rw-p 00000000 00:00 0 
7f1e82e04000-7f1e84b04000 ---p 00000000 00:00 0 
7f1e84b04000-7f1e84b42000 rw-p 00000000 00:00 0 
7f1e84b42000-7f1e84ee2000 ---p 00000000 00:00 0 
7f1e84ee2000-7f1e84f20000 rw-p 00000000 00:00 0 
7f1e84f20000-7f1e852c0000 ---p 00000000 00:00 0 
7f1e852c0000-7f1e852fe000 rw-p 00000000 00:00 0 
7f1e852fe000-7f1e8569e000 ---p 00000000 00:00 0 
7f1e8569e000-7f1e859a1000 rw-p 00000000 00:00 0 
7f1e859a1000-7f1e85c11000 rwxp 00000000 00:00 0 
7f1e85c11000-7f1e85f32000 ---p 00000000 00:00 0 
7f1e85f32000-7f1e861a2000 rwxp 00000000 00:00 0 
7f1e861a2000-7f1e8d469000 ---p 00000000 00:00 0 
7f1e8d469000-7f1e8d6d9000 rwxp 00000000 00:00 0 
7f1e8d6d9000-7f1e949a1000 ---p 00000000 00:00 0 
7f1e949a1000-7f1e98000000 r--s 00000000 07:0a 1339                       /snap/eclipse/66/plugins/org.eclipse.justj.openjdk.hotspot.jre.full.linux.x86_64_17.0.5.v20221102-0933/jre/lib/modules
7f1e98000000-7f1e983ea000 rw-p 00000000 00:00 0 
7f1e983ea000-7f1e9c000000 ---p 00000000 00:00 0 
7f1e9c001000-7f1e9c309000 rw-p 00000000 00:00 0 
7f1e9c309000-7f1e9c3ef000 ---p 00000000 00:00 0 
7f1e9c3ef000-7f1e9c3f4000 rw-p 00000000 00:00 0 
7f1e9c3f4000-7f1e9c4da000 ---p 00000000 00:00 0 
7f1e9c4da000-7f1e9c4de000 ---p 00000000 00:00 0 
7f1e9c4de000-7f1e9c5da000 rw-p 00000000 00:00 0 
7f1e9c5da000-7f1e9c5e8000 r--p 00000000 08:03 137843                     /usr/lib/x86_64-linux-gnu/libm.so.6
7f1e9c5e8000-7f1e9c664000 r-xp 0000e000 08:03 137843                     /usr/lib/x86_64-linux-gnu/libm.so.6
7f1e9c664000-7f1e9c6bf000 r--p 0008a000 08:03 137843                     /usr/lib/x86_64-linux-gnu/libm.so.6
7f1e9c6bf000-7f1e9c6c0000 r--p 000e4000 08:03 137843                     /usr/lib/x86_64-linux-gnu/libm.so.6
7f1e9c6c0000-7f1e9c6c1000 rw-p 000e5000 08:03 137843                     /usr/lib/x86_64-linux-gnu/libm.so.6
7f1e9c6c1000-7f1e9c913000 r--p 00000000 07:0a 1349                       /snap/eclipse/66/plugins/org.eclipse.justj.openjdk.hotspot.jre.full.linux.x86_64_17.0.5.v20221102-0933/jre/lib/server/libjvm.so
7f1e9c913000-7f1e9d62c000 r-xp 00252000 07:0a 1349                       /snap/eclipse/66/plugins/org.eclipse.justj.openjdk.hotspot.jre.full.linux.x86_64_17.0.5.v20221102-0933/jre/lib/server/libjvm.so
7f1e9d62c000-7f1e9d8b7000 r--p 00f6b000 07:0a 1349                       /snap/eclipse/66/plugins/org.eclipse.justj.openjdk.hotspot.jre.full.linux.x86_64_17.0.5.v20221102-0933/jre/lib/server/libjvm.so
7f1e9d8b7000-7f1e9d8b8000 ---p 011f6000 07:0a 1349                       /snap/eclipse/66/plugins/org.eclipse.justj.openjdk.hotspot.jre.full.linux.x86_64_17.0.5.v20221102-0933/jre/lib/server/libjvm.so
7f1e9d8b8000-7f1e9d971000 r--p 011f6000 07:0a 1349                       /snap/eclipse/66/plugins/org.eclipse.justj.openjdk.hotspot.jre.full.linux.x86_64_17.0.5.v20221102-0933/jre/lib/server/libjvm.so
7f1e9d971000-7f1e9d9a6000 rw-p 012af000 07:0a 1349                       /snap/eclipse/66/plugins/org.eclipse.justj.openjdk.hotspot.jre.full.linux.x86_64_17.0.5.v20221102-0933/jre/lib/server/libjvm.so
7f1e9d9a6000-7f1e9da00000 rw-p 00000000 00:00 0 
7f1e9da00000-7f1e9da28000 r--p 00000000 08:03 137192                     /usr/lib/x86_64-linux-gnu/libc.so.6
7f1e9da28000-7f1e9dbbd000 r-xp 00028000 08:03 137192                     /usr/lib/x86_64-linux-gnu/libc.so.6
7f1e9dbbd000-7f1e9dc15000 r--p 001bd000 08:03 137192                     /usr/lib/x86_64-linux-gnu/libc.so.6
7f1e9dc15000-7f1e9dc19000 r--p 00214000 08:03 137192                     /usr/lib/x86_64-linux-gnu/libc.so.6
7f1e9dc19000-7f1e9dc1b000 rw-p 00218000 08:03 137192                     /usr/lib/x86_64-linux-gnu/libc.so.6
7f1e9dc1b000-7f1e9dc28000 rw-p 00000000 00:00 0 
7f1e9dc28000-7f1e9dc2f000 r--p 00000000 07:0a 1331                       /snap/eclipse/66/plugins/org.eclipse.justj.openjdk.hotspot.jre.full.linux.x86_64_17.0.5.v20221102-0933/jre/lib/libnio.so
7f1e9dc2f000-7f1e9dc38000 r-xp 00007000 07:0a 1331                       /snap/eclipse/66/plugins/org.eclipse.justj.openjdk.hotspot.jre.full.linux.x86_64_17.0.5.v20221102-0933/jre/lib/libnio.so
7f1e9dc38000-7f1e9dc3c000 r--p 00010000 07:0a 1331                       /snap/eclipse/66/plugins/org.eclipse.justj.openjdk.hotspot.jre.full.linux.x86_64_17.0.5.v20221102-0933/jre/lib/libnio.so
7f1e9dc3c000-7f1e9dc3d000 ---p 00014000 07:0a 1331                       /snap/eclipse/66/plugins/org.eclipse.justj.openjdk.hotspot.jre.full.linux.x86_64_17.0.5.v20221102-0933/jre/lib/libnio.so
7f1e9dc3d000-7f1e9dc3e000 r--p 00014000 07:0a 1331                       /snap/eclipse/66/plugins/org.eclipse.justj.openjdk.hotspot.jre.full.linux.x86_64_17.0.5.v20221102-0933/jre/lib/libnio.so
7f1e9dc3e000-7f1e9dc3f000 rw-p 00015000 07:0a 1331                       /snap/eclipse/66/plugins/org.eclipse.justj.openjdk.hotspot.jre.full.linux.x86_64_17.0.5.v20221102-0933/jre/lib/libnio.so
7f1e9dc3f000-7f1e9dc41000 r--p 00000000 07:0a 1338                       /snap/eclipse/66/plugins/org.eclipse.justj.openjdk.hotspot.jre.full.linux.x86_64_17.0.5.v20221102-0933/jre/lib/libzip.so
7f1e9dc41000-7f1e9dc45000 r-xp 00002000 07:0a 1338                       /snap/eclipse/66/plugins/org.eclipse.justj.openjdk.hotspot.jre.full.linux.x86_64_17.0.5.v20221102-0933/jre/lib/libzip.so
7f1e9dc45000-7f1e9dc47000 r--p 00006000 07:0a 1338                       /snap/eclipse/66/plugins/org.eclipse.justj.openjdk.hotspot.jre.full.linux.x86_64_17.0.5.v20221102-0933/jre/lib/libzip.so
7f1e9dc47000-7f1e9dc48000 r--p 00007000 07:0a 1338                       /snap/eclipse/66/plugins/org.eclipse.justj.openjdk.hotspot.jre.full.linux.x86_64_17.0.5.v20221102-0933/jre/lib/libzip.so
7f1e9dc48000-7f1e9dc49000 rw-p 00008000 07:0a 1338                       /snap/eclipse/66/plugins/org.eclipse.justj.openjdk.hotspot.jre.full.linux.x86_64_17.0.5.v20221102-0933/jre/lib/libzip.so
7f1e9dc49000-7f1e9dc4e000 rw-p 00000000 00:00 0 
7f1e9dc4e000-7f1e9dc55000 ---p 00000000 00:00 0 
7f1e9dc55000-7f1e9dc62000 r--p 00000000 07:0a 1317                       /snap/eclipse/66/plugins/org.eclipse.justj.openjdk.hotspot.jre.full.linux.x86_64_17.0.5.v20221102-0933/jre/lib/libjava.so
7f1e9dc62000-7f1e9dc74000 r-xp 0000d000 07:0a 1317                       /snap/eclipse/66/plugins/org.eclipse.justj.openjdk.hotspot.jre.full.linux.x86_64_17.0.5.v20221102-0933/jre/lib/libjava.so
7f1e9dc74000-7f1e9dc7a000 r--p 0001f000 07:0a 1317                       /snap/eclipse/66/plugins/org.eclipse.justj.openjdk.hotspot.jre.full.linux.x86_64_17.0.5.v20221102-0933/jre/lib/libjava.so
7f1e9dc7a000-7f1e9dc7b000 ---p 00025000 07:0a 1317                       /snap/eclipse/66/plugins/org.eclipse.justj.openjdk.hotspot.jre.full.linux.x86_64_17.0.5.v20221102-0933/jre/lib/libjava.so
7f1e9dc7b000-7f1e9dc7c000 r--p 00025000 07:0a 1317                       /snap/eclipse/66/plugins/org.eclipse.justj.openjdk.hotspot.jre.full.linux.x86_64_17.0.5.v20221102-0933/jre/lib/libjava.so
7f1e9dc7c000-7f1e9dc7d000 rw-p 00026000 07:0a 1317                       /snap/eclipse/66/plugins/org.eclipse.justj.openjdk.hotspot.jre.full.linux.x86_64_17.0.5.v20221102-0933/jre/lib/libjava.so
7f1e9dc7d000-7f1e9dc7e000 rw-p 00000000 00:00 0 
7f1e9dc7e000-7f1e9dc82000 r--p 00000000 07:0a 1321                       /snap/eclipse/66/plugins/org.eclipse.justj.openjdk.hotspot.jre.full.linux.x86_64_17.0.5.v20221102-0933/jre/lib/libjimage.so
7f1e9dc82000-7f1e9dc95000 r-xp 00004000 07:0a 1321                       /snap/eclipse/66/plugins/org.eclipse.justj.openjdk.hotspot.jre.full.linux.x86_64_17.0.5.v20221102-0933/jre/lib/libjimage.so
7f1e9dc95000-7f1e9dc9b000 r--p 00017000 07:0a 1321                       /snap/eclipse/66/plugins/org.eclipse.justj.openjdk.hotspot.jre.full.linux.x86_64_17.0.5.v20221102-0933/jre/lib/libjimage.so
7f1e9dc9b000-7f1e9dc9d000 r--p 0001c000 07:0a 1321                       /snap/eclipse/66/plugins/org.eclipse.justj.openjdk.hotspot.jre.full.linux.x86_64_17.0.5.v20221102-0933/jre/lib/libjimage.so
7f1e9dc9d000-7f1e9dc9e000 rw-p 0001e000 07:0a 1321                       /snap/eclipse/66/plugins/org.eclipse.justj.openjdk.hotspot.jre.full.linux.x86_64_17.0.5.v20221102-0933/jre/lib/libjimage.so
7f1e9dc9e000-7f1e9dc9f000 r--p 00000000 08:03 138168                     /usr/lib/x86_64-linux-gnu/librt.so.1
7f1e9dc9f000-7f1e9dca0000 r-xp 00001000 08:03 138168                     /usr/lib/x86_64-linux-gnu/librt.so.1
7f1e9dca0000-7f1e9dca1000 r--p 00002000 08:03 138168                     /usr/lib/x86_64-linux-gnu/librt.so.1
7f1e9dca1000-7f1e9dca2000 r--p 00002000 08:03 138168                     /usr/lib/x86_64-linux-gnu/librt.so.1
7f1e9dca2000-7f1e9dca3000 rw-p 00003000 08:03 138168                     /usr/lib/x86_64-linux-gnu/librt.so.1
7f1e9dca3000-7f1e9dca8000 rw-p 00000000 00:00 0 
7f1e9dca8000-7f1e9dca9000 r--p 00000000 08:03 137334                     /usr/lib/x86_64-linux-gnu/libdl.so.2
7f1e9dca9000-7f1e9dcaa000 r-xp 00001000 08:03 137334                     /usr/lib/x86_64-linux-gnu/libdl.so.2
7f1e9dcaa000-7f1e9dcab000 r--p 00002000 08:03 137334                     /usr/lib/x86_64-linux-gnu/libdl.so.2
7f1e9dcab000-7f1e9dcac000 r--p 00002000 08:03 137334                     /usr/lib/x86_64-linux-gnu/libdl.so.2
7f1e9dcac000-7f1e9dcad000 rw-p 00003000 08:03 137334                     /usr/lib/x86_64-linux-gnu/libdl.so.2
7f1e9dcad000-7f1e9dcae000 r--p 00000000 08:03 138112                     /usr/lib/x86_64-linux-gnu/libpthread.so.0
7f1e9dcae000-7f1e9dcaf000 r-xp 00001000 08:03 138112                     /usr/lib/x86_64-linux-gnu/libpthread.so.0
7f1e9dcaf000-7f1e9dcb0000 r--p 00002000 08:03 138112                     /usr/lib/x86_64-linux-gnu/libpthread.so.0
7f1e9dcb0000-7f1e9dcb1000 r--p 00002000 08:03 138112                     /usr/lib/x86_64-linux-gnu/libpthread.so.0
7f1e9dcb1000-7f1e9dcb2000 rw-p 00003000 08:03 138112                     /usr/lib/x86_64-linux-gnu/libpthread.so.0
7f1e9dcb2000-7f1e9dcb5000 r--p 00000000 07:0a 1322                       /snap/eclipse/66/plugins/org.eclipse.justj.openjdk.hotspot.jre.full.linux.x86_64_17.0.5.v20221102-0933/jre/lib/libjli.so
7f1e9dcb5000-7f1e9dcbf000 r-xp 00003000 07:0a 1322                       /snap/eclipse/66/plugins/org.eclipse.justj.openjdk.hotspot.jre.full.linux.x86_64_17.0.5.v20221102-0933/jre/lib/libjli.so
7f1e9dcbf000-7f1e9dcc2000 r--p 0000d000 07:0a 1322                       /snap/eclipse/66/plugins/org.eclipse.justj.openjdk.hotspot.jre.full.linux.x86_64_17.0.5.v20221102-0933/jre/lib/libjli.so
7f1e9dcc2000-7f1e9dcc3000 ---p 00010000 07:0a 1322                       /snap/eclipse/66/plugins/org.eclipse.justj.openjdk.hotspot.jre.full.linux.x86_64_17.0.5.v20221102-0933/jre/lib/libjli.so
7f1e9dcc3000-7f1e9dcc4000 r--p 00010000 07:0a 1322                       /snap/eclipse/66/plugins/org.eclipse.justj.openjdk.hotspot.jre.full.linux.x86_64_17.0.5.v20221102-0933/jre/lib/libjli.so
7f1e9dcc4000-7f1e9dcc5000 rw-p 00011000 07:0a 1322                       /snap/eclipse/66/plugins/org.eclipse.justj.openjdk.hotspot.jre.full.linux.x86_64_17.0.5.v20221102-0933/jre/lib/libjli.so
7f1e9dcc5000-7f1e9dcc7000 r--p 00000000 08:03 131946                     /usr/lib/x86_64-linux-gnu/libz.so.1.2.11
7f1e9dcc7000-7f1e9dcd8000 r-xp 00002000 08:03 131946                     /usr/lib/x86_64-linux-gnu/libz.so.1.2.11
7f1e9dcd8000-7f1e9dcde000 r--p 00013000 08:03 131946                     /usr/lib/x86_64-linux-gnu/libz.so.1.2.11
7f1e9dcde000-7f1e9dcdf000 ---p 00019000 08:03 131946                     /usr/lib/x86_64-linux-gnu/libz.so.1.2.11
7f1e9dcdf000-7f1e9dce0000 r--p 00019000 08:03 131946                     /usr/lib/x86_64-linux-gnu/libz.so.1.2.11
7f1e9dce0000-7f1e9dce1000 rw-p 0001a000 08:03 131946                     /usr/lib/x86_64-linux-gnu/libz.so.1.2.11
7f1e9dce7000-7f1e9dcef000 rw-s 00000000 08:03 393396                     /tmp/hsperfdata_pfr/5050
7f1e9dcef000-7f1e9dcf0000 ---p 00000000 00:00 0 
7f1e9dcf0000-7f1e9dcf1000 r--p 00000000 00:00 0 
7f1e9dcf1000-7f1e9dcf3000 rw-p 00000000 00:00 0 
7f1e9dcf3000-7f1e9dcf5000 r--p 00000000 08:03 136855                     /usr/lib/x86_64-linux-gnu/ld-linux-x86-64.so.2
7f1e9dcf5000-7f1e9dd1f000 r-xp 00002000 08:03 136855                     /usr/lib/x86_64-linux-gnu/ld-linux-x86-64.so.2
7f1e9dd1f000-7f1e9dd2a000 r--p 0002c000 08:03 136855                     /usr/lib/x86_64-linux-gnu/ld-linux-x86-64.so.2
7f1e9dd2a000-7f1e9dd2b000 ---p 00000000 00:00 0 
7f1e9dd2b000-7f1e9dd2d000 r--p 00037000 08:03 136855                     /usr/lib/x86_64-linux-gnu/ld-linux-x86-64.so.2
7f1e9dd2d000-7f1e9dd2f000 rw-p 00039000 08:03 136855                     /usr/lib/x86_64-linux-gnu/ld-linux-x86-64.so.2
7ffce34a0000-7ffce34c1000 rw-p 00000000 00:00 0                          [stack]
7ffce3532000-7ffce3536000 r--p 00000000 00:00 0                          [vvar]
7ffce3536000-7ffce3538000 r-xp 00000000 00:00 0                          [vdso]
ffffffffff600000-ffffffffff601000 --xp 00000000 00:00 0                  [vsyscall]


VM Arguments:
jvm_args: -Dfile.encoding=UTF-8 -XX:+ShowCodeDetailsInExceptionMessages 
java_command: test.TestJNA
java_class_path (initial): /home/pfr/pfr_code/PFR_Java/bin:/home/pfr/pfr_code/Library/jar_files/jna-5.13.0.jar
Launcher Type: SUN_STANDARD

[Global flags]
     intx CICompilerCount                          = 3                                         {product} {ergonomic}
     uint ConcGCThreads                            = 2                                         {product} {ergonomic}
     uint G1ConcRefinementThreads                  = 6                                         {product} {ergonomic}
   size_t G1HeapRegionSize                         = 1048576                                   {product} {ergonomic}
    uintx GCDrainStackTargetSize                   = 64                                        {product} {ergonomic}
   size_t InitialHeapSize                          = 130023424                                 {product} {ergonomic}
   size_t MarkStackSize                            = 4194304                                   {product} {ergonomic}
   size_t MaxHeapSize                              = 2076180480                                {product} {ergonomic}
   size_t MaxNewSize                               = 1245708288                                {product} {ergonomic}
   size_t MinHeapDeltaBytes                        = 1048576                                   {product} {ergonomic}
   size_t MinHeapSize                              = 8388608                                   {product} {ergonomic}
    uintx NonNMethodCodeHeapSize                   = 5832780                                {pd product} {ergonomic}
    uintx NonProfiledCodeHeapSize                  = 122912730                              {pd product} {ergonomic}
    uintx ProfiledCodeHeapSize                     = 122912730                              {pd product} {ergonomic}
    uintx ReservedCodeCacheSize                    = 251658240                              {pd product} {ergonomic}
     bool SegmentedCodeCache                       = true                                      {product} {ergonomic}
     bool ShowCodeDetailsInExceptionMessages       = true                                   {manageable} {command line}
   size_t SoftMaxHeapSize                          = 2076180480                             {manageable} {ergonomic}
     bool UseCompressedClassPointers               = true                           {product lp64_product} {ergonomic}
     bool UseCompressedOops                        = true                           {product lp64_product} {ergonomic}
     bool UseG1GC                                  = true                                      {product} {ergonomic}

Logging:
Log output configuration:
 #0: stdout all=warning uptime,level,tags
 #1: stderr all=off uptime,level,tags

Environment Variables:
PATH=/usr/local/sbin:/usr/local/bin:/usr/sbin:/usr/bin:/sbin:/bin:/usr/games:/usr/local/games:/snap/bin:/snap/bin
USERNAME=pfr
SHELL=/bin/bash
DISPLAY=:0
LANG=fr_FR.UTF-8
LC_NUMERIC=sv_SE.UTF-8
LC_TIME=sv_SE.UTF-8

Signal Handlers:
   SIGSEGV: crash_handler in libjvm.so, mask=11100100010111111101111111111110, flags=SA_RESTART|SA_SIGINFO
    SIGBUS: crash_handler in libjvm.so, mask=11100100010111111101111111111110, flags=SA_RESTART|SA_SIGINFO
    SIGFPE: crash_handler in libjvm.so, mask=11100100010111111101111111111110, flags=SA_RESTART|SA_SIGINFO
   SIGPIPE: javaSignalHandler in libjvm.so, mask=11100100010111111101111111111110, flags=SA_RESTART|SA_SIGINFO
   SIGXFSZ: javaSignalHandler in libjvm.so, mask=11100100010111111101111111111110, flags=SA_RESTART|SA_SIGINFO
    SIGILL: crash_handler in libjvm.so, mask=11100100010111111101111111111110, flags=SA_RESTART|SA_SIGINFO
   SIGUSR2: SR_handler in libjvm.so, mask=00100000000000000000000000000000, flags=SA_RESTART|SA_SIGINFO
    SIGHUP: UserHandler in libjvm.so, mask=11100100010111111101111111111110, flags=SA_RESTART|SA_SIGINFO
    SIGINT: UserHandler in libjvm.so, mask=11100100010111111101111111111110, flags=SA_RESTART|SA_SIGINFO
   SIGTERM: UserHandler in libjvm.so, mask=11100100010111111101111111111110, flags=SA_RESTART|SA_SIGINFO
   SIGQUIT: UserHandler in libjvm.so, mask=11100100010111111101111111111110, flags=SA_RESTART|SA_SIGINFO
  *** Handler was modified!
  *** Expected: javaSignalHandler in libjvm.so, mask=11100100110111111111111111111110, flags=SA_RESTART|SA_SIGINFO
   SIGTRAP: crash_handler in libjvm.so, mask=11100100010111111101111111111110, flags=SA_RESTART|SA_SIGINFO


---------------  S Y S T E M  ---------------

OS:
DISTRIB_ID=Ubuntu
DISTRIB_RELEASE=22.04
DISTRIB_CODENAME=jammy
DISTRIB_DESCRIPTION="Ubuntu 22.04.2 LTS"
uname: Linux 5.19.0-38-generic #39~22.04.1-Ubuntu SMP PREEMPT_DYNAMIC Fri Mar 17 21:16:15 UTC 2 x86_64
OS uptime: 0 days 0:29 hours
libc: glibc 2.35 NPTL 2.35 
rlimit (soft/hard): STACK 8192k/infinity , CORE 0k/infinity , NPROC 31348/31348 , NOFILE 1048576/1048576 , AS infinity/infinity , CPU infinity/infinity , DATA infinity/infinity , FSIZE infinity/infinity , MEMLOCK 1013092k/1013092k
load average: 1,47 1,03 1,03

/proc/meminfo:
MemTotal:        8104756 kB
MemFree:          178352 kB
MemAvailable:    4059312 kB
Buffers:           74200 kB
Cached:          4072392 kB
SwapCached:            0 kB
Active:          2277588 kB
Inactive:        4055428 kB
Active(anon):       2736 kB
Inactive(anon):  2293260 kB
Active(file):    2274852 kB
Inactive(file):  1762168 kB
Unevictable:          64 kB
Mlocked:              64 kB
SwapTotal:       2097148 kB
SwapFree:        2097148 kB
Zswap:                 0 kB
Zswapped:              0 kB
Dirty:               168 kB
Writeback:             0 kB
AnonPages:       2186744 kB
Mapped:           493844 kB
Shmem:            121076 kB
KReclaimable:     133132 kB
Slab:             733000 kB
SReclaimable:     133132 kB
SUnreclaim:       599868 kB
KernelStack:       14000 kB
PageTables:        24172 kB
NFS_Unstable:          0 kB
Bounce:                0 kB
WritebackTmp:          0 kB
CommitLimit:     6149524 kB
Committed_AS:    6117932 kB
VmallocTotal:   34359738367 kB
VmallocUsed:      618892 kB
VmallocChunk:          0 kB
Percpu:           132608 kB
HardwareCorrupted:     0 kB
AnonHugePages:         0 kB
ShmemHugePages:        0 kB
ShmemPmdMapped:        0 kB
FileHugePages:         0 kB
FilePmdMapped:         0 kB
HugePages_Total:       0
HugePages_Free:        0
HugePages_Rsvd:        0
HugePages_Surp:        0
Hugepagesize:       2048 kB
Hugetlb:               0 kB
DirectMap4k:      270144 kB
DirectMap2M:     4972544 kB
DirectMap1G:     5242880 kB

/sys/kernel/mm/transparent_hugepage/enabled: always [madvise] never
/sys/kernel/mm/transparent_hugepage/defrag (defrag/compaction efforts parameter): always defer defer+madvise [madvise] never

Process Memory:
Virtual Size: 4896160K (peak: 4896216K)
Resident Set Size: 55104K (peak: 55104K) (anon: 28808K, file: 26296K, shmem: 0K)
Swapped out: 0K
C-Heap outstanding allocations: 25966K, retained: 2677K
glibc malloc tunables: (default)

/proc/sys/kernel/threads-max (system-wide limit on the number of threads): 62696
/proc/sys/vm/max_map_count (maximum number of memory map areas a process may have): 65530
/proc/sys/kernel/pid_max (system-wide limit on number of process identifiers): 4194304

container (cgroup) information:
container_type: cgroupv2
cpu_cpuset_cpus: not supported
cpu_memory_nodes: not supported
active_processor_count: 6
cpu_quota: not supported
cpu_period: not supported
cpu_shares: not supported
memory_limit_in_bytes: unlimited
memory_and_swap_limit_in_bytes: unlimited
memory_soft_limit_in_bytes: unlimited
memory_usage_in_bytes: 1517760 k
memory_max_usage_in_bytes: not supported
maximum number of tasks: 9404
current number of tasks: 134

VMWare virtualization detected
Steal ticks since vm start: 0
Steal ticks percentage since vm start:  0,000

CPU: total 6 (initial active 6) (3 cores per cpu, 1 threads per core) family 6 model 140 stepping 1 microcode 0x86, cx8, cmov, fxsr, mmx, 3dnowpref, sse, sse2, sse3, ssse3, sse4.1, sse4.2, popcnt, lzcnt, tsc, tscinvbit, avx, avx2, aes, erms, clmul, bmi1, bmi2, adx, avx512f, avx512dq, avx512cd, avx512bw, avx512vl, sha, fma, vzeroupper, avx512_vpopcntdq, avx512_vpclmulqdq, avx512_vaes, avx512_vnni, clflush, clflushopt, clwb, avx512_vbmi2, avx512_vbmi, hv
CPU Model and flags from /proc/cpuinfo:
model name	: 11th Gen Intel(R) Core(TM) i7-11370H @ 3.30GHz
flags		: fpu vme de pse tsc msr pae mce cx8 apic sep mtrr pge mca cmov pat pse36 clflush mmx fxsr sse sse2 ss ht syscall nx pdpe1gb rdtscp lm constant_tsc arch_perfmon rep_good nopl xtopology tsc_reliable nonstop_tsc cpuid tsc_known_freq pni pclmulqdq ssse3 fma cx16 pcid sse4_1 sse4_2 x2apic movbe popcnt tsc_deadline_timer aes xsave avx f16c rdrand hypervisor lahf_lm abm 3dnowprefetch invpcid_single ssbd ibrs ibpb stibp ibrs_enhanced fsgsbase tsc_adjust bmi1 avx2 smep bmi2 erms invpcid avx512f avx512dq rdseed adx smap avx512ifma clflushopt clwb avx512cd sha_ni avx512bw avx512vl xsaveopt xsavec xgetbv1 xsaves arat avx512vbmi umip pku ospke avx512_vbmi2 gfni vaes vpclmulqdq avx512_vnni avx512_bitalg avx512_vpopcntdq rdpid movdiri movdir64b fsrm avx512_vp2intersect md_clear flush_l1d arch_capabilities

Online cpus: 0-5
Offline cpus: 6-127
BIOS frequency limitation: <Not Available>
Frequency switch latency (ns): <Not Available>
Available cpu frequencies: <Not Available>
Current governor: <Not Available>
Core performance/turbo boost: <Not Available>

Memory: 4k page, physical 8104756k(178352k free), swap 2097148k(2097148k free)
Page Sizes: 4k

vm_info: OpenJDK 64-Bit Server VM (17.0.5+8) for linux-amd64 JRE (17.0.5+8), built on Oct 18 2022 00:00:00 by "temurin" with gcc 10.3.0

END.
