#
# A fatal error has been detected by the Java Runtime Environment:
#
#  SIGSEGV (0xb) at pc=0x00007fda17fb2163, pid=110153, tid=110161
#
# JRE version: OpenJDK Runtime Environment Temurin-17.0.5+8 (17.0.5+8) (build 17.0.5+8)
# Java VM: OpenJDK 64-Bit Server VM Temurin-17.0.5+8 (17.0.5+8, mixed mode, tiered, compressed oops, compressed class ptrs, g1 gc, linux-amd64)
# Problematic frame:
# C  [libc.so.6+0x1b2163]
#
# Core dump will be written. Default location: Core dumps may be processed with "/usr/share/apport/apport -p%p -s%s -c%c -d%d -P%P -u%u -g%g -- %E" (or dumping to /home/pfr/pfr_code/PFR_Java/core.110153)
#
# If you would like to submit a bug report, please visit:
#   https://github.com/adoptium/adoptium-support/issues
# The crash happened outside the Java Virtual Machine in native code.
# See problematic frame for where to report the bug.
#

---------------  S U M M A R Y ------------

Command Line: -Dfile.encoding=UTF-8 -XX:+ShowCodeDetailsInExceptionMessages test.TestJNA

Host: 11th Gen Intel(R) Core(TM) i7-11370H @ 3.30GHz, 6 cores, 3G, Ubuntu 22.04.2 LTS
Time: Wed Mar 22 01:01:17 2023 CET elapsed time: 0.671226 seconds (0d 0h 0m 0s)

---------------  T H R E A D  ---------------

Current thread (0x00007fda10025d60):  JavaThread "main" [_thread_in_native, id=110161, stack(0x00007fda168da000,0x00007fda169da000)]

Stack: [0x00007fda168da000,0x00007fda169da000],  sp=0x00007fda169d77a8,  free space=1013k
Native frames: (J=compiled Java code, j=interpreted, Vv=VM code, C=native code)
C  [libc.so.6+0x1b2163]
C  [jna17555697304105772721.tmp+0x16052]

Java frames: (J=compiled Java code, j=interpreted, Vv=VM code)
j  com.sun.jna.Native.invokeVoid(Lcom/sun/jna/Function;JI[Ljava/lang/Object;)V+0
j  com.sun.jna.Function.invoke([Ljava/lang/Object;Ljava/lang/Class;ZI)Ljava/lang/Object;+42
j  com.sun.jna.Function.invoke(Ljava/lang/reflect/Method;[Ljava/lang/Class;Ljava/lang/Class;[Ljava/lang/Object;Ljava/util/Map;)Ljava/lang/Object;+271
j  com.sun.jna.Library$Handler.invoke(Ljava/lang/Object;Ljava/lang/reflect/Method;[Ljava/lang/Object;)Ljava/lang/Object;+390
j  jdk.proxy1.$Proxy0.recherchecouleur(IFLjava/lang/String;)V+30 jdk.proxy1
j  test.TestJNA.main([Ljava/lang/String;)V+13
v  ~StubRoutines::call_stub

siginfo: si_signo: 11 (SIGSEGV), si_code: 1 (SEGV_MAPERR), si_addr: 0x0000000000000000

Register to memory mapping:

RAX=0x0 is NULL
RBX=0x00007fda169d7d30 is pointing into the stack for thread: 0x00007fda10025d60
RCX=0x0000000000007fda is an unknown value
RDX=0x0000000000000002 is an unknown value
RSP=0x00007fda169d77a8 is pointing into the stack for thread: 0x00007fda10025d60
RBP=0x00007fda169d7db0 is pointing into the stack for thread: 0x00007fda10025d60
RSI=0x00007fda169d7d14 is pointing into the stack for thread: 0x00007fda10025d60
RDI=0x0 is NULL
R8 =0x00007fda1013f4e0 points into unknown readable memory: 0x00007fddfbad2488 | 88 24 ad fb dd 7f 00 00
R9 =0x0 is NULL
R10=0x00007fda17e0adb8: <offset 0x000000000000adb8> in /lib/x86_64-linux-gnu/libc.so.6 at 0x00007fda17e00000
R11=0x00007fda17fb1dd0: <offset 0x00000000001b1dd0> in /lib/x86_64-linux-gnu/libc.so.6 at 0x00007fda17e00000
R12=0x0000000000000032 is an unknown value
R13=0x0 is NULL
R14=0x0000000000000032 is an unknown value
R15=0x0 is NULL


Registers:
RAX=0x0000000000000000, RBX=0x00007fda169d7d30, RCX=0x0000000000007fda, RDX=0x0000000000000002
RSP=0x00007fda169d77a8, RBP=0x00007fda169d7db0, RSI=0x00007fda169d7d14, RDI=0x0000000000000000
R8 =0x00007fda1013f4e0, R9 =0x0000000000000000, R10=0x00007fda17e0adb8, R11=0x00007fda17fb1dd0
R12=0x0000000000000032, R13=0x0000000000000000, R14=0x0000000000000032, R15=0x0000000000000000
RIP=0x00007fda17fb2163, EFLAGS=0x0000000000010202, CSGSFS=0x002b000000000033, ERR=0x0000000000000006
  TRAPNO=0x000000000000000e

Top of Stack: (sp=0x00007fda169d77a8)
0x00007fda169d77a8:   00007fda14005dff f0000c5a00000000
0x00007fda169d77b8:   0000000000000400 2c2c2c2c2c2c2c2c
0x00007fda169d77c8:   000000002c2c2c2c 2c2c2c2c0001656c
0x00007fda169d77d8:   2c2c2c2c2c2c2c2c 0000000000000000 

Instructions: (pc=0x00007fda17fb2163)
0x00007fda17fb2063:   fe 28 7f 1f 62 b3 7d 20 3f c2 00 c5 fb 93 d0 85
0x00007fda17fb2073:   d2 75 6a 48 83 e6 e0 83 e1 1f e9 ae fd ff ff 66
0x00007fda17fb2083:   66 2e 0f 1f 84 00 00 00 00 00 0f 1f 00 48 01 cf
0x00007fda17fb2093:   48 01 ce 0f bc d2 83 fa 20 0f 83 3e 01 00 00 83
0x00007fda17fb20a3:   fa 10 0f 83 05 01 00 00 83 fa 08 0f 83 dc 00 00
0x00007fda17fb20b3:   00 83 fa 04 0f 83 c3 00 00 00 83 fa 03 0f 84 aa
0x00007fda17fb20c3:   00 00 00 83 fa 01 0f 87 91 00 00 00 74 7f c6 07
0x00007fda17fb20d3:   00 c3 66 66 2e 0f 1f 84 00 00 00 00 00 48 83 c6
0x00007fda17fb20e3:   20 48 83 c7 20 eb ac 66 0f 1f 44 00 00 0f bc d2
0x00007fda17fb20f3:   48 01 ce 83 c2 20 29 ca eb 9c 0f 1f 00 0f bc d2
0x00007fda17fb2103:   eb 94 66 66 2e 0f 1f 84 00 00 00 00 00 0f bc d1
0x00007fda17fb2113:   62 e1 fe 28 7f 27 48 83 c6 20 48 83 c7 20 e9 73
0x00007fda17fb2123:   ff ff ff 66 2e 0f 1f 84 00 00 00 00 00 0f bc d2
0x00007fda17fb2133:   62 e1 fe 28 7f 27 62 e1 fe 28 7f 6f 01 48 83 c6
0x00007fda17fb2143:   40 48 83 c7 40 e9 4c ff ff ff 0f 1f 00 0f b7 16
0x00007fda17fb2153:   66 89 17 c3 66 0f 1f 84 00 00 00 00 00 0f b7 0e
0x00007fda17fb2163:   66 89 0f c6 47 02 00 c3 0f 1f 44 00 00 8b 16 89
0x00007fda17fb2173:   17 c3 66 66 2e 0f 1f 84 00 00 00 00 00 8b 0e 89
0x00007fda17fb2183:   0f 8b 4c 16 fd 89 4c 17 fd c3 0f 1f 00 48 8b 0e
0x00007fda17fb2193:   4c 8b 4c 16 f9 48 89 0f 4c 89 4c 17 f9 c3 66 66
0x00007fda17fb21a3:   2e 0f 1f 84 00 00 00 00 00 0f 1f 40 00 62 e1 fe
0x00007fda17fb21b3:   08 6f 16 62 e1 fe 08 6f 9c 16 f1 ff ff ff 62 e1
0x00007fda17fb21c3:   fe 08 7f 17 62 e1 fe 08 7f 9c 17 f1 ff ff ff c3
0x00007fda17fb21d3:   66 66 2e 0f 1f 84 00 00 00 00 00 66 90 62 e1 fe
0x00007fda17fb21e3:   28 6f 16 62 e1 fe 28 6f 9c 16 e1 ff ff ff 62 e1
0x00007fda17fb21f3:   fe 28 7f 17 62 e1 fe 28 7f 9c 17 e1 ff ff ff c3
0x00007fda17fb2203:   66 2e 0f 1f 84 00 00 00 00 00 66 2e 0f 1f 84 00
0x00007fda17fb2213:   00 00 00 00 66 0f 1f 84 00 00 00 00 00 f3 0f 1e
0x00007fda17fb2223:   fa 89 f8 62 a1 fd 00 ef c0 25 ff 0f 00 00 3d e0
0x00007fda17fb2233:   0f 00 00 0f 87 34 01 00 00 62 f3 7d 20 3f 07 00
0x00007fda17fb2243:   c5 fb 93 c0 85 c0 74 55 f3 0f bc c0 c3 f3 0f bc
0x00007fda17fb2253:   c0 29 d7 8d 44 07 20 c3 0f 1f 44 00 00 f3 0f bc 


Stack slot to memory mapping:
stack at sp + 0 slots: 0x00007fda14005dff: recherchecouleur+0x00000000000002f4 in /home/pfr/pfr_code/image/src/libImage.so at 0x00007fda14000000
stack at sp + 1 slots: 0xf0000c5a00000000 is an unknown value
stack at sp + 2 slots: 0x0000000000000400 is an unknown value
stack at sp + 3 slots: 0x2c2c2c2c2c2c2c2c is an unknown value
stack at sp + 4 slots: 0x000000002c2c2c2c is an unknown value
stack at sp + 5 slots: 0x2c2c2c2c0001656c is an unknown value
stack at sp + 6 slots: 0x2c2c2c2c2c2c2c2c is an unknown value
stack at sp + 7 slots: 0x0 is NULL


---------------  P R O C E S S  ---------------

Threads class SMR info:
_java_thread_list=0x00007fda1031d290, length=13, elements={
0x00007fda10025d60, 0x00007fda101421c0, 0x00007fda10143810, 0x00007fda1016c750,
0x00007fda1016d5b0, 0x00007fda1016e9c0, 0x00007fda10170040, 0x00007fda10171520,
0x00007fda101729b0, 0x00007fda10221ea0, 0x00007fda10229580, 0x00007fda10328a80,
0x00007fda1031b920
}

Java Threads: ( => current thread )
=>0x00007fda10025d60 JavaThread "main" [_thread_in_native, id=110161, stack(0x00007fda168da000,0x00007fda169da000)]
  0x00007fda101421c0 JavaThread "Reference Handler" daemon [_thread_blocked, id=110169, stack(0x00007fd9fc7e6000,0x00007fd9fc8e6000)]
  0x00007fda10143810 JavaThread "Finalizer" daemon [_thread_blocked, id=110170, stack(0x00007fd9fc6e6000,0x00007fd9fc7e6000)]
  0x00007fda1016c750 JavaThread "Signal Dispatcher" daemon [_thread_blocked, id=110171, stack(0x00007fd9fc5e6000,0x00007fd9fc6e6000)]
  0x00007fda1016d5b0 JavaThread "Service Thread" daemon [_thread_blocked, id=110172, stack(0x00007fd9fc4e6000,0x00007fd9fc5e6000)]
  0x00007fda1016e9c0 JavaThread "Monitor Deflation Thread" daemon [_thread_blocked, id=110173, stack(0x00007fd9fc3e6000,0x00007fd9fc4e6000)]
  0x00007fda10170040 JavaThread "C2 CompilerThread0" daemon [_thread_blocked, id=110174, stack(0x00007fd9fc2e6000,0x00007fd9fc3e6000)]
  0x00007fda10171520 JavaThread "C1 CompilerThread0" daemon [_thread_blocked, id=110175, stack(0x00007fd9fc1e6000,0x00007fd9fc2e6000)]
  0x00007fda101729b0 JavaThread "Sweeper thread" daemon [_thread_blocked, id=110176, stack(0x00007fd9fc0e6000,0x00007fd9fc1e6000)]
  0x00007fda10221ea0 JavaThread "Notification Thread" daemon [_thread_blocked, id=110177, stack(0x00007fd9edf00000,0x00007fd9ee000000)]
  0x00007fda10229580 JavaThread "Common-Cleaner" daemon [_thread_blocked, id=110179, stack(0x00007fd9edcfe000,0x00007fd9eddfe000)]
  0x00007fda10328a80 JavaThread "process reaper" daemon [_thread_blocked, id=110190, stack(0x00007fda1400a000,0x00007fda1402c000)]
  0x00007fda1031b920 JavaThread "JNA Cleaner" daemon [_thread_blocked, id=110191, stack(0x00007fd9ed300000,0x00007fd9ed400000)]

Other Threads:
  0x00007fda100f27e0 VMThread "VM Thread" [stack: 0x00007fd9fc8e8000,0x00007fd9fc9e8000] [id=110168]
  0x00007fda1019d6d0 WatcherThread [stack: 0x00007fd9ede00000,0x00007fd9edf00000] [id=110178]
  0x00007fda10062850 GCTaskThread "GC Thread#0" [stack: 0x00007fda14b11000,0x00007fda14c11000] [id=110162]
  0x00007fda1006b800 ConcurrentGCThread "G1 Main Marker" [stack: 0x00007fda14a0f000,0x00007fda14b0f000] [id=110163]
  0x00007fda1006c760 ConcurrentGCThread "G1 Conc#0" [stack: 0x00007fda1490d000,0x00007fda14a0d000] [id=110164]
  0x00007fda100b04e0 ConcurrentGCThread "G1 Refine#0" [stack: 0x00007fda14205000,0x00007fda14305000] [id=110165]
  0x00007fda100b13d0 ConcurrentGCThread "G1 Service" [stack: 0x00007fda14103000,0x00007fda14203000] [id=110166]

Threads with active compile tasks:

VM state: not at safepoint (normal execution)

VM Mutex/Monitor currently owned by a thread: None

Heap address: 0x00000000c3200000, size: 974 MB, Compressed Oops mode: 32-bit

CDS archive(s) not mapped
Compressed class space mapped at: 0x0000000100000000-0x0000000140000000, reserved size: 1073741824
Narrow klass base: 0x0000000000000000, Narrow klass shift: 3, Narrow klass range: 0x140000000

GC Precious Log:
 CPUs: 6 total, 6 available
 Memory: 3888M
 Large Page Support: Disabled
 NUMA Support: Disabled
 Compressed Oops: Enabled (32-bit)
 Heap Region Size: 1M
 Heap Min Capacity: 8M
 Heap Initial Capacity: 62M
 Heap Max Capacity: 974M
 Pre-touch: Disabled
 Parallel Workers: 6
 Concurrent Workers: 2
 Concurrent Refinement Workers: 6
 Periodic GC: Disabled

Heap:
 garbage-first heap   total 63488K, used 4096K [0x00000000c3200000, 0x0000000100000000)
  region size 1024K, 5 young (5120K), 0 survivors (0K)
 Metaspace       used 8815K, committed 8896K, reserved 1064960K
  class space    used 794K, committed 832K, reserved 1048576K

Heap Regions: E=young(eden), S=young(survivor), O=old, HS=humongous(starts), HC=humongous(continues), CS=collection set, F=free, OA=open archive, CA=closed archive, TAMS=top-at-mark-start (previous, next)
|   0|0x00000000c3200000, 0x00000000c3200000, 0x00000000c3300000|  0%| F|  |TAMS 0x00000000c3200000, 0x00000000c3200000| Untracked 
|   1|0x00000000c3300000, 0x00000000c3300000, 0x00000000c3400000|  0%| F|  |TAMS 0x00000000c3300000, 0x00000000c3300000| Untracked 
|   2|0x00000000c3400000, 0x00000000c3400000, 0x00000000c3500000|  0%| F|  |TAMS 0x00000000c3400000, 0x00000000c3400000| Untracked 
|   3|0x00000000c3500000, 0x00000000c3500000, 0x00000000c3600000|  0%| F|  |TAMS 0x00000000c3500000, 0x00000000c3500000| Untracked 
|   4|0x00000000c3600000, 0x00000000c3600000, 0x00000000c3700000|  0%| F|  |TAMS 0x00000000c3600000, 0x00000000c3600000| Untracked 
|   5|0x00000000c3700000, 0x00000000c3700000, 0x00000000c3800000|  0%| F|  |TAMS 0x00000000c3700000, 0x00000000c3700000| Untracked 
|   6|0x00000000c3800000, 0x00000000c3800000, 0x00000000c3900000|  0%| F|  |TAMS 0x00000000c3800000, 0x00000000c3800000| Untracked 
|   7|0x00000000c3900000, 0x00000000c3900000, 0x00000000c3a00000|  0%| F|  |TAMS 0x00000000c3900000, 0x00000000c3900000| Untracked 
|   8|0x00000000c3a00000, 0x00000000c3a00000, 0x00000000c3b00000|  0%| F|  |TAMS 0x00000000c3a00000, 0x00000000c3a00000| Untracked 
|   9|0x00000000c3b00000, 0x00000000c3b00000, 0x00000000c3c00000|  0%| F|  |TAMS 0x00000000c3b00000, 0x00000000c3b00000| Untracked 
|  10|0x00000000c3c00000, 0x00000000c3c00000, 0x00000000c3d00000|  0%| F|  |TAMS 0x00000000c3c00000, 0x00000000c3c00000| Untracked 
|  11|0x00000000c3d00000, 0x00000000c3d00000, 0x00000000c3e00000|  0%| F|  |TAMS 0x00000000c3d00000, 0x00000000c3d00000| Untracked 
|  12|0x00000000c3e00000, 0x00000000c3e00000, 0x00000000c3f00000|  0%| F|  |TAMS 0x00000000c3e00000, 0x00000000c3e00000| Untracked 
|  13|0x00000000c3f00000, 0x00000000c3f00000, 0x00000000c4000000|  0%| F|  |TAMS 0x00000000c3f00000, 0x00000000c3f00000| Untracked 
|  14|0x00000000c4000000, 0x00000000c4000000, 0x00000000c4100000|  0%| F|  |TAMS 0x00000000c4000000, 0x00000000c4000000| Untracked 
|  15|0x00000000c4100000, 0x00000000c4100000, 0x00000000c4200000|  0%| F|  |TAMS 0x00000000c4100000, 0x00000000c4100000| Untracked 
|  16|0x00000000c4200000, 0x00000000c4200000, 0x00000000c4300000|  0%| F|  |TAMS 0x00000000c4200000, 0x00000000c4200000| Untracked 
|  17|0x00000000c4300000, 0x00000000c4300000, 0x00000000c4400000|  0%| F|  |TAMS 0x00000000c4300000, 0x00000000c4300000| Untracked 
|  18|0x00000000c4400000, 0x00000000c4400000, 0x00000000c4500000|  0%| F|  |TAMS 0x00000000c4400000, 0x00000000c4400000| Untracked 
|  19|0x00000000c4500000, 0x00000000c4500000, 0x00000000c4600000|  0%| F|  |TAMS 0x00000000c4500000, 0x00000000c4500000| Untracked 
|  20|0x00000000c4600000, 0x00000000c4600000, 0x00000000c4700000|  0%| F|  |TAMS 0x00000000c4600000, 0x00000000c4600000| Untracked 
|  21|0x00000000c4700000, 0x00000000c4700000, 0x00000000c4800000|  0%| F|  |TAMS 0x00000000c4700000, 0x00000000c4700000| Untracked 
|  22|0x00000000c4800000, 0x00000000c4800000, 0x00000000c4900000|  0%| F|  |TAMS 0x00000000c4800000, 0x00000000c4800000| Untracked 
|  23|0x00000000c4900000, 0x00000000c4900000, 0x00000000c4a00000|  0%| F|  |TAMS 0x00000000c4900000, 0x00000000c4900000| Untracked 
|  24|0x00000000c4a00000, 0x00000000c4a00000, 0x00000000c4b00000|  0%| F|  |TAMS 0x00000000c4a00000, 0x00000000c4a00000| Untracked 
|  25|0x00000000c4b00000, 0x00000000c4b00000, 0x00000000c4c00000|  0%| F|  |TAMS 0x00000000c4b00000, 0x00000000c4b00000| Untracked 
|  26|0x00000000c4c00000, 0x00000000c4c00000, 0x00000000c4d00000|  0%| F|  |TAMS 0x00000000c4c00000, 0x00000000c4c00000| Untracked 
|  27|0x00000000c4d00000, 0x00000000c4d00000, 0x00000000c4e00000|  0%| F|  |TAMS 0x00000000c4d00000, 0x00000000c4d00000| Untracked 
|  28|0x00000000c4e00000, 0x00000000c4e00000, 0x00000000c4f00000|  0%| F|  |TAMS 0x00000000c4e00000, 0x00000000c4e00000| Untracked 
|  29|0x00000000c4f00000, 0x00000000c4f00000, 0x00000000c5000000|  0%| F|  |TAMS 0x00000000c4f00000, 0x00000000c4f00000| Untracked 
|  30|0x00000000c5000000, 0x00000000c5000000, 0x00000000c5100000|  0%| F|  |TAMS 0x00000000c5000000, 0x00000000c5000000| Untracked 
|  31|0x00000000c5100000, 0x00000000c5100000, 0x00000000c5200000|  0%| F|  |TAMS 0x00000000c5100000, 0x00000000c5100000| Untracked 
|  32|0x00000000c5200000, 0x00000000c5200000, 0x00000000c5300000|  0%| F|  |TAMS 0x00000000c5200000, 0x00000000c5200000| Untracked 
|  33|0x00000000c5300000, 0x00000000c5300000, 0x00000000c5400000|  0%| F|  |TAMS 0x00000000c5300000, 0x00000000c5300000| Untracked 
|  34|0x00000000c5400000, 0x00000000c5400000, 0x00000000c5500000|  0%| F|  |TAMS 0x00000000c5400000, 0x00000000c5400000| Untracked 
|  35|0x00000000c5500000, 0x00000000c5500000, 0x00000000c5600000|  0%| F|  |TAMS 0x00000000c5500000, 0x00000000c5500000| Untracked 
|  36|0x00000000c5600000, 0x00000000c5600000, 0x00000000c5700000|  0%| F|  |TAMS 0x00000000c5600000, 0x00000000c5600000| Untracked 
|  37|0x00000000c5700000, 0x00000000c5700000, 0x00000000c5800000|  0%| F|  |TAMS 0x00000000c5700000, 0x00000000c5700000| Untracked 
|  38|0x00000000c5800000, 0x00000000c5800000, 0x00000000c5900000|  0%| F|  |TAMS 0x00000000c5800000, 0x00000000c5800000| Untracked 
|  39|0x00000000c5900000, 0x00000000c5900000, 0x00000000c5a00000|  0%| F|  |TAMS 0x00000000c5900000, 0x00000000c5900000| Untracked 
|  40|0x00000000c5a00000, 0x00000000c5a00000, 0x00000000c5b00000|  0%| F|  |TAMS 0x00000000c5a00000, 0x00000000c5a00000| Untracked 
|  41|0x00000000c5b00000, 0x00000000c5b00000, 0x00000000c5c00000|  0%| F|  |TAMS 0x00000000c5b00000, 0x00000000c5b00000| Untracked 
|  42|0x00000000c5c00000, 0x00000000c5c00000, 0x00000000c5d00000|  0%| F|  |TAMS 0x00000000c5c00000, 0x00000000c5c00000| Untracked 
|  43|0x00000000c5d00000, 0x00000000c5d00000, 0x00000000c5e00000|  0%| F|  |TAMS 0x00000000c5d00000, 0x00000000c5d00000| Untracked 
|  44|0x00000000c5e00000, 0x00000000c5e00000, 0x00000000c5f00000|  0%| F|  |TAMS 0x00000000c5e00000, 0x00000000c5e00000| Untracked 
|  45|0x00000000c5f00000, 0x00000000c5f00000, 0x00000000c6000000|  0%| F|  |TAMS 0x00000000c5f00000, 0x00000000c5f00000| Untracked 
|  46|0x00000000c6000000, 0x00000000c6000000, 0x00000000c6100000|  0%| F|  |TAMS 0x00000000c6000000, 0x00000000c6000000| Untracked 
|  47|0x00000000c6100000, 0x00000000c6100000, 0x00000000c6200000|  0%| F|  |TAMS 0x00000000c6100000, 0x00000000c6100000| Untracked 
|  48|0x00000000c6200000, 0x00000000c6200000, 0x00000000c6300000|  0%| F|  |TAMS 0x00000000c6200000, 0x00000000c6200000| Untracked 
|  49|0x00000000c6300000, 0x00000000c6300000, 0x00000000c6400000|  0%| F|  |TAMS 0x00000000c6300000, 0x00000000c6300000| Untracked 
|  50|0x00000000c6400000, 0x00000000c6400000, 0x00000000c6500000|  0%| F|  |TAMS 0x00000000c6400000, 0x00000000c6400000| Untracked 
|  51|0x00000000c6500000, 0x00000000c6500000, 0x00000000c6600000|  0%| F|  |TAMS 0x00000000c6500000, 0x00000000c6500000| Untracked 
|  52|0x00000000c6600000, 0x00000000c6600000, 0x00000000c6700000|  0%| F|  |TAMS 0x00000000c6600000, 0x00000000c6600000| Untracked 
|  53|0x00000000c6700000, 0x00000000c6700000, 0x00000000c6800000|  0%| F|  |TAMS 0x00000000c6700000, 0x00000000c6700000| Untracked 
|  54|0x00000000c6800000, 0x00000000c6800000, 0x00000000c6900000|  0%| F|  |TAMS 0x00000000c6800000, 0x00000000c6800000| Untracked 
|  55|0x00000000c6900000, 0x00000000c6900000, 0x00000000c6a00000|  0%| F|  |TAMS 0x00000000c6900000, 0x00000000c6900000| Untracked 
|  56|0x00000000c6a00000, 0x00000000c6a00000, 0x00000000c6b00000|  0%| F|  |TAMS 0x00000000c6a00000, 0x00000000c6a00000| Untracked 
|  57|0x00000000c6b00000, 0x00000000c6b6c088, 0x00000000c6c00000| 42%| E|  |TAMS 0x00000000c6b00000, 0x00000000c6b00000| Complete 
|  58|0x00000000c6c00000, 0x00000000c6d00000, 0x00000000c6d00000|100%| E|CS|TAMS 0x00000000c6c00000, 0x00000000c6c00000| Complete 
|  59|0x00000000c6d00000, 0x00000000c6e00000, 0x00000000c6e00000|100%| E|CS|TAMS 0x00000000c6d00000, 0x00000000c6d00000| Complete 
|  60|0x00000000c6e00000, 0x00000000c6f00000, 0x00000000c6f00000|100%| E|CS|TAMS 0x00000000c6e00000, 0x00000000c6e00000| Complete 
|  61|0x00000000c6f00000, 0x00000000c7000000, 0x00000000c7000000|100%| E|CS|TAMS 0x00000000c6f00000, 0x00000000c6f00000| Complete 

Card table byte_map: [0x00007fda15d30000,0x00007fda15f17000] _byte_map_base: 0x00007fda15717000

Marking Bits (Prev, Next): (CMBitMap*) 0x00007fda100632d0, (CMBitMap*) 0x00007fda10063310
 Prev Bits: [0x00007fda14c11000, 0x00007fda15b49000)
 Next Bits: [0x00007fd9fca69000, 0x00007fd9fd9a1000)

Polling page: 0x00007fda1810d000

Metaspace:

Usage:
  Non-class:      7,83 MB used.
      Class:    794,77 KB used.
       Both:      8,61 MB used.

Virtual space:
  Non-class space:       16,00 MB reserved,       7,88 MB ( 49%) committed,  2 nodes.
      Class space:        1,00 GB reserved,     832,00 KB ( <1%) committed,  1 nodes.
             Both:        1,02 GB reserved,       8,69 MB ( <1%) committed. 

Chunk freelists:
   Non-Class:  3,95 MB
       Class:  3,20 MB
        Both:  7,15 MB

MaxMetaspaceSize: unlimited
CompressedClassSpaceSize: 1,00 GB
Initial GC threshold: 21,00 MB
Current GC threshold: 21,00 MB
CDS: off
MetaspaceReclaimPolicy: balanced
 - commit_granule_bytes: 65536.
 - commit_granule_words: 8192.
 - virtual_space_node_default_size: 1048576.
 - enlarge_chunks_in_place: 1.
 - new_chunks_are_fully_committed: 0.
 - uncommit_free_chunks: 1.
 - use_allocation_guard: 0.
 - handle_deallocations: 1.


Internal statistics:

num_allocs_failed_limit: 0.
num_arena_births: 24.
num_arena_deaths: 0.
num_vsnodes_births: 3.
num_vsnodes_deaths: 0.
num_space_committed: 139.
num_space_uncommitted: 0.
num_chunks_returned_to_freelist: 0.
num_chunks_taken_from_freelist: 61.
num_chunk_merges: 0.
num_chunk_splits: 33.
num_chunks_enlarged: 23.
num_purges: 0.
num_inconsistent_stats: 0.

CodeHeap 'non-profiled nmethods': size=120032Kb used=101Kb max_used=101Kb free=119930Kb
 bounds [0x00007fda05469000, 0x00007fda056d9000, 0x00007fda0c9a1000]
CodeHeap 'profiled nmethods': size=120028Kb used=457Kb max_used=457Kb free=119570Kb
 bounds [0x00007fd9fdf32000, 0x00007fd9fe1a2000, 0x00007fda05469000]
CodeHeap 'non-nmethods': size=5700Kb used=1136Kb max_used=1150Kb free=4563Kb
 bounds [0x00007fd9fd9a1000, 0x00007fd9fdc11000, 0x00007fd9fdf32000]
 total_blobs=753 nmethods=337 adapters=330
 compilation: enabled
              stopped_count=0, restarted_count=0
 full_count=0

Compilation events (20 events):
Event: 0,655 Thread 0x00007fda10171520  332       3       jdk.internal.org.objectweb.asm.Frame::pop (44 bytes)
Event: 0,655 Thread 0x00007fda10171520 nmethod 332 0x00007fd9fdf9fd90 code [0x00007fd9fdf9ff40, 0x00007fd9fdfa00d0]
Event: 0,655 Thread 0x00007fda10171520  330       3       jdk.internal.org.objectweb.asm.MethodWriter::visitInsn (115 bytes)
Event: 0,656 Thread 0x00007fda10171520 nmethod 330 0x00007fd9fdfa0190 code [0x00007fd9fdfa0380, 0x00007fd9fdfa0760]
Event: 0,656 Thread 0x00007fda10171520  327       1       jdk.internal.org.objectweb.asm.SymbolTable::getMajorVersion (5 bytes)
Event: 0,656 Thread 0x00007fda10171520 nmethod 327 0x00007fda05481b10 code [0x00007fda05481ca0, 0x00007fda05481d70]
Event: 0,656 Thread 0x00007fda10171520  333       3       jdk.internal.org.objectweb.asm.Frame::pop (42 bytes)
Event: 0,656 Thread 0x00007fda10171520 nmethod 333 0x00007fd9fdfa0910 code [0x00007fd9fdfa0ac0, 0x00007fd9fdfa0c70]
Event: 0,656 Thread 0x00007fda10171520  334       3       jdk.internal.org.objectweb.asm.Frame::getAbstractTypeFromDescriptor (415 bytes)
Event: 0,657 Thread 0x00007fda10171520 nmethod 334 0x00007fd9fdfa0d90 code [0x00007fd9fdfa1140, 0x00007fd9fdfa2c50]
Event: 0,657 Thread 0x00007fda10171520  331       3       jdk.internal.org.objectweb.asm.Label::getCanonicalInstance (19 bytes)
Event: 0,657 Thread 0x00007fda10171520 nmethod 331 0x00007fd9fdfa3510 code [0x00007fd9fdfa36a0, 0x00007fd9fdfa3810]
Event: 0,657 Thread 0x00007fda10171520  323       3       jdk.internal.org.objectweb.asm.ByteVector::put122 (93 bytes)
Event: 0,657 Thread 0x00007fda10171520 nmethod 323 0x00007fd9fdfa3910 code [0x00007fd9fdfa3ac0, 0x00007fd9fdfa3d40]
Event: 0,658 Thread 0x00007fda10171520  335       3       java.lang.PublicMethods$Key::matches (31 bytes)
Event: 0,658 Thread 0x00007fda10171520 nmethod 335 0x00007fd9fdfa3f10 code [0x00007fd9fdfa40e0, 0x00007fd9fdfa4430]
Event: 0,658 Thread 0x00007fda10170040  336 %     4       java.lang.StringLatin1::indexOfChar @ 7 (33 bytes)
Event: 0,661 Thread 0x00007fda10170040 nmethod 336% 0x00007fda05481e10 code [0x00007fda05481fa0, 0x00007fda05482178]
Event: 0,664 Thread 0x00007fda10170040  337       4       java.util.HashMap::afterNodeInsertion (1 bytes)
Event: 0,664 Thread 0x00007fda10170040 nmethod 337 0x00007fda05482290 code [0x00007fda05482400, 0x00007fda05482478]

GC Heap History (0 events):
No events

Dll operation events (5 events):
Event: 0,019 Loaded shared library /snap/eclipse/66/plugins/org.eclipse.justj.openjdk.hotspot.jre.full.linux.x86_64_17.0.5.v20221102-0933/jre/lib/libjava.so
Event: 0,447 Loaded shared library /snap/eclipse/66/plugins/org.eclipse.justj.openjdk.hotspot.jre.full.linux.x86_64_17.0.5.v20221102-0933/jre/lib/libnio.so
Event: 0,459 Loaded shared library /snap/eclipse/66/plugins/org.eclipse.justj.openjdk.hotspot.jre.full.linux.x86_64_17.0.5.v20221102-0933/jre/lib/libzip.so
Event: 0,555 Loaded shared library /snap/eclipse/66/plugins/org.eclipse.justj.openjdk.hotspot.jre.full.linux.x86_64_17.0.5.v20221102-0933/jre/lib/libjimage.so
Event: 0,607 Loaded shared library /home/pfr/.cache/JNA/temp/jna17555697304105772721.tmp

Deoptimization events (0 events):
No events

Classes unloaded (0 events):
No events

Classes redefined (0 events):
No events

Internal exceptions (7 events):
Event: 0,627 Thread 0x00007fda10025d60 Exception <a 'java/lang/NoSuchMethodError'{0x00000000c6dd9670}: 'java.lang.Object java.lang.invoke.DirectMethodHandle$Holder.invokeStaticInit(java.lang.Object)'> (0x00000000c6dd9670) 
thrown [src/hotspot/share/interpreter/linkResolver.cpp, line 758]
Event: 0,629 Thread 0x00007fda10025d60 Exception <a 'java/lang/NoSuchMethodError'{0x00000000c6de33c0}: 'java.lang.Object java.lang.invoke.DirectMethodHandle$Holder.invokeStaticInit(java.lang.Object, java.lang.Object, long, java.lang.Object)'> (0x00000000c6de33c0) 
thrown [src/hotspot/share/interpreter/linkResolver.cpp, line 758]
Event: 0,630 Thread 0x00007fda10025d60 Exception <a 'java/lang/NoSuchMethodError'{0x00000000c6de9cc8}: 'java.lang.Object java.lang.invoke.DirectMethodHandle$Holder.newInvokeSpecial(java.lang.Object, java.lang.Object, long)'> (0x00000000c6de9cc8) 
thrown [src/hotspot/share/interpreter/linkResolver.cpp, line 758]
Event: 0,630 Thread 0x00007fda10025d60 Exception <a 'java/lang/NoSuchMethodError'{0x00000000c6dee1f8}: 'java.lang.Object java.lang.invoke.Invokers$Holder.linkToTargetMethod(java.lang.Object, long, java.lang.Object)'> (0x00000000c6dee1f8) 
thrown [src/hotspot/share/interpreter/linkResolver.cpp, line 758]
Event: 0,633 Thread 0x00007fda10025d60 Exception <a 'java/lang/NoSuchMethodError'{0x00000000c6df6758}: 'java.lang.Object java.lang.invoke.DirectMethodHandle$Holder.newInvokeSpecial(java.lang.Object, java.lang.Object, java.lang.Object, int)'> (0x00000000c6df6758) 
thrown [src/hotspot/share/interpreter/linkResolver.cpp, line 758]
Event: 0,633 Thread 0x00007fda10025d60 Exception <a 'java/lang/NoSuchMethodError'{0x00000000c6dfab38}: 'java.lang.Object java.lang.invoke.DirectMethodHandle$Holder.invokeSpecial(java.lang.Object, java.lang.Object, java.lang.Object, java.lang.Object, int)'> (0x00000000c6dfab38) 
thrown [src/hotspot/share/interpreter/linkResolver.cpp, line 758]
Event: 0,633 Thread 0x00007fda10025d60 Exception <a 'java/lang/NoSuchMethodError'{0x00000000c6dfe700}: 'java.lang.Object java.lang.invoke.Invokers$Holder.linkToTargetMethod(java.lang.Object, java.lang.Object, int, java.lang.Object)'> (0x00000000c6dfe700) 
thrown [src/hotspot/share/interpreter/linkResolver.cpp, line 758]

VM Operations (4 events):
Event: 0,460 Executing VM operation: HandshakeAllThreads
Event: 0,460 Executing VM operation: HandshakeAllThreads done
Event: 0,620 Executing VM operation: HandshakeAllThreads
Event: 0,620 Executing VM operation: HandshakeAllThreads done

Events (20 events):
Event: 0,648 loading class java/lang/reflect/ProxyGenerator
Event: 0,649 loading class java/lang/reflect/ProxyGenerator done
Event: 0,649 loading class java/lang/reflect/ProxyGenerator$ProxyMethod
Event: 0,649 loading class java/lang/reflect/ProxyGenerator$ProxyMethod done
Event: 0,650 loading class java/lang/reflect/ProxyGenerator$PrimitiveTypeInfo
Event: 0,650 loading class java/lang/reflect/ProxyGenerator$PrimitiveTypeInfo done
Event: 0,650 loading class jdk/internal/org/objectweb/asm/Edge
Event: 0,650 loading class jdk/internal/org/objectweb/asm/Edge done
Event: 0,656 loading class java/lang/reflect/UndeclaredThrowableException
Event: 0,656 loading class java/lang/reflect/UndeclaredThrowableException done
Event: 0,657 loading class java/lang/reflect/Proxy$ProxyBuilder$1
Event: 0,657 loading class java/lang/reflect/Proxy$ProxyBuilder$1 done
Event: 0,659 loading class java/lang/AssertionError
Event: 0,659 loading class java/lang/AssertionError done
Event: 0,660 loading class java/lang/reflect/TypeVariable
Event: 0,660 loading class java/lang/reflect/TypeVariable done
Event: 0,660 loading class java/lang/reflect/AnnotatedType
Event: 0,660 loading class java/lang/reflect/AnnotatedType done
Event: 0,660 loading class java/lang/TypeNotPresentException
Event: 0,660 loading class java/lang/TypeNotPresentException done


Dynamic libraries:
c3200000-c7000000 rw-p 00000000 00:00 0 
c7000000-100000000 ---p 00000000 00:00 0 
100000000-100020000 rw-p 00000000 00:00 0 
100020000-100040000 rw-p 00000000 00:00 0 
100040000-1000c0000 rw-p 00000000 00:00 0 
1000c0000-1000d0000 rw-p 00000000 00:00 0 
1000d0000-140000000 ---p 00000000 00:00 0 
55cf46309000-55cf4630a000 r--p 00000000 07:0b 932                        /snap/eclipse/66/plugins/org.eclipse.justj.openjdk.hotspot.jre.full.linux.x86_64_17.0.5.v20221102-0933/jre/bin/java
55cf4630a000-55cf4630b000 r-xp 00001000 07:0b 932                        /snap/eclipse/66/plugins/org.eclipse.justj.openjdk.hotspot.jre.full.linux.x86_64_17.0.5.v20221102-0933/jre/bin/java
55cf4630b000-55cf4630c000 r--p 00002000 07:0b 932                        /snap/eclipse/66/plugins/org.eclipse.justj.openjdk.hotspot.jre.full.linux.x86_64_17.0.5.v20221102-0933/jre/bin/java
55cf4630c000-55cf4630d000 r--p 00002000 07:0b 932                        /snap/eclipse/66/plugins/org.eclipse.justj.openjdk.hotspot.jre.full.linux.x86_64_17.0.5.v20221102-0933/jre/bin/java
55cf4630d000-55cf4630e000 rw-p 00003000 07:0b 932                        /snap/eclipse/66/plugins/org.eclipse.justj.openjdk.hotspot.jre.full.linux.x86_64_17.0.5.v20221102-0933/jre/bin/java
55cf46ff9000-55cf47041000 rw-p 00000000 00:00 0                          [heap]
7fd9a4000000-7fd9a4021000 rw-p 00000000 00:00 0 
7fd9a4021000-7fd9a8000000 ---p 00000000 00:00 0 
7fd9ac000000-7fd9ac021000 rw-p 00000000 00:00 0 
7fd9ac021000-7fd9b0000000 ---p 00000000 00:00 0 
7fd9b0000000-7fd9b0021000 rw-p 00000000 00:00 0 
7fd9b0021000-7fd9b4000000 ---p 00000000 00:00 0 
7fd9b7400000-7fd9b7410000 rw-p 00000000 00:00 0 
7fd9b7410000-7fd9b7c00000 ---p 00000000 00:00 0 
7fd9b7c00000-7fd9b7c1e000 r-xp 00000000 08:03 672798                     /home/pfr/.cache/JNA/temp/jna17555697304105772721.tmp (deleted)
7fd9b7c1e000-7fd9b7e1d000 ---p 0001e000 08:03 672798                     /home/pfr/.cache/JNA/temp/jna17555697304105772721.tmp (deleted)
7fd9b7e1d000-7fd9b7e1e000 rw-p 0001d000 08:03 672798                     /home/pfr/.cache/JNA/temp/jna17555697304105772721.tmp (deleted)
7fd9b7e1e000-7fd9b7e1f000 rw-p 00000000 00:00 0 
7fd9b8000000-7fd9b8021000 rw-p 00000000 00:00 0 
7fd9b8021000-7fd9bc000000 ---p 00000000 00:00 0 
7fd9bc000000-7fd9bc021000 rw-p 00000000 00:00 0 
7fd9bc021000-7fd9c0000000 ---p 00000000 00:00 0 
7fd9c0000000-7fd9c01d2000 rw-p 00000000 00:00 0 
7fd9c01d2000-7fd9c4000000 ---p 00000000 00:00 0 
7fd9c4000000-7fd9c4021000 rw-p 00000000 00:00 0 
7fd9c4021000-7fd9c8000000 ---p 00000000 00:00 0 
7fd9c8000000-7fd9c8021000 rw-p 00000000 00:00 0 
7fd9c8021000-7fd9cc000000 ---p 00000000 00:00 0 
7fd9cc000000-7fd9cc13c000 rw-p 00000000 00:00 0 
7fd9cc13c000-7fd9d0000000 ---p 00000000 00:00 0 
7fd9d0000000-7fd9d0021000 rw-p 00000000 00:00 0 
7fd9d0021000-7fd9d4000000 ---p 00000000 00:00 0 
7fd9d4000000-7fd9d4021000 rw-p 00000000 00:00 0 
7fd9d4021000-7fd9d8000000 ---p 00000000 00:00 0 
7fd9d8000000-7fd9d8021000 rw-p 00000000 00:00 0 
7fd9d8021000-7fd9dc000000 ---p 00000000 00:00 0 
7fd9dc000000-7fd9dc021000 rw-p 00000000 00:00 0 
7fd9dc021000-7fd9e0000000 ---p 00000000 00:00 0 
7fd9e0000000-7fd9e0021000 rw-p 00000000 00:00 0 
7fd9e0021000-7fd9e4000000 ---p 00000000 00:00 0 
7fd9e4000000-7fd9e4021000 rw-p 00000000 00:00 0 
7fd9e4021000-7fd9e8000000 ---p 00000000 00:00 0 
7fd9e8000000-7fd9e8021000 rw-p 00000000 00:00 0 
7fd9e8021000-7fd9ec000000 ---p 00000000 00:00 0 
7fd9ec200000-7fd9ed2b6000 r--p 00000000 08:03 136397                     /usr/lib/locale/locale-archive
7fd9ed300000-7fd9ed304000 ---p 00000000 00:00 0 
7fd9ed304000-7fd9ed800000 rw-p 00000000 00:00 0 
7fd9ed800000-7fd9ed840000 rw-p 00000000 00:00 0 
7fd9ed840000-7fd9ed880000 rw-p 00000000 00:00 0 
7fd9ed880000-7fd9ed900000 rw-p 00000000 00:00 0 
7fd9ed900000-7fd9edb00000 rw-p 00000000 00:00 0 
7fd9edb00000-7fd9edb50000 rw-p 00000000 00:00 0 
7fd9edb50000-7fd9edb80000 ---p 00000000 00:00 0 
7fd9edb80000-7fd9edc00000 rw-p 00000000 00:00 0 
7fd9edcfe000-7fd9edd02000 ---p 00000000 00:00 0 
7fd9edd02000-7fd9eddfe000 rw-p 00000000 00:00 0 
7fd9eddfe000-7fd9eddff000 ---p 00000000 00:00 0 
7fd9eddff000-7fd9edf00000 rw-p 00000000 00:00 0 
7fd9edf00000-7fd9edf04000 ---p 00000000 00:00 0 
7fd9edf04000-7fd9f0000000 rw-p 00000000 00:00 0 
7fd9f0000000-7fd9f0021000 rw-p 00000000 00:00 0 
7fd9f0021000-7fd9f4000000 ---p 00000000 00:00 0 
7fd9f4000000-7fd9f4021000 rw-p 00000000 00:00 0 
7fd9f4021000-7fd9f8000000 ---p 00000000 00:00 0 
7fd9f8000000-7fd9f8021000 rw-p 00000000 00:00 0 
7fd9f8021000-7fd9fc000000 ---p 00000000 00:00 0 
7fd9fc0ae000-7fd9fc0b5000 r--s 00000000 08:03 656382                     /usr/lib/x86_64-linux-gnu/gconv/gconv-modules.cache
7fd9fc0b5000-7fd9fc0e6000 rw-p 00000000 00:00 0 
7fd9fc0e6000-7fd9fc0ea000 ---p 00000000 00:00 0 
7fd9fc0ea000-7fd9fc1e6000 rw-p 00000000 00:00 0 
7fd9fc1e6000-7fd9fc1ea000 ---p 00000000 00:00 0 
7fd9fc1ea000-7fd9fc2e6000 rw-p 00000000 00:00 0 
7fd9fc2e6000-7fd9fc2ea000 ---p 00000000 00:00 0 
7fd9fc2ea000-7fd9fc3e6000 rw-p 00000000 00:00 0 
7fd9fc3e6000-7fd9fc3ea000 ---p 00000000 00:00 0 
7fd9fc3ea000-7fd9fc4e6000 rw-p 00000000 00:00 0 
7fd9fc4e6000-7fd9fc4ea000 ---p 00000000 00:00 0 
7fd9fc4ea000-7fd9fc5e6000 rw-p 00000000 00:00 0 
7fd9fc5e6000-7fd9fc5ea000 ---p 00000000 00:00 0 
7fd9fc5ea000-7fd9fc6e6000 rw-p 00000000 00:00 0 
7fd9fc6e6000-7fd9fc6ea000 ---p 00000000 00:00 0 
7fd9fc6ea000-7fd9fc7e6000 rw-p 00000000 00:00 0 
7fd9fc7e6000-7fd9fc7ea000 ---p 00000000 00:00 0 
7fd9fc7ea000-7fd9fc8e6000 rw-p 00000000 00:00 0 
7fd9fc8e6000-7fd9fc8e7000 ---p 00000000 00:00 0 
7fd9fc8e7000-7fd9fcb61000 rw-p 00000000 00:00 0 
7fd9fcb61000-7fd9fd9a1000 ---p 00000000 00:00 0 
7fd9fd9a1000-7fd9fdc11000 rwxp 00000000 00:00 0 
7fd9fdc11000-7fd9fdf32000 ---p 00000000 00:00 0 
7fd9fdf32000-7fd9fe1a2000 rwxp 00000000 00:00 0 
7fd9fe1a2000-7fda05469000 ---p 00000000 00:00 0 
7fda05469000-7fda056d9000 rwxp 00000000 00:00 0 
7fda056d9000-7fda0c9a1000 ---p 00000000 00:00 0 
7fda0c9a1000-7fda10000000 r--s 00000000 07:0b 1339                       /snap/eclipse/66/plugins/org.eclipse.justj.openjdk.hotspot.jre.full.linux.x86_64_17.0.5.v20221102-0933/jre/lib/modules
7fda10000000-7fda10352000 rw-p 00000000 00:00 0 
7fda10352000-7fda14000000 ---p 00000000 00:00 0 
7fda14000000-7fda14002000 r--p 00000000 08:03 671954                     /home/pfr/pfr_code/image/src/libImage.so
7fda14002000-7fda14007000 r-xp 00002000 08:03 671954                     /home/pfr/pfr_code/image/src/libImage.so
7fda14007000-7fda14008000 r--p 00007000 08:03 671954                     /home/pfr/pfr_code/image/src/libImage.so
7fda14008000-7fda14009000 r--p 00007000 08:03 671954                     /home/pfr/pfr_code/image/src/libImage.so
7fda14009000-7fda1400a000 rw-p 00008000 08:03 671954                     /home/pfr/pfr_code/image/src/libImage.so
7fda1400a000-7fda1400e000 ---p 00000000 00:00 0 
7fda1400e000-7fda1402c000 rw-p 00000000 00:00 0 
7fda1402c000-7fda14030000 r--p 00000000 07:0b 1330                       /snap/eclipse/66/plugins/org.eclipse.justj.openjdk.hotspot.jre.full.linux.x86_64_17.0.5.v20221102-0933/jre/lib/libnet.so
7fda14030000-7fda1403e000 r-xp 00004000 07:0b 1330                       /snap/eclipse/66/plugins/org.eclipse.justj.openjdk.hotspot.jre.full.linux.x86_64_17.0.5.v20221102-0933/jre/lib/libnet.so
7fda1403e000-7fda14042000 r--p 00012000 07:0b 1330                       /snap/eclipse/66/plugins/org.eclipse.justj.openjdk.hotspot.jre.full.linux.x86_64_17.0.5.v20221102-0933/jre/lib/libnet.so
7fda14042000-7fda14043000 r--p 00015000 07:0b 1330                       /snap/eclipse/66/plugins/org.eclipse.justj.openjdk.hotspot.jre.full.linux.x86_64_17.0.5.v20221102-0933/jre/lib/libnet.so
7fda14043000-7fda14044000 rw-p 00016000 07:0b 1330                       /snap/eclipse/66/plugins/org.eclipse.justj.openjdk.hotspot.jre.full.linux.x86_64_17.0.5.v20221102-0933/jre/lib/libnet.so
7fda14044000-7fda1404b000 r--p 00000000 07:0b 1331                       /snap/eclipse/66/plugins/org.eclipse.justj.openjdk.hotspot.jre.full.linux.x86_64_17.0.5.v20221102-0933/jre/lib/libnio.so
7fda1404b000-7fda14054000 r-xp 00007000 07:0b 1331                       /snap/eclipse/66/plugins/org.eclipse.justj.openjdk.hotspot.jre.full.linux.x86_64_17.0.5.v20221102-0933/jre/lib/libnio.so
7fda14054000-7fda14058000 r--p 00010000 07:0b 1331                       /snap/eclipse/66/plugins/org.eclipse.justj.openjdk.hotspot.jre.full.linux.x86_64_17.0.5.v20221102-0933/jre/lib/libnio.so
7fda14058000-7fda14059000 ---p 00014000 07:0b 1331                       /snap/eclipse/66/plugins/org.eclipse.justj.openjdk.hotspot.jre.full.linux.x86_64_17.0.5.v20221102-0933/jre/lib/libnio.so
7fda14059000-7fda1405a000 r--p 00014000 07:0b 1331                       /snap/eclipse/66/plugins/org.eclipse.justj.openjdk.hotspot.jre.full.linux.x86_64_17.0.5.v20221102-0933/jre/lib/libnio.so
7fda1405a000-7fda1405b000 rw-p 00015000 07:0b 1331                       /snap/eclipse/66/plugins/org.eclipse.justj.openjdk.hotspot.jre.full.linux.x86_64_17.0.5.v20221102-0933/jre/lib/libnio.so
7fda1405b000-7fda1405d000 r--p 00000000 07:0b 1338                       /snap/eclipse/66/plugins/org.eclipse.justj.openjdk.hotspot.jre.full.linux.x86_64_17.0.5.v20221102-0933/jre/lib/libzip.so
7fda1405d000-7fda14061000 r-xp 00002000 07:0b 1338                       /snap/eclipse/66/plugins/org.eclipse.justj.openjdk.hotspot.jre.full.linux.x86_64_17.0.5.v20221102-0933/jre/lib/libzip.so
7fda14061000-7fda14063000 r--p 00006000 07:0b 1338                       /snap/eclipse/66/plugins/org.eclipse.justj.openjdk.hotspot.jre.full.linux.x86_64_17.0.5.v20221102-0933/jre/lib/libzip.so
7fda14063000-7fda14064000 r--p 00007000 07:0b 1338                       /snap/eclipse/66/plugins/org.eclipse.justj.openjdk.hotspot.jre.full.linux.x86_64_17.0.5.v20221102-0933/jre/lib/libzip.so
7fda14064000-7fda14065000 rw-p 00008000 07:0b 1338                       /snap/eclipse/66/plugins/org.eclipse.justj.openjdk.hotspot.jre.full.linux.x86_64_17.0.5.v20221102-0933/jre/lib/libzip.so
7fda14065000-7fda14101000 rw-p 00000000 00:00 0 
7fda14101000-7fda14102000 ---p 00000000 00:00 0 
7fda14102000-7fda14203000 rw-p 00000000 00:00 0 
7fda14203000-7fda14204000 ---p 00000000 00:00 0 
7fda14204000-7fda1490b000 rw-p 00000000 00:00 0 
7fda1490b000-7fda1490c000 ---p 00000000 00:00 0 
7fda1490c000-7fda14a0d000 rw-p 00000000 00:00 0 
7fda14a0d000-7fda14a0e000 ---p 00000000 00:00 0 
7fda14a0e000-7fda14b0f000 rw-p 00000000 00:00 0 
7fda14b0f000-7fda14b10000 ---p 00000000 00:00 0 
7fda14b10000-7fda14d09000 rw-p 00000000 00:00 0 
7fda14d09000-7fda15b49000 ---p 00000000 00:00 0 
7fda15b49000-7fda15b68000 rw-p 00000000 00:00 0 
7fda15b68000-7fda15d30000 ---p 00000000 00:00 0 
7fda15d30000-7fda15d4f000 rw-p 00000000 00:00 0 
7fda15d4f000-7fda15f17000 ---p 00000000 00:00 0 
7fda15f17000-7fda15f36000 rw-p 00000000 00:00 0 
7fda15f36000-7fda160fe000 ---p 00000000 00:00 0 
7fda160fe000-7fda16709000 rw-p 00000000 00:00 0 
7fda16709000-7fda167ef000 ---p 00000000 00:00 0 
7fda167ef000-7fda167f4000 rw-p 00000000 00:00 0 
7fda167f4000-7fda168da000 ---p 00000000 00:00 0 
7fda168da000-7fda168de000 ---p 00000000 00:00 0 
7fda168de000-7fda169da000 rw-p 00000000 00:00 0 
7fda169da000-7fda169e8000 r--p 00000000 08:03 137843                     /usr/lib/x86_64-linux-gnu/libm.so.6
7fda169e8000-7fda16a64000 r-xp 0000e000 08:03 137843                     /usr/lib/x86_64-linux-gnu/libm.so.6
7fda16a64000-7fda16abf000 r--p 0008a000 08:03 137843                     /usr/lib/x86_64-linux-gnu/libm.so.6
7fda16abf000-7fda16ac0000 r--p 000e4000 08:03 137843                     /usr/lib/x86_64-linux-gnu/libm.so.6
7fda16ac0000-7fda16ac1000 rw-p 000e5000 08:03 137843                     /usr/lib/x86_64-linux-gnu/libm.so.6
7fda16ac1000-7fda16d13000 r--p 00000000 07:0b 1349                       /snap/eclipse/66/plugins/org.eclipse.justj.openjdk.hotspot.jre.full.linux.x86_64_17.0.5.v20221102-0933/jre/lib/server/libjvm.so
7fda16d13000-7fda17a2c000 r-xp 00252000 07:0b 1349                       /snap/eclipse/66/plugins/org.eclipse.justj.openjdk.hotspot.jre.full.linux.x86_64_17.0.5.v20221102-0933/jre/lib/server/libjvm.so
7fda17a2c000-7fda17cb7000 r--p 00f6b000 07:0b 1349                       /snap/eclipse/66/plugins/org.eclipse.justj.openjdk.hotspot.jre.full.linux.x86_64_17.0.5.v20221102-0933/jre/lib/server/libjvm.so
7fda17cb7000-7fda17cb8000 ---p 011f6000 07:0b 1349                       /snap/eclipse/66/plugins/org.eclipse.justj.openjdk.hotspot.jre.full.linux.x86_64_17.0.5.v20221102-0933/jre/lib/server/libjvm.so
7fda17cb8000-7fda17d71000 r--p 011f6000 07:0b 1349                       /snap/eclipse/66/plugins/org.eclipse.justj.openjdk.hotspot.jre.full.linux.x86_64_17.0.5.v20221102-0933/jre/lib/server/libjvm.so
7fda17d71000-7fda17da6000 rw-p 012af000 07:0b 1349                       /snap/eclipse/66/plugins/org.eclipse.justj.openjdk.hotspot.jre.full.linux.x86_64_17.0.5.v20221102-0933/jre/lib/server/libjvm.so
7fda17da6000-7fda17e00000 rw-p 00000000 00:00 0 
7fda17e00000-7fda17e28000 r--p 00000000 08:03 137192                     /usr/lib/x86_64-linux-gnu/libc.so.6
7fda17e28000-7fda17fbd000 r-xp 00028000 08:03 137192                     /usr/lib/x86_64-linux-gnu/libc.so.6
7fda17fbd000-7fda18015000 r--p 001bd000 08:03 137192                     /usr/lib/x86_64-linux-gnu/libc.so.6
7fda18015000-7fda18019000 r--p 00214000 08:03 137192                     /usr/lib/x86_64-linux-gnu/libc.so.6
7fda18019000-7fda1801b000 rw-p 00218000 08:03 137192                     /usr/lib/x86_64-linux-gnu/libc.so.6
7fda1801b000-7fda18067000 rw-p 00000000 00:00 0 
7fda18067000-7fda1806c000 rw-p 00000000 00:00 0 
7fda1806c000-7fda18073000 ---p 00000000 00:00 0 
7fda18073000-7fda18080000 r--p 00000000 07:0b 1317                       /snap/eclipse/66/plugins/org.eclipse.justj.openjdk.hotspot.jre.full.linux.x86_64_17.0.5.v20221102-0933/jre/lib/libjava.so
7fda18080000-7fda18092000 r-xp 0000d000 07:0b 1317                       /snap/eclipse/66/plugins/org.eclipse.justj.openjdk.hotspot.jre.full.linux.x86_64_17.0.5.v20221102-0933/jre/lib/libjava.so
7fda18092000-7fda18098000 r--p 0001f000 07:0b 1317                       /snap/eclipse/66/plugins/org.eclipse.justj.openjdk.hotspot.jre.full.linux.x86_64_17.0.5.v20221102-0933/jre/lib/libjava.so
7fda18098000-7fda18099000 ---p 00025000 07:0b 1317                       /snap/eclipse/66/plugins/org.eclipse.justj.openjdk.hotspot.jre.full.linux.x86_64_17.0.5.v20221102-0933/jre/lib/libjava.so
7fda18099000-7fda1809a000 r--p 00025000 07:0b 1317                       /snap/eclipse/66/plugins/org.eclipse.justj.openjdk.hotspot.jre.full.linux.x86_64_17.0.5.v20221102-0933/jre/lib/libjava.so
7fda1809a000-7fda1809b000 rw-p 00026000 07:0b 1317                       /snap/eclipse/66/plugins/org.eclipse.justj.openjdk.hotspot.jre.full.linux.x86_64_17.0.5.v20221102-0933/jre/lib/libjava.so
7fda1809b000-7fda1809c000 rw-p 00000000 00:00 0 
7fda1809c000-7fda180a0000 r--p 00000000 07:0b 1321                       /snap/eclipse/66/plugins/org.eclipse.justj.openjdk.hotspot.jre.full.linux.x86_64_17.0.5.v20221102-0933/jre/lib/libjimage.so
7fda180a0000-7fda180b3000 r-xp 00004000 07:0b 1321                       /snap/eclipse/66/plugins/org.eclipse.justj.openjdk.hotspot.jre.full.linux.x86_64_17.0.5.v20221102-0933/jre/lib/libjimage.so
7fda180b3000-7fda180b9000 r--p 00017000 07:0b 1321                       /snap/eclipse/66/plugins/org.eclipse.justj.openjdk.hotspot.jre.full.linux.x86_64_17.0.5.v20221102-0933/jre/lib/libjimage.so
7fda180b9000-7fda180bb000 r--p 0001c000 07:0b 1321                       /snap/eclipse/66/plugins/org.eclipse.justj.openjdk.hotspot.jre.full.linux.x86_64_17.0.5.v20221102-0933/jre/lib/libjimage.so
7fda180bb000-7fda180bc000 rw-p 0001e000 07:0b 1321                       /snap/eclipse/66/plugins/org.eclipse.justj.openjdk.hotspot.jre.full.linux.x86_64_17.0.5.v20221102-0933/jre/lib/libjimage.so
7fda180bc000-7fda180bd000 r--p 00000000 08:03 138168                     /usr/lib/x86_64-linux-gnu/librt.so.1
7fda180bd000-7fda180be000 r-xp 00001000 08:03 138168                     /usr/lib/x86_64-linux-gnu/librt.so.1
7fda180be000-7fda180bf000 r--p 00002000 08:03 138168                     /usr/lib/x86_64-linux-gnu/librt.so.1
7fda180bf000-7fda180c0000 r--p 00002000 08:03 138168                     /usr/lib/x86_64-linux-gnu/librt.so.1
7fda180c0000-7fda180c1000 rw-p 00003000 08:03 138168                     /usr/lib/x86_64-linux-gnu/librt.so.1
7fda180c1000-7fda180c6000 rw-p 00000000 00:00 0 
7fda180c6000-7fda180c7000 r--p 00000000 08:03 137334                     /usr/lib/x86_64-linux-gnu/libdl.so.2
7fda180c7000-7fda180c8000 r-xp 00001000 08:03 137334                     /usr/lib/x86_64-linux-gnu/libdl.so.2
7fda180c8000-7fda180c9000 r--p 00002000 08:03 137334                     /usr/lib/x86_64-linux-gnu/libdl.so.2
7fda180c9000-7fda180ca000 r--p 00002000 08:03 137334                     /usr/lib/x86_64-linux-gnu/libdl.so.2
7fda180ca000-7fda180cb000 rw-p 00003000 08:03 137334                     /usr/lib/x86_64-linux-gnu/libdl.so.2
7fda180cb000-7fda180cc000 r--p 00000000 08:03 138112                     /usr/lib/x86_64-linux-gnu/libpthread.so.0
7fda180cc000-7fda180cd000 r-xp 00001000 08:03 138112                     /usr/lib/x86_64-linux-gnu/libpthread.so.0
7fda180cd000-7fda180ce000 r--p 00002000 08:03 138112                     /usr/lib/x86_64-linux-gnu/libpthread.so.0
7fda180ce000-7fda180cf000 r--p 00002000 08:03 138112                     /usr/lib/x86_64-linux-gnu/libpthread.so.0
7fda180cf000-7fda180d0000 rw-p 00003000 08:03 138112                     /usr/lib/x86_64-linux-gnu/libpthread.so.0
7fda180d0000-7fda180d3000 r--p 00000000 07:0b 1322                       /snap/eclipse/66/plugins/org.eclipse.justj.openjdk.hotspot.jre.full.linux.x86_64_17.0.5.v20221102-0933/jre/lib/libjli.so
7fda180d3000-7fda180dd000 r-xp 00003000 07:0b 1322                       /snap/eclipse/66/plugins/org.eclipse.justj.openjdk.hotspot.jre.full.linux.x86_64_17.0.5.v20221102-0933/jre/lib/libjli.so
7fda180dd000-7fda180e0000 r--p 0000d000 07:0b 1322                       /snap/eclipse/66/plugins/org.eclipse.justj.openjdk.hotspot.jre.full.linux.x86_64_17.0.5.v20221102-0933/jre/lib/libjli.so
7fda180e0000-7fda180e1000 ---p 00010000 07:0b 1322                       /snap/eclipse/66/plugins/org.eclipse.justj.openjdk.hotspot.jre.full.linux.x86_64_17.0.5.v20221102-0933/jre/lib/libjli.so
7fda180e1000-7fda180e2000 r--p 00010000 07:0b 1322                       /snap/eclipse/66/plugins/org.eclipse.justj.openjdk.hotspot.jre.full.linux.x86_64_17.0.5.v20221102-0933/jre/lib/libjli.so
7fda180e2000-7fda180e3000 rw-p 00011000 07:0b 1322                       /snap/eclipse/66/plugins/org.eclipse.justj.openjdk.hotspot.jre.full.linux.x86_64_17.0.5.v20221102-0933/jre/lib/libjli.so
7fda180e3000-7fda180e5000 r--p 00000000 08:03 131946                     /usr/lib/x86_64-linux-gnu/libz.so.1.2.11
7fda180e5000-7fda180f6000 r-xp 00002000 08:03 131946                     /usr/lib/x86_64-linux-gnu/libz.so.1.2.11
7fda180f6000-7fda180fc000 r--p 00013000 08:03 131946                     /usr/lib/x86_64-linux-gnu/libz.so.1.2.11
7fda180fc000-7fda180fd000 ---p 00019000 08:03 131946                     /usr/lib/x86_64-linux-gnu/libz.so.1.2.11
7fda180fd000-7fda180fe000 r--p 00019000 08:03 131946                     /usr/lib/x86_64-linux-gnu/libz.so.1.2.11
7fda180fe000-7fda180ff000 rw-p 0001a000 08:03 131946                     /usr/lib/x86_64-linux-gnu/libz.so.1.2.11
7fda18105000-7fda1810d000 rw-s 00000000 08:03 393402                     /tmp/hsperfdata_pfr/110153
7fda1810d000-7fda1810e000 ---p 00000000 00:00 0 
7fda1810e000-7fda1810f000 r--p 00000000 00:00 0 
7fda1810f000-7fda18111000 rw-p 00000000 00:00 0 
7fda18111000-7fda18113000 r--p 00000000 08:03 136855                     /usr/lib/x86_64-linux-gnu/ld-linux-x86-64.so.2
7fda18113000-7fda1813d000 r-xp 00002000 08:03 136855                     /usr/lib/x86_64-linux-gnu/ld-linux-x86-64.so.2
7fda1813d000-7fda18148000 r--p 0002c000 08:03 136855                     /usr/lib/x86_64-linux-gnu/ld-linux-x86-64.so.2
7fda18148000-7fda18149000 ---p 00000000 00:00 0 
7fda18149000-7fda1814b000 r--p 00037000 08:03 136855                     /usr/lib/x86_64-linux-gnu/ld-linux-x86-64.so.2
7fda1814b000-7fda1814d000 rw-p 00039000 08:03 136855                     /usr/lib/x86_64-linux-gnu/ld-linux-x86-64.so.2
7ffda151f000-7ffda1540000 rw-p 00000000 00:00 0                          [stack]
7ffda15ef000-7ffda15f3000 r--p 00000000 00:00 0                          [vvar]
7ffda15f3000-7ffda15f5000 r-xp 00000000 00:00 0                          [vdso]
ffffffffff600000-ffffffffff601000 --xp 00000000 00:00 0                  [vsyscall]


VM Arguments:
jvm_args: -Dfile.encoding=UTF-8 -XX:+ShowCodeDetailsInExceptionMessages 
java_command: test.TestJNA
java_class_path (initial): /home/pfr/pfr_code/PFR_Java/bin:/home/pfr/Téléchargements/jar_files/jna-5.13.0.jar
Launcher Type: SUN_STANDARD

[Global flags]
     intx CICompilerCount                          = 3                                         {product} {ergonomic}
     uint ConcGCThreads                            = 2                                         {product} {ergonomic}
     uint G1ConcRefinementThreads                  = 6                                         {product} {ergonomic}
   size_t G1HeapRegionSize                         = 1048576                                   {product} {ergonomic}
    uintx GCDrainStackTargetSize                   = 64                                        {product} {ergonomic}
   size_t InitialHeapSize                          = 65011712                                  {product} {ergonomic}
   size_t MarkStackSize                            = 4194304                                   {product} {ergonomic}
   size_t MaxHeapSize                              = 1021313024                                {product} {ergonomic}
   size_t MaxNewSize                               = 612368384                                 {product} {ergonomic}
   size_t MinHeapDeltaBytes                        = 1048576                                   {product} {ergonomic}
   size_t MinHeapSize                              = 8388608                                   {product} {ergonomic}
    uintx NonNMethodCodeHeapSize                   = 5832780                                {pd product} {ergonomic}
    uintx NonProfiledCodeHeapSize                  = 122912730                              {pd product} {ergonomic}
    uintx ProfiledCodeHeapSize                     = 122912730                              {pd product} {ergonomic}
    uintx ReservedCodeCacheSize                    = 251658240                              {pd product} {ergonomic}
     bool SegmentedCodeCache                       = true                                      {product} {ergonomic}
     bool ShowCodeDetailsInExceptionMessages       = true                                   {manageable} {command line}
   size_t SoftMaxHeapSize                          = 1021313024                             {manageable} {ergonomic}
     bool UseCompressedClassPointers               = true                           {product lp64_product} {ergonomic}
     bool UseCompressedOops                        = true                           {product lp64_product} {ergonomic}
     bool UseG1GC                                  = true                                      {product} {ergonomic}

Logging:
Log output configuration:
 #0: stdout all=warning uptime,level,tags
 #1: stderr all=off uptime,level,tags

Environment Variables:
PATH=/usr/local/sbin:/usr/local/bin:/usr/sbin:/usr/bin:/sbin:/bin:/usr/games:/usr/local/games:/snap/bin:/snap/bin
USERNAME=pfr
SHELL=/bin/bash
DISPLAY=:0
LANG=fr_FR.UTF-8
LC_NUMERIC=sv_SE.UTF-8
LC_TIME=sv_SE.UTF-8

Signal Handlers:
   SIGSEGV: crash_handler in libjvm.so, mask=11100100010111111101111111111110, flags=SA_RESTART|SA_SIGINFO
    SIGBUS: crash_handler in libjvm.so, mask=11100100010111111101111111111110, flags=SA_RESTART|SA_SIGINFO
    SIGFPE: crash_handler in libjvm.so, mask=11100100010111111101111111111110, flags=SA_RESTART|SA_SIGINFO
   SIGPIPE: javaSignalHandler in libjvm.so, mask=11100100010111111101111111111110, flags=SA_RESTART|SA_SIGINFO
   SIGXFSZ: javaSignalHandler in libjvm.so, mask=11100100010111111101111111111110, flags=SA_RESTART|SA_SIGINFO
    SIGILL: crash_handler in libjvm.so, mask=11100100010111111101111111111110, flags=SA_RESTART|SA_SIGINFO
   SIGUSR2: SR_handler in libjvm.so, mask=00100000000000000000000000000000, flags=SA_RESTART|SA_SIGINFO
    SIGHUP: UserHandler in libjvm.so, mask=11100100010111111101111111111110, flags=SA_RESTART|SA_SIGINFO
    SIGINT: UserHandler in libjvm.so, mask=11100100010111111101111111111110, flags=SA_RESTART|SA_SIGINFO
   SIGTERM: UserHandler in libjvm.so, mask=11100100010111111101111111111110, flags=SA_RESTART|SA_SIGINFO
   SIGQUIT: UserHandler in libjvm.so, mask=11100100010111111101111111111110, flags=SA_RESTART|SA_SIGINFO
  *** Handler was modified!
  *** Expected: javaSignalHandler in libjvm.so, mask=11100100110111111111111111111110, flags=SA_RESTART|SA_SIGINFO
   SIGTRAP: crash_handler in libjvm.so, mask=11100100010111111101111111111110, flags=SA_RESTART|SA_SIGINFO


---------------  S Y S T E M  ---------------

OS:
DISTRIB_ID=Ubuntu
DISTRIB_RELEASE=22.04
DISTRIB_CODENAME=jammy
DISTRIB_DESCRIPTION="Ubuntu 22.04.2 LTS"
uname: Linux 5.19.0-35-generic #36~22.04.1-Ubuntu SMP PREEMPT_DYNAMIC Fri Feb 17 15:17:25 UTC 2 x86_64
OS uptime: 0 days 3:52 hours
libc: glibc 2.35 NPTL 2.35 
rlimit (soft/hard): STACK 8192k/infinity , CORE 0k/infinity , NPROC 15243/15243 , NOFILE 1048576/1048576 , AS infinity/infinity , CPU infinity/infinity , DATA infinity/infinity , FSIZE infinity/infinity , MEMLOCK 497764k/497764k
load average: 0,37 0,72 0,85

/proc/meminfo:
MemTotal:        3982132 kB
MemFree:          115280 kB
MemAvailable:     423684 kB
Buffers:            5188 kB
Cached:           590528 kB
SwapCached:       154308 kB
Active:           899512 kB
Inactive:        1490556 kB
Active(anon):     602732 kB
Inactive(anon):  1313592 kB
Active(file):     296780 kB
Inactive(file):   176964 kB
Unevictable:         112 kB
Mlocked:             112 kB
SwapTotal:       2097148 kB
SwapFree:         115316 kB
Zswap:                 0 kB
Zswapped:              0 kB
Dirty:               340 kB
Writeback:           220 kB
AnonPages:       1640644 kB
Mapped:           425796 kB
Shmem:            121796 kB
KReclaimable:      78220 kB
Slab:             649644 kB
SReclaimable:      78220 kB
SUnreclaim:       571424 kB
KernelStack:       22608 kB
PageTables:        48012 kB
NFS_Unstable:          0 kB
Bounce:                0 kB
WritebackTmp:          0 kB
CommitLimit:     4088212 kB
Committed_AS:   11749300 kB
VmallocTotal:   34359738367 kB
VmallocUsed:      578140 kB
VmallocChunk:          0 kB
Percpu:           125440 kB
HardwareCorrupted:     0 kB
AnonHugePages:         0 kB
ShmemHugePages:        0 kB
ShmemPmdMapped:        0 kB
FileHugePages:         0 kB
FilePmdMapped:         0 kB
HugePages_Total:       0
HugePages_Free:        0
HugePages_Rsvd:        0
HugePages_Surp:        0
Hugepagesize:       2048 kB
Hugetlb:               0 kB
DirectMap4k:      284480 kB
DirectMap2M:     3909632 kB
DirectMap1G:     2097152 kB

/sys/kernel/mm/transparent_hugepage/enabled: always [madvise] never
/sys/kernel/mm/transparent_hugepage/defrag (defrag/compaction efforts parameter): always defer defer+madvise [madvise] never

Process Memory:
Virtual Size: 3827516K (peak: 3880820K)
Resident Set Size: 52556K (peak: 52556K) (anon: 26844K, file: 25712K, shmem: 0K)
Swapped out: 0K
C-Heap outstanding allocations: 24399K, retained: 2360K
glibc malloc tunables: (default)

/proc/sys/kernel/threads-max (system-wide limit on the number of threads): 30487
/proc/sys/vm/max_map_count (maximum number of memory map areas a process may have): 65530
/proc/sys/kernel/pid_max (system-wide limit on number of process identifiers): 4194304

container (cgroup) information:
container_type: cgroupv2
cpu_cpuset_cpus: not supported
cpu_memory_nodes: not supported
active_processor_count: 6
cpu_quota: not supported
cpu_period: not supported
cpu_shares: not supported
memory_limit_in_bytes: unlimited
memory_and_swap_limit_in_bytes: unlimited
memory_soft_limit_in_bytes: unlimited
memory_usage_in_bytes: 684292 k
memory_max_usage_in_bytes: not supported
maximum number of tasks: 4573
current number of tasks: 142

VMWare virtualization detected
Steal ticks since vm start: 0
Steal ticks percentage since vm start:  0,000

CPU: total 6 (initial active 6) (3 cores per cpu, 1 threads per core) family 6 model 140 stepping 1 microcode 0x86, cx8, cmov, fxsr, mmx, 3dnowpref, sse, sse2, sse3, ssse3, sse4.1, sse4.2, popcnt, lzcnt, tsc, tscinvbit, avx, avx2, aes, erms, clmul, bmi1, bmi2, adx, avx512f, avx512dq, avx512cd, avx512bw, avx512vl, sha, fma, vzeroupper, avx512_vpopcntdq, avx512_vpclmulqdq, avx512_vaes, avx512_vnni, clflush, clflushopt, clwb, avx512_vbmi2, avx512_vbmi, hv
CPU Model and flags from /proc/cpuinfo:
model name	: 11th Gen Intel(R) Core(TM) i7-11370H @ 3.30GHz
flags		: fpu vme de pse tsc msr pae mce cx8 apic sep mtrr pge mca cmov pat pse36 clflush mmx fxsr sse sse2 ss ht syscall nx pdpe1gb rdtscp lm constant_tsc arch_perfmon rep_good nopl xtopology tsc_reliable nonstop_tsc cpuid tsc_known_freq pni pclmulqdq ssse3 fma cx16 pcid sse4_1 sse4_2 x2apic movbe popcnt tsc_deadline_timer aes xsave avx f16c rdrand hypervisor lahf_lm abm 3dnowprefetch invpcid_single ssbd ibrs ibpb stibp ibrs_enhanced fsgsbase tsc_adjust bmi1 avx2 smep bmi2 erms invpcid avx512f avx512dq rdseed adx smap avx512ifma clflushopt clwb avx512cd sha_ni avx512bw avx512vl xsaveopt xsavec xgetbv1 xsaves arat avx512vbmi umip pku ospke avx512_vbmi2 gfni vaes vpclmulqdq avx512_vnni avx512_bitalg avx512_vpopcntdq rdpid movdiri movdir64b fsrm avx512_vp2intersect md_clear flush_l1d arch_capabilities

Online cpus: 0-5
Offline cpus: 6-127
BIOS frequency limitation: <Not Available>
Frequency switch latency (ns): <Not Available>
Available cpu frequencies: <Not Available>
Current governor: <Not Available>
Core performance/turbo boost: <Not Available>

Memory: 4k page, physical 3982132k(116568k free), swap 2097148k(115204k free)
Page Sizes: 4k

vm_info: OpenJDK 64-Bit Server VM (17.0.5+8) for linux-amd64 JRE (17.0.5+8), built on Oct 18 2022 00:00:00 by "temurin" with gcc 10.3.0

END.
