#
# A fatal error has been detected by the Java Runtime Environment:
#
#  SIGSEGV (0xb) at pc=0x00007fb0ffdb2163, pid=110205, tid=110210
#
# JRE version: OpenJDK Runtime Environment Temurin-17.0.5+8 (17.0.5+8) (build 17.0.5+8)
# Java VM: OpenJDK 64-Bit Server VM Temurin-17.0.5+8 (17.0.5+8, mixed mode, tiered, compressed oops, compressed class ptrs, g1 gc, linux-amd64)
# Problematic frame:
# C  [libc.so.6+0x1b2163]
#
# Core dump will be written. Default location: Core dumps may be processed with "/usr/share/apport/apport -p%p -s%s -c%c -d%d -P%P -u%u -g%g -- %E" (or dumping to /home/pfr/pfr_code/PFR_Java/core.110205)
#
# If you would like to submit a bug report, please visit:
#   https://github.com/adoptium/adoptium-support/issues
# The crash happened outside the Java Virtual Machine in native code.
# See problematic frame for where to report the bug.
#

---------------  S U M M A R Y ------------

Command Line: -Dfile.encoding=UTF-8 -XX:+ShowCodeDetailsInExceptionMessages test.TestJNA

Host: 11th Gen Intel(R) Core(TM) i7-11370H @ 3.30GHz, 6 cores, 3G, Ubuntu 22.04.2 LTS
Time: Wed Mar 22 01:01:29 2023 CET elapsed time: 0.460837 seconds (0d 0h 0m 0s)

---------------  T H R E A D  ---------------

Current thread (0x00007fb0f8025d60):  JavaThread "main" [_thread_in_native, id=110210, stack(0x00007fb0fe6da000,0x00007fb0fe7da000)]

Stack: [0x00007fb0fe6da000,0x00007fb0fe7da000],  sp=0x00007fb0fe7d77a8,  free space=1013k
Native frames: (J=compiled Java code, j=interpreted, Vv=VM code, C=native code)
C  [libc.so.6+0x1b2163]
C  [jna3384145148754201416.tmp+0x16052]

Java frames: (J=compiled Java code, j=interpreted, Vv=VM code)
j  com.sun.jna.Native.invokeVoid(Lcom/sun/jna/Function;JI[Ljava/lang/Object;)V+0
j  com.sun.jna.Function.invoke([Ljava/lang/Object;Ljava/lang/Class;ZI)Ljava/lang/Object;+42
j  com.sun.jna.Function.invoke(Ljava/lang/reflect/Method;[Ljava/lang/Class;Ljava/lang/Class;[Ljava/lang/Object;Ljava/util/Map;)Ljava/lang/Object;+271
j  com.sun.jna.Library$Handler.invoke(Ljava/lang/Object;Ljava/lang/reflect/Method;[Ljava/lang/Object;)Ljava/lang/Object;+390
j  jdk.proxy1.$Proxy0.recherchecouleur(IFLjava/lang/String;)V+30 jdk.proxy1
j  test.TestJNA.main([Ljava/lang/String;)V+13
v  ~StubRoutines::call_stub

siginfo: si_signo: 11 (SIGSEGV), si_code: 1 (SEGV_MAPERR), si_addr: 0x0000000000000000

Register to memory mapping:

RAX=0x0 is NULL
RBX=0x00007fb0fe7d7d30 is pointing into the stack for thread: 0x00007fb0f8025d60
RCX=0x0000000000007fb0 is an unknown value
RDX=0x0000000000000002 is an unknown value
RSP=0x00007fb0fe7d77a8 is pointing into the stack for thread: 0x00007fb0f8025d60
RBP=0x00007fb0fe7d7db0 is pointing into the stack for thread: 0x00007fb0f8025d60
RSI=0x00007fb0fe7d7d14 is pointing into the stack for thread: 0x00007fb0f8025d60
RDI=0x0 is NULL
R8 =0x00007fb0f813f4e0 points into unknown readable memory: 0x00007fb7fbad2488 | 88 24 ad fb b7 7f 00 00
R9 =0x0 is NULL
R10=0x00007fb0ffc0adb8: <offset 0x000000000000adb8> in /lib/x86_64-linux-gnu/libc.so.6 at 0x00007fb0ffc00000
R11=0x00007fb0ffdb1dd0: <offset 0x00000000001b1dd0> in /lib/x86_64-linux-gnu/libc.so.6 at 0x00007fb0ffc00000
R12=0x0000000000000032 is an unknown value
R13=0x0 is NULL
R14=0x0000000000000032 is an unknown value
R15=0x0 is NULL


Registers:
RAX=0x0000000000000000, RBX=0x00007fb0fe7d7d30, RCX=0x0000000000007fb0, RDX=0x0000000000000002
RSP=0x00007fb0fe7d77a8, RBP=0x00007fb0fe7d7db0, RSI=0x00007fb0fe7d7d14, RDI=0x0000000000000000
R8 =0x00007fb0f813f4e0, R9 =0x0000000000000000, R10=0x00007fb0ffc0adb8, R11=0x00007fb0ffdb1dd0
R12=0x0000000000000032, R13=0x0000000000000000, R14=0x0000000000000032, R15=0x0000000000000000
RIP=0x00007fb0ffdb2163, EFLAGS=0x0000000000010202, CSGSFS=0x002b000000000033, ERR=0x0000000000000006
  TRAPNO=0x000000000000000e

Top of Stack: (sp=0x00007fb0fe7d77a8)
0x00007fb0fe7d77a8:   00007fb0fc00fdff f8389ff000000bb9
0x00007fb0fe7d77b8:   00007478742e3130 2c2c2c2c2c2c2c2c
0x00007fb0fe7d77c8:   000000002c2c2c2c 2c2c2c2cd400e800
0x00007fb0fe7d77d8:   2c2c2c2c2c2c2c2c 0000000000000000 

Instructions: (pc=0x00007fb0ffdb2163)
0x00007fb0ffdb2063:   fe 28 7f 1f 62 b3 7d 20 3f c2 00 c5 fb 93 d0 85
0x00007fb0ffdb2073:   d2 75 6a 48 83 e6 e0 83 e1 1f e9 ae fd ff ff 66
0x00007fb0ffdb2083:   66 2e 0f 1f 84 00 00 00 00 00 0f 1f 00 48 01 cf
0x00007fb0ffdb2093:   48 01 ce 0f bc d2 83 fa 20 0f 83 3e 01 00 00 83
0x00007fb0ffdb20a3:   fa 10 0f 83 05 01 00 00 83 fa 08 0f 83 dc 00 00
0x00007fb0ffdb20b3:   00 83 fa 04 0f 83 c3 00 00 00 83 fa 03 0f 84 aa
0x00007fb0ffdb20c3:   00 00 00 83 fa 01 0f 87 91 00 00 00 74 7f c6 07
0x00007fb0ffdb20d3:   00 c3 66 66 2e 0f 1f 84 00 00 00 00 00 48 83 c6
0x00007fb0ffdb20e3:   20 48 83 c7 20 eb ac 66 0f 1f 44 00 00 0f bc d2
0x00007fb0ffdb20f3:   48 01 ce 83 c2 20 29 ca eb 9c 0f 1f 00 0f bc d2
0x00007fb0ffdb2103:   eb 94 66 66 2e 0f 1f 84 00 00 00 00 00 0f bc d1
0x00007fb0ffdb2113:   62 e1 fe 28 7f 27 48 83 c6 20 48 83 c7 20 e9 73
0x00007fb0ffdb2123:   ff ff ff 66 2e 0f 1f 84 00 00 00 00 00 0f bc d2
0x00007fb0ffdb2133:   62 e1 fe 28 7f 27 62 e1 fe 28 7f 6f 01 48 83 c6
0x00007fb0ffdb2143:   40 48 83 c7 40 e9 4c ff ff ff 0f 1f 00 0f b7 16
0x00007fb0ffdb2153:   66 89 17 c3 66 0f 1f 84 00 00 00 00 00 0f b7 0e
0x00007fb0ffdb2163:   66 89 0f c6 47 02 00 c3 0f 1f 44 00 00 8b 16 89
0x00007fb0ffdb2173:   17 c3 66 66 2e 0f 1f 84 00 00 00 00 00 8b 0e 89
0x00007fb0ffdb2183:   0f 8b 4c 16 fd 89 4c 17 fd c3 0f 1f 00 48 8b 0e
0x00007fb0ffdb2193:   4c 8b 4c 16 f9 48 89 0f 4c 89 4c 17 f9 c3 66 66
0x00007fb0ffdb21a3:   2e 0f 1f 84 00 00 00 00 00 0f 1f 40 00 62 e1 fe
0x00007fb0ffdb21b3:   08 6f 16 62 e1 fe 08 6f 9c 16 f1 ff ff ff 62 e1
0x00007fb0ffdb21c3:   fe 08 7f 17 62 e1 fe 08 7f 9c 17 f1 ff ff ff c3
0x00007fb0ffdb21d3:   66 66 2e 0f 1f 84 00 00 00 00 00 66 90 62 e1 fe
0x00007fb0ffdb21e3:   28 6f 16 62 e1 fe 28 6f 9c 16 e1 ff ff ff 62 e1
0x00007fb0ffdb21f3:   fe 28 7f 17 62 e1 fe 28 7f 9c 17 e1 ff ff ff c3
0x00007fb0ffdb2203:   66 2e 0f 1f 84 00 00 00 00 00 66 2e 0f 1f 84 00
0x00007fb0ffdb2213:   00 00 00 00 66 0f 1f 84 00 00 00 00 00 f3 0f 1e
0x00007fb0ffdb2223:   fa 89 f8 62 a1 fd 00 ef c0 25 ff 0f 00 00 3d e0
0x00007fb0ffdb2233:   0f 00 00 0f 87 34 01 00 00 62 f3 7d 20 3f 07 00
0x00007fb0ffdb2243:   c5 fb 93 c0 85 c0 74 55 f3 0f bc c0 c3 f3 0f bc
0x00007fb0ffdb2253:   c0 29 d7 8d 44 07 20 c3 0f 1f 44 00 00 f3 0f bc 


Stack slot to memory mapping:
stack at sp + 0 slots: 0x00007fb0fc00fdff: recherchecouleur+0x00000000000002f4 in /home/pfr/pfr_code/image/src/libImage.so at 0x00007fb0fc00a000
stack at sp + 1 slots: 0xf8389ff000000bb9 is an unknown value
stack at sp + 2 slots: 0x00007478742e3130 is an unknown value
stack at sp + 3 slots: 0x2c2c2c2c2c2c2c2c is an unknown value
stack at sp + 4 slots: 0x000000002c2c2c2c is an unknown value
stack at sp + 5 slots: 0x2c2c2c2cd400e800 is an unknown value
stack at sp + 6 slots: 0x2c2c2c2c2c2c2c2c is an unknown value
stack at sp + 7 slots: 0x0 is NULL


---------------  P R O C E S S  ---------------

Threads class SMR info:
_java_thread_list=0x00007fb0f8316040, length=13, elements={
0x00007fb0f8025d60, 0x00007fb0f81421c0, 0x00007fb0f8143810, 0x00007fb0f8174a50,
0x00007fb0f8175e00, 0x00007fb0f8177210, 0x00007fb0f8178890, 0x00007fb0f8179d70,
0x00007fb0f817b200, 0x00007fb0f820ad40, 0x00007fb0f8212420, 0x00007fb0f8321710,
0x00007fb0f8314740
}

Java Threads: ( => current thread )
=>0x00007fb0f8025d60 JavaThread "main" [_thread_in_native, id=110210, stack(0x00007fb0fe6da000,0x00007fb0fe7da000)]
  0x00007fb0f81421c0 JavaThread "Reference Handler" daemon [_thread_blocked, id=110217, stack(0x00007fb0e45e2000,0x00007fb0e46e2000)]
  0x00007fb0f8143810 JavaThread "Finalizer" daemon [_thread_blocked, id=110218, stack(0x00007fb0e44e2000,0x00007fb0e45e2000)]
  0x00007fb0f8174a50 JavaThread "Signal Dispatcher" daemon [_thread_blocked, id=110219, stack(0x00007fb0e43e2000,0x00007fb0e44e2000)]
  0x00007fb0f8175e00 JavaThread "Service Thread" daemon [_thread_blocked, id=110220, stack(0x00007fb0e42e2000,0x00007fb0e43e2000)]
  0x00007fb0f8177210 JavaThread "Monitor Deflation Thread" daemon [_thread_blocked, id=110221, stack(0x00007fb0e41e2000,0x00007fb0e42e2000)]
  0x00007fb0f8178890 JavaThread "C2 CompilerThread0" daemon [_thread_in_native, id=110222, stack(0x00007fb0e40e2000,0x00007fb0e41e2000)]
  0x00007fb0f8179d70 JavaThread "C1 CompilerThread0" daemon [_thread_blocked, id=110223, stack(0x00007fb0d5700000,0x00007fb0d5800000)]
  0x00007fb0f817b200 JavaThread "Sweeper thread" daemon [_thread_blocked, id=110224, stack(0x00007fb0d4500000,0x00007fb0d4600000)]
  0x00007fb0f820ad40 JavaThread "Notification Thread" daemon [_thread_blocked, id=110225, stack(0x00007fb0d4400000,0x00007fb0d4500000)]
  0x00007fb0f8212420 JavaThread "Common-Cleaner" daemon [_thread_blocked, id=110227, stack(0x00007fb0d41fe000,0x00007fb0d42fe000)]
  0x00007fb0f8321710 JavaThread "process reaper" daemon [_thread_blocked, id=110229, stack(0x00007fb0e4060000,0x00007fb0e4082000)]
  0x00007fb0f8314740 JavaThread "JNA Cleaner" daemon [_thread_blocked, id=110230, stack(0x00007fb0d40fe000,0x00007fb0d41fe000)]

Other Threads:
  0x00007fb0f80f27e0 VMThread "VM Thread" [stack: 0x00007fb0e46e4000,0x00007fb0e47e4000] [id=110216]
  0x00007fb0f8195f40 WatcherThread [stack: 0x00007fb0d4300000,0x00007fb0d4400000] [id=110226]
  0x00007fb0f8062850 GCTaskThread "GC Thread#0" [stack: 0x00007fb0fc8c6000,0x00007fb0fc9c6000] [id=110211]
  0x00007fb0f806b800 ConcurrentGCThread "G1 Main Marker" [stack: 0x00007fb0fc7c4000,0x00007fb0fc8c4000] [id=110212]
  0x00007fb0f806c760 ConcurrentGCThread "G1 Conc#0" [stack: 0x00007fb0fc6c2000,0x00007fb0fc7c2000] [id=110213]
  0x00007fb0f80b04e0 ConcurrentGCThread "G1 Refine#0" [stack: 0x00007fb0e4969000,0x00007fb0e4a69000] [id=110214]
  0x00007fb0f80b13d0 ConcurrentGCThread "G1 Service" [stack: 0x00007fb0e4867000,0x00007fb0e4967000] [id=110215]

Threads with active compile tasks:

VM state: not at safepoint (normal execution)

VM Mutex/Monitor currently owned by a thread: None

Heap address: 0x00000000c3200000, size: 974 MB, Compressed Oops mode: 32-bit

CDS archive(s) not mapped
Compressed class space mapped at: 0x0000000100000000-0x0000000140000000, reserved size: 1073741824
Narrow klass base: 0x0000000000000000, Narrow klass shift: 3, Narrow klass range: 0x140000000

GC Precious Log:
 CPUs: 6 total, 6 available
 Memory: 3888M
 Large Page Support: Disabled
 NUMA Support: Disabled
 Compressed Oops: Enabled (32-bit)
 Heap Region Size: 1M
 Heap Min Capacity: 8M
 Heap Initial Capacity: 62M
 Heap Max Capacity: 974M
 Pre-touch: Disabled
 Parallel Workers: 6
 Concurrent Workers: 2
 Concurrent Refinement Workers: 6
 Periodic GC: Disabled

Heap:
 garbage-first heap   total 63488K, used 4096K [0x00000000c3200000, 0x0000000100000000)
  region size 1024K, 5 young (5120K), 0 survivors (0K)
 Metaspace       used 8804K, committed 8896K, reserved 1064960K
  class space    used 794K, committed 832K, reserved 1048576K

Heap Regions: E=young(eden), S=young(survivor), O=old, HS=humongous(starts), HC=humongous(continues), CS=collection set, F=free, OA=open archive, CA=closed archive, TAMS=top-at-mark-start (previous, next)
|   0|0x00000000c3200000, 0x00000000c3200000, 0x00000000c3300000|  0%| F|  |TAMS 0x00000000c3200000, 0x00000000c3200000| Untracked 
|   1|0x00000000c3300000, 0x00000000c3300000, 0x00000000c3400000|  0%| F|  |TAMS 0x00000000c3300000, 0x00000000c3300000| Untracked 
|   2|0x00000000c3400000, 0x00000000c3400000, 0x00000000c3500000|  0%| F|  |TAMS 0x00000000c3400000, 0x00000000c3400000| Untracked 
|   3|0x00000000c3500000, 0x00000000c3500000, 0x00000000c3600000|  0%| F|  |TAMS 0x00000000c3500000, 0x00000000c3500000| Untracked 
|   4|0x00000000c3600000, 0x00000000c3600000, 0x00000000c3700000|  0%| F|  |TAMS 0x00000000c3600000, 0x00000000c3600000| Untracked 
|   5|0x00000000c3700000, 0x00000000c3700000, 0x00000000c3800000|  0%| F|  |TAMS 0x00000000c3700000, 0x00000000c3700000| Untracked 
|   6|0x00000000c3800000, 0x00000000c3800000, 0x00000000c3900000|  0%| F|  |TAMS 0x00000000c3800000, 0x00000000c3800000| Untracked 
|   7|0x00000000c3900000, 0x00000000c3900000, 0x00000000c3a00000|  0%| F|  |TAMS 0x00000000c3900000, 0x00000000c3900000| Untracked 
|   8|0x00000000c3a00000, 0x00000000c3a00000, 0x00000000c3b00000|  0%| F|  |TAMS 0x00000000c3a00000, 0x00000000c3a00000| Untracked 
|   9|0x00000000c3b00000, 0x00000000c3b00000, 0x00000000c3c00000|  0%| F|  |TAMS 0x00000000c3b00000, 0x00000000c3b00000| Untracked 
|  10|0x00000000c3c00000, 0x00000000c3c00000, 0x00000000c3d00000|  0%| F|  |TAMS 0x00000000c3c00000, 0x00000000c3c00000| Untracked 
|  11|0x00000000c3d00000, 0x00000000c3d00000, 0x00000000c3e00000|  0%| F|  |TAMS 0x00000000c3d00000, 0x00000000c3d00000| Untracked 
|  12|0x00000000c3e00000, 0x00000000c3e00000, 0x00000000c3f00000|  0%| F|  |TAMS 0x00000000c3e00000, 0x00000000c3e00000| Untracked 
|  13|0x00000000c3f00000, 0x00000000c3f00000, 0x00000000c4000000|  0%| F|  |TAMS 0x00000000c3f00000, 0x00000000c3f00000| Untracked 
|  14|0x00000000c4000000, 0x00000000c4000000, 0x00000000c4100000|  0%| F|  |TAMS 0x00000000c4000000, 0x00000000c4000000| Untracked 
|  15|0x00000000c4100000, 0x00000000c4100000, 0x00000000c4200000|  0%| F|  |TAMS 0x00000000c4100000, 0x00000000c4100000| Untracked 
|  16|0x00000000c4200000, 0x00000000c4200000, 0x00000000c4300000|  0%| F|  |TAMS 0x00000000c4200000, 0x00000000c4200000| Untracked 
|  17|0x00000000c4300000, 0x00000000c4300000, 0x00000000c4400000|  0%| F|  |TAMS 0x00000000c4300000, 0x00000000c4300000| Untracked 
|  18|0x00000000c4400000, 0x00000000c4400000, 0x00000000c4500000|  0%| F|  |TAMS 0x00000000c4400000, 0x00000000c4400000| Untracked 
|  19|0x00000000c4500000, 0x00000000c4500000, 0x00000000c4600000|  0%| F|  |TAMS 0x00000000c4500000, 0x00000000c4500000| Untracked 
|  20|0x00000000c4600000, 0x00000000c4600000, 0x00000000c4700000|  0%| F|  |TAMS 0x00000000c4600000, 0x00000000c4600000| Untracked 
|  21|0x00000000c4700000, 0x00000000c4700000, 0x00000000c4800000|  0%| F|  |TAMS 0x00000000c4700000, 0x00000000c4700000| Untracked 
|  22|0x00000000c4800000, 0x00000000c4800000, 0x00000000c4900000|  0%| F|  |TAMS 0x00000000c4800000, 0x00000000c4800000| Untracked 
|  23|0x00000000c4900000, 0x00000000c4900000, 0x00000000c4a00000|  0%| F|  |TAMS 0x00000000c4900000, 0x00000000c4900000| Untracked 
|  24|0x00000000c4a00000, 0x00000000c4a00000, 0x00000000c4b00000|  0%| F|  |TAMS 0x00000000c4a00000, 0x00000000c4a00000| Untracked 
|  25|0x00000000c4b00000, 0x00000000c4b00000, 0x00000000c4c00000|  0%| F|  |TAMS 0x00000000c4b00000, 0x00000000c4b00000| Untracked 
|  26|0x00000000c4c00000, 0x00000000c4c00000, 0x00000000c4d00000|  0%| F|  |TAMS 0x00000000c4c00000, 0x00000000c4c00000| Untracked 
|  27|0x00000000c4d00000, 0x00000000c4d00000, 0x00000000c4e00000|  0%| F|  |TAMS 0x00000000c4d00000, 0x00000000c4d00000| Untracked 
|  28|0x00000000c4e00000, 0x00000000c4e00000, 0x00000000c4f00000|  0%| F|  |TAMS 0x00000000c4e00000, 0x00000000c4e00000| Untracked 
|  29|0x00000000c4f00000, 0x00000000c4f00000, 0x00000000c5000000|  0%| F|  |TAMS 0x00000000c4f00000, 0x00000000c4f00000| Untracked 
|  30|0x00000000c5000000, 0x00000000c5000000, 0x00000000c5100000|  0%| F|  |TAMS 0x00000000c5000000, 0x00000000c5000000| Untracked 
|  31|0x00000000c5100000, 0x00000000c5100000, 0x00000000c5200000|  0%| F|  |TAMS 0x00000000c5100000, 0x00000000c5100000| Untracked 
|  32|0x00000000c5200000, 0x00000000c5200000, 0x00000000c5300000|  0%| F|  |TAMS 0x00000000c5200000, 0x00000000c5200000| Untracked 
|  33|0x00000000c5300000, 0x00000000c5300000, 0x00000000c5400000|  0%| F|  |TAMS 0x00000000c5300000, 0x00000000c5300000| Untracked 
|  34|0x00000000c5400000, 0x00000000c5400000, 0x00000000c5500000|  0%| F|  |TAMS 0x00000000c5400000, 0x00000000c5400000| Untracked 
|  35|0x00000000c5500000, 0x00000000c5500000, 0x00000000c5600000|  0%| F|  |TAMS 0x00000000c5500000, 0x00000000c5500000| Untracked 
|  36|0x00000000c5600000, 0x00000000c5600000, 0x00000000c5700000|  0%| F|  |TAMS 0x00000000c5600000, 0x00000000c5600000| Untracked 
|  37|0x00000000c5700000, 0x00000000c5700000, 0x00000000c5800000|  0%| F|  |TAMS 0x00000000c5700000, 0x00000000c5700000| Untracked 
|  38|0x00000000c5800000, 0x00000000c5800000, 0x00000000c5900000|  0%| F|  |TAMS 0x00000000c5800000, 0x00000000c5800000| Untracked 
|  39|0x00000000c5900000, 0x00000000c5900000, 0x00000000c5a00000|  0%| F|  |TAMS 0x00000000c5900000, 0x00000000c5900000| Untracked 
|  40|0x00000000c5a00000, 0x00000000c5a00000, 0x00000000c5b00000|  0%| F|  |TAMS 0x00000000c5a00000, 0x00000000c5a00000| Untracked 
|  41|0x00000000c5b00000, 0x00000000c5b00000, 0x00000000c5c00000|  0%| F|  |TAMS 0x00000000c5b00000, 0x00000000c5b00000| Untracked 
|  42|0x00000000c5c00000, 0x00000000c5c00000, 0x00000000c5d00000|  0%| F|  |TAMS 0x00000000c5c00000, 0x00000000c5c00000| Untracked 
|  43|0x00000000c5d00000, 0x00000000c5d00000, 0x00000000c5e00000|  0%| F|  |TAMS 0x00000000c5d00000, 0x00000000c5d00000| Untracked 
|  44|0x00000000c5e00000, 0x00000000c5e00000, 0x00000000c5f00000|  0%| F|  |TAMS 0x00000000c5e00000, 0x00000000c5e00000| Untracked 
|  45|0x00000000c5f00000, 0x00000000c5f00000, 0x00000000c6000000|  0%| F|  |TAMS 0x00000000c5f00000, 0x00000000c5f00000| Untracked 
|  46|0x00000000c6000000, 0x00000000c6000000, 0x00000000c6100000|  0%| F|  |TAMS 0x00000000c6000000, 0x00000000c6000000| Untracked 
|  47|0x00000000c6100000, 0x00000000c6100000, 0x00000000c6200000|  0%| F|  |TAMS 0x00000000c6100000, 0x00000000c6100000| Untracked 
|  48|0x00000000c6200000, 0x00000000c6200000, 0x00000000c6300000|  0%| F|  |TAMS 0x00000000c6200000, 0x00000000c6200000| Untracked 
|  49|0x00000000c6300000, 0x00000000c6300000, 0x00000000c6400000|  0%| F|  |TAMS 0x00000000c6300000, 0x00000000c6300000| Untracked 
|  50|0x00000000c6400000, 0x00000000c6400000, 0x00000000c6500000|  0%| F|  |TAMS 0x00000000c6400000, 0x00000000c6400000| Untracked 
|  51|0x00000000c6500000, 0x00000000c6500000, 0x00000000c6600000|  0%| F|  |TAMS 0x00000000c6500000, 0x00000000c6500000| Untracked 
|  52|0x00000000c6600000, 0x00000000c6600000, 0x00000000c6700000|  0%| F|  |TAMS 0x00000000c6600000, 0x00000000c6600000| Untracked 
|  53|0x00000000c6700000, 0x00000000c6700000, 0x00000000c6800000|  0%| F|  |TAMS 0x00000000c6700000, 0x00000000c6700000| Untracked 
|  54|0x00000000c6800000, 0x00000000c6800000, 0x00000000c6900000|  0%| F|  |TAMS 0x00000000c6800000, 0x00000000c6800000| Untracked 
|  55|0x00000000c6900000, 0x00000000c6900000, 0x00000000c6a00000|  0%| F|  |TAMS 0x00000000c6900000, 0x00000000c6900000| Untracked 
|  56|0x00000000c6a00000, 0x00000000c6a00000, 0x00000000c6b00000|  0%| F|  |TAMS 0x00000000c6a00000, 0x00000000c6a00000| Untracked 
|  57|0x00000000c6b00000, 0x00000000c6b6c078, 0x00000000c6c00000| 42%| E|  |TAMS 0x00000000c6b00000, 0x00000000c6b00000| Complete 
|  58|0x00000000c6c00000, 0x00000000c6d00000, 0x00000000c6d00000|100%| E|CS|TAMS 0x00000000c6c00000, 0x00000000c6c00000| Complete 
|  59|0x00000000c6d00000, 0x00000000c6e00000, 0x00000000c6e00000|100%| E|CS|TAMS 0x00000000c6d00000, 0x00000000c6d00000| Complete 
|  60|0x00000000c6e00000, 0x00000000c6f00000, 0x00000000c6f00000|100%| E|CS|TAMS 0x00000000c6e00000, 0x00000000c6e00000| Complete 
|  61|0x00000000c6f00000, 0x00000000c7000000, 0x00000000c7000000|100%| E|CS|TAMS 0x00000000c6f00000, 0x00000000c6f00000| Complete 

Card table byte_map: [0x00007fb0fdb24000,0x00007fb0fdd0b000] _byte_map_base: 0x00007fb0fd50b000

Marking Bits (Prev, Next): (CMBitMap*) 0x00007fb0f80632d0, (CMBitMap*) 0x00007fb0f8063310
 Prev Bits: [0x00007fb0fca05000, 0x00007fb0fd93d000)
 Next Bits: [0x00007fb0e4a69000, 0x00007fb0e59a1000)

Polling page: 0x00007fb0ffec3000

Metaspace:

Usage:
  Non-class:      7,82 MB used.
      Class:    794,77 KB used.
       Both:      8,60 MB used.

Virtual space:
  Non-class space:       16,00 MB reserved,       7,88 MB ( 49%) committed,  2 nodes.
      Class space:        1,00 GB reserved,     832,00 KB ( <1%) committed,  1 nodes.
             Both:        1,02 GB reserved,       8,69 MB ( <1%) committed. 

Chunk freelists:
   Non-Class:  3,95 MB
       Class:  3,20 MB
        Both:  7,15 MB

MaxMetaspaceSize: unlimited
CompressedClassSpaceSize: 1,00 GB
Initial GC threshold: 21,00 MB
Current GC threshold: 21,00 MB
CDS: off
MetaspaceReclaimPolicy: balanced
 - commit_granule_bytes: 65536.
 - commit_granule_words: 8192.
 - virtual_space_node_default_size: 1048576.
 - enlarge_chunks_in_place: 1.
 - new_chunks_are_fully_committed: 0.
 - uncommit_free_chunks: 1.
 - use_allocation_guard: 0.
 - handle_deallocations: 1.


Internal statistics:

num_allocs_failed_limit: 0.
num_arena_births: 24.
num_arena_deaths: 0.
num_vsnodes_births: 3.
num_vsnodes_deaths: 0.
num_space_committed: 139.
num_space_uncommitted: 0.
num_chunks_returned_to_freelist: 0.
num_chunks_taken_from_freelist: 61.
num_chunk_merges: 0.
num_chunk_splits: 33.
num_chunks_enlarged: 23.
num_purges: 0.
num_inconsistent_stats: 0.

CodeHeap 'non-profiled nmethods': size=120032Kb used=109Kb max_used=109Kb free=119922Kb
 bounds [0x00007fb0ed469000, 0x00007fb0ed6d9000, 0x00007fb0f49a1000]
CodeHeap 'profiled nmethods': size=120028Kb used=408Kb max_used=408Kb free=119619Kb
 bounds [0x00007fb0e5f32000, 0x00007fb0e61a2000, 0x00007fb0ed469000]
CodeHeap 'non-nmethods': size=5700Kb used=1137Kb max_used=1157Kb free=4562Kb
 bounds [0x00007fb0e59a1000, 0x00007fb0e5c11000, 0x00007fb0e5f32000]
 total_blobs=743 nmethods=327 adapters=330
 compilation: enabled
              stopped_count=0, restarted_count=0
 full_count=0

Compilation events (20 events):
Event: 0,448 Thread 0x00007fb0f8179d70  317       3       jdk.internal.org.objectweb.asm.Frame::push (109 bytes)
Event: 0,448 Thread 0x00007fb0f8179d70 nmethod 317 0x00007fb0e5f95210 code [0x00007fb0e5f953e0, 0x00007fb0e5f95940]
Event: 0,448 Thread 0x00007fb0f8179d70  319       3       jdk.internal.org.objectweb.asm.Frame::merge (317 bytes)
Event: 0,449 Thread 0x00007fb0f8179d70 nmethod 319 0x00007fb0e5f95b10 code [0x00007fb0e5f95d40, 0x00007fb0e5f966c0]
Event: 0,449 Thread 0x00007fb0f8179d70  318       3       jdk.internal.org.objectweb.asm.ByteVector::put12 (64 bytes)
Event: 0,449 Thread 0x00007fb0f8179d70 nmethod 318 0x00007fb0e5f96890 code [0x00007fb0e5f96a40, 0x00007fb0e5f96c60]
Event: 0,449 Thread 0x00007fb0f8179d70  322       3       jdk.internal.org.objectweb.asm.MethodWriter::visitInsn (115 bytes)
Event: 0,449 Thread 0x00007fb0f8179d70 nmethod 322 0x00007fb0e5f96e10 code [0x00007fb0e5f97000, 0x00007fb0e5f973e0]
Event: 0,449 Thread 0x00007fb0f8179d70  324       3       jdk.internal.org.objectweb.asm.Frame::pop (44 bytes)
Event: 0,450 Thread 0x00007fb0f8179d70 nmethod 324 0x00007fb0e5f97590 code [0x00007fb0e5f97740, 0x00007fb0e5f978d0]
Event: 0,450 Thread 0x00007fb0f8179d70  320       1       jdk.internal.org.objectweb.asm.SymbolTable::getMajorVersion (5 bytes)
Event: 0,450 Thread 0x00007fb0f8179d70 nmethod 320 0x00007fb0ed480b10 code [0x00007fb0ed480ca0, 0x00007fb0ed480d70]
Event: 0,450 Thread 0x00007fb0f8179d70  323       3       jdk.internal.org.objectweb.asm.Label::getCanonicalInstance (19 bytes)
Event: 0,450 Thread 0x00007fb0f8179d70 nmethod 323 0x00007fb0e5f97990 code [0x00007fb0e5f97b20, 0x00007fb0e5f97c90]
Event: 0,450 Thread 0x00007fb0f8179d70  316       3       jdk.internal.org.objectweb.asm.ByteVector::put122 (93 bytes)
Event: 0,450 Thread 0x00007fb0f8179d70 nmethod 316 0x00007fb0e5f97d90 code [0x00007fb0e5f97f40, 0x00007fb0e5f981c0]
Event: 0,450 Thread 0x00007fb0f8179d70  327       1       java.lang.reflect.Method::getSharedParameterTypes (5 bytes)
Event: 0,450 Thread 0x00007fb0f8179d70 nmethod 327 0x00007fb0ed480e10 code [0x00007fb0ed480fa0, 0x00007fb0ed481070]
Event: 0,455 Thread 0x00007fb0f8178890 nmethod 293% 0x00007fb0ed481110 code [0x00007fb0ed481340, 0x00007fb0ed482c80]
Event: 0,455 Thread 0x00007fb0f8178890  292       4       java.lang.StringLatin1::indexOf (121 bytes)

GC Heap History (0 events):
No events

Dll operation events (5 events):
Event: 0,002 Loaded shared library /snap/eclipse/66/plugins/org.eclipse.justj.openjdk.hotspot.jre.full.linux.x86_64_17.0.5.v20221102-0933/jre/lib/libjava.so
Event: 0,125 Loaded shared library /snap/eclipse/66/plugins/org.eclipse.justj.openjdk.hotspot.jre.full.linux.x86_64_17.0.5.v20221102-0933/jre/lib/libnio.so
Event: 0,137 Loaded shared library /snap/eclipse/66/plugins/org.eclipse.justj.openjdk.hotspot.jre.full.linux.x86_64_17.0.5.v20221102-0933/jre/lib/libzip.so
Event: 0,230 Loaded shared library /snap/eclipse/66/plugins/org.eclipse.justj.openjdk.hotspot.jre.full.linux.x86_64_17.0.5.v20221102-0933/jre/lib/libjimage.so
Event: 0,306 Loaded shared library /home/pfr/.cache/JNA/temp/jna3384145148754201416.tmp

Deoptimization events (0 events):
No events

Classes unloaded (0 events):
No events

Classes redefined (0 events):
No events

Internal exceptions (7 events):
Event: 0,349 Thread 0x00007fb0f8025d60 Exception <a 'java/lang/NoSuchMethodError'{0x00000000c6db1588}: 'java.lang.Object java.lang.invoke.DirectMethodHandle$Holder.invokeStaticInit(java.lang.Object)'> (0x00000000c6db1588) 
thrown [src/hotspot/share/interpreter/linkResolver.cpp, line 758]
Event: 0,355 Thread 0x00007fb0f8025d60 Exception <a 'java/lang/NoSuchMethodError'{0x00000000c6dbb2d8}: 'java.lang.Object java.lang.invoke.DirectMethodHandle$Holder.invokeStaticInit(java.lang.Object, java.lang.Object, long, java.lang.Object)'> (0x00000000c6dbb2d8) 
thrown [src/hotspot/share/interpreter/linkResolver.cpp, line 758]
Event: 0,356 Thread 0x00007fb0f8025d60 Exception <a 'java/lang/NoSuchMethodError'{0x00000000c6dc1be0}: 'java.lang.Object java.lang.invoke.DirectMethodHandle$Holder.newInvokeSpecial(java.lang.Object, java.lang.Object, long)'> (0x00000000c6dc1be0) 
thrown [src/hotspot/share/interpreter/linkResolver.cpp, line 758]
Event: 0,357 Thread 0x00007fb0f8025d60 Exception <a 'java/lang/NoSuchMethodError'{0x00000000c6dc5ed0}: 'java.lang.Object java.lang.invoke.Invokers$Holder.linkToTargetMethod(java.lang.Object, long, java.lang.Object)'> (0x00000000c6dc5ed0) 
thrown [src/hotspot/share/interpreter/linkResolver.cpp, line 758]
Event: 0,365 Thread 0x00007fb0f8025d60 Exception <a 'java/lang/NoSuchMethodError'{0x00000000c6dce430}: 'java.lang.Object java.lang.invoke.DirectMethodHandle$Holder.newInvokeSpecial(java.lang.Object, java.lang.Object, java.lang.Object, int)'> (0x00000000c6dce430) 
thrown [src/hotspot/share/interpreter/linkResolver.cpp, line 758]
Event: 0,365 Thread 0x00007fb0f8025d60 Exception <a 'java/lang/NoSuchMethodError'{0x00000000c6dd2810}: 'java.lang.Object java.lang.invoke.DirectMethodHandle$Holder.invokeSpecial(java.lang.Object, java.lang.Object, java.lang.Object, java.lang.Object, int)'> (0x00000000c6dd2810) 
thrown [src/hotspot/share/interpreter/linkResolver.cpp, line 758]
Event: 0,366 Thread 0x00007fb0f8025d60 Exception <a 'java/lang/NoSuchMethodError'{0x00000000c6dd63d8}: 'java.lang.Object java.lang.invoke.Invokers$Holder.linkToTargetMethod(java.lang.Object, java.lang.Object, int, java.lang.Object)'> (0x00000000c6dd63d8) 
thrown [src/hotspot/share/interpreter/linkResolver.cpp, line 758]

VM Operations (4 events):
Event: 0,139 Executing VM operation: HandshakeAllThreads
Event: 0,139 Executing VM operation: HandshakeAllThreads done
Event: 0,326 Executing VM operation: HandshakeAllThreads
Event: 0,326 Executing VM operation: HandshakeAllThreads done

Events (20 events):
Event: 0,425 loading class java/lang/reflect/ProxyGenerator
Event: 0,426 loading class java/lang/reflect/ProxyGenerator done
Event: 0,426 loading class java/lang/reflect/ProxyGenerator$ProxyMethod
Event: 0,428 loading class java/lang/reflect/ProxyGenerator$ProxyMethod done
Event: 0,432 loading class java/lang/reflect/ProxyGenerator$PrimitiveTypeInfo
Event: 0,432 loading class java/lang/reflect/ProxyGenerator$PrimitiveTypeInfo done
Event: 0,432 loading class jdk/internal/org/objectweb/asm/Edge
Event: 0,432 loading class jdk/internal/org/objectweb/asm/Edge done
Event: 0,444 loading class java/lang/reflect/UndeclaredThrowableException
Event: 0,445 loading class java/lang/reflect/UndeclaredThrowableException done
Event: 0,445 loading class java/lang/reflect/Proxy$ProxyBuilder$1
Event: 0,446 loading class java/lang/reflect/Proxy$ProxyBuilder$1 done
Event: 0,448 loading class java/lang/AssertionError
Event: 0,448 loading class java/lang/AssertionError done
Event: 0,448 loading class java/lang/reflect/TypeVariable
Event: 0,448 loading class java/lang/reflect/TypeVariable done
Event: 0,448 loading class java/lang/reflect/AnnotatedType
Event: 0,448 loading class java/lang/reflect/AnnotatedType done
Event: 0,449 loading class java/lang/TypeNotPresentException
Event: 0,449 loading class java/lang/TypeNotPresentException done


Dynamic libraries:
c3200000-c7000000 rw-p 00000000 00:00 0 
c7000000-100000000 ---p 00000000 00:00 0 
100000000-100020000 rw-p 00000000 00:00 0 
100020000-100040000 rw-p 00000000 00:00 0 
100040000-1000c0000 rw-p 00000000 00:00 0 
1000c0000-1000d0000 rw-p 00000000 00:00 0 
1000d0000-140000000 ---p 00000000 00:00 0 
55c70c070000-55c70c071000 r--p 00000000 07:0b 932                        /snap/eclipse/66/plugins/org.eclipse.justj.openjdk.hotspot.jre.full.linux.x86_64_17.0.5.v20221102-0933/jre/bin/java
55c70c071000-55c70c072000 r-xp 00001000 07:0b 932                        /snap/eclipse/66/plugins/org.eclipse.justj.openjdk.hotspot.jre.full.linux.x86_64_17.0.5.v20221102-0933/jre/bin/java
55c70c072000-55c70c073000 r--p 00002000 07:0b 932                        /snap/eclipse/66/plugins/org.eclipse.justj.openjdk.hotspot.jre.full.linux.x86_64_17.0.5.v20221102-0933/jre/bin/java
55c70c073000-55c70c074000 r--p 00002000 07:0b 932                        /snap/eclipse/66/plugins/org.eclipse.justj.openjdk.hotspot.jre.full.linux.x86_64_17.0.5.v20221102-0933/jre/bin/java
55c70c074000-55c70c075000 rw-p 00003000 07:0b 932                        /snap/eclipse/66/plugins/org.eclipse.justj.openjdk.hotspot.jre.full.linux.x86_64_17.0.5.v20221102-0933/jre/bin/java
55c70d6c0000-55c70d708000 rw-p 00000000 00:00 0                          [heap]
7fb08c000000-7fb08c021000 rw-p 00000000 00:00 0 
7fb08c021000-7fb090000000 ---p 00000000 00:00 0 
7fb094000000-7fb094021000 rw-p 00000000 00:00 0 
7fb094021000-7fb098000000 ---p 00000000 00:00 0 
7fb098000000-7fb098021000 rw-p 00000000 00:00 0 
7fb098021000-7fb09c000000 ---p 00000000 00:00 0 
7fb09f400000-7fb09f410000 rw-p 00000000 00:00 0 
7fb09f410000-7fb09fc00000 ---p 00000000 00:00 0 
7fb09fc00000-7fb09fc1e000 r-xp 00000000 08:03 672882                     /home/pfr/.cache/JNA/temp/jna3384145148754201416.tmp (deleted)
7fb09fc1e000-7fb09fe1d000 ---p 0001e000 08:03 672882                     /home/pfr/.cache/JNA/temp/jna3384145148754201416.tmp (deleted)
7fb09fe1d000-7fb09fe1e000 rw-p 0001d000 08:03 672882                     /home/pfr/.cache/JNA/temp/jna3384145148754201416.tmp (deleted)
7fb09fe1e000-7fb09fe1f000 rw-p 00000000 00:00 0 
7fb0a0000000-7fb0a0021000 rw-p 00000000 00:00 0 
7fb0a0021000-7fb0a4000000 ---p 00000000 00:00 0 
7fb0a4000000-7fb0a4021000 rw-p 00000000 00:00 0 
7fb0a4021000-7fb0a8000000 ---p 00000000 00:00 0 
7fb0a8000000-7fb0a8251000 rw-p 00000000 00:00 0 
7fb0a8251000-7fb0ac000000 ---p 00000000 00:00 0 
7fb0ac000000-7fb0ac021000 rw-p 00000000 00:00 0 
7fb0ac021000-7fb0b0000000 ---p 00000000 00:00 0 
7fb0b0000000-7fb0b0021000 rw-p 00000000 00:00 0 
7fb0b0021000-7fb0b4000000 ---p 00000000 00:00 0 
7fb0b4000000-7fb0b42e0000 rw-p 00000000 00:00 0 
7fb0b42e0000-7fb0b8000000 ---p 00000000 00:00 0 
7fb0b8000000-7fb0b8021000 rw-p 00000000 00:00 0 
7fb0b8021000-7fb0bc000000 ---p 00000000 00:00 0 
7fb0bc000000-7fb0bc021000 rw-p 00000000 00:00 0 
7fb0bc021000-7fb0c0000000 ---p 00000000 00:00 0 
7fb0c0000000-7fb0c0021000 rw-p 00000000 00:00 0 
7fb0c0021000-7fb0c4000000 ---p 00000000 00:00 0 
7fb0c4000000-7fb0c4021000 rw-p 00000000 00:00 0 
7fb0c4021000-7fb0c8000000 ---p 00000000 00:00 0 
7fb0c8000000-7fb0c8021000 rw-p 00000000 00:00 0 
7fb0c8021000-7fb0cc000000 ---p 00000000 00:00 0 
7fb0cc000000-7fb0cc021000 rw-p 00000000 00:00 0 
7fb0cc021000-7fb0d0000000 ---p 00000000 00:00 0 
7fb0d0000000-7fb0d0021000 rw-p 00000000 00:00 0 
7fb0d0021000-7fb0d4000000 ---p 00000000 00:00 0 
7fb0d40fe000-7fb0d4102000 ---p 00000000 00:00 0 
7fb0d4102000-7fb0d41fe000 rw-p 00000000 00:00 0 
7fb0d41fe000-7fb0d4202000 ---p 00000000 00:00 0 
7fb0d4202000-7fb0d42fe000 rw-p 00000000 00:00 0 
7fb0d42fe000-7fb0d42ff000 ---p 00000000 00:00 0 
7fb0d42ff000-7fb0d4400000 rw-p 00000000 00:00 0 
7fb0d4400000-7fb0d4404000 ---p 00000000 00:00 0 
7fb0d4404000-7fb0d4500000 rw-p 00000000 00:00 0 
7fb0d4500000-7fb0d4504000 ---p 00000000 00:00 0 
7fb0d4504000-7fb0d4600000 rw-p 00000000 00:00 0 
7fb0d4600000-7fb0d56b6000 r--p 00000000 08:03 136397                     /usr/lib/locale/locale-archive
7fb0d5700000-7fb0d5704000 ---p 00000000 00:00 0 
7fb0d5704000-7fb0d5c00000 rw-p 00000000 00:00 0 
7fb0d5c00000-7fb0d5c40000 rw-p 00000000 00:00 0 
7fb0d5c40000-7fb0d5c80000 rw-p 00000000 00:00 0 
7fb0d5c80000-7fb0d5d00000 rw-p 00000000 00:00 0 
7fb0d5d00000-7fb0d5f00000 rw-p 00000000 00:00 0 
7fb0d5f00000-7fb0d5f50000 rw-p 00000000 00:00 0 
7fb0d5f50000-7fb0d5f80000 ---p 00000000 00:00 0 
7fb0d5f80000-7fb0d8000000 rw-p 00000000 00:00 0 
7fb0d8000000-7fb0d8021000 rw-p 00000000 00:00 0 
7fb0d8021000-7fb0dc000000 ---p 00000000 00:00 0 
7fb0dc000000-7fb0dc021000 rw-p 00000000 00:00 0 
7fb0dc021000-7fb0e0000000 ---p 00000000 00:00 0 
7fb0e0000000-7fb0e0021000 rw-p 00000000 00:00 0 
7fb0e0021000-7fb0e4000000 ---p 00000000 00:00 0 
7fb0e4060000-7fb0e4064000 ---p 00000000 00:00 0 
7fb0e4064000-7fb0e40b3000 rw-p 00000000 00:00 0 
7fb0e40b3000-7fb0e40b7000 r--p 00000000 07:0b 1330                       /snap/eclipse/66/plugins/org.eclipse.justj.openjdk.hotspot.jre.full.linux.x86_64_17.0.5.v20221102-0933/jre/lib/libnet.so
7fb0e40b7000-7fb0e40c5000 r-xp 00004000 07:0b 1330                       /snap/eclipse/66/plugins/org.eclipse.justj.openjdk.hotspot.jre.full.linux.x86_64_17.0.5.v20221102-0933/jre/lib/libnet.so
7fb0e40c5000-7fb0e40c9000 r--p 00012000 07:0b 1330                       /snap/eclipse/66/plugins/org.eclipse.justj.openjdk.hotspot.jre.full.linux.x86_64_17.0.5.v20221102-0933/jre/lib/libnet.so
7fb0e40c9000-7fb0e40ca000 r--p 00015000 07:0b 1330                       /snap/eclipse/66/plugins/org.eclipse.justj.openjdk.hotspot.jre.full.linux.x86_64_17.0.5.v20221102-0933/jre/lib/libnet.so
7fb0e40ca000-7fb0e40cb000 rw-p 00016000 07:0b 1330                       /snap/eclipse/66/plugins/org.eclipse.justj.openjdk.hotspot.jre.full.linux.x86_64_17.0.5.v20221102-0933/jre/lib/libnet.so
7fb0e40cb000-7fb0e40d2000 r--p 00000000 07:0b 1331                       /snap/eclipse/66/plugins/org.eclipse.justj.openjdk.hotspot.jre.full.linux.x86_64_17.0.5.v20221102-0933/jre/lib/libnio.so
7fb0e40d2000-7fb0e40db000 r-xp 00007000 07:0b 1331                       /snap/eclipse/66/plugins/org.eclipse.justj.openjdk.hotspot.jre.full.linux.x86_64_17.0.5.v20221102-0933/jre/lib/libnio.so
7fb0e40db000-7fb0e40df000 r--p 00010000 07:0b 1331                       /snap/eclipse/66/plugins/org.eclipse.justj.openjdk.hotspot.jre.full.linux.x86_64_17.0.5.v20221102-0933/jre/lib/libnio.so
7fb0e40df000-7fb0e40e0000 ---p 00014000 07:0b 1331                       /snap/eclipse/66/plugins/org.eclipse.justj.openjdk.hotspot.jre.full.linux.x86_64_17.0.5.v20221102-0933/jre/lib/libnio.so
7fb0e40e0000-7fb0e40e1000 r--p 00014000 07:0b 1331                       /snap/eclipse/66/plugins/org.eclipse.justj.openjdk.hotspot.jre.full.linux.x86_64_17.0.5.v20221102-0933/jre/lib/libnio.so
7fb0e40e1000-7fb0e40e2000 rw-p 00015000 07:0b 1331                       /snap/eclipse/66/plugins/org.eclipse.justj.openjdk.hotspot.jre.full.linux.x86_64_17.0.5.v20221102-0933/jre/lib/libnio.so
7fb0e40e2000-7fb0e40e6000 ---p 00000000 00:00 0 
7fb0e40e6000-7fb0e41e2000 rw-p 00000000 00:00 0 
7fb0e41e2000-7fb0e41e6000 ---p 00000000 00:00 0 
7fb0e41e6000-7fb0e42e2000 rw-p 00000000 00:00 0 
7fb0e42e2000-7fb0e42e6000 ---p 00000000 00:00 0 
7fb0e42e6000-7fb0e43e2000 rw-p 00000000 00:00 0 
7fb0e43e2000-7fb0e43e6000 ---p 00000000 00:00 0 
7fb0e43e6000-7fb0e44e2000 rw-p 00000000 00:00 0 
7fb0e44e2000-7fb0e44e6000 ---p 00000000 00:00 0 
7fb0e44e6000-7fb0e45e2000 rw-p 00000000 00:00 0 
7fb0e45e2000-7fb0e45e6000 ---p 00000000 00:00 0 
7fb0e45e6000-7fb0e46e2000 rw-p 00000000 00:00 0 
7fb0e46e2000-7fb0e46e3000 ---p 00000000 00:00 0 
7fb0e46e3000-7fb0e4865000 rw-p 00000000 00:00 0 
7fb0e4865000-7fb0e4866000 ---p 00000000 00:00 0 
7fb0e4866000-7fb0e4967000 rw-p 00000000 00:00 0 
7fb0e4967000-7fb0e4968000 ---p 00000000 00:00 0 
7fb0e4968000-7fb0e4b61000 rw-p 00000000 00:00 0 
7fb0e4b61000-7fb0e59a1000 ---p 00000000 00:00 0 
7fb0e59a1000-7fb0e5c11000 rwxp 00000000 00:00 0 
7fb0e5c11000-7fb0e5f32000 ---p 00000000 00:00 0 
7fb0e5f32000-7fb0e61a2000 rwxp 00000000 00:00 0 
7fb0e61a2000-7fb0ed469000 ---p 00000000 00:00 0 
7fb0ed469000-7fb0ed6d9000 rwxp 00000000 00:00 0 
7fb0ed6d9000-7fb0f49a1000 ---p 00000000 00:00 0 
7fb0f49a1000-7fb0f8000000 r--s 00000000 07:0b 1339                       /snap/eclipse/66/plugins/org.eclipse.justj.openjdk.hotspot.jre.full.linux.x86_64_17.0.5.v20221102-0933/jre/lib/modules
7fb0f8000000-7fb0f83ab000 rw-p 00000000 00:00 0 
7fb0f83ab000-7fb0fc000000 ---p 00000000 00:00 0 
7fb0fc003000-7fb0fc00a000 r--s 00000000 08:03 656382                     /usr/lib/x86_64-linux-gnu/gconv/gconv-modules.cache
7fb0fc00a000-7fb0fc00c000 r--p 00000000 08:03 671954                     /home/pfr/pfr_code/image/src/libImage.so
7fb0fc00c000-7fb0fc011000 r-xp 00002000 08:03 671954                     /home/pfr/pfr_code/image/src/libImage.so
7fb0fc011000-7fb0fc012000 r--p 00007000 08:03 671954                     /home/pfr/pfr_code/image/src/libImage.so
7fb0fc012000-7fb0fc013000 r--p 00007000 08:03 671954                     /home/pfr/pfr_code/image/src/libImage.so
7fb0fc013000-7fb0fc014000 rw-p 00008000 08:03 671954                     /home/pfr/pfr_code/image/src/libImage.so
7fb0fc014000-7fb0fc016000 r--p 00000000 07:0b 1338                       /snap/eclipse/66/plugins/org.eclipse.justj.openjdk.hotspot.jre.full.linux.x86_64_17.0.5.v20221102-0933/jre/lib/libzip.so
7fb0fc016000-7fb0fc01a000 r-xp 00002000 07:0b 1338                       /snap/eclipse/66/plugins/org.eclipse.justj.openjdk.hotspot.jre.full.linux.x86_64_17.0.5.v20221102-0933/jre/lib/libzip.so
7fb0fc01a000-7fb0fc01c000 r--p 00006000 07:0b 1338                       /snap/eclipse/66/plugins/org.eclipse.justj.openjdk.hotspot.jre.full.linux.x86_64_17.0.5.v20221102-0933/jre/lib/libzip.so
7fb0fc01c000-7fb0fc01d000 r--p 00007000 07:0b 1338                       /snap/eclipse/66/plugins/org.eclipse.justj.openjdk.hotspot.jre.full.linux.x86_64_17.0.5.v20221102-0933/jre/lib/libzip.so
7fb0fc01d000-7fb0fc01e000 rw-p 00008000 07:0b 1338                       /snap/eclipse/66/plugins/org.eclipse.justj.openjdk.hotspot.jre.full.linux.x86_64_17.0.5.v20221102-0933/jre/lib/libzip.so
7fb0fc01e000-7fb0fc6c0000 rw-p 00000000 00:00 0 
7fb0fc6c0000-7fb0fc6c1000 ---p 00000000 00:00 0 
7fb0fc6c1000-7fb0fc7c2000 rw-p 00000000 00:00 0 
7fb0fc7c2000-7fb0fc7c3000 ---p 00000000 00:00 0 
7fb0fc7c3000-7fb0fc8c4000 rw-p 00000000 00:00 0 
7fb0fc8c4000-7fb0fc8c5000 ---p 00000000 00:00 0 
7fb0fc8c5000-7fb0fcafd000 rw-p 00000000 00:00 0 
7fb0fcafd000-7fb0fd93d000 ---p 00000000 00:00 0 
7fb0fd93d000-7fb0fd95c000 rw-p 00000000 00:00 0 
7fb0fd95c000-7fb0fdb24000 ---p 00000000 00:00 0 
7fb0fdb24000-7fb0fdb43000 rw-p 00000000 00:00 0 
7fb0fdb43000-7fb0fdd0b000 ---p 00000000 00:00 0 
7fb0fdd0b000-7fb0fdd2a000 rw-p 00000000 00:00 0 
7fb0fdd2a000-7fb0fdef2000 ---p 00000000 00:00 0 
7fb0fdef2000-7fb0fe4fd000 rw-p 00000000 00:00 0 
7fb0fe4fd000-7fb0fe5e3000 ---p 00000000 00:00 0 
7fb0fe5e3000-7fb0fe5e8000 rw-p 00000000 00:00 0 
7fb0fe5e8000-7fb0fe6ce000 ---p 00000000 00:00 0 
7fb0fe6ce000-7fb0fe6d3000 rw-p 00000000 00:00 0 
7fb0fe6d3000-7fb0fe6da000 ---p 00000000 00:00 0 
7fb0fe6da000-7fb0fe6de000 ---p 00000000 00:00 0 
7fb0fe6de000-7fb0fe7da000 rw-p 00000000 00:00 0 
7fb0fe7da000-7fb0fe7e8000 r--p 00000000 08:03 137843                     /usr/lib/x86_64-linux-gnu/libm.so.6
7fb0fe7e8000-7fb0fe864000 r-xp 0000e000 08:03 137843                     /usr/lib/x86_64-linux-gnu/libm.so.6
7fb0fe864000-7fb0fe8bf000 r--p 0008a000 08:03 137843                     /usr/lib/x86_64-linux-gnu/libm.so.6
7fb0fe8bf000-7fb0fe8c0000 r--p 000e4000 08:03 137843                     /usr/lib/x86_64-linux-gnu/libm.so.6
7fb0fe8c0000-7fb0fe8c1000 rw-p 000e5000 08:03 137843                     /usr/lib/x86_64-linux-gnu/libm.so.6
7fb0fe8c1000-7fb0feb13000 r--p 00000000 07:0b 1349                       /snap/eclipse/66/plugins/org.eclipse.justj.openjdk.hotspot.jre.full.linux.x86_64_17.0.5.v20221102-0933/jre/lib/server/libjvm.so
7fb0feb13000-7fb0ff82c000 r-xp 00252000 07:0b 1349                       /snap/eclipse/66/plugins/org.eclipse.justj.openjdk.hotspot.jre.full.linux.x86_64_17.0.5.v20221102-0933/jre/lib/server/libjvm.so
7fb0ff82c000-7fb0ffab7000 r--p 00f6b000 07:0b 1349                       /snap/eclipse/66/plugins/org.eclipse.justj.openjdk.hotspot.jre.full.linux.x86_64_17.0.5.v20221102-0933/jre/lib/server/libjvm.so
7fb0ffab7000-7fb0ffab8000 ---p 011f6000 07:0b 1349                       /snap/eclipse/66/plugins/org.eclipse.justj.openjdk.hotspot.jre.full.linux.x86_64_17.0.5.v20221102-0933/jre/lib/server/libjvm.so
7fb0ffab8000-7fb0ffb71000 r--p 011f6000 07:0b 1349                       /snap/eclipse/66/plugins/org.eclipse.justj.openjdk.hotspot.jre.full.linux.x86_64_17.0.5.v20221102-0933/jre/lib/server/libjvm.so
7fb0ffb71000-7fb0ffba6000 rw-p 012af000 07:0b 1349                       /snap/eclipse/66/plugins/org.eclipse.justj.openjdk.hotspot.jre.full.linux.x86_64_17.0.5.v20221102-0933/jre/lib/server/libjvm.so
7fb0ffba6000-7fb0ffc00000 rw-p 00000000 00:00 0 
7fb0ffc00000-7fb0ffc28000 r--p 00000000 08:03 137192                     /usr/lib/x86_64-linux-gnu/libc.so.6
7fb0ffc28000-7fb0ffdbd000 r-xp 00028000 08:03 137192                     /usr/lib/x86_64-linux-gnu/libc.so.6
7fb0ffdbd000-7fb0ffe15000 r--p 001bd000 08:03 137192                     /usr/lib/x86_64-linux-gnu/libc.so.6
7fb0ffe15000-7fb0ffe19000 r--p 00214000 08:03 137192                     /usr/lib/x86_64-linux-gnu/libc.so.6
7fb0ffe19000-7fb0ffe1b000 rw-p 00218000 08:03 137192                     /usr/lib/x86_64-linux-gnu/libc.so.6
7fb0ffe1b000-7fb0ffe28000 rw-p 00000000 00:00 0 
7fb0ffe29000-7fb0ffe36000 r--p 00000000 07:0b 1317                       /snap/eclipse/66/plugins/org.eclipse.justj.openjdk.hotspot.jre.full.linux.x86_64_17.0.5.v20221102-0933/jre/lib/libjava.so
7fb0ffe36000-7fb0ffe48000 r-xp 0000d000 07:0b 1317                       /snap/eclipse/66/plugins/org.eclipse.justj.openjdk.hotspot.jre.full.linux.x86_64_17.0.5.v20221102-0933/jre/lib/libjava.so
7fb0ffe48000-7fb0ffe4e000 r--p 0001f000 07:0b 1317                       /snap/eclipse/66/plugins/org.eclipse.justj.openjdk.hotspot.jre.full.linux.x86_64_17.0.5.v20221102-0933/jre/lib/libjava.so
7fb0ffe4e000-7fb0ffe4f000 ---p 00025000 07:0b 1317                       /snap/eclipse/66/plugins/org.eclipse.justj.openjdk.hotspot.jre.full.linux.x86_64_17.0.5.v20221102-0933/jre/lib/libjava.so
7fb0ffe4f000-7fb0ffe50000 r--p 00025000 07:0b 1317                       /snap/eclipse/66/plugins/org.eclipse.justj.openjdk.hotspot.jre.full.linux.x86_64_17.0.5.v20221102-0933/jre/lib/libjava.so
7fb0ffe50000-7fb0ffe51000 rw-p 00026000 07:0b 1317                       /snap/eclipse/66/plugins/org.eclipse.justj.openjdk.hotspot.jre.full.linux.x86_64_17.0.5.v20221102-0933/jre/lib/libjava.so
7fb0ffe51000-7fb0ffe52000 rw-p 00000000 00:00 0 
7fb0ffe52000-7fb0ffe56000 r--p 00000000 07:0b 1321                       /snap/eclipse/66/plugins/org.eclipse.justj.openjdk.hotspot.jre.full.linux.x86_64_17.0.5.v20221102-0933/jre/lib/libjimage.so
7fb0ffe56000-7fb0ffe69000 r-xp 00004000 07:0b 1321                       /snap/eclipse/66/plugins/org.eclipse.justj.openjdk.hotspot.jre.full.linux.x86_64_17.0.5.v20221102-0933/jre/lib/libjimage.so
7fb0ffe69000-7fb0ffe6f000 r--p 00017000 07:0b 1321                       /snap/eclipse/66/plugins/org.eclipse.justj.openjdk.hotspot.jre.full.linux.x86_64_17.0.5.v20221102-0933/jre/lib/libjimage.so
7fb0ffe6f000-7fb0ffe71000 r--p 0001c000 07:0b 1321                       /snap/eclipse/66/plugins/org.eclipse.justj.openjdk.hotspot.jre.full.linux.x86_64_17.0.5.v20221102-0933/jre/lib/libjimage.so
7fb0ffe71000-7fb0ffe72000 rw-p 0001e000 07:0b 1321                       /snap/eclipse/66/plugins/org.eclipse.justj.openjdk.hotspot.jre.full.linux.x86_64_17.0.5.v20221102-0933/jre/lib/libjimage.so
7fb0ffe72000-7fb0ffe73000 r--p 00000000 08:03 138168                     /usr/lib/x86_64-linux-gnu/librt.so.1
7fb0ffe73000-7fb0ffe74000 r-xp 00001000 08:03 138168                     /usr/lib/x86_64-linux-gnu/librt.so.1
7fb0ffe74000-7fb0ffe75000 r--p 00002000 08:03 138168                     /usr/lib/x86_64-linux-gnu/librt.so.1
7fb0ffe75000-7fb0ffe76000 r--p 00002000 08:03 138168                     /usr/lib/x86_64-linux-gnu/librt.so.1
7fb0ffe76000-7fb0ffe77000 rw-p 00003000 08:03 138168                     /usr/lib/x86_64-linux-gnu/librt.so.1
7fb0ffe77000-7fb0ffe7c000 rw-p 00000000 00:00 0 
7fb0ffe7c000-7fb0ffe7d000 r--p 00000000 08:03 137334                     /usr/lib/x86_64-linux-gnu/libdl.so.2
7fb0ffe7d000-7fb0ffe7e000 r-xp 00001000 08:03 137334                     /usr/lib/x86_64-linux-gnu/libdl.so.2
7fb0ffe7e000-7fb0ffe7f000 r--p 00002000 08:03 137334                     /usr/lib/x86_64-linux-gnu/libdl.so.2
7fb0ffe7f000-7fb0ffe80000 r--p 00002000 08:03 137334                     /usr/lib/x86_64-linux-gnu/libdl.so.2
7fb0ffe80000-7fb0ffe81000 rw-p 00003000 08:03 137334                     /usr/lib/x86_64-linux-gnu/libdl.so.2
7fb0ffe81000-7fb0ffe82000 r--p 00000000 08:03 138112                     /usr/lib/x86_64-linux-gnu/libpthread.so.0
7fb0ffe82000-7fb0ffe83000 r-xp 00001000 08:03 138112                     /usr/lib/x86_64-linux-gnu/libpthread.so.0
7fb0ffe83000-7fb0ffe84000 r--p 00002000 08:03 138112                     /usr/lib/x86_64-linux-gnu/libpthread.so.0
7fb0ffe84000-7fb0ffe85000 r--p 00002000 08:03 138112                     /usr/lib/x86_64-linux-gnu/libpthread.so.0
7fb0ffe85000-7fb0ffe86000 rw-p 00003000 08:03 138112                     /usr/lib/x86_64-linux-gnu/libpthread.so.0
7fb0ffe86000-7fb0ffe89000 r--p 00000000 07:0b 1322                       /snap/eclipse/66/plugins/org.eclipse.justj.openjdk.hotspot.jre.full.linux.x86_64_17.0.5.v20221102-0933/jre/lib/libjli.so
7fb0ffe89000-7fb0ffe93000 r-xp 00003000 07:0b 1322                       /snap/eclipse/66/plugins/org.eclipse.justj.openjdk.hotspot.jre.full.linux.x86_64_17.0.5.v20221102-0933/jre/lib/libjli.so
7fb0ffe93000-7fb0ffe96000 r--p 0000d000 07:0b 1322                       /snap/eclipse/66/plugins/org.eclipse.justj.openjdk.hotspot.jre.full.linux.x86_64_17.0.5.v20221102-0933/jre/lib/libjli.so
7fb0ffe96000-7fb0ffe97000 ---p 00010000 07:0b 1322                       /snap/eclipse/66/plugins/org.eclipse.justj.openjdk.hotspot.jre.full.linux.x86_64_17.0.5.v20221102-0933/jre/lib/libjli.so
7fb0ffe97000-7fb0ffe98000 r--p 00010000 07:0b 1322                       /snap/eclipse/66/plugins/org.eclipse.justj.openjdk.hotspot.jre.full.linux.x86_64_17.0.5.v20221102-0933/jre/lib/libjli.so
7fb0ffe98000-7fb0ffe99000 rw-p 00011000 07:0b 1322                       /snap/eclipse/66/plugins/org.eclipse.justj.openjdk.hotspot.jre.full.linux.x86_64_17.0.5.v20221102-0933/jre/lib/libjli.so
7fb0ffe99000-7fb0ffe9b000 r--p 00000000 08:03 131946                     /usr/lib/x86_64-linux-gnu/libz.so.1.2.11
7fb0ffe9b000-7fb0ffeac000 r-xp 00002000 08:03 131946                     /usr/lib/x86_64-linux-gnu/libz.so.1.2.11
7fb0ffeac000-7fb0ffeb2000 r--p 00013000 08:03 131946                     /usr/lib/x86_64-linux-gnu/libz.so.1.2.11
7fb0ffeb2000-7fb0ffeb3000 ---p 00019000 08:03 131946                     /usr/lib/x86_64-linux-gnu/libz.so.1.2.11
7fb0ffeb3000-7fb0ffeb4000 r--p 00019000 08:03 131946                     /usr/lib/x86_64-linux-gnu/libz.so.1.2.11
7fb0ffeb4000-7fb0ffeb5000 rw-p 0001a000 08:03 131946                     /usr/lib/x86_64-linux-gnu/libz.so.1.2.11
7fb0ffebb000-7fb0ffec3000 rw-s 00000000 08:03 393402                     /tmp/hsperfdata_pfr/110205
7fb0ffec3000-7fb0ffec4000 ---p 00000000 00:00 0 
7fb0ffec4000-7fb0ffec5000 r--p 00000000 00:00 0 
7fb0ffec5000-7fb0ffec7000 rw-p 00000000 00:00 0 
7fb0ffec7000-7fb0ffec9000 r--p 00000000 08:03 136855                     /usr/lib/x86_64-linux-gnu/ld-linux-x86-64.so.2
7fb0ffec9000-7fb0ffef3000 r-xp 00002000 08:03 136855                     /usr/lib/x86_64-linux-gnu/ld-linux-x86-64.so.2
7fb0ffef3000-7fb0ffefe000 r--p 0002c000 08:03 136855                     /usr/lib/x86_64-linux-gnu/ld-linux-x86-64.so.2
7fb0ffefe000-7fb0ffeff000 ---p 00000000 00:00 0 
7fb0ffeff000-7fb0fff01000 r--p 00037000 08:03 136855                     /usr/lib/x86_64-linux-gnu/ld-linux-x86-64.so.2
7fb0fff01000-7fb0fff03000 rw-p 00039000 08:03 136855                     /usr/lib/x86_64-linux-gnu/ld-linux-x86-64.so.2
7ffdbfa84000-7ffdbfaa5000 rw-p 00000000 00:00 0                          [stack]
7ffdbfbb9000-7ffdbfbbd000 r--p 00000000 00:00 0                          [vvar]
7ffdbfbbd000-7ffdbfbbf000 r-xp 00000000 00:00 0                          [vdso]
ffffffffff600000-ffffffffff601000 --xp 00000000 00:00 0                  [vsyscall]


VM Arguments:
jvm_args: -Dfile.encoding=UTF-8 -XX:+ShowCodeDetailsInExceptionMessages 
java_command: test.TestJNA
java_class_path (initial): /home/pfr/pfr_code/PFR_Java/bin:/home/pfr/Téléchargements/jar_files/jna-5.13.0.jar
Launcher Type: SUN_STANDARD

[Global flags]
     intx CICompilerCount                          = 3                                         {product} {ergonomic}
     uint ConcGCThreads                            = 2                                         {product} {ergonomic}
     uint G1ConcRefinementThreads                  = 6                                         {product} {ergonomic}
   size_t G1HeapRegionSize                         = 1048576                                   {product} {ergonomic}
    uintx GCDrainStackTargetSize                   = 64                                        {product} {ergonomic}
   size_t InitialHeapSize                          = 65011712                                  {product} {ergonomic}
   size_t MarkStackSize                            = 4194304                                   {product} {ergonomic}
   size_t MaxHeapSize                              = 1021313024                                {product} {ergonomic}
   size_t MaxNewSize                               = 612368384                                 {product} {ergonomic}
   size_t MinHeapDeltaBytes                        = 1048576                                   {product} {ergonomic}
   size_t MinHeapSize                              = 8388608                                   {product} {ergonomic}
    uintx NonNMethodCodeHeapSize                   = 5832780                                {pd product} {ergonomic}
    uintx NonProfiledCodeHeapSize                  = 122912730                              {pd product} {ergonomic}
    uintx ProfiledCodeHeapSize                     = 122912730                              {pd product} {ergonomic}
    uintx ReservedCodeCacheSize                    = 251658240                              {pd product} {ergonomic}
     bool SegmentedCodeCache                       = true                                      {product} {ergonomic}
     bool ShowCodeDetailsInExceptionMessages       = true                                   {manageable} {command line}
   size_t SoftMaxHeapSize                          = 1021313024                             {manageable} {ergonomic}
     bool UseCompressedClassPointers               = true                           {product lp64_product} {ergonomic}
     bool UseCompressedOops                        = true                           {product lp64_product} {ergonomic}
     bool UseG1GC                                  = true                                      {product} {ergonomic}

Logging:
Log output configuration:
 #0: stdout all=warning uptime,level,tags
 #1: stderr all=off uptime,level,tags

Environment Variables:
PATH=/usr/local/sbin:/usr/local/bin:/usr/sbin:/usr/bin:/sbin:/bin:/usr/games:/usr/local/games:/snap/bin:/snap/bin
USERNAME=pfr
SHELL=/bin/bash
DISPLAY=:0
LANG=fr_FR.UTF-8
LC_NUMERIC=sv_SE.UTF-8
LC_TIME=sv_SE.UTF-8

Signal Handlers:
   SIGSEGV: crash_handler in libjvm.so, mask=11100100010111111101111111111110, flags=SA_RESTART|SA_SIGINFO
    SIGBUS: crash_handler in libjvm.so, mask=11100100010111111101111111111110, flags=SA_RESTART|SA_SIGINFO
    SIGFPE: crash_handler in libjvm.so, mask=11100100010111111101111111111110, flags=SA_RESTART|SA_SIGINFO
   SIGPIPE: javaSignalHandler in libjvm.so, mask=11100100010111111101111111111110, flags=SA_RESTART|SA_SIGINFO
   SIGXFSZ: javaSignalHandler in libjvm.so, mask=11100100010111111101111111111110, flags=SA_RESTART|SA_SIGINFO
    SIGILL: crash_handler in libjvm.so, mask=11100100010111111101111111111110, flags=SA_RESTART|SA_SIGINFO
   SIGUSR2: SR_handler in libjvm.so, mask=00100000000000000000000000000000, flags=SA_RESTART|SA_SIGINFO
    SIGHUP: UserHandler in libjvm.so, mask=11100100010111111101111111111110, flags=SA_RESTART|SA_SIGINFO
    SIGINT: UserHandler in libjvm.so, mask=11100100010111111101111111111110, flags=SA_RESTART|SA_SIGINFO
   SIGTERM: UserHandler in libjvm.so, mask=11100100010111111101111111111110, flags=SA_RESTART|SA_SIGINFO
   SIGQUIT: UserHandler in libjvm.so, mask=11100100010111111101111111111110, flags=SA_RESTART|SA_SIGINFO
  *** Handler was modified!
  *** Expected: javaSignalHandler in libjvm.so, mask=11100100110111111111111111111110, flags=SA_RESTART|SA_SIGINFO
   SIGTRAP: crash_handler in libjvm.so, mask=11100100010111111101111111111110, flags=SA_RESTART|SA_SIGINFO


---------------  S Y S T E M  ---------------

OS:
DISTRIB_ID=Ubuntu
DISTRIB_RELEASE=22.04
DISTRIB_CODENAME=jammy
DISTRIB_DESCRIPTION="Ubuntu 22.04.2 LTS"
uname: Linux 5.19.0-35-generic #36~22.04.1-Ubuntu SMP PREEMPT_DYNAMIC Fri Feb 17 15:17:25 UTC 2 x86_64
OS uptime: 0 days 3:52 hours
libc: glibc 2.35 NPTL 2.35 
rlimit (soft/hard): STACK 8192k/infinity , CORE 0k/infinity , NPROC 15243/15243 , NOFILE 1048576/1048576 , AS infinity/infinity , CPU infinity/infinity , DATA infinity/infinity , FSIZE infinity/infinity , MEMLOCK 497764k/497764k
load average: 2,33 1,15 1,00

/proc/meminfo:
MemTotal:        3982132 kB
MemFree:          111716 kB
MemAvailable:     389208 kB
Buffers:            4932 kB
Cached:           552676 kB
SwapCached:       150748 kB
Active:           932968 kB
Inactive:        1466052 kB
Active(anon):     675020 kB
Inactive(anon):  1281192 kB
Active(file):     257948 kB
Inactive(file):   184860 kB
Unevictable:         112 kB
Mlocked:             112 kB
SwapTotal:       2097148 kB
SwapFree:         158884 kB
Zswap:                 0 kB
Zswapped:              0 kB
Dirty:               664 kB
Writeback:           132 kB
AnonPages:       1691156 kB
Mapped:           398276 kB
Shmem:            114784 kB
KReclaimable:      78268 kB
Slab:             649676 kB
SReclaimable:      78268 kB
SUnreclaim:       571408 kB
KernelStack:       22520 kB
PageTables:        47860 kB
NFS_Unstable:          0 kB
Bounce:                0 kB
WritebackTmp:          0 kB
CommitLimit:     4088212 kB
Committed_AS:   11752692 kB
VmallocTotal:   34359738367 kB
VmallocUsed:      578012 kB
VmallocChunk:          0 kB
Percpu:           125440 kB
HardwareCorrupted:     0 kB
AnonHugePages:         0 kB
ShmemHugePages:        0 kB
ShmemPmdMapped:        0 kB
FileHugePages:         0 kB
FilePmdMapped:         0 kB
HugePages_Total:       0
HugePages_Free:        0
HugePages_Rsvd:        0
HugePages_Surp:        0
Hugepagesize:       2048 kB
Hugetlb:               0 kB
DirectMap4k:      284480 kB
DirectMap2M:     3909632 kB
DirectMap1G:     2097152 kB

/sys/kernel/mm/transparent_hugepage/enabled: always [madvise] never
/sys/kernel/mm/transparent_hugepage/defrag (defrag/compaction efforts parameter): always defer defer+madvise [madvise] never

Process Memory:
Virtual Size: 3827516K (peak: 3880820K)
Resident Set Size: 54840K (peak: 54840K) (anon: 29056K, file: 25784K, shmem: 0K)
Swapped out: 0K
C-Heap outstanding allocations: 25994K, retained: 3309K
glibc malloc tunables: (default)

/proc/sys/kernel/threads-max (system-wide limit on the number of threads): 30487
/proc/sys/vm/max_map_count (maximum number of memory map areas a process may have): 65530
/proc/sys/kernel/pid_max (system-wide limit on number of process identifiers): 4194304

container (cgroup) information:
container_type: cgroupv2
cpu_cpuset_cpus: not supported
cpu_memory_nodes: not supported
active_processor_count: 6
cpu_quota: not supported
cpu_period: not supported
cpu_shares: not supported
memory_limit_in_bytes: unlimited
memory_and_swap_limit_in_bytes: unlimited
memory_soft_limit_in_bytes: unlimited
memory_usage_in_bytes: 733420 k
memory_max_usage_in_bytes: not supported
maximum number of tasks: 4573
current number of tasks: 141

VMWare virtualization detected
Steal ticks since vm start: 0
Steal ticks percentage since vm start:  0,000

CPU: total 6 (initial active 6) (3 cores per cpu, 1 threads per core) family 6 model 140 stepping 1 microcode 0x86, cx8, cmov, fxsr, mmx, 3dnowpref, sse, sse2, sse3, ssse3, sse4.1, sse4.2, popcnt, lzcnt, tsc, tscinvbit, avx, avx2, aes, erms, clmul, bmi1, bmi2, adx, avx512f, avx512dq, avx512cd, avx512bw, avx512vl, sha, fma, vzeroupper, avx512_vpopcntdq, avx512_vpclmulqdq, avx512_vaes, avx512_vnni, clflush, clflushopt, clwb, avx512_vbmi2, avx512_vbmi, hv
CPU Model and flags from /proc/cpuinfo:
model name	: 11th Gen Intel(R) Core(TM) i7-11370H @ 3.30GHz
flags		: fpu vme de pse tsc msr pae mce cx8 apic sep mtrr pge mca cmov pat pse36 clflush mmx fxsr sse sse2 ss ht syscall nx pdpe1gb rdtscp lm constant_tsc arch_perfmon rep_good nopl xtopology tsc_reliable nonstop_tsc cpuid tsc_known_freq pni pclmulqdq ssse3 fma cx16 pcid sse4_1 sse4_2 x2apic movbe popcnt tsc_deadline_timer aes xsave avx f16c rdrand hypervisor lahf_lm abm 3dnowprefetch invpcid_single ssbd ibrs ibpb stibp ibrs_enhanced fsgsbase tsc_adjust bmi1 avx2 smep bmi2 erms invpcid avx512f avx512dq rdseed adx smap avx512ifma clflushopt clwb avx512cd sha_ni avx512bw avx512vl xsaveopt xsavec xgetbv1 xsaves arat avx512vbmi umip pku ospke avx512_vbmi2 gfni vaes vpclmulqdq avx512_vnni avx512_bitalg avx512_vpopcntdq rdpid movdiri movdir64b fsrm avx512_vp2intersect md_clear flush_l1d arch_capabilities

Online cpus: 0-5
Offline cpus: 6-127
BIOS frequency limitation: <Not Available>
Frequency switch latency (ns): <Not Available>
Available cpu frequencies: <Not Available>
Current governor: <Not Available>
Core performance/turbo boost: <Not Available>

Memory: 4k page, physical 3982132k(111716k free), swap 2097148k(158836k free)
Page Sizes: 4k

vm_info: OpenJDK 64-Bit Server VM (17.0.5+8) for linux-amd64 JRE (17.0.5+8), built on Oct 18 2022 00:00:00 by "temurin" with gcc 10.3.0

END.
