#
# A fatal error has been detected by the Java Runtime Environment:
#
#  SIGSEGV (0xb) at pc=0x00007f87687b2182, pid=4120, tid=4121
#
# JRE version: OpenJDK Runtime Environment Temurin-17.0.5+8 (17.0.5+8) (build 17.0.5+8)
# Java VM: OpenJDK 64-Bit Server VM Temurin-17.0.5+8 (17.0.5+8, mixed mode, tiered, compressed oops, compressed class ptrs, g1 gc, linux-amd64)
# Problematic frame:
# C  [libc.so.6+0x1b2182]
#
# Core dump will be written. Default location: Core dumps may be processed with "/usr/share/apport/apport -p%p -s%s -c%c -d%d -P%P -u%u -g%g -- %E" (or dumping to /home/pfr/pfr_code/PFR_Java/core.4120)
#
# If you would like to submit a bug report, please visit:
#   https://github.com/adoptium/adoptium-support/issues
# The crash happened outside the Java Virtual Machine in native code.
# See problematic frame for where to report the bug.
#

---------------  S U M M A R Y ------------

Command Line: -Dfile.encoding=UTF-8 -XX:+ShowCodeDetailsInExceptionMessages test.TestJNA

Host: 11th Gen Intel(R) Core(TM) i7-11370H @ 3.30GHz, 6 cores, 7G, Ubuntu 22.04.2 LTS
Time: Tue Mar 28 21:37:59 2023 CEST elapsed time: 0.373523 seconds (0d 0h 0m 0s)

---------------  T H R E A D  ---------------

Current thread (0x00007f8760025d60):  JavaThread "main" [_thread_in_native, id=4121, stack(0x00007f87670da000,0x00007f87671da000)]

Stack: [0x00007f87670da000,0x00007f87671da000],  sp=0x00007f87671d77a8,  free space=1013k
Native frames: (J=compiled Java code, j=interpreted, Vv=VM code, C=native code)
C  [libc.so.6+0x1b2182]
C  [jna10856787633083695713.tmp+0x16052]

Java frames: (J=compiled Java code, j=interpreted, Vv=VM code)
j  com.sun.jna.Native.invokeVoid(Lcom/sun/jna/Function;JI[Ljava/lang/Object;)V+0
j  com.sun.jna.Function.invoke([Ljava/lang/Object;Ljava/lang/Class;ZI)Ljava/lang/Object;+42
j  com.sun.jna.Function.invoke(Ljava/lang/reflect/Method;[Ljava/lang/Class;Ljava/lang/Class;[Ljava/lang/Object;Ljava/util/Map;)Ljava/lang/Object;+271
j  com.sun.jna.Library$Handler.invoke(Ljava/lang/Object;Ljava/lang/reflect/Method;[Ljava/lang/Object;)Ljava/lang/Object;+390
j  jdk.proxy1.$Proxy0.recherchecouleur(IFLjava/lang/String;)V+30 jdk.proxy1
j  test.TestJNA.main([Ljava/lang/String;)V+11
v  ~StubRoutines::call_stub

siginfo: si_signo: 11 (SIGSEGV), si_code: 1 (SEGV_MAPERR), si_addr: 0x0000000000000000

Register to memory mapping:

RAX=0x0 is NULL
RBX=0x00007f87671d7d30 is pointing into the stack for thread: 0x00007f8760025d60
RCX=0x00000000742e3031 is an unknown value
RDX=0x0000000000000006 is an unknown value
RSP=0x00007f87671d77a8 is pointing into the stack for thread: 0x00007f8760025d60
RBP=0x00007f87671d7db0 is pointing into the stack for thread: 0x00007f8760025d60
RSI=0x00007f87671d7d14 is pointing into the stack for thread: 0x00007f8760025d60
RDI=0x0 is NULL
R8 =0x00007f87601937c0 points into unknown readable memory: 0x00007f80fbad2488 | 88 24 ad fb 80 7f 00 00
R9 =0x0 is NULL
R10=0x00007f876860adb8: <offset 0x000000000000adb8> in /lib/x86_64-linux-gnu/libc.so.6 at 0x00007f8768600000
R11=0x00007f87687b1dd0: <offset 0x00000000001b1dd0> in /lib/x86_64-linux-gnu/libc.so.6 at 0x00007f8768600000
R12=0x0000000000000032 is an unknown value
R13=0x0 is NULL
R14=0x0000000000000032 is an unknown value
R15=0x0 is NULL


Registers:
RAX=0x0000000000000000, RBX=0x00007f87671d7d30, RCX=0x00000000742e3031, RDX=0x0000000000000006
RSP=0x00007f87671d77a8, RBP=0x00007f87671d7db0, RSI=0x00007f87671d7d14, RDI=0x0000000000000000
R8 =0x00007f87601937c0, R9 =0x0000000000000000, R10=0x00007f876860adb8, R11=0x00007f87687b1dd0
R12=0x0000000000000032, R13=0x0000000000000000, R14=0x0000000000000032, R15=0x0000000000000000
RIP=0x00007f87687b2182, EFLAGS=0x0000000000010202, CSGSFS=0x002b000000000033, ERR=0x0000000000000006
  TRAPNO=0x000000000000000e

Top of Stack: (sp=0x00007f87671d77a8)
0x00007f87671d77a8:   00007f8749abb402 b5012a0200000be4
0x00007f87671d77b8:   00007478742e3434 2c2c2c2c2c2c0032
0x00007f87671d77c8:   00000be72c2c2c2c 742e37340000001d
0x00007f87671d77d8:   2c2c2c2c2c007478 0000000000000000 

Instructions: (pc=0x00007f87687b2182)
0x00007f87687b2082:   66 66 2e 0f 1f 84 00 00 00 00 00 0f 1f 00 48 01
0x00007f87687b2092:   cf 48 01 ce 0f bc d2 83 fa 20 0f 83 3e 01 00 00
0x00007f87687b20a2:   83 fa 10 0f 83 05 01 00 00 83 fa 08 0f 83 dc 00
0x00007f87687b20b2:   00 00 83 fa 04 0f 83 c3 00 00 00 83 fa 03 0f 84
0x00007f87687b20c2:   aa 00 00 00 83 fa 01 0f 87 91 00 00 00 74 7f c6
0x00007f87687b20d2:   07 00 c3 66 66 2e 0f 1f 84 00 00 00 00 00 48 83
0x00007f87687b20e2:   c6 20 48 83 c7 20 eb ac 66 0f 1f 44 00 00 0f bc
0x00007f87687b20f2:   d2 48 01 ce 83 c2 20 29 ca eb 9c 0f 1f 00 0f bc
0x00007f87687b2102:   d2 eb 94 66 66 2e 0f 1f 84 00 00 00 00 00 0f bc
0x00007f87687b2112:   d1 62 e1 fe 28 7f 27 48 83 c6 20 48 83 c7 20 e9
0x00007f87687b2122:   73 ff ff ff 66 2e 0f 1f 84 00 00 00 00 00 0f bc
0x00007f87687b2132:   d2 62 e1 fe 28 7f 27 62 e1 fe 28 7f 6f 01 48 83
0x00007f87687b2142:   c6 40 48 83 c7 40 e9 4c ff ff ff 0f 1f 00 0f b7
0x00007f87687b2152:   16 66 89 17 c3 66 0f 1f 84 00 00 00 00 00 0f b7
0x00007f87687b2162:   0e 66 89 0f c6 47 02 00 c3 0f 1f 44 00 00 8b 16
0x00007f87687b2172:   89 17 c3 66 66 2e 0f 1f 84 00 00 00 00 00 8b 0e
0x00007f87687b2182:   89 0f 8b 4c 16 fd 89 4c 17 fd c3 0f 1f 00 48 8b
0x00007f87687b2192:   0e 4c 8b 4c 16 f9 48 89 0f 4c 89 4c 17 f9 c3 66
0x00007f87687b21a2:   66 2e 0f 1f 84 00 00 00 00 00 0f 1f 40 00 62 e1
0x00007f87687b21b2:   fe 08 6f 16 62 e1 fe 08 6f 9c 16 f1 ff ff ff 62
0x00007f87687b21c2:   e1 fe 08 7f 17 62 e1 fe 08 7f 9c 17 f1 ff ff ff
0x00007f87687b21d2:   c3 66 66 2e 0f 1f 84 00 00 00 00 00 66 90 62 e1
0x00007f87687b21e2:   fe 28 6f 16 62 e1 fe 28 6f 9c 16 e1 ff ff ff 62
0x00007f87687b21f2:   e1 fe 28 7f 17 62 e1 fe 28 7f 9c 17 e1 ff ff ff
0x00007f87687b2202:   c3 66 2e 0f 1f 84 00 00 00 00 00 66 2e 0f 1f 84
0x00007f87687b2212:   00 00 00 00 00 66 0f 1f 84 00 00 00 00 00 f3 0f
0x00007f87687b2222:   1e fa 89 f8 62 a1 fd 00 ef c0 25 ff 0f 00 00 3d
0x00007f87687b2232:   e0 0f 00 00 0f 87 34 01 00 00 62 f3 7d 20 3f 07
0x00007f87687b2242:   00 c5 fb 93 c0 85 c0 74 55 f3 0f bc c0 c3 f3 0f
0x00007f87687b2252:   bc c0 29 d7 8d 44 07 20 c3 0f 1f 44 00 00 f3 0f
0x00007f87687b2262:   bc c0 29 d7 8d 44 07 40 c3 0f 1f 44 00 00 f3 0f
0x00007f87687b2272:   bc c0 29 d7 8d 44 07 60 c3 0f 1f 44 00 00 f3 0f 


Stack slot to memory mapping:
stack at sp + 0 slots: 0x00007f8749abb402: recherchecouleur+0x00000000000002f4 in /home/pfr/pfr_code/image/src/libImage.so at 0x00007f8749ab7000
stack at sp + 1 slots: 0xb5012a0200000be4 is an unknown value
stack at sp + 2 slots: 0x00007478742e3434 is an unknown value
stack at sp + 3 slots: 0x2c2c2c2c2c2c0032 is an unknown value
stack at sp + 4 slots: 0x00000be72c2c2c2c is an unknown value
stack at sp + 5 slots: 0x742e37340000001d is an unknown value
stack at sp + 6 slots: 0x2c2c2c2c2c007478 is an unknown value
stack at sp + 7 slots: 0x0 is NULL


---------------  P R O C E S S  ---------------

Threads class SMR info:
_java_thread_list=0x00007f87603a0b90, length=14, elements={
0x00007f8760025d60, 0x00007f87601964a0, 0x00007f8760197af0, 0x00007f87601c8a20,
0x00007f87601c9880, 0x00007f87601cac90, 0x00007f87601cc310, 0x00007f87601cd7f0,
0x00007f87601cec80, 0x00007f87602964a0, 0x00007f876029db80, 0x00007f87603ac570,
0x00007f871808e880, 0x00007f876039f220
}

Java Threads: ( => current thread )
=>0x00007f8760025d60 JavaThread "main" [_thread_in_native, id=4121, stack(0x00007f87670da000,0x00007f87671da000)]
  0x00007f87601964a0 JavaThread "Reference Handler" daemon [_thread_blocked, id=4132, stack(0x00007f8764700000,0x00007f8764800000)]
  0x00007f8760197af0 JavaThread "Finalizer" daemon [_thread_blocked, id=4133, stack(0x00007f8764600000,0x00007f8764700000)]
  0x00007f87601c8a20 JavaThread "Signal Dispatcher" daemon [_thread_blocked, id=4134, stack(0x00007f8764500000,0x00007f8764600000)]
  0x00007f87601c9880 JavaThread "Service Thread" daemon [_thread_blocked, id=4135, stack(0x00007f8764400000,0x00007f8764500000)]
  0x00007f87601cac90 JavaThread "Monitor Deflation Thread" daemon [_thread_blocked, id=4136, stack(0x00007f8764300000,0x00007f8764400000)]
  0x00007f87601cc310 JavaThread "C2 CompilerThread0" daemon [_thread_blocked, id=4137, stack(0x00007f8764200000,0x00007f8764300000)]
  0x00007f87601cd7f0 JavaThread "C1 CompilerThread0" daemon [_thread_blocked, id=4138, stack(0x00007f8764100000,0x00007f8764200000)]
  0x00007f87601cec80 JavaThread "Sweeper thread" daemon [_thread_blocked, id=4139, stack(0x00007f8764000000,0x00007f8764100000)]
  0x00007f87602964a0 JavaThread "Notification Thread" daemon [_thread_blocked, id=4140, stack(0x00007f8749ac1000,0x00007f8749bc1000)]
  0x00007f876029db80 JavaThread "Common-Cleaner" daemon [_thread_blocked, id=4142, stack(0x00007f87487fe000,0x00007f87488fe000)]
  0x00007f87603ac570 JavaThread "process reaper" daemon [_thread_blocked, id=4144, stack(0x00007f87487ab000,0x00007f87487cd000)]
  0x00007f871808e880 JavaThread "C2 CompilerThread1" daemon [_thread_blocked, id=4145, stack(0x00007f87486ab000,0x00007f87487ab000)]
  0x00007f876039f220 JavaThread "JNA Cleaner" daemon [_thread_blocked, id=4146, stack(0x00007f8748300000,0x00007f8748400000)]

Other Threads:
  0x00007f8760146ac0 VMThread "VM Thread" [stack: 0x00007f8765037000,0x00007f8765137000] [id=4131]
  0x00007f8760201990 WatcherThread [stack: 0x00007f8748900000,0x00007f8748a00000] [id=4141]
  0x00007f8760080820 GCTaskThread "GC Thread#0" [stack: 0x00007f8765c64000,0x00007f8765d64000] [id=4122]
  0x00007f8760091590 ConcurrentGCThread "G1 Main Marker" [stack: 0x00007f8765b62000,0x00007f8765c62000] [id=4123]
  0x00007f87600924f0 ConcurrentGCThread "G1 Conc#0" [stack: 0x00007f8765a60000,0x00007f8765b60000] [id=4124]
  0x00007f87600ff530 ConcurrentGCThread "G1 Refine#0" [stack: 0x00007f8765358000,0x00007f8765458000] [id=4126]
  0x00007f8760100420 ConcurrentGCThread "G1 Service" [stack: 0x00007f8765256000,0x00007f8765356000] [id=4127]

Threads with active compile tasks:

VM state: not at safepoint (normal execution)

VM Mutex/Monitor currently owned by a thread: None

Heap address: 0x0000000084400000, size: 1980 MB, Compressed Oops mode: 32-bit

CDS archive(s) not mapped
Compressed class space mapped at: 0x0000000100000000-0x0000000140000000, reserved size: 1073741824
Narrow klass base: 0x0000000000000000, Narrow klass shift: 3, Narrow klass range: 0x140000000

GC Precious Log:
 CPUs: 6 total, 6 available
 Memory: 7914M
 Large Page Support: Disabled
 NUMA Support: Disabled
 Compressed Oops: Enabled (32-bit)
 Heap Region Size: 1M
 Heap Min Capacity: 8M
 Heap Initial Capacity: 124M
 Heap Max Capacity: 1980M
 Pre-touch: Disabled
 Parallel Workers: 6
 Concurrent Workers: 2
 Concurrent Refinement Workers: 6
 Periodic GC: Disabled

Heap:
 garbage-first heap   total 126976K, used 4096K [0x0000000084400000, 0x0000000100000000)
  region size 1024K, 5 young (5120K), 0 survivors (0K)
 Metaspace       used 8772K, committed 8896K, reserved 1064960K
  class space    used 792K, committed 832K, reserved 1048576K

Heap Regions: E=young(eden), S=young(survivor), O=old, HS=humongous(starts), HC=humongous(continues), CS=collection set, F=free, OA=open archive, CA=closed archive, TAMS=top-at-mark-start (previous, next)
|   0|0x0000000084400000, 0x0000000084400000, 0x0000000084500000|  0%| F|  |TAMS 0x0000000084400000, 0x0000000084400000| Untracked 
|   1|0x0000000084500000, 0x0000000084500000, 0x0000000084600000|  0%| F|  |TAMS 0x0000000084500000, 0x0000000084500000| Untracked 
|   2|0x0000000084600000, 0x0000000084600000, 0x0000000084700000|  0%| F|  |TAMS 0x0000000084600000, 0x0000000084600000| Untracked 
|   3|0x0000000084700000, 0x0000000084700000, 0x0000000084800000|  0%| F|  |TAMS 0x0000000084700000, 0x0000000084700000| Untracked 
|   4|0x0000000084800000, 0x0000000084800000, 0x0000000084900000|  0%| F|  |TAMS 0x0000000084800000, 0x0000000084800000| Untracked 
|   5|0x0000000084900000, 0x0000000084900000, 0x0000000084a00000|  0%| F|  |TAMS 0x0000000084900000, 0x0000000084900000| Untracked 
|   6|0x0000000084a00000, 0x0000000084a00000, 0x0000000084b00000|  0%| F|  |TAMS 0x0000000084a00000, 0x0000000084a00000| Untracked 
|   7|0x0000000084b00000, 0x0000000084b00000, 0x0000000084c00000|  0%| F|  |TAMS 0x0000000084b00000, 0x0000000084b00000| Untracked 
|   8|0x0000000084c00000, 0x0000000084c00000, 0x0000000084d00000|  0%| F|  |TAMS 0x0000000084c00000, 0x0000000084c00000| Untracked 
|   9|0x0000000084d00000, 0x0000000084d00000, 0x0000000084e00000|  0%| F|  |TAMS 0x0000000084d00000, 0x0000000084d00000| Untracked 
|  10|0x0000000084e00000, 0x0000000084e00000, 0x0000000084f00000|  0%| F|  |TAMS 0x0000000084e00000, 0x0000000084e00000| Untracked 
|  11|0x0000000084f00000, 0x0000000084f00000, 0x0000000085000000|  0%| F|  |TAMS 0x0000000084f00000, 0x0000000084f00000| Untracked 
|  12|0x0000000085000000, 0x0000000085000000, 0x0000000085100000|  0%| F|  |TAMS 0x0000000085000000, 0x0000000085000000| Untracked 
|  13|0x0000000085100000, 0x0000000085100000, 0x0000000085200000|  0%| F|  |TAMS 0x0000000085100000, 0x0000000085100000| Untracked 
|  14|0x0000000085200000, 0x0000000085200000, 0x0000000085300000|  0%| F|  |TAMS 0x0000000085200000, 0x0000000085200000| Untracked 
|  15|0x0000000085300000, 0x0000000085300000, 0x0000000085400000|  0%| F|  |TAMS 0x0000000085300000, 0x0000000085300000| Untracked 
|  16|0x0000000085400000, 0x0000000085400000, 0x0000000085500000|  0%| F|  |TAMS 0x0000000085400000, 0x0000000085400000| Untracked 
|  17|0x0000000085500000, 0x0000000085500000, 0x0000000085600000|  0%| F|  |TAMS 0x0000000085500000, 0x0000000085500000| Untracked 
|  18|0x0000000085600000, 0x0000000085600000, 0x0000000085700000|  0%| F|  |TAMS 0x0000000085600000, 0x0000000085600000| Untracked 
|  19|0x0000000085700000, 0x0000000085700000, 0x0000000085800000|  0%| F|  |TAMS 0x0000000085700000, 0x0000000085700000| Untracked 
|  20|0x0000000085800000, 0x0000000085800000, 0x0000000085900000|  0%| F|  |TAMS 0x0000000085800000, 0x0000000085800000| Untracked 
|  21|0x0000000085900000, 0x0000000085900000, 0x0000000085a00000|  0%| F|  |TAMS 0x0000000085900000, 0x0000000085900000| Untracked 
|  22|0x0000000085a00000, 0x0000000085a00000, 0x0000000085b00000|  0%| F|  |TAMS 0x0000000085a00000, 0x0000000085a00000| Untracked 
|  23|0x0000000085b00000, 0x0000000085b00000, 0x0000000085c00000|  0%| F|  |TAMS 0x0000000085b00000, 0x0000000085b00000| Untracked 
|  24|0x0000000085c00000, 0x0000000085c00000, 0x0000000085d00000|  0%| F|  |TAMS 0x0000000085c00000, 0x0000000085c00000| Untracked 
|  25|0x0000000085d00000, 0x0000000085d00000, 0x0000000085e00000|  0%| F|  |TAMS 0x0000000085d00000, 0x0000000085d00000| Untracked 
|  26|0x0000000085e00000, 0x0000000085e00000, 0x0000000085f00000|  0%| F|  |TAMS 0x0000000085e00000, 0x0000000085e00000| Untracked 
|  27|0x0000000085f00000, 0x0000000085f00000, 0x0000000086000000|  0%| F|  |TAMS 0x0000000085f00000, 0x0000000085f00000| Untracked 
|  28|0x0000000086000000, 0x0000000086000000, 0x0000000086100000|  0%| F|  |TAMS 0x0000000086000000, 0x0000000086000000| Untracked 
|  29|0x0000000086100000, 0x0000000086100000, 0x0000000086200000|  0%| F|  |TAMS 0x0000000086100000, 0x0000000086100000| Untracked 
|  30|0x0000000086200000, 0x0000000086200000, 0x0000000086300000|  0%| F|  |TAMS 0x0000000086200000, 0x0000000086200000| Untracked 
|  31|0x0000000086300000, 0x0000000086300000, 0x0000000086400000|  0%| F|  |TAMS 0x0000000086300000, 0x0000000086300000| Untracked 
|  32|0x0000000086400000, 0x0000000086400000, 0x0000000086500000|  0%| F|  |TAMS 0x0000000086400000, 0x0000000086400000| Untracked 
|  33|0x0000000086500000, 0x0000000086500000, 0x0000000086600000|  0%| F|  |TAMS 0x0000000086500000, 0x0000000086500000| Untracked 
|  34|0x0000000086600000, 0x0000000086600000, 0x0000000086700000|  0%| F|  |TAMS 0x0000000086600000, 0x0000000086600000| Untracked 
|  35|0x0000000086700000, 0x0000000086700000, 0x0000000086800000|  0%| F|  |TAMS 0x0000000086700000, 0x0000000086700000| Untracked 
|  36|0x0000000086800000, 0x0000000086800000, 0x0000000086900000|  0%| F|  |TAMS 0x0000000086800000, 0x0000000086800000| Untracked 
|  37|0x0000000086900000, 0x0000000086900000, 0x0000000086a00000|  0%| F|  |TAMS 0x0000000086900000, 0x0000000086900000| Untracked 
|  38|0x0000000086a00000, 0x0000000086a00000, 0x0000000086b00000|  0%| F|  |TAMS 0x0000000086a00000, 0x0000000086a00000| Untracked 
|  39|0x0000000086b00000, 0x0000000086b00000, 0x0000000086c00000|  0%| F|  |TAMS 0x0000000086b00000, 0x0000000086b00000| Untracked 
|  40|0x0000000086c00000, 0x0000000086c00000, 0x0000000086d00000|  0%| F|  |TAMS 0x0000000086c00000, 0x0000000086c00000| Untracked 
|  41|0x0000000086d00000, 0x0000000086d00000, 0x0000000086e00000|  0%| F|  |TAMS 0x0000000086d00000, 0x0000000086d00000| Untracked 
|  42|0x0000000086e00000, 0x0000000086e00000, 0x0000000086f00000|  0%| F|  |TAMS 0x0000000086e00000, 0x0000000086e00000| Untracked 
|  43|0x0000000086f00000, 0x0000000086f00000, 0x0000000087000000|  0%| F|  |TAMS 0x0000000086f00000, 0x0000000086f00000| Untracked 
|  44|0x0000000087000000, 0x0000000087000000, 0x0000000087100000|  0%| F|  |TAMS 0x0000000087000000, 0x0000000087000000| Untracked 
|  45|0x0000000087100000, 0x0000000087100000, 0x0000000087200000|  0%| F|  |TAMS 0x0000000087100000, 0x0000000087100000| Untracked 
|  46|0x0000000087200000, 0x0000000087200000, 0x0000000087300000|  0%| F|  |TAMS 0x0000000087200000, 0x0000000087200000| Untracked 
|  47|0x0000000087300000, 0x0000000087300000, 0x0000000087400000|  0%| F|  |TAMS 0x0000000087300000, 0x0000000087300000| Untracked 
|  48|0x0000000087400000, 0x0000000087400000, 0x0000000087500000|  0%| F|  |TAMS 0x0000000087400000, 0x0000000087400000| Untracked 
|  49|0x0000000087500000, 0x0000000087500000, 0x0000000087600000|  0%| F|  |TAMS 0x0000000087500000, 0x0000000087500000| Untracked 
|  50|0x0000000087600000, 0x0000000087600000, 0x0000000087700000|  0%| F|  |TAMS 0x0000000087600000, 0x0000000087600000| Untracked 
|  51|0x0000000087700000, 0x0000000087700000, 0x0000000087800000|  0%| F|  |TAMS 0x0000000087700000, 0x0000000087700000| Untracked 
|  52|0x0000000087800000, 0x0000000087800000, 0x0000000087900000|  0%| F|  |TAMS 0x0000000087800000, 0x0000000087800000| Untracked 
|  53|0x0000000087900000, 0x0000000087900000, 0x0000000087a00000|  0%| F|  |TAMS 0x0000000087900000, 0x0000000087900000| Untracked 
|  54|0x0000000087a00000, 0x0000000087a00000, 0x0000000087b00000|  0%| F|  |TAMS 0x0000000087a00000, 0x0000000087a00000| Untracked 
|  55|0x0000000087b00000, 0x0000000087b00000, 0x0000000087c00000|  0%| F|  |TAMS 0x0000000087b00000, 0x0000000087b00000| Untracked 
|  56|0x0000000087c00000, 0x0000000087c00000, 0x0000000087d00000|  0%| F|  |TAMS 0x0000000087c00000, 0x0000000087c00000| Untracked 
|  57|0x0000000087d00000, 0x0000000087d00000, 0x0000000087e00000|  0%| F|  |TAMS 0x0000000087d00000, 0x0000000087d00000| Untracked 
|  58|0x0000000087e00000, 0x0000000087e00000, 0x0000000087f00000|  0%| F|  |TAMS 0x0000000087e00000, 0x0000000087e00000| Untracked 
|  59|0x0000000087f00000, 0x0000000087f00000, 0x0000000088000000|  0%| F|  |TAMS 0x0000000087f00000, 0x0000000087f00000| Untracked 
|  60|0x0000000088000000, 0x0000000088000000, 0x0000000088100000|  0%| F|  |TAMS 0x0000000088000000, 0x0000000088000000| Untracked 
|  61|0x0000000088100000, 0x0000000088100000, 0x0000000088200000|  0%| F|  |TAMS 0x0000000088100000, 0x0000000088100000| Untracked 
|  62|0x0000000088200000, 0x0000000088200000, 0x0000000088300000|  0%| F|  |TAMS 0x0000000088200000, 0x0000000088200000| Untracked 
|  63|0x0000000088300000, 0x0000000088300000, 0x0000000088400000|  0%| F|  |TAMS 0x0000000088300000, 0x0000000088300000| Untracked 
|  64|0x0000000088400000, 0x0000000088400000, 0x0000000088500000|  0%| F|  |TAMS 0x0000000088400000, 0x0000000088400000| Untracked 
|  65|0x0000000088500000, 0x0000000088500000, 0x0000000088600000|  0%| F|  |TAMS 0x0000000088500000, 0x0000000088500000| Untracked 
|  66|0x0000000088600000, 0x0000000088600000, 0x0000000088700000|  0%| F|  |TAMS 0x0000000088600000, 0x0000000088600000| Untracked 
|  67|0x0000000088700000, 0x0000000088700000, 0x0000000088800000|  0%| F|  |TAMS 0x0000000088700000, 0x0000000088700000| Untracked 
|  68|0x0000000088800000, 0x0000000088800000, 0x0000000088900000|  0%| F|  |TAMS 0x0000000088800000, 0x0000000088800000| Untracked 
|  69|0x0000000088900000, 0x0000000088900000, 0x0000000088a00000|  0%| F|  |TAMS 0x0000000088900000, 0x0000000088900000| Untracked 
|  70|0x0000000088a00000, 0x0000000088a00000, 0x0000000088b00000|  0%| F|  |TAMS 0x0000000088a00000, 0x0000000088a00000| Untracked 
|  71|0x0000000088b00000, 0x0000000088b00000, 0x0000000088c00000|  0%| F|  |TAMS 0x0000000088b00000, 0x0000000088b00000| Untracked 
|  72|0x0000000088c00000, 0x0000000088c00000, 0x0000000088d00000|  0%| F|  |TAMS 0x0000000088c00000, 0x0000000088c00000| Untracked 
|  73|0x0000000088d00000, 0x0000000088d00000, 0x0000000088e00000|  0%| F|  |TAMS 0x0000000088d00000, 0x0000000088d00000| Untracked 
|  74|0x0000000088e00000, 0x0000000088e00000, 0x0000000088f00000|  0%| F|  |TAMS 0x0000000088e00000, 0x0000000088e00000| Untracked 
|  75|0x0000000088f00000, 0x0000000088f00000, 0x0000000089000000|  0%| F|  |TAMS 0x0000000088f00000, 0x0000000088f00000| Untracked 
|  76|0x0000000089000000, 0x0000000089000000, 0x0000000089100000|  0%| F|  |TAMS 0x0000000089000000, 0x0000000089000000| Untracked 
|  77|0x0000000089100000, 0x0000000089100000, 0x0000000089200000|  0%| F|  |TAMS 0x0000000089100000, 0x0000000089100000| Untracked 
|  78|0x0000000089200000, 0x0000000089200000, 0x0000000089300000|  0%| F|  |TAMS 0x0000000089200000, 0x0000000089200000| Untracked 
|  79|0x0000000089300000, 0x0000000089300000, 0x0000000089400000|  0%| F|  |TAMS 0x0000000089300000, 0x0000000089300000| Untracked 
|  80|0x0000000089400000, 0x0000000089400000, 0x0000000089500000|  0%| F|  |TAMS 0x0000000089400000, 0x0000000089400000| Untracked 
|  81|0x0000000089500000, 0x0000000089500000, 0x0000000089600000|  0%| F|  |TAMS 0x0000000089500000, 0x0000000089500000| Untracked 
|  82|0x0000000089600000, 0x0000000089600000, 0x0000000089700000|  0%| F|  |TAMS 0x0000000089600000, 0x0000000089600000| Untracked 
|  83|0x0000000089700000, 0x0000000089700000, 0x0000000089800000|  0%| F|  |TAMS 0x0000000089700000, 0x0000000089700000| Untracked 
|  84|0x0000000089800000, 0x0000000089800000, 0x0000000089900000|  0%| F|  |TAMS 0x0000000089800000, 0x0000000089800000| Untracked 
|  85|0x0000000089900000, 0x0000000089900000, 0x0000000089a00000|  0%| F|  |TAMS 0x0000000089900000, 0x0000000089900000| Untracked 
|  86|0x0000000089a00000, 0x0000000089a00000, 0x0000000089b00000|  0%| F|  |TAMS 0x0000000089a00000, 0x0000000089a00000| Untracked 
|  87|0x0000000089b00000, 0x0000000089b00000, 0x0000000089c00000|  0%| F|  |TAMS 0x0000000089b00000, 0x0000000089b00000| Untracked 
|  88|0x0000000089c00000, 0x0000000089c00000, 0x0000000089d00000|  0%| F|  |TAMS 0x0000000089c00000, 0x0000000089c00000| Untracked 
|  89|0x0000000089d00000, 0x0000000089d00000, 0x0000000089e00000|  0%| F|  |TAMS 0x0000000089d00000, 0x0000000089d00000| Untracked 
|  90|0x0000000089e00000, 0x0000000089e00000, 0x0000000089f00000|  0%| F|  |TAMS 0x0000000089e00000, 0x0000000089e00000| Untracked 
|  91|0x0000000089f00000, 0x0000000089f00000, 0x000000008a000000|  0%| F|  |TAMS 0x0000000089f00000, 0x0000000089f00000| Untracked 
|  92|0x000000008a000000, 0x000000008a000000, 0x000000008a100000|  0%| F|  |TAMS 0x000000008a000000, 0x000000008a000000| Untracked 
|  93|0x000000008a100000, 0x000000008a100000, 0x000000008a200000|  0%| F|  |TAMS 0x000000008a100000, 0x000000008a100000| Untracked 
|  94|0x000000008a200000, 0x000000008a200000, 0x000000008a300000|  0%| F|  |TAMS 0x000000008a200000, 0x000000008a200000| Untracked 
|  95|0x000000008a300000, 0x000000008a300000, 0x000000008a400000|  0%| F|  |TAMS 0x000000008a300000, 0x000000008a300000| Untracked 
|  96|0x000000008a400000, 0x000000008a400000, 0x000000008a500000|  0%| F|  |TAMS 0x000000008a400000, 0x000000008a400000| Untracked 
|  97|0x000000008a500000, 0x000000008a500000, 0x000000008a600000|  0%| F|  |TAMS 0x000000008a500000, 0x000000008a500000| Untracked 
|  98|0x000000008a600000, 0x000000008a600000, 0x000000008a700000|  0%| F|  |TAMS 0x000000008a600000, 0x000000008a600000| Untracked 
|  99|0x000000008a700000, 0x000000008a700000, 0x000000008a800000|  0%| F|  |TAMS 0x000000008a700000, 0x000000008a700000| Untracked 
| 100|0x000000008a800000, 0x000000008a800000, 0x000000008a900000|  0%| F|  |TAMS 0x000000008a800000, 0x000000008a800000| Untracked 
| 101|0x000000008a900000, 0x000000008a900000, 0x000000008aa00000|  0%| F|  |TAMS 0x000000008a900000, 0x000000008a900000| Untracked 
| 102|0x000000008aa00000, 0x000000008aa00000, 0x000000008ab00000|  0%| F|  |TAMS 0x000000008aa00000, 0x000000008aa00000| Untracked 
| 103|0x000000008ab00000, 0x000000008ab00000, 0x000000008ac00000|  0%| F|  |TAMS 0x000000008ab00000, 0x000000008ab00000| Untracked 
| 104|0x000000008ac00000, 0x000000008ac00000, 0x000000008ad00000|  0%| F|  |TAMS 0x000000008ac00000, 0x000000008ac00000| Untracked 
| 105|0x000000008ad00000, 0x000000008ad00000, 0x000000008ae00000|  0%| F|  |TAMS 0x000000008ad00000, 0x000000008ad00000| Untracked 
| 106|0x000000008ae00000, 0x000000008ae00000, 0x000000008af00000|  0%| F|  |TAMS 0x000000008ae00000, 0x000000008ae00000| Untracked 
| 107|0x000000008af00000, 0x000000008af00000, 0x000000008b000000|  0%| F|  |TAMS 0x000000008af00000, 0x000000008af00000| Untracked 
| 108|0x000000008b000000, 0x000000008b000000, 0x000000008b100000|  0%| F|  |TAMS 0x000000008b000000, 0x000000008b000000| Untracked 
| 109|0x000000008b100000, 0x000000008b100000, 0x000000008b200000|  0%| F|  |TAMS 0x000000008b100000, 0x000000008b100000| Untracked 
| 110|0x000000008b200000, 0x000000008b200000, 0x000000008b300000|  0%| F|  |TAMS 0x000000008b200000, 0x000000008b200000| Untracked 
| 111|0x000000008b300000, 0x000000008b300000, 0x000000008b400000|  0%| F|  |TAMS 0x000000008b300000, 0x000000008b300000| Untracked 
| 112|0x000000008b400000, 0x000000008b400000, 0x000000008b500000|  0%| F|  |TAMS 0x000000008b400000, 0x000000008b400000| Untracked 
| 113|0x000000008b500000, 0x000000008b500000, 0x000000008b600000|  0%| F|  |TAMS 0x000000008b500000, 0x000000008b500000| Untracked 
| 114|0x000000008b600000, 0x000000008b600000, 0x000000008b700000|  0%| F|  |TAMS 0x000000008b600000, 0x000000008b600000| Untracked 
| 115|0x000000008b700000, 0x000000008b700000, 0x000000008b800000|  0%| F|  |TAMS 0x000000008b700000, 0x000000008b700000| Untracked 
| 116|0x000000008b800000, 0x000000008b800000, 0x000000008b900000|  0%| F|  |TAMS 0x000000008b800000, 0x000000008b800000| Untracked 
| 117|0x000000008b900000, 0x000000008b900000, 0x000000008ba00000|  0%| F|  |TAMS 0x000000008b900000, 0x000000008b900000| Untracked 
| 118|0x000000008ba00000, 0x000000008ba00000, 0x000000008bb00000|  0%| F|  |TAMS 0x000000008ba00000, 0x000000008ba00000| Untracked 
| 119|0x000000008bb00000, 0x000000008bb74240, 0x000000008bc00000| 45%| E|  |TAMS 0x000000008bb00000, 0x000000008bb00000| Complete 
| 120|0x000000008bc00000, 0x000000008bd00000, 0x000000008bd00000|100%| E|CS|TAMS 0x000000008bc00000, 0x000000008bc00000| Complete 
| 121|0x000000008bd00000, 0x000000008be00000, 0x000000008be00000|100%| E|CS|TAMS 0x000000008bd00000, 0x000000008bd00000| Complete 
| 122|0x000000008be00000, 0x000000008bf00000, 0x000000008bf00000|100%| E|CS|TAMS 0x000000008be00000, 0x000000008be00000| Complete 
| 123|0x000000008bf00000, 0x000000008c000000, 0x000000008c000000|100%| E|CS|TAMS 0x000000008bf00000, 0x000000008bf00000| Complete 

Card table byte_map: [0x00007f8766142000,0x00007f8766520000] _byte_map_base: 0x00007f8765d20000

Marking Bits (Prev, Next): (CMBitMap*) 0x00007f87600812a0, (CMBitMap*) 0x00007f87600812e0
 Prev Bits: [0x00007f874bab1000, 0x00007f874d9a1000)
 Next Bits: [0x00007f8749bc1000, 0x00007f874bab1000)

Polling page: 0x00007f876895e000

Metaspace:

Usage:
  Non-class:      7,79 MB used.
      Class:    792,18 KB used.
       Both:      8,57 MB used.

Virtual space:
  Non-class space:       16,00 MB reserved,       7,88 MB ( 49%) committed,  2 nodes.
      Class space:        1,00 GB reserved,     832,00 KB ( <1%) committed,  1 nodes.
             Both:        1,02 GB reserved,       8,69 MB ( <1%) committed. 

Chunk freelists:
   Non-Class:  3,97 MB
       Class:  3,21 MB
        Both:  7,18 MB

MaxMetaspaceSize: unlimited
CompressedClassSpaceSize: 1,00 GB
Initial GC threshold: 21,00 MB
Current GC threshold: 21,00 MB
CDS: off
MetaspaceReclaimPolicy: balanced
 - commit_granule_bytes: 65536.
 - commit_granule_words: 8192.
 - virtual_space_node_default_size: 1048576.
 - enlarge_chunks_in_place: 1.
 - new_chunks_are_fully_committed: 0.
 - uncommit_free_chunks: 1.
 - use_allocation_guard: 0.
 - handle_deallocations: 1.


Internal statistics:

num_allocs_failed_limit: 0.
num_arena_births: 24.
num_arena_deaths: 0.
num_vsnodes_births: 3.
num_vsnodes_deaths: 0.
num_space_committed: 139.
num_space_uncommitted: 0.
num_chunks_returned_to_freelist: 0.
num_chunks_taken_from_freelist: 58.
num_chunk_merges: 0.
num_chunk_splits: 32.
num_chunks_enlarged: 24.
num_purges: 0.
num_inconsistent_stats: 0.

CodeHeap 'non-profiled nmethods': size=120032Kb used=99Kb max_used=99Kb free=119932Kb
 bounds [0x00007f8755469000, 0x00007f87556d9000, 0x00007f875c9a1000]
CodeHeap 'profiled nmethods': size=120028Kb used=418Kb max_used=418Kb free=119610Kb
 bounds [0x00007f874df32000, 0x00007f874e1a2000, 0x00007f8755469000]
CodeHeap 'non-nmethods': size=5700Kb used=1135Kb max_used=1149Kb free=4564Kb
 bounds [0x00007f874d9a1000, 0x00007f874dc11000, 0x00007f874df32000]
 total_blobs=735 nmethods=321 adapters=328
 compilation: enabled
              stopped_count=0, restarted_count=0
 full_count=0

Compilation events (20 events):
Event: 0,343 Thread 0x00007f87601cc310  312       4       java.util.Objects::requireNonNull (14 bytes)
Event: 0,343 Thread 0x00007f87601cc310 nmethod 312 0x00007f8755481590 code [0x00007f8755481700, 0x00007f8755481778]
Event: 0,344 Thread 0x00007f87601cd7f0  313       3       java.util.ArrayList::add (25 bytes)
Event: 0,344 Thread 0x00007f87601cd7f0 nmethod 313 0x00007f874df8d610 code [0x00007f874df8d7e0, 0x00007f874df8dc00]
Event: 0,344 Thread 0x00007f87601cd7f0  314       3       java.util.ArrayList::add (23 bytes)
Event: 0,344 Thread 0x00007f87601cd7f0 nmethod 314 0x00007f874df8dd90 code [0x00007f874df8df60, 0x00007f874df8e300]
Event: 0,344 Thread 0x00007f87601cd7f0  315       3       jdk.internal.org.objectweb.asm.Frame::push (109 bytes)
Event: 0,344 Thread 0x00007f87601cd7f0 nmethod 315 0x00007f874df8e490 code [0x00007f874df8e660, 0x00007f874df8ebc0]
Event: 0,344 Thread 0x00007f87601cd7f0  316       3       jdk.internal.org.objectweb.asm.ByteVector::put12 (64 bytes)
Event: 0,344 Thread 0x00007f87601cd7f0 nmethod 316 0x00007f874df8ed90 code [0x00007f874df8ef40, 0x00007f874df8f160]
Event: 0,344 Thread 0x00007f87601cd7f0  317       3       jdk.internal.org.objectweb.asm.Frame::execute (2305 bytes)
Event: 0,350 Thread 0x00007f87601cd7f0 nmethod 317 0x00007f874df8f310 code [0x00007f874df90240, 0x00007f874df969b0]
Event: 0,350 Thread 0x00007f87601cd7f0  319       1       java.lang.reflect.Method::getName (5 bytes)
Event: 0,350 Thread 0x00007f87601cd7f0 nmethod 319 0x00007f8755481890 code [0x00007f8755481a20, 0x00007f8755481af0]
Event: 0,350 Thread 0x00007f87601cd7f0  320       3       java.lang.PublicMethods$Key::matches (31 bytes)
Event: 0,350 Thread 0x00007f87601cd7f0 nmethod 320 0x00007f874df98590 code [0x00007f874df98760, 0x00007f874df98ab0]
Event: 0,350 Thread 0x00007f87601cd7f0  318       1       jdk.internal.org.objectweb.asm.SymbolTable::getMajorVersion (5 bytes)
Event: 0,350 Thread 0x00007f87601cd7f0 nmethod 318 0x00007f8755481b90 code [0x00007f8755481d20, 0x00007f8755481df0]
Event: 0,350 Thread 0x00007f87601cd7f0  321       3       java.util.HashMap::resize (356 bytes)
Event: 0,351 Thread 0x00007f87601cd7f0 nmethod 321 0x00007f874df98c90 code [0x00007f874df98f40, 0x00007f874df9a380]

GC Heap History (0 events):
No events

Dll operation events (5 events):
Event: 0,003 Loaded shared library /snap/eclipse/66/plugins/org.eclipse.justj.openjdk.hotspot.jre.full.linux.x86_64_17.0.5.v20221102-0933/jre/lib/libjava.so
Event: 0,143 Loaded shared library /snap/eclipse/66/plugins/org.eclipse.justj.openjdk.hotspot.jre.full.linux.x86_64_17.0.5.v20221102-0933/jre/lib/libnio.so
Event: 0,157 Loaded shared library /snap/eclipse/66/plugins/org.eclipse.justj.openjdk.hotspot.jre.full.linux.x86_64_17.0.5.v20221102-0933/jre/lib/libzip.so
Event: 0,235 Loaded shared library /snap/eclipse/66/plugins/org.eclipse.justj.openjdk.hotspot.jre.full.linux.x86_64_17.0.5.v20221102-0933/jre/lib/libjimage.so
Event: 0,288 Loaded shared library /home/pfr/.cache/JNA/temp/jna10856787633083695713.tmp

Deoptimization events (0 events):
No events

Classes unloaded (0 events):
No events

Classes redefined (0 events):
No events

Internal exceptions (7 events):
Event: 0,315 Thread 0x00007f8760025d60 Exception <a 'java/lang/NoSuchMethodError'{0x000000008bdd8370}: 'java.lang.Object java.lang.invoke.DirectMethodHandle$Holder.invokeStaticInit(java.lang.Object)'> (0x000000008bdd8370) 
thrown [src/hotspot/share/interpreter/linkResolver.cpp, line 758]
Event: 0,317 Thread 0x00007f8760025d60 Exception <a 'java/lang/NoSuchMethodError'{0x000000008bde2308}: 'java.lang.Object java.lang.invoke.DirectMethodHandle$Holder.invokeStaticInit(java.lang.Object, java.lang.Object, long, java.lang.Object)'> (0x000000008bde2308) 
thrown [src/hotspot/share/interpreter/linkResolver.cpp, line 758]
Event: 0,317 Thread 0x00007f8760025d60 Exception <a 'java/lang/NoSuchMethodError'{0x000000008bde8c10}: 'java.lang.Object java.lang.invoke.DirectMethodHandle$Holder.newInvokeSpecial(java.lang.Object, java.lang.Object, long)'> (0x000000008bde8c10) 
thrown [src/hotspot/share/interpreter/linkResolver.cpp, line 758]
Event: 0,318 Thread 0x00007f8760025d60 Exception <a 'java/lang/NoSuchMethodError'{0x000000008bdecf00}: 'java.lang.Object java.lang.invoke.Invokers$Holder.linkToTargetMethod(java.lang.Object, long, java.lang.Object)'> (0x000000008bdecf00) 
thrown [src/hotspot/share/interpreter/linkResolver.cpp, line 758]
Event: 0,321 Thread 0x00007f8760025d60 Exception <a 'java/lang/NoSuchMethodError'{0x000000008bdf5460}: 'java.lang.Object java.lang.invoke.DirectMethodHandle$Holder.newInvokeSpecial(java.lang.Object, java.lang.Object, java.lang.Object, int)'> (0x000000008bdf5460) 
thrown [src/hotspot/share/interpreter/linkResolver.cpp, line 758]
Event: 0,321 Thread 0x00007f8760025d60 Exception <a 'java/lang/NoSuchMethodError'{0x000000008bdf9840}: 'java.lang.Object java.lang.invoke.DirectMethodHandle$Holder.invokeSpecial(java.lang.Object, java.lang.Object, java.lang.Object, java.lang.Object, int)'> (0x000000008bdf9840) 
thrown [src/hotspot/share/interpreter/linkResolver.cpp, line 758]
Event: 0,321 Thread 0x00007f8760025d60 Exception <a 'java/lang/NoSuchMethodError'{0x000000008bdfd408}: 'java.lang.Object java.lang.invoke.Invokers$Holder.linkToTargetMethod(java.lang.Object, java.lang.Object, int, java.lang.Object)'> (0x000000008bdfd408) 
thrown [src/hotspot/share/interpreter/linkResolver.cpp, line 758]

VM Operations (4 events):
Event: 0,160 Executing VM operation: HandshakeAllThreads
Event: 0,160 Executing VM operation: HandshakeAllThreads done
Event: 0,307 Executing VM operation: HandshakeAllThreads
Event: 0,307 Executing VM operation: HandshakeAllThreads done

Events (20 events):
Event: 0,341 loading class java/lang/reflect/ProxyGenerator
Event: 0,342 loading class java/lang/reflect/ProxyGenerator done
Event: 0,342 loading class java/lang/reflect/ProxyGenerator$ProxyMethod
Event: 0,342 loading class java/lang/reflect/ProxyGenerator$ProxyMethod done
Event: 0,343 loading class java/lang/reflect/ProxyGenerator$PrimitiveTypeInfo
Event: 0,343 loading class java/lang/reflect/ProxyGenerator$PrimitiveTypeInfo done
Event: 0,343 loading class jdk/internal/org/objectweb/asm/Edge
Event: 0,343 loading class jdk/internal/org/objectweb/asm/Edge done
Event: 0,345 loading class java/lang/reflect/UndeclaredThrowableException
Event: 0,345 loading class java/lang/reflect/UndeclaredThrowableException done
Event: 0,345 loading class java/lang/reflect/Proxy$ProxyBuilder$1
Event: 0,345 loading class java/lang/reflect/Proxy$ProxyBuilder$1 done
Event: 0,346 loading class java/lang/AssertionError
Event: 0,346 loading class java/lang/AssertionError done
Event: 0,346 loading class java/lang/reflect/TypeVariable
Event: 0,347 loading class java/lang/reflect/TypeVariable done
Event: 0,347 loading class java/lang/reflect/AnnotatedType
Event: 0,347 loading class java/lang/reflect/AnnotatedType done
Event: 0,347 loading class java/lang/TypeNotPresentException
Event: 0,347 loading class java/lang/TypeNotPresentException done


Dynamic libraries:
84400000-8c000000 rw-p 00000000 00:00 0 
8c000000-100000000 ---p 00000000 00:00 0 
100000000-100020000 rw-p 00000000 00:00 0 
100020000-100040000 rw-p 00000000 00:00 0 
100040000-1000c0000 rw-p 00000000 00:00 0 
1000c0000-1000d0000 rw-p 00000000 00:00 0 
1000d0000-140000000 ---p 00000000 00:00 0 
561d9a323000-561d9a324000 r--p 00000000 07:0a 932                        /snap/eclipse/66/plugins/org.eclipse.justj.openjdk.hotspot.jre.full.linux.x86_64_17.0.5.v20221102-0933/jre/bin/java
561d9a324000-561d9a325000 r-xp 00001000 07:0a 932                        /snap/eclipse/66/plugins/org.eclipse.justj.openjdk.hotspot.jre.full.linux.x86_64_17.0.5.v20221102-0933/jre/bin/java
561d9a325000-561d9a326000 r--p 00002000 07:0a 932                        /snap/eclipse/66/plugins/org.eclipse.justj.openjdk.hotspot.jre.full.linux.x86_64_17.0.5.v20221102-0933/jre/bin/java
561d9a326000-561d9a327000 r--p 00002000 07:0a 932                        /snap/eclipse/66/plugins/org.eclipse.justj.openjdk.hotspot.jre.full.linux.x86_64_17.0.5.v20221102-0933/jre/bin/java
561d9a327000-561d9a328000 rw-p 00003000 07:0a 932                        /snap/eclipse/66/plugins/org.eclipse.justj.openjdk.hotspot.jre.full.linux.x86_64_17.0.5.v20221102-0933/jre/bin/java
561d9b3a6000-561d9b3ee000 rw-p 00000000 00:00 0                          [heap]
7f86f4000000-7f86f405c000 rw-p 00000000 00:00 0 
7f86f405c000-7f86f8000000 ---p 00000000 00:00 0 
7f86f8000000-7f86f8021000 rw-p 00000000 00:00 0 
7f86f8021000-7f86fc000000 ---p 00000000 00:00 0 
7f86fc000000-7f86fc021000 rw-p 00000000 00:00 0 
7f86fc021000-7f8700000000 ---p 00000000 00:00 0 
7f8700000000-7f8700021000 rw-p 00000000 00:00 0 
7f8700021000-7f8704000000 ---p 00000000 00:00 0 
7f8704000000-7f8704021000 rw-p 00000000 00:00 0 
7f8704021000-7f8708000000 ---p 00000000 00:00 0 
7f8708000000-7f8708021000 rw-p 00000000 00:00 0 
7f8708021000-7f870c000000 ---p 00000000 00:00 0 
7f870c000000-7f870c16a000 rw-p 00000000 00:00 0 
7f870c16a000-7f8710000000 ---p 00000000 00:00 0 
7f8710000000-7f8710021000 rw-p 00000000 00:00 0 
7f8710021000-7f8714000000 ---p 00000000 00:00 0 
7f8714000000-7f8714021000 rw-p 00000000 00:00 0 
7f8714021000-7f8718000000 ---p 00000000 00:00 0 
7f8718000000-7f87180db000 rw-p 00000000 00:00 0 
7f87180db000-7f871c000000 ---p 00000000 00:00 0 
7f871c000000-7f871c021000 rw-p 00000000 00:00 0 
7f871c021000-7f8720000000 ---p 00000000 00:00 0 
7f8720000000-7f8720021000 rw-p 00000000 00:00 0 
7f8720021000-7f8724000000 ---p 00000000 00:00 0 
7f8724000000-7f8724021000 rw-p 00000000 00:00 0 
7f8724021000-7f8728000000 ---p 00000000 00:00 0 
7f8728000000-7f8728021000 rw-p 00000000 00:00 0 
7f8728021000-7f872c000000 ---p 00000000 00:00 0 
7f872c000000-7f872c021000 rw-p 00000000 00:00 0 
7f872c021000-7f8730000000 ---p 00000000 00:00 0 
7f8730000000-7f8730021000 rw-p 00000000 00:00 0 
7f8730021000-7f8734000000 ---p 00000000 00:00 0 
7f8734000000-7f8734021000 rw-p 00000000 00:00 0 
7f8734021000-7f8738000000 ---p 00000000 00:00 0 
7f8739800000-7f8739810000 rw-p 00000000 00:00 0 
7f8739810000-7f873a000000 ---p 00000000 00:00 0 
7f873a000000-7f873c000000 rw-p 00000000 00:00 0 
7f873c000000-7f873c021000 rw-p 00000000 00:00 0 
7f873c021000-7f8740000000 ---p 00000000 00:00 0 
7f8740000000-7f8740021000 rw-p 00000000 00:00 0 
7f8740021000-7f8744000000 ---p 00000000 00:00 0 
7f8744000000-7f8744021000 rw-p 00000000 00:00 0 
7f8744021000-7f8748000000 ---p 00000000 00:00 0 
7f8748300000-7f8748304000 ---p 00000000 00:00 0 
7f8748304000-7f8748400000 rw-p 00000000 00:00 0 
7f8748400000-7f874841e000 r-xp 00000000 08:03 673083                     /home/pfr/.cache/JNA/temp/jna10856787633083695713.tmp (deleted)
7f874841e000-7f874861d000 ---p 0001e000 08:03 673083                     /home/pfr/.cache/JNA/temp/jna10856787633083695713.tmp (deleted)
7f874861d000-7f874861e000 rw-p 0001d000 08:03 673083                     /home/pfr/.cache/JNA/temp/jna10856787633083695713.tmp (deleted)
7f874861e000-7f874861f000 rw-p 00000000 00:00 0 
7f87486a4000-7f87486ab000 r--s 00000000 08:03 656382                     /usr/lib/x86_64-linux-gnu/gconv/gconv-modules.cache
7f87486ab000-7f87486af000 ---p 00000000 00:00 0 
7f87486af000-7f87487ab000 rw-p 00000000 00:00 0 
7f87487ab000-7f87487af000 ---p 00000000 00:00 0 
7f87487af000-7f87487fe000 rw-p 00000000 00:00 0 
7f87487fe000-7f8748802000 ---p 00000000 00:00 0 
7f8748802000-7f87488fe000 rw-p 00000000 00:00 0 
7f87488fe000-7f87488ff000 ---p 00000000 00:00 0 
7f87488ff000-7f8748a00000 rw-p 00000000 00:00 0 
7f8748a00000-7f8749ab6000 r--p 00000000 08:03 136397                     /usr/lib/locale/locale-archive
7f8749ab7000-7f8749ab9000 r--p 00000000 08:03 673071                     /home/pfr/pfr_code/image/src/libImage.so
7f8749ab9000-7f8749abe000 r-xp 00002000 08:03 673071                     /home/pfr/pfr_code/image/src/libImage.so
7f8749abe000-7f8749abf000 r--p 00007000 08:03 673071                     /home/pfr/pfr_code/image/src/libImage.so
7f8749abf000-7f8749ac0000 r--p 00007000 08:03 673071                     /home/pfr/pfr_code/image/src/libImage.so
7f8749ac0000-7f8749ac1000 rw-p 00008000 08:03 673071                     /home/pfr/pfr_code/image/src/libImage.so
7f8749ac1000-7f8749ac5000 ---p 00000000 00:00 0 
7f8749ac5000-7f8749db1000 rw-p 00000000 00:00 0 
7f8749db1000-7f874bab1000 ---p 00000000 00:00 0 
7f874bab1000-7f874bca1000 rw-p 00000000 00:00 0 
7f874bca1000-7f874d9a1000 ---p 00000000 00:00 0 
7f874d9a1000-7f874dc11000 rwxp 00000000 00:00 0 
7f874dc11000-7f874df32000 ---p 00000000 00:00 0 
7f874df32000-7f874e1a2000 rwxp 00000000 00:00 0 
7f874e1a2000-7f8755469000 ---p 00000000 00:00 0 
7f8755469000-7f87556d9000 rwxp 00000000 00:00 0 
7f87556d9000-7f875c9a1000 ---p 00000000 00:00 0 
7f875c9a1000-7f8760000000 r--s 00000000 07:0a 1339                       /snap/eclipse/66/plugins/org.eclipse.justj.openjdk.hotspot.jre.full.linux.x86_64_17.0.5.v20221102-0933/jre/lib/modules
7f8760000000-7f8760414000 rw-p 00000000 00:00 0 
7f8760414000-7f8764000000 ---p 00000000 00:00 0 
7f8764000000-7f8764004000 ---p 00000000 00:00 0 
7f8764004000-7f8764100000 rw-p 00000000 00:00 0 
7f8764100000-7f8764104000 ---p 00000000 00:00 0 
7f8764104000-7f8764200000 rw-p 00000000 00:00 0 
7f8764200000-7f8764204000 ---p 00000000 00:00 0 
7f8764204000-7f8764300000 rw-p 00000000 00:00 0 
7f8764300000-7f8764304000 ---p 00000000 00:00 0 
7f8764304000-7f8764400000 rw-p 00000000 00:00 0 
7f8764400000-7f8764404000 ---p 00000000 00:00 0 
7f8764404000-7f8764500000 rw-p 00000000 00:00 0 
7f8764500000-7f8764504000 ---p 00000000 00:00 0 
7f8764504000-7f8764600000 rw-p 00000000 00:00 0 
7f8764600000-7f8764604000 ---p 00000000 00:00 0 
7f8764604000-7f8764700000 rw-p 00000000 00:00 0 
7f8764700000-7f8764704000 ---p 00000000 00:00 0 
7f8764704000-7f8764c00000 rw-p 00000000 00:00 0 
7f8764c00000-7f8764c40000 rw-p 00000000 00:00 0 
7f8764c40000-7f8764c80000 rw-p 00000000 00:00 0 
7f8764c80000-7f8764d00000 rw-p 00000000 00:00 0 
7f8764d00000-7f8764f00000 rw-p 00000000 00:00 0 
7f8764f00000-7f8764f50000 rw-p 00000000 00:00 0 
7f8764f50000-7f8764f80000 ---p 00000000 00:00 0 
7f8764f80000-7f8765000000 rw-p 00000000 00:00 0 
7f8765006000-7f876500a000 r--p 00000000 07:0a 1330                       /snap/eclipse/66/plugins/org.eclipse.justj.openjdk.hotspot.jre.full.linux.x86_64_17.0.5.v20221102-0933/jre/lib/libnet.so
7f876500a000-7f8765018000 r-xp 00004000 07:0a 1330                       /snap/eclipse/66/plugins/org.eclipse.justj.openjdk.hotspot.jre.full.linux.x86_64_17.0.5.v20221102-0933/jre/lib/libnet.so
7f8765018000-7f876501c000 r--p 00012000 07:0a 1330                       /snap/eclipse/66/plugins/org.eclipse.justj.openjdk.hotspot.jre.full.linux.x86_64_17.0.5.v20221102-0933/jre/lib/libnet.so
7f876501c000-7f876501d000 r--p 00015000 07:0a 1330                       /snap/eclipse/66/plugins/org.eclipse.justj.openjdk.hotspot.jre.full.linux.x86_64_17.0.5.v20221102-0933/jre/lib/libnet.so
7f876501d000-7f876501e000 rw-p 00016000 07:0a 1330                       /snap/eclipse/66/plugins/org.eclipse.justj.openjdk.hotspot.jre.full.linux.x86_64_17.0.5.v20221102-0933/jre/lib/libnet.so
7f876501e000-7f8765025000 r--p 00000000 07:0a 1331                       /snap/eclipse/66/plugins/org.eclipse.justj.openjdk.hotspot.jre.full.linux.x86_64_17.0.5.v20221102-0933/jre/lib/libnio.so
7f8765025000-7f876502e000 r-xp 00007000 07:0a 1331                       /snap/eclipse/66/plugins/org.eclipse.justj.openjdk.hotspot.jre.full.linux.x86_64_17.0.5.v20221102-0933/jre/lib/libnio.so
7f876502e000-7f8765032000 r--p 00010000 07:0a 1331                       /snap/eclipse/66/plugins/org.eclipse.justj.openjdk.hotspot.jre.full.linux.x86_64_17.0.5.v20221102-0933/jre/lib/libnio.so
7f8765032000-7f8765033000 ---p 00014000 07:0a 1331                       /snap/eclipse/66/plugins/org.eclipse.justj.openjdk.hotspot.jre.full.linux.x86_64_17.0.5.v20221102-0933/jre/lib/libnio.so
7f8765033000-7f8765034000 r--p 00014000 07:0a 1331                       /snap/eclipse/66/plugins/org.eclipse.justj.openjdk.hotspot.jre.full.linux.x86_64_17.0.5.v20221102-0933/jre/lib/libnio.so
7f8765034000-7f8765035000 rw-p 00015000 07:0a 1331                       /snap/eclipse/66/plugins/org.eclipse.justj.openjdk.hotspot.jre.full.linux.x86_64_17.0.5.v20221102-0933/jre/lib/libnio.so
7f8765035000-7f8765036000 ---p 00000000 00:00 0 
7f8765036000-7f8765254000 rw-p 00000000 00:00 0 
7f8765254000-7f8765255000 ---p 00000000 00:00 0 
7f8765255000-7f8765356000 rw-p 00000000 00:00 0 
7f8765356000-7f8765357000 ---p 00000000 00:00 0 
7f8765357000-7f8765a5e000 rw-p 00000000 00:00 0 
7f8765a5e000-7f8765a5f000 ---p 00000000 00:00 0 
7f8765a5f000-7f8765b60000 rw-p 00000000 00:00 0 
7f8765b60000-7f8765b61000 ---p 00000000 00:00 0 
7f8765b61000-7f8765c62000 rw-p 00000000 00:00 0 
7f8765c62000-7f8765c63000 ---p 00000000 00:00 0 
7f8765c63000-7f8765da2000 rw-p 00000000 00:00 0 
7f8765da2000-7f8766142000 ---p 00000000 00:00 0 
7f8766142000-7f8766180000 rw-p 00000000 00:00 0 
7f8766180000-7f8766520000 ---p 00000000 00:00 0 
7f8766520000-7f876655e000 rw-p 00000000 00:00 0 
7f876655e000-7f87668fe000 ---p 00000000 00:00 0 
7f87668fe000-7f8766f09000 rw-p 00000000 00:00 0 
7f8766f09000-7f8766fef000 ---p 00000000 00:00 0 
7f8766fef000-7f8766ff4000 rw-p 00000000 00:00 0 
7f8766ff4000-7f87670da000 ---p 00000000 00:00 0 
7f87670da000-7f87670de000 ---p 00000000 00:00 0 
7f87670de000-7f87671da000 rw-p 00000000 00:00 0 
7f87671da000-7f87671e8000 r--p 00000000 08:03 137843                     /usr/lib/x86_64-linux-gnu/libm.so.6
7f87671e8000-7f8767264000 r-xp 0000e000 08:03 137843                     /usr/lib/x86_64-linux-gnu/libm.so.6
7f8767264000-7f87672bf000 r--p 0008a000 08:03 137843                     /usr/lib/x86_64-linux-gnu/libm.so.6
7f87672bf000-7f87672c0000 r--p 000e4000 08:03 137843                     /usr/lib/x86_64-linux-gnu/libm.so.6
7f87672c0000-7f87672c1000 rw-p 000e5000 08:03 137843                     /usr/lib/x86_64-linux-gnu/libm.so.6
7f87672c1000-7f8767513000 r--p 00000000 07:0a 1349                       /snap/eclipse/66/plugins/org.eclipse.justj.openjdk.hotspot.jre.full.linux.x86_64_17.0.5.v20221102-0933/jre/lib/server/libjvm.so
7f8767513000-7f876822c000 r-xp 00252000 07:0a 1349                       /snap/eclipse/66/plugins/org.eclipse.justj.openjdk.hotspot.jre.full.linux.x86_64_17.0.5.v20221102-0933/jre/lib/server/libjvm.so
7f876822c000-7f87684b7000 r--p 00f6b000 07:0a 1349                       /snap/eclipse/66/plugins/org.eclipse.justj.openjdk.hotspot.jre.full.linux.x86_64_17.0.5.v20221102-0933/jre/lib/server/libjvm.so
7f87684b7000-7f87684b8000 ---p 011f6000 07:0a 1349                       /snap/eclipse/66/plugins/org.eclipse.justj.openjdk.hotspot.jre.full.linux.x86_64_17.0.5.v20221102-0933/jre/lib/server/libjvm.so
7f87684b8000-7f8768571000 r--p 011f6000 07:0a 1349                       /snap/eclipse/66/plugins/org.eclipse.justj.openjdk.hotspot.jre.full.linux.x86_64_17.0.5.v20221102-0933/jre/lib/server/libjvm.so
7f8768571000-7f87685a6000 rw-p 012af000 07:0a 1349                       /snap/eclipse/66/plugins/org.eclipse.justj.openjdk.hotspot.jre.full.linux.x86_64_17.0.5.v20221102-0933/jre/lib/server/libjvm.so
7f87685a6000-7f8768600000 rw-p 00000000 00:00 0 
7f8768600000-7f8768628000 r--p 00000000 08:03 137192                     /usr/lib/x86_64-linux-gnu/libc.so.6
7f8768628000-7f87687bd000 r-xp 00028000 08:03 137192                     /usr/lib/x86_64-linux-gnu/libc.so.6
7f87687bd000-7f8768815000 r--p 001bd000 08:03 137192                     /usr/lib/x86_64-linux-gnu/libc.so.6
7f8768815000-7f8768819000 r--p 00214000 08:03 137192                     /usr/lib/x86_64-linux-gnu/libc.so.6
7f8768819000-7f876881b000 rw-p 00218000 08:03 137192                     /usr/lib/x86_64-linux-gnu/libc.so.6
7f876881b000-7f8768828000 rw-p 00000000 00:00 0 
7f876882e000-7f8768830000 r--p 00000000 07:0a 1338                       /snap/eclipse/66/plugins/org.eclipse.justj.openjdk.hotspot.jre.full.linux.x86_64_17.0.5.v20221102-0933/jre/lib/libzip.so
7f8768830000-7f8768834000 r-xp 00002000 07:0a 1338                       /snap/eclipse/66/plugins/org.eclipse.justj.openjdk.hotspot.jre.full.linux.x86_64_17.0.5.v20221102-0933/jre/lib/libzip.so
7f8768834000-7f8768836000 r--p 00006000 07:0a 1338                       /snap/eclipse/66/plugins/org.eclipse.justj.openjdk.hotspot.jre.full.linux.x86_64_17.0.5.v20221102-0933/jre/lib/libzip.so
7f8768836000-7f8768837000 r--p 00007000 07:0a 1338                       /snap/eclipse/66/plugins/org.eclipse.justj.openjdk.hotspot.jre.full.linux.x86_64_17.0.5.v20221102-0933/jre/lib/libzip.so
7f8768837000-7f8768838000 rw-p 00008000 07:0a 1338                       /snap/eclipse/66/plugins/org.eclipse.justj.openjdk.hotspot.jre.full.linux.x86_64_17.0.5.v20221102-0933/jre/lib/libzip.so
7f8768838000-7f87688bd000 rw-p 00000000 00:00 0 
7f87688bd000-7f87688c4000 ---p 00000000 00:00 0 
7f87688c4000-7f87688d1000 r--p 00000000 07:0a 1317                       /snap/eclipse/66/plugins/org.eclipse.justj.openjdk.hotspot.jre.full.linux.x86_64_17.0.5.v20221102-0933/jre/lib/libjava.so
7f87688d1000-7f87688e3000 r-xp 0000d000 07:0a 1317                       /snap/eclipse/66/plugins/org.eclipse.justj.openjdk.hotspot.jre.full.linux.x86_64_17.0.5.v20221102-0933/jre/lib/libjava.so
7f87688e3000-7f87688e9000 r--p 0001f000 07:0a 1317                       /snap/eclipse/66/plugins/org.eclipse.justj.openjdk.hotspot.jre.full.linux.x86_64_17.0.5.v20221102-0933/jre/lib/libjava.so
7f87688e9000-7f87688ea000 ---p 00025000 07:0a 1317                       /snap/eclipse/66/plugins/org.eclipse.justj.openjdk.hotspot.jre.full.linux.x86_64_17.0.5.v20221102-0933/jre/lib/libjava.so
7f87688ea000-7f87688eb000 r--p 00025000 07:0a 1317                       /snap/eclipse/66/plugins/org.eclipse.justj.openjdk.hotspot.jre.full.linux.x86_64_17.0.5.v20221102-0933/jre/lib/libjava.so
7f87688eb000-7f87688ec000 rw-p 00026000 07:0a 1317                       /snap/eclipse/66/plugins/org.eclipse.justj.openjdk.hotspot.jre.full.linux.x86_64_17.0.5.v20221102-0933/jre/lib/libjava.so
7f87688ec000-7f87688ed000 rw-p 00000000 00:00 0 
7f87688ed000-7f87688f1000 r--p 00000000 07:0a 1321                       /snap/eclipse/66/plugins/org.eclipse.justj.openjdk.hotspot.jre.full.linux.x86_64_17.0.5.v20221102-0933/jre/lib/libjimage.so
7f87688f1000-7f8768904000 r-xp 00004000 07:0a 1321                       /snap/eclipse/66/plugins/org.eclipse.justj.openjdk.hotspot.jre.full.linux.x86_64_17.0.5.v20221102-0933/jre/lib/libjimage.so
7f8768904000-7f876890a000 r--p 00017000 07:0a 1321                       /snap/eclipse/66/plugins/org.eclipse.justj.openjdk.hotspot.jre.full.linux.x86_64_17.0.5.v20221102-0933/jre/lib/libjimage.so
7f876890a000-7f876890c000 r--p 0001c000 07:0a 1321                       /snap/eclipse/66/plugins/org.eclipse.justj.openjdk.hotspot.jre.full.linux.x86_64_17.0.5.v20221102-0933/jre/lib/libjimage.so
7f876890c000-7f876890d000 rw-p 0001e000 07:0a 1321                       /snap/eclipse/66/plugins/org.eclipse.justj.openjdk.hotspot.jre.full.linux.x86_64_17.0.5.v20221102-0933/jre/lib/libjimage.so
7f876890d000-7f876890e000 r--p 00000000 08:03 138168                     /usr/lib/x86_64-linux-gnu/librt.so.1
7f876890e000-7f876890f000 r-xp 00001000 08:03 138168                     /usr/lib/x86_64-linux-gnu/librt.so.1
7f876890f000-7f8768910000 r--p 00002000 08:03 138168                     /usr/lib/x86_64-linux-gnu/librt.so.1
7f8768910000-7f8768911000 r--p 00002000 08:03 138168                     /usr/lib/x86_64-linux-gnu/librt.so.1
7f8768911000-7f8768912000 rw-p 00003000 08:03 138168                     /usr/lib/x86_64-linux-gnu/librt.so.1
7f8768912000-7f8768917000 rw-p 00000000 00:00 0 
7f8768917000-7f8768918000 r--p 00000000 08:03 137334                     /usr/lib/x86_64-linux-gnu/libdl.so.2
7f8768918000-7f8768919000 r-xp 00001000 08:03 137334                     /usr/lib/x86_64-linux-gnu/libdl.so.2
7f8768919000-7f876891a000 r--p 00002000 08:03 137334                     /usr/lib/x86_64-linux-gnu/libdl.so.2
7f876891a000-7f876891b000 r--p 00002000 08:03 137334                     /usr/lib/x86_64-linux-gnu/libdl.so.2
7f876891b000-7f876891c000 rw-p 00003000 08:03 137334                     /usr/lib/x86_64-linux-gnu/libdl.so.2
7f876891c000-7f876891d000 r--p 00000000 08:03 138112                     /usr/lib/x86_64-linux-gnu/libpthread.so.0
7f876891d000-7f876891e000 r-xp 00001000 08:03 138112                     /usr/lib/x86_64-linux-gnu/libpthread.so.0
7f876891e000-7f876891f000 r--p 00002000 08:03 138112                     /usr/lib/x86_64-linux-gnu/libpthread.so.0
7f876891f000-7f8768920000 r--p 00002000 08:03 138112                     /usr/lib/x86_64-linux-gnu/libpthread.so.0
7f8768920000-7f8768921000 rw-p 00003000 08:03 138112                     /usr/lib/x86_64-linux-gnu/libpthread.so.0
7f8768921000-7f8768924000 r--p 00000000 07:0a 1322                       /snap/eclipse/66/plugins/org.eclipse.justj.openjdk.hotspot.jre.full.linux.x86_64_17.0.5.v20221102-0933/jre/lib/libjli.so
7f8768924000-7f876892e000 r-xp 00003000 07:0a 1322                       /snap/eclipse/66/plugins/org.eclipse.justj.openjdk.hotspot.jre.full.linux.x86_64_17.0.5.v20221102-0933/jre/lib/libjli.so
7f876892e000-7f8768931000 r--p 0000d000 07:0a 1322                       /snap/eclipse/66/plugins/org.eclipse.justj.openjdk.hotspot.jre.full.linux.x86_64_17.0.5.v20221102-0933/jre/lib/libjli.so
7f8768931000-7f8768932000 ---p 00010000 07:0a 1322                       /snap/eclipse/66/plugins/org.eclipse.justj.openjdk.hotspot.jre.full.linux.x86_64_17.0.5.v20221102-0933/jre/lib/libjli.so
7f8768932000-7f8768933000 r--p 00010000 07:0a 1322                       /snap/eclipse/66/plugins/org.eclipse.justj.openjdk.hotspot.jre.full.linux.x86_64_17.0.5.v20221102-0933/jre/lib/libjli.so
7f8768933000-7f8768934000 rw-p 00011000 07:0a 1322                       /snap/eclipse/66/plugins/org.eclipse.justj.openjdk.hotspot.jre.full.linux.x86_64_17.0.5.v20221102-0933/jre/lib/libjli.so
7f8768934000-7f8768936000 r--p 00000000 08:03 131946                     /usr/lib/x86_64-linux-gnu/libz.so.1.2.11
7f8768936000-7f8768947000 r-xp 00002000 08:03 131946                     /usr/lib/x86_64-linux-gnu/libz.so.1.2.11
7f8768947000-7f876894d000 r--p 00013000 08:03 131946                     /usr/lib/x86_64-linux-gnu/libz.so.1.2.11
7f876894d000-7f876894e000 ---p 00019000 08:03 131946                     /usr/lib/x86_64-linux-gnu/libz.so.1.2.11
7f876894e000-7f876894f000 r--p 00019000 08:03 131946                     /usr/lib/x86_64-linux-gnu/libz.so.1.2.11
7f876894f000-7f8768950000 rw-p 0001a000 08:03 131946                     /usr/lib/x86_64-linux-gnu/libz.so.1.2.11
7f8768956000-7f876895e000 rw-s 00000000 08:03 393410                     /tmp/hsperfdata_pfr/4120
7f876895e000-7f876895f000 ---p 00000000 00:00 0 
7f876895f000-7f8768960000 r--p 00000000 00:00 0 
7f8768960000-7f8768962000 rw-p 00000000 00:00 0 
7f8768962000-7f8768964000 r--p 00000000 08:03 136855                     /usr/lib/x86_64-linux-gnu/ld-linux-x86-64.so.2
7f8768964000-7f876898e000 r-xp 00002000 08:03 136855                     /usr/lib/x86_64-linux-gnu/ld-linux-x86-64.so.2
7f876898e000-7f8768999000 r--p 0002c000 08:03 136855                     /usr/lib/x86_64-linux-gnu/ld-linux-x86-64.so.2
7f8768999000-7f876899a000 ---p 00000000 00:00 0 
7f876899a000-7f876899c000 r--p 00037000 08:03 136855                     /usr/lib/x86_64-linux-gnu/ld-linux-x86-64.so.2
7f876899c000-7f876899e000 rw-p 00039000 08:03 136855                     /usr/lib/x86_64-linux-gnu/ld-linux-x86-64.so.2
7fff1715c000-7fff1717d000 rw-p 00000000 00:00 0                          [stack]
7fff1718b000-7fff1718f000 r--p 00000000 00:00 0                          [vvar]
7fff1718f000-7fff17191000 r-xp 00000000 00:00 0                          [vdso]
ffffffffff600000-ffffffffff601000 --xp 00000000 00:00 0                  [vsyscall]


VM Arguments:
jvm_args: -Dfile.encoding=UTF-8 -XX:+ShowCodeDetailsInExceptionMessages 
java_command: test.TestJNA
java_class_path (initial): /home/pfr/pfr_code/PFR_Java/bin:/home/pfr/Tlchargements/jar_files/jna-5.13.0.jar
Launcher Type: SUN_STANDARD

[Global flags]
     intx CICompilerCount                          = 3                                         {product} {ergonomic}
     uint ConcGCThreads                            = 2                                         {product} {ergonomic}
     uint G1ConcRefinementThreads                  = 6                                         {product} {ergonomic}
   size_t G1HeapRegionSize                         = 1048576                                   {product} {ergonomic}
    uintx GCDrainStackTargetSize                   = 64                                        {product} {ergonomic}
   size_t InitialHeapSize                          = 130023424                                 {product} {ergonomic}
   size_t MarkStackSize                            = 4194304                                   {product} {ergonomic}
   size_t MaxHeapSize                              = 2076180480                                {product} {ergonomic}
   size_t MaxNewSize                               = 1245708288                                {product} {ergonomic}
   size_t MinHeapDeltaBytes                        = 1048576                                   {product} {ergonomic}
   size_t MinHeapSize                              = 8388608                                   {product} {ergonomic}
    uintx NonNMethodCodeHeapSize                   = 5832780                                {pd product} {ergonomic}
    uintx NonProfiledCodeHeapSize                  = 122912730                              {pd product} {ergonomic}
    uintx ProfiledCodeHeapSize                     = 122912730                              {pd product} {ergonomic}
    uintx ReservedCodeCacheSize                    = 251658240                              {pd product} {ergonomic}
     bool SegmentedCodeCache                       = true                                      {product} {ergonomic}
     bool ShowCodeDetailsInExceptionMessages       = true                                   {manageable} {command line}
   size_t SoftMaxHeapSize                          = 2076180480                             {manageable} {ergonomic}
     bool UseCompressedClassPointers               = true                           {product lp64_product} {ergonomic}
     bool UseCompressedOops                        = true                           {product lp64_product} {ergonomic}
     bool UseG1GC                                  = true                                      {product} {ergonomic}

Logging:
Log output configuration:
 #0: stdout all=warning uptime,level,tags
 #1: stderr all=off uptime,level,tags

Environment Variables:
PATH=/usr/local/sbin:/usr/local/bin:/usr/sbin:/usr/bin:/sbin:/bin:/usr/games:/usr/local/games:/snap/bin:/snap/bin
USERNAME=pfr
SHELL=/bin/bash
DISPLAY=:0
LANG=fr_FR.UTF-8
LC_NUMERIC=sv_SE.UTF-8
LC_TIME=sv_SE.UTF-8

Signal Handlers:
   SIGSEGV: crash_handler in libjvm.so, mask=11100100010111111101111111111110, flags=SA_RESTART|SA_SIGINFO
    SIGBUS: crash_handler in libjvm.so, mask=11100100010111111101111111111110, flags=SA_RESTART|SA_SIGINFO
    SIGFPE: crash_handler in libjvm.so, mask=11100100010111111101111111111110, flags=SA_RESTART|SA_SIGINFO
   SIGPIPE: javaSignalHandler in libjvm.so, mask=11100100010111111101111111111110, flags=SA_RESTART|SA_SIGINFO
   SIGXFSZ: javaSignalHandler in libjvm.so, mask=11100100010111111101111111111110, flags=SA_RESTART|SA_SIGINFO
    SIGILL: crash_handler in libjvm.so, mask=11100100010111111101111111111110, flags=SA_RESTART|SA_SIGINFO
   SIGUSR2: SR_handler in libjvm.so, mask=00100000000000000000000000000000, flags=SA_RESTART|SA_SIGINFO
    SIGHUP: UserHandler in libjvm.so, mask=11100100010111111101111111111110, flags=SA_RESTART|SA_SIGINFO
    SIGINT: UserHandler in libjvm.so, mask=11100100010111111101111111111110, flags=SA_RESTART|SA_SIGINFO
   SIGTERM: UserHandler in libjvm.so, mask=11100100010111111101111111111110, flags=SA_RESTART|SA_SIGINFO
   SIGQUIT: UserHandler in libjvm.so, mask=11100100010111111101111111111110, flags=SA_RESTART|SA_SIGINFO
  *** Handler was modified!
  *** Expected: javaSignalHandler in libjvm.so, mask=11100100110111111111111111111110, flags=SA_RESTART|SA_SIGINFO
   SIGTRAP: crash_handler in libjvm.so, mask=11100100010111111101111111111110, flags=SA_RESTART|SA_SIGINFO


---------------  S Y S T E M  ---------------

OS:
DISTRIB_ID=Ubuntu
DISTRIB_RELEASE=22.04
DISTRIB_CODENAME=jammy
DISTRIB_DESCRIPTION="Ubuntu 22.04.2 LTS"
uname: Linux 5.19.0-35-generic #36~22.04.1-Ubuntu SMP PREEMPT_DYNAMIC Fri Feb 17 15:17:25 UTC 2 x86_64
OS uptime: 0 days 0:05 hours
libc: glibc 2.35 NPTL 2.35 
rlimit (soft/hard): STACK 8192k/infinity , CORE 0k/infinity , NPROC 31347/31347 , NOFILE 1048576/1048576 , AS infinity/infinity , CPU infinity/infinity , DATA infinity/infinity , FSIZE infinity/infinity , MEMLOCK 1013092k/1013092k
load average: 0,87 0,73 0,39

/proc/meminfo:
MemTotal:        8104760 kB
MemFree:         2142404 kB
MemAvailable:    4288912 kB
Buffers:           69632 kB
Cached:          2374428 kB
SwapCached:            0 kB
Active:          1093268 kB
Inactive:        3307268 kB
Active(anon):       3860 kB
Inactive(anon):  2085292 kB
Active(file):    1089408 kB
Inactive(file):  1221976 kB
Unevictable:          32 kB
Mlocked:              32 kB
SwapTotal:       2097148 kB
SwapFree:        2097148 kB
Zswap:                 0 kB
Zswapped:              0 kB
Dirty:              1364 kB
Writeback:           128 kB
AnonPages:       1956556 kB
Mapped:           712596 kB
Shmem:            145060 kB
KReclaimable:     111408 kB
Slab:             691760 kB
SReclaimable:     111408 kB
SUnreclaim:       580352 kB
KernelStack:       16220 kB
PageTables:        29204 kB
NFS_Unstable:          0 kB
Bounce:                0 kB
WritebackTmp:          0 kB
CommitLimit:     6149528 kB
Committed_AS:    7535176 kB
VmallocTotal:   34359738367 kB
VmallocUsed:      588580 kB
VmallocChunk:          0 kB
Percpu:           130560 kB
HardwareCorrupted:     0 kB
AnonHugePages:         0 kB
ShmemHugePages:        0 kB
ShmemPmdMapped:        0 kB
FileHugePages:         0 kB
FilePmdMapped:         0 kB
HugePages_Total:       0
HugePages_Free:        0
HugePages_Rsvd:        0
HugePages_Surp:        0
Hugepagesize:       2048 kB
Hugetlb:               0 kB
DirectMap4k:      249664 kB
DirectMap2M:     6041600 kB
DirectMap1G:     4194304 kB

/sys/kernel/mm/transparent_hugepage/enabled: always [madvise] never
/sys/kernel/mm/transparent_hugepage/defrag (defrag/compaction efforts parameter): always defer defer+madvise [madvise] never

Process Memory:
Virtual Size: 4962708K (peak: 4962708K)
Resident Set Size: 53020K (peak: 53020K) (anon: 26932K, file: 26088K, shmem: 0K)
Swapped out: 0K
C-Heap outstanding allocations: 24527K, retained: 2572K
glibc malloc tunables: (default)

/proc/sys/kernel/threads-max (system-wide limit on the number of threads): 62695
/proc/sys/vm/max_map_count (maximum number of memory map areas a process may have): 65530
/proc/sys/kernel/pid_max (system-wide limit on number of process identifiers): 4194304

container (cgroup) information:
container_type: cgroupv2
cpu_cpuset_cpus: not supported
cpu_memory_nodes: not supported
active_processor_count: 6
cpu_quota: not supported
cpu_period: not supported
cpu_shares: not supported
memory_limit_in_bytes: unlimited
memory_and_swap_limit_in_bytes: unlimited
memory_soft_limit_in_bytes: unlimited
memory_usage_in_bytes: 833008 k
memory_max_usage_in_bytes: not supported
maximum number of tasks: 9404
current number of tasks: 103

VMWare virtualization detected
Steal ticks since vm start: 0
Steal ticks percentage since vm start:  0,000

CPU: total 6 (initial active 6) (3 cores per cpu, 1 threads per core) family 6 model 140 stepping 1 microcode 0x86, cx8, cmov, fxsr, mmx, 3dnowpref, sse, sse2, sse3, ssse3, sse4.1, sse4.2, popcnt, lzcnt, tsc, tscinvbit, avx, avx2, aes, erms, clmul, bmi1, bmi2, adx, avx512f, avx512dq, avx512cd, avx512bw, avx512vl, sha, fma, vzeroupper, avx512_vpopcntdq, avx512_vpclmulqdq, avx512_vaes, avx512_vnni, clflush, clflushopt, clwb, avx512_vbmi2, avx512_vbmi, hv
CPU Model and flags from /proc/cpuinfo:
model name	: 11th Gen Intel(R) Core(TM) i7-11370H @ 3.30GHz
flags		: fpu vme de pse tsc msr pae mce cx8 apic sep mtrr pge mca cmov pat pse36 clflush mmx fxsr sse sse2 ss ht syscall nx pdpe1gb rdtscp lm constant_tsc arch_perfmon rep_good nopl xtopology tsc_reliable nonstop_tsc cpuid tsc_known_freq pni pclmulqdq ssse3 fma cx16 pcid sse4_1 sse4_2 x2apic movbe popcnt tsc_deadline_timer aes xsave avx f16c rdrand hypervisor lahf_lm abm 3dnowprefetch invpcid_single ssbd ibrs ibpb stibp ibrs_enhanced fsgsbase tsc_adjust bmi1 avx2 smep bmi2 erms invpcid avx512f avx512dq rdseed adx smap avx512ifma clflushopt clwb avx512cd sha_ni avx512bw avx512vl xsaveopt xsavec xgetbv1 xsaves arat avx512vbmi umip pku ospke avx512_vbmi2 gfni vaes vpclmulqdq avx512_vnni avx512_bitalg avx512_vpopcntdq rdpid movdiri movdir64b fsrm avx512_vp2intersect md_clear flush_l1d arch_capabilities

Online cpus: 0-5
Offline cpus: 6-127
BIOS frequency limitation: <Not Available>
Frequency switch latency (ns): <Not Available>
Available cpu frequencies: <Not Available>
Current governor: <Not Available>
Core performance/turbo boost: <Not Available>

Memory: 4k page, physical 8104760k(2142404k free), swap 2097148k(2097148k free)
Page Sizes: 4k

vm_info: OpenJDK 64-Bit Server VM (17.0.5+8) for linux-amd64 JRE (17.0.5+8), built on Oct 18 2022 00:00:00 by "temurin" with gcc 10.3.0

END.
