#
# A fatal error has been detected by the Java Runtime Environment:
#
#  SIGSEGV (0xb) at pc=0x00007f7b987b2182, pid=10804, tid=10810
#
# JRE version: OpenJDK Runtime Environment Temurin-17.0.5+8 (17.0.5+8) (build 17.0.5+8)
# Java VM: OpenJDK 64-Bit Server VM Temurin-17.0.5+8 (17.0.5+8, mixed mode, tiered, compressed oops, compressed class ptrs, g1 gc, linux-amd64)
# Problematic frame:
# C  [libc.so.6+0x1b2182]
#
# Core dump will be written. Default location: Core dumps may be processed with "/usr/share/apport/apport -p%p -s%s -c%c -d%d -P%P -u%u -g%g -- %E" (or dumping to /home/pfr/pfr_code/PFR_Java/core.10804)
#
# If you would like to submit a bug report, please visit:
#   https://github.com/adoptium/adoptium-support/issues
# The crash happened outside the Java Virtual Machine in native code.
# See problematic frame for where to report the bug.
#

---------------  S U M M A R Y ------------

Command Line: -Dfile.encoding=UTF-8 -XX:+ShowCodeDetailsInExceptionMessages test.TestJNA

Host: 11th Gen Intel(R) Core(TM) i7-11370H @ 3.30GHz, 6 cores, 3G, Ubuntu 22.04.2 LTS
Time: Mon Mar 27 01:04:53 2023 CEST elapsed time: 0.665887 seconds (0d 0h 0m 0s)

---------------  T H R E A D  ---------------

Current thread (0x00007f7b90025d60):  JavaThread "main" [_thread_in_native, id=10810, stack(0x00007f7b970da000,0x00007f7b971da000)]

Stack: [0x00007f7b970da000,0x00007f7b971da000],  sp=0x00007f7b971d7bb8,  free space=1014k
Native frames: (J=compiled Java code, j=interpreted, Vv=VM code, C=native code)
C  [libc.so.6+0x1b2182]
C  [jna2882132963820263959.tmp+0x16052]

Java frames: (J=compiled Java code, j=interpreted, Vv=VM code)
j  com.sun.jna.Native.invokeVoid(Lcom/sun/jna/Function;JI[Ljava/lang/Object;)V+0
j  com.sun.jna.Function.invoke([Ljava/lang/Object;Ljava/lang/Class;ZI)Ljava/lang/Object;+42
j  com.sun.jna.Function.invoke(Ljava/lang/reflect/Method;[Ljava/lang/Class;Ljava/lang/Class;[Ljava/lang/Object;Ljava/util/Map;)Ljava/lang/Object;+271
j  com.sun.jna.Library$Handler.invoke(Ljava/lang/Object;Ljava/lang/reflect/Method;[Ljava/lang/Object;)Ljava/lang/Object;+390
j  jdk.proxy1.$Proxy0.recherchenoiretblanc(IFLcom/sun/jna/Pointer;)V+30 jdk.proxy1
j  test.TestJNA.main([Ljava/lang/String;)V+19
v  ~StubRoutines::call_stub

siginfo: si_signo: 11 (SIGSEGV), si_code: 1 (SEGV_MAPERR), si_addr: 0x0000000000000000

Register to memory mapping:

RAX=0x0 is NULL
RBX=0x00007f7b971d7d30 is pointing into the stack for thread: 0x00007f7b90025d60
RCX=0x00000000742e3535 is an unknown value
RDX=0x0000000000000006 is an unknown value
RSP=0x00007f7b971d7bb8 is pointing into the stack for thread: 0x00007f7b90025d60
RBP=0x00007f7b971d7db0 is pointing into the stack for thread: 0x00007f7b90025d60
RSI=0x00007f7b971d7d18 is pointing into the stack for thread: 0x00007f7b90025d60
RDI=0x0 is NULL
R8 =0x00007f7b9013f4e0 points into unknown readable memory: 0x00007f7cfbad2488 | 88 24 ad fb 7c 7f 00 00
R9 =0x0 is NULL
R10=0x00007f7b9860adb8: <offset 0x000000000000adb8> in /lib/x86_64-linux-gnu/libc.so.6 at 0x00007f7b98600000
R11=0x00007f7b987b1dd0: <offset 0x00000000001b1dd0> in /lib/x86_64-linux-gnu/libc.so.6 at 0x00007f7b98600000
R12=0x000000000000000d is an unknown value
R13=0x0 is NULL
R14=0x000000000000000d is an unknown value
R15=0x0 is NULL


Registers:
RAX=0x0000000000000000, RBX=0x00007f7b971d7d30, RCX=0x00000000742e3535, RDX=0x0000000000000006
RSP=0x00007f7b971d7bb8, RBP=0x00007f7b971d7db0, RSI=0x00007f7b971d7d18, RDI=0x0000000000000000
R8 =0x00007f7b9013f4e0, R9 =0x0000000000000000, R10=0x00007f7b9860adb8, R11=0x00007f7b987b1dd0
R12=0x000000000000000d, R13=0x0000000000000000, R14=0x000000000000000d, R15=0x0000000000000000
RIP=0x00007f7b987b2182, EFLAGS=0x0000000000010202, CSGSFS=0x002b000000000033, ERR=0x0000000000000006
  TRAPNO=0x000000000000000e

Top of Stack: (sp=0x00007f7b971d7bb8)
0x00007f7b971d7bb8:   00007f7b7d021ac7 0000090000000fd9
0x00007f7b971d7bc8:   00007478742e3735 0000000000000000
0x00007f7b971d7bd8:   0000488800000000 000000000001656c
0x00007f7b971d7be8:   0000000000000000 0000000000000000 

Instructions: (pc=0x00007f7b987b2182)
0x00007f7b987b2082:   66 66 2e 0f 1f 84 00 00 00 00 00 0f 1f 00 48 01
0x00007f7b987b2092:   cf 48 01 ce 0f bc d2 83 fa 20 0f 83 3e 01 00 00
0x00007f7b987b20a2:   83 fa 10 0f 83 05 01 00 00 83 fa 08 0f 83 dc 00
0x00007f7b987b20b2:   00 00 83 fa 04 0f 83 c3 00 00 00 83 fa 03 0f 84
0x00007f7b987b20c2:   aa 00 00 00 83 fa 01 0f 87 91 00 00 00 74 7f c6
0x00007f7b987b20d2:   07 00 c3 66 66 2e 0f 1f 84 00 00 00 00 00 48 83
0x00007f7b987b20e2:   c6 20 48 83 c7 20 eb ac 66 0f 1f 44 00 00 0f bc
0x00007f7b987b20f2:   d2 48 01 ce 83 c2 20 29 ca eb 9c 0f 1f 00 0f bc
0x00007f7b987b2102:   d2 eb 94 66 66 2e 0f 1f 84 00 00 00 00 00 0f bc
0x00007f7b987b2112:   d1 62 e1 fe 28 7f 27 48 83 c6 20 48 83 c7 20 e9
0x00007f7b987b2122:   73 ff ff ff 66 2e 0f 1f 84 00 00 00 00 00 0f bc
0x00007f7b987b2132:   d2 62 e1 fe 28 7f 27 62 e1 fe 28 7f 6f 01 48 83
0x00007f7b987b2142:   c6 40 48 83 c7 40 e9 4c ff ff ff 0f 1f 00 0f b7
0x00007f7b987b2152:   16 66 89 17 c3 66 0f 1f 84 00 00 00 00 00 0f b7
0x00007f7b987b2162:   0e 66 89 0f c6 47 02 00 c3 0f 1f 44 00 00 8b 16
0x00007f7b987b2172:   89 17 c3 66 66 2e 0f 1f 84 00 00 00 00 00 8b 0e
0x00007f7b987b2182:   89 0f 8b 4c 16 fd 89 4c 17 fd c3 0f 1f 00 48 8b
0x00007f7b987b2192:   0e 4c 8b 4c 16 f9 48 89 0f 4c 89 4c 17 f9 c3 66
0x00007f7b987b21a2:   66 2e 0f 1f 84 00 00 00 00 00 0f 1f 40 00 62 e1
0x00007f7b987b21b2:   fe 08 6f 16 62 e1 fe 08 6f 9c 16 f1 ff ff ff 62
0x00007f7b987b21c2:   e1 fe 08 7f 17 62 e1 fe 08 7f 9c 17 f1 ff ff ff
0x00007f7b987b21d2:   c3 66 66 2e 0f 1f 84 00 00 00 00 00 66 90 62 e1
0x00007f7b987b21e2:   fe 28 6f 16 62 e1 fe 28 6f 9c 16 e1 ff ff ff 62
0x00007f7b987b21f2:   e1 fe 28 7f 17 62 e1 fe 28 7f 9c 17 e1 ff ff ff
0x00007f7b987b2202:   c3 66 2e 0f 1f 84 00 00 00 00 00 66 2e 0f 1f 84
0x00007f7b987b2212:   00 00 00 00 00 66 0f 1f 84 00 00 00 00 00 f3 0f
0x00007f7b987b2222:   1e fa 89 f8 62 a1 fd 00 ef c0 25 ff 0f 00 00 3d
0x00007f7b987b2232:   e0 0f 00 00 0f 87 34 01 00 00 62 f3 7d 20 3f 07
0x00007f7b987b2242:   00 c5 fb 93 c0 85 c0 74 55 f3 0f bc c0 c3 f3 0f
0x00007f7b987b2252:   bc c0 29 d7 8d 44 07 20 c3 0f 1f 44 00 00 f3 0f
0x00007f7b987b2262:   bc c0 29 d7 8d 44 07 40 c3 0f 1f 44 00 00 f3 0f
0x00007f7b987b2272:   bc c0 29 d7 8d 44 07 60 c3 0f 1f 44 00 00 f3 0f 


Stack slot to memory mapping:
stack at sp + 0 slots: 0x00007f7b7d021ac7: recherchenoiretblanc+0x00000000000002f4 in /home/pfr/pfr_code/image/src/libImage.so at 0x00007f7b7d01c000
stack at sp + 1 slots: 0x0000090000000fd9 is an unknown value
stack at sp + 2 slots: 0x00007478742e3735 is an unknown value
stack at sp + 3 slots: 0x0 is NULL
stack at sp + 4 slots: 0x0000488800000000 is an unknown value
stack at sp + 5 slots: 0x000000000001656c is an unknown value
stack at sp + 6 slots: 0x0 is NULL
stack at sp + 7 slots: 0x0 is NULL


---------------  P R O C E S S  ---------------

Threads class SMR info:
_java_thread_list=0x00007f7b902ed050, length=13, elements={
0x00007f7b90025d60, 0x00007f7b901421c0, 0x00007f7b90143810, 0x00007f7b9016c750,
0x00007f7b9016d5b0, 0x00007f7b9016e9c0, 0x00007f7b90170040, 0x00007f7b90171520,
0x00007f7b901729b0, 0x00007f7b901f19c0, 0x00007f7b901f90a0, 0x00007f7b902f8c00,
0x00007f7b902eb7c0
}

Java Threads: ( => current thread )
=>0x00007f7b90025d60 JavaThread "main" [_thread_in_native, id=10810, stack(0x00007f7b970da000,0x00007f7b971da000)]
  0x00007f7b901421c0 JavaThread "Reference Handler" daemon [_thread_blocked, id=10817, stack(0x00007f7b7c700000,0x00007f7b7c800000)]
  0x00007f7b90143810 JavaThread "Finalizer" daemon [_thread_blocked, id=10818, stack(0x00007f7b7c600000,0x00007f7b7c700000)]
  0x00007f7b9016c750 JavaThread "Signal Dispatcher" daemon [_thread_blocked, id=10819, stack(0x00007f7b7c500000,0x00007f7b7c600000)]
  0x00007f7b9016d5b0 JavaThread "Service Thread" daemon [_thread_blocked, id=10820, stack(0x00007f7b7c400000,0x00007f7b7c500000)]
  0x00007f7b9016e9c0 JavaThread "Monitor Deflation Thread" daemon [_thread_blocked, id=10821, stack(0x00007f7b7c300000,0x00007f7b7c400000)]
  0x00007f7b90170040 JavaThread "C2 CompilerThread0" daemon [_thread_blocked, id=10822, stack(0x00007f7b7c200000,0x00007f7b7c300000)]
  0x00007f7b90171520 JavaThread "C1 CompilerThread0" daemon [_thread_blocked, id=10823, stack(0x00007f7b7c100000,0x00007f7b7c200000)]
  0x00007f7b901729b0 JavaThread "Sweeper thread" daemon [_thread_blocked, id=10824, stack(0x00007f7b7c000000,0x00007f7b7c100000)]
  0x00007f7b901f19c0 JavaThread "Notification Thread" daemon [_thread_blocked, id=10825, stack(0x00007f7b6df00000,0x00007f7b6e000000)]
  0x00007f7b901f90a0 JavaThread "Common-Cleaner" daemon [_thread_blocked, id=10827, stack(0x00007f7b6cbfe000,0x00007f7b6ccfe000)]
  0x00007f7b902f8c00 JavaThread "process reaper" daemon [_thread_blocked, id=10829, stack(0x00007f7b7d026000,0x00007f7b7d048000)]
  0x00007f7b902eb7c0 JavaThread "JNA Cleaner" daemon [_thread_blocked, id=10830, stack(0x00007f7b6cafe000,0x00007f7b6cbfe000)]

Other Threads:
  0x00007f7b900f27e0 VMThread "VM Thread" [stack: 0x00007f7b7d07b000,0x00007f7b7d17b000] [id=10816]
  0x00007f7b901956e0 WatcherThread [stack: 0x00007f7b6cd00000,0x00007f7b6ce00000] [id=10826]
  0x00007f7b90062850 GCTaskThread "GC Thread#0" [stack: 0x00007f7b94345000,0x00007f7b94445000] [id=10811]
  0x00007f7b9006b800 ConcurrentGCThread "G1 Main Marker" [stack: 0x00007f7b94243000,0x00007f7b94343000] [id=10812]
  0x00007f7b9006c760 ConcurrentGCThread "G1 Conc#0" [stack: 0x00007f7b94141000,0x00007f7b94241000] [id=10813]
  0x00007f7b900b04e0 ConcurrentGCThread "G1 Refine#0" [stack: 0x00007f7b7d39c000,0x00007f7b7d49c000] [id=10814]
  0x00007f7b900b13d0 ConcurrentGCThread "G1 Service" [stack: 0x00007f7b7d29a000,0x00007f7b7d39a000] [id=10815]

Threads with active compile tasks:

VM state: not at safepoint (normal execution)

VM Mutex/Monitor currently owned by a thread: None

Heap address: 0x00000000c3200000, size: 974 MB, Compressed Oops mode: 32-bit

CDS archive(s) not mapped
Compressed class space mapped at: 0x0000000100000000-0x0000000140000000, reserved size: 1073741824
Narrow klass base: 0x0000000000000000, Narrow klass shift: 3, Narrow klass range: 0x140000000

GC Precious Log:
 CPUs: 6 total, 6 available
 Memory: 3888M
 Large Page Support: Disabled
 NUMA Support: Disabled
 Compressed Oops: Enabled (32-bit)
 Heap Region Size: 1M
 Heap Min Capacity: 8M
 Heap Initial Capacity: 62M
 Heap Max Capacity: 974M
 Pre-touch: Disabled
 Parallel Workers: 6
 Concurrent Workers: 2
 Concurrent Refinement Workers: 6
 Periodic GC: Disabled

Heap:
 garbage-first heap   total 63488K, used 4096K [0x00000000c3200000, 0x0000000100000000)
  region size 1024K, 5 young (5120K), 0 survivors (0K)
 Metaspace       used 8817K, committed 8896K, reserved 1064960K
  class space    used 797K, committed 832K, reserved 1048576K

Heap Regions: E=young(eden), S=young(survivor), O=old, HS=humongous(starts), HC=humongous(continues), CS=collection set, F=free, OA=open archive, CA=closed archive, TAMS=top-at-mark-start (previous, next)
|   0|0x00000000c3200000, 0x00000000c3200000, 0x00000000c3300000|  0%| F|  |TAMS 0x00000000c3200000, 0x00000000c3200000| Untracked 
|   1|0x00000000c3300000, 0x00000000c3300000, 0x00000000c3400000|  0%| F|  |TAMS 0x00000000c3300000, 0x00000000c3300000| Untracked 
|   2|0x00000000c3400000, 0x00000000c3400000, 0x00000000c3500000|  0%| F|  |TAMS 0x00000000c3400000, 0x00000000c3400000| Untracked 
|   3|0x00000000c3500000, 0x00000000c3500000, 0x00000000c3600000|  0%| F|  |TAMS 0x00000000c3500000, 0x00000000c3500000| Untracked 
|   4|0x00000000c3600000, 0x00000000c3600000, 0x00000000c3700000|  0%| F|  |TAMS 0x00000000c3600000, 0x00000000c3600000| Untracked 
|   5|0x00000000c3700000, 0x00000000c3700000, 0x00000000c3800000|  0%| F|  |TAMS 0x00000000c3700000, 0x00000000c3700000| Untracked 
|   6|0x00000000c3800000, 0x00000000c3800000, 0x00000000c3900000|  0%| F|  |TAMS 0x00000000c3800000, 0x00000000c3800000| Untracked 
|   7|0x00000000c3900000, 0x00000000c3900000, 0x00000000c3a00000|  0%| F|  |TAMS 0x00000000c3900000, 0x00000000c3900000| Untracked 
|   8|0x00000000c3a00000, 0x00000000c3a00000, 0x00000000c3b00000|  0%| F|  |TAMS 0x00000000c3a00000, 0x00000000c3a00000| Untracked 
|   9|0x00000000c3b00000, 0x00000000c3b00000, 0x00000000c3c00000|  0%| F|  |TAMS 0x00000000c3b00000, 0x00000000c3b00000| Untracked 
|  10|0x00000000c3c00000, 0x00000000c3c00000, 0x00000000c3d00000|  0%| F|  |TAMS 0x00000000c3c00000, 0x00000000c3c00000| Untracked 
|  11|0x00000000c3d00000, 0x00000000c3d00000, 0x00000000c3e00000|  0%| F|  |TAMS 0x00000000c3d00000, 0x00000000c3d00000| Untracked 
|  12|0x00000000c3e00000, 0x00000000c3e00000, 0x00000000c3f00000|  0%| F|  |TAMS 0x00000000c3e00000, 0x00000000c3e00000| Untracked 
|  13|0x00000000c3f00000, 0x00000000c3f00000, 0x00000000c4000000|  0%| F|  |TAMS 0x00000000c3f00000, 0x00000000c3f00000| Untracked 
|  14|0x00000000c4000000, 0x00000000c4000000, 0x00000000c4100000|  0%| F|  |TAMS 0x00000000c4000000, 0x00000000c4000000| Untracked 
|  15|0x00000000c4100000, 0x00000000c4100000, 0x00000000c4200000|  0%| F|  |TAMS 0x00000000c4100000, 0x00000000c4100000| Untracked 
|  16|0x00000000c4200000, 0x00000000c4200000, 0x00000000c4300000|  0%| F|  |TAMS 0x00000000c4200000, 0x00000000c4200000| Untracked 
|  17|0x00000000c4300000, 0x00000000c4300000, 0x00000000c4400000|  0%| F|  |TAMS 0x00000000c4300000, 0x00000000c4300000| Untracked 
|  18|0x00000000c4400000, 0x00000000c4400000, 0x00000000c4500000|  0%| F|  |TAMS 0x00000000c4400000, 0x00000000c4400000| Untracked 
|  19|0x00000000c4500000, 0x00000000c4500000, 0x00000000c4600000|  0%| F|  |TAMS 0x00000000c4500000, 0x00000000c4500000| Untracked 
|  20|0x00000000c4600000, 0x00000000c4600000, 0x00000000c4700000|  0%| F|  |TAMS 0x00000000c4600000, 0x00000000c4600000| Untracked 
|  21|0x00000000c4700000, 0x00000000c4700000, 0x00000000c4800000|  0%| F|  |TAMS 0x00000000c4700000, 0x00000000c4700000| Untracked 
|  22|0x00000000c4800000, 0x00000000c4800000, 0x00000000c4900000|  0%| F|  |TAMS 0x00000000c4800000, 0x00000000c4800000| Untracked 
|  23|0x00000000c4900000, 0x00000000c4900000, 0x00000000c4a00000|  0%| F|  |TAMS 0x00000000c4900000, 0x00000000c4900000| Untracked 
|  24|0x00000000c4a00000, 0x00000000c4a00000, 0x00000000c4b00000|  0%| F|  |TAMS 0x00000000c4a00000, 0x00000000c4a00000| Untracked 
|  25|0x00000000c4b00000, 0x00000000c4b00000, 0x00000000c4c00000|  0%| F|  |TAMS 0x00000000c4b00000, 0x00000000c4b00000| Untracked 
|  26|0x00000000c4c00000, 0x00000000c4c00000, 0x00000000c4d00000|  0%| F|  |TAMS 0x00000000c4c00000, 0x00000000c4c00000| Untracked 
|  27|0x00000000c4d00000, 0x00000000c4d00000, 0x00000000c4e00000|  0%| F|  |TAMS 0x00000000c4d00000, 0x00000000c4d00000| Untracked 
|  28|0x00000000c4e00000, 0x00000000c4e00000, 0x00000000c4f00000|  0%| F|  |TAMS 0x00000000c4e00000, 0x00000000c4e00000| Untracked 
|  29|0x00000000c4f00000, 0x00000000c4f00000, 0x00000000c5000000|  0%| F|  |TAMS 0x00000000c4f00000, 0x00000000c4f00000| Untracked 
|  30|0x00000000c5000000, 0x00000000c5000000, 0x00000000c5100000|  0%| F|  |TAMS 0x00000000c5000000, 0x00000000c5000000| Untracked 
|  31|0x00000000c5100000, 0x00000000c5100000, 0x00000000c5200000|  0%| F|  |TAMS 0x00000000c5100000, 0x00000000c5100000| Untracked 
|  32|0x00000000c5200000, 0x00000000c5200000, 0x00000000c5300000|  0%| F|  |TAMS 0x00000000c5200000, 0x00000000c5200000| Untracked 
|  33|0x00000000c5300000, 0x00000000c5300000, 0x00000000c5400000|  0%| F|  |TAMS 0x00000000c5300000, 0x00000000c5300000| Untracked 
|  34|0x00000000c5400000, 0x00000000c5400000, 0x00000000c5500000|  0%| F|  |TAMS 0x00000000c5400000, 0x00000000c5400000| Untracked 
|  35|0x00000000c5500000, 0x00000000c5500000, 0x00000000c5600000|  0%| F|  |TAMS 0x00000000c5500000, 0x00000000c5500000| Untracked 
|  36|0x00000000c5600000, 0x00000000c5600000, 0x00000000c5700000|  0%| F|  |TAMS 0x00000000c5600000, 0x00000000c5600000| Untracked 
|  37|0x00000000c5700000, 0x00000000c5700000, 0x00000000c5800000|  0%| F|  |TAMS 0x00000000c5700000, 0x00000000c5700000| Untracked 
|  38|0x00000000c5800000, 0x00000000c5800000, 0x00000000c5900000|  0%| F|  |TAMS 0x00000000c5800000, 0x00000000c5800000| Untracked 
|  39|0x00000000c5900000, 0x00000000c5900000, 0x00000000c5a00000|  0%| F|  |TAMS 0x00000000c5900000, 0x00000000c5900000| Untracked 
|  40|0x00000000c5a00000, 0x00000000c5a00000, 0x00000000c5b00000|  0%| F|  |TAMS 0x00000000c5a00000, 0x00000000c5a00000| Untracked 
|  41|0x00000000c5b00000, 0x00000000c5b00000, 0x00000000c5c00000|  0%| F|  |TAMS 0x00000000c5b00000, 0x00000000c5b00000| Untracked 
|  42|0x00000000c5c00000, 0x00000000c5c00000, 0x00000000c5d00000|  0%| F|  |TAMS 0x00000000c5c00000, 0x00000000c5c00000| Untracked 
|  43|0x00000000c5d00000, 0x00000000c5d00000, 0x00000000c5e00000|  0%| F|  |TAMS 0x00000000c5d00000, 0x00000000c5d00000| Untracked 
|  44|0x00000000c5e00000, 0x00000000c5e00000, 0x00000000c5f00000|  0%| F|  |TAMS 0x00000000c5e00000, 0x00000000c5e00000| Untracked 
|  45|0x00000000c5f00000, 0x00000000c5f00000, 0x00000000c6000000|  0%| F|  |TAMS 0x00000000c5f00000, 0x00000000c5f00000| Untracked 
|  46|0x00000000c6000000, 0x00000000c6000000, 0x00000000c6100000|  0%| F|  |TAMS 0x00000000c6000000, 0x00000000c6000000| Untracked 
|  47|0x00000000c6100000, 0x00000000c6100000, 0x00000000c6200000|  0%| F|  |TAMS 0x00000000c6100000, 0x00000000c6100000| Untracked 
|  48|0x00000000c6200000, 0x00000000c6200000, 0x00000000c6300000|  0%| F|  |TAMS 0x00000000c6200000, 0x00000000c6200000| Untracked 
|  49|0x00000000c6300000, 0x00000000c6300000, 0x00000000c6400000|  0%| F|  |TAMS 0x00000000c6300000, 0x00000000c6300000| Untracked 
|  50|0x00000000c6400000, 0x00000000c6400000, 0x00000000c6500000|  0%| F|  |TAMS 0x00000000c6400000, 0x00000000c6400000| Untracked 
|  51|0x00000000c6500000, 0x00000000c6500000, 0x00000000c6600000|  0%| F|  |TAMS 0x00000000c6500000, 0x00000000c6500000| Untracked 
|  52|0x00000000c6600000, 0x00000000c6600000, 0x00000000c6700000|  0%| F|  |TAMS 0x00000000c6600000, 0x00000000c6600000| Untracked 
|  53|0x00000000c6700000, 0x00000000c6700000, 0x00000000c6800000|  0%| F|  |TAMS 0x00000000c6700000, 0x00000000c6700000| Untracked 
|  54|0x00000000c6800000, 0x00000000c6800000, 0x00000000c6900000|  0%| F|  |TAMS 0x00000000c6800000, 0x00000000c6800000| Untracked 
|  55|0x00000000c6900000, 0x00000000c6900000, 0x00000000c6a00000|  0%| F|  |TAMS 0x00000000c6900000, 0x00000000c6900000| Untracked 
|  56|0x00000000c6a00000, 0x00000000c6a00000, 0x00000000c6b00000|  0%| F|  |TAMS 0x00000000c6a00000, 0x00000000c6a00000| Untracked 
|  57|0x00000000c6b00000, 0x00000000c6b6c080, 0x00000000c6c00000| 42%| E|  |TAMS 0x00000000c6b00000, 0x00000000c6b00000| Complete 
|  58|0x00000000c6c00000, 0x00000000c6d00000, 0x00000000c6d00000|100%| E|CS|TAMS 0x00000000c6c00000, 0x00000000c6c00000| Complete 
|  59|0x00000000c6d00000, 0x00000000c6e00000, 0x00000000c6e00000|100%| E|CS|TAMS 0x00000000c6d00000, 0x00000000c6d00000| Complete 
|  60|0x00000000c6e00000, 0x00000000c6f00000, 0x00000000c6f00000|100%| E|CS|TAMS 0x00000000c6e00000, 0x00000000c6e00000| Complete 
|  61|0x00000000c6f00000, 0x00000000c7000000, 0x00000000c7000000|100%| E|CS|TAMS 0x00000000c6f00000, 0x00000000c6f00000| Complete 

Card table byte_map: [0x00007f7b964db000,0x00007f7b966c2000] _byte_map_base: 0x00007f7b95ec2000

Marking Bits (Prev, Next): (CMBitMap*) 0x00007f7b900632d0, (CMBitMap*) 0x00007f7b90063310
 Prev Bits: [0x00007f7b953bc000, 0x00007f7b962f4000)
 Next Bits: [0x00007f7b94484000, 0x00007f7b953bc000)

Polling page: 0x00007f7b9887f000

Metaspace:

Usage:
  Non-class:      7,83 MB used.
      Class:    797,90 KB used.
       Both:      8,61 MB used.

Virtual space:
  Non-class space:       16,00 MB reserved,       7,88 MB ( 49%) committed,  2 nodes.
      Class space:        1,00 GB reserved,     832,00 KB ( <1%) committed,  1 nodes.
             Both:        1,02 GB reserved,       8,69 MB ( <1%) committed. 

Chunk freelists:
   Non-Class:  3,97 MB
       Class:  3,20 MB
        Both:  7,16 MB

MaxMetaspaceSize: unlimited
CompressedClassSpaceSize: 1,00 GB
Initial GC threshold: 21,00 MB
Current GC threshold: 21,00 MB
CDS: off
MetaspaceReclaimPolicy: balanced
 - commit_granule_bytes: 65536.
 - commit_granule_words: 8192.
 - virtual_space_node_default_size: 1048576.
 - enlarge_chunks_in_place: 1.
 - new_chunks_are_fully_committed: 0.
 - uncommit_free_chunks: 1.
 - use_allocation_guard: 0.
 - handle_deallocations: 1.


Internal statistics:

num_allocs_failed_limit: 0.
num_arena_births: 24.
num_arena_deaths: 0.
num_vsnodes_births: 3.
num_vsnodes_deaths: 0.
num_space_committed: 139.
num_space_uncommitted: 0.
num_chunks_returned_to_freelist: 0.
num_chunks_taken_from_freelist: 61.
num_chunk_merges: 0.
num_chunk_splits: 32.
num_chunks_enlarged: 22.
num_purges: 0.
num_inconsistent_stats: 0.

CodeHeap 'non-profiled nmethods': size=120032Kb used=110Kb max_used=110Kb free=119921Kb
 bounds [0x00007f7b85469000, 0x00007f7b856d9000, 0x00007f7b8c9a1000]
CodeHeap 'profiled nmethods': size=120028Kb used=450Kb max_used=450Kb free=119577Kb
 bounds [0x00007f7b7df32000, 0x00007f7b7e1a2000, 0x00007f7b85469000]
CodeHeap 'non-nmethods': size=5700Kb used=1137Kb max_used=1157Kb free=4562Kb
 bounds [0x00007f7b7d9a1000, 0x00007f7b7dc11000, 0x00007f7b7df32000]
 total_blobs=753 nmethods=337 adapters=330
 compilation: enabled
              stopped_count=0, restarted_count=0
 full_count=0

Compilation events (20 events):
Event: 0,301 Thread 0x00007f7b90171520 nmethod 326 0x00007f7b7dfa0990 code [0x00007f7b7dfa0b20, 0x00007f7b7dfa0c90]
Event: 0,301 Thread 0x00007f7b90171520  333       1       java.lang.reflect.Method::getReturnType (5 bytes)
Event: 0,301 Thread 0x00007f7b90171520 nmethod 333 0x00007f7b85481010 code [0x00007f7b854811a0, 0x00007f7b85481270]
Event: 0,301 Thread 0x00007f7b90171520  319       3       jdk.internal.org.objectweb.asm.ByteVector::put122 (93 bytes)
Event: 0,301 Thread 0x00007f7b90171520 nmethod 319 0x00007f7b7dfa0d90 code [0x00007f7b7dfa0f40, 0x00007f7b7dfa11c0]
Event: 0,305 Thread 0x00007f7b90171520  335       1       java.net.URL::getUserInfo (5 bytes)
Event: 0,306 Thread 0x00007f7b90171520 nmethod 335 0x00007f7b85481310 code [0x00007f7b854814a0, 0x00007f7b85481570]
Event: 0,306 Thread 0x00007f7b90171520  336       3       java.lang.String::endsWith (15 bytes)
Event: 0,306 Thread 0x00007f7b90171520 nmethod 336 0x00007f7b7dfa1390 code [0x00007f7b7dfa1560, 0x00007f7b7dfa1880]
Event: 0,307 Thread 0x00007f7b90171520  337       3       sun.net.www.ParseUtil::firstEncodeIndex (86 bytes)
Event: 0,307 Thread 0x00007f7b90171520 nmethod 337 0x00007f7b7dfa1a10 code [0x00007f7b7dfa1c60, 0x00007f7b7dfa2620]
Event: 0,311 Thread 0x00007f7b90170040 nmethod 297% 0x00007f7b85481610 code [0x00007f7b85481840, 0x00007f7b854830c0]
Event: 0,311 Thread 0x00007f7b90170040  296 %     4       java.lang.StringUTF16::compress @ 3 (50 bytes)
Event: 0,314 Thread 0x00007f7b90170040 nmethod 296% 0x00007f7b85483990 code [0x00007f7b85483b20, 0x00007f7b85483f18]
Event: 0,314 Thread 0x00007f7b90170040  293       4       java.lang.StringLatin1::lastIndexOf (40 bytes)
Event: 0,315 Thread 0x00007f7b90170040 nmethod 293 0x00007f7b85484090 code [0x00007f7b85484220, 0x00007f7b85484398]
Event: 0,315 Thread 0x00007f7b90170040  294       4       java.lang.StringLatin1::canEncode (13 bytes)
Event: 0,315 Thread 0x00007f7b90170040 nmethod 294 0x00007f7b85484490 code [0x00007f7b85484600, 0x00007f7b85484678]
Event: 0,315 Thread 0x00007f7b90170040  303       4       jdk.internal.org.objectweb.asm.SymbolTable::get (13 bytes)
Event: 0,316 Thread 0x00007f7b90170040 nmethod 303 0x00007f7b85484790 code [0x00007f7b85484920, 0x00007f7b854849f8]

GC Heap History (0 events):
No events

Dll operation events (5 events):
Event: 0,003 Loaded shared library /snap/eclipse/66/plugins/org.eclipse.justj.openjdk.hotspot.jre.full.linux.x86_64_17.0.5.v20221102-0933/jre/lib/libjava.so
Event: 0,115 Loaded shared library /snap/eclipse/66/plugins/org.eclipse.justj.openjdk.hotspot.jre.full.linux.x86_64_17.0.5.v20221102-0933/jre/lib/libnio.so
Event: 0,126 Loaded shared library /snap/eclipse/66/plugins/org.eclipse.justj.openjdk.hotspot.jre.full.linux.x86_64_17.0.5.v20221102-0933/jre/lib/libzip.so
Event: 0,182 Loaded shared library /snap/eclipse/66/plugins/org.eclipse.justj.openjdk.hotspot.jre.full.linux.x86_64_17.0.5.v20221102-0933/jre/lib/libjimage.so
Event: 0,235 Loaded shared library /home/pfr/.cache/JNA/temp/jna2882132963820263959.tmp

Deoptimization events (0 events):
No events

Classes unloaded (0 events):
No events

Classes redefined (0 events):
No events

Internal exceptions (7 events):
Event: 0,258 Thread 0x00007f7b90025d60 Exception <a 'java/lang/NoSuchMethodError'{0x00000000c6ddaec0}: 'java.lang.Object java.lang.invoke.DirectMethodHandle$Holder.invokeStaticInit(java.lang.Object)'> (0x00000000c6ddaec0) 
thrown [src/hotspot/share/interpreter/linkResolver.cpp, line 758]
Event: 0,260 Thread 0x00007f7b90025d60 Exception <a 'java/lang/NoSuchMethodError'{0x00000000c6de4c10}: 'java.lang.Object java.lang.invoke.DirectMethodHandle$Holder.invokeStaticInit(java.lang.Object, java.lang.Object, long, java.lang.Object)'> (0x00000000c6de4c10) 
thrown [src/hotspot/share/interpreter/linkResolver.cpp, line 758]
Event: 0,260 Thread 0x00007f7b90025d60 Exception <a 'java/lang/NoSuchMethodError'{0x00000000c6deb518}: 'java.lang.Object java.lang.invoke.DirectMethodHandle$Holder.newInvokeSpecial(java.lang.Object, java.lang.Object, long)'> (0x00000000c6deb518) 
thrown [src/hotspot/share/interpreter/linkResolver.cpp, line 758]
Event: 0,260 Thread 0x00007f7b90025d60 Exception <a 'java/lang/NoSuchMethodError'{0x00000000c6defa60}: 'java.lang.Object java.lang.invoke.Invokers$Holder.linkToTargetMethod(java.lang.Object, long, java.lang.Object)'> (0x00000000c6defa60) 
thrown [src/hotspot/share/interpreter/linkResolver.cpp, line 758]
Event: 0,265 Thread 0x00007f7b90025d60 Exception <a 'java/lang/NoSuchMethodError'{0x00000000c6df7fc0}: 'java.lang.Object java.lang.invoke.DirectMethodHandle$Holder.newInvokeSpecial(java.lang.Object, java.lang.Object, java.lang.Object, int)'> (0x00000000c6df7fc0) 
thrown [src/hotspot/share/interpreter/linkResolver.cpp, line 758]
Event: 0,266 Thread 0x00007f7b90025d60 Exception <a 'java/lang/NoSuchMethodError'{0x00000000c6dfc3a0}: 'java.lang.Object java.lang.invoke.DirectMethodHandle$Holder.invokeSpecial(java.lang.Object, java.lang.Object, java.lang.Object, java.lang.Object, int)'> (0x00000000c6dfc3a0) 
thrown [src/hotspot/share/interpreter/linkResolver.cpp, line 758]
Event: 0,266 Thread 0x00007f7b90025d60 Exception <a 'java/lang/NoSuchMethodError'{0x00000000c6c001b0}: 'java.lang.Object java.lang.invoke.Invokers$Holder.linkToTargetMethod(java.lang.Object, java.lang.Object, int, java.lang.Object)'> (0x00000000c6c001b0) 
thrown [src/hotspot/share/interpreter/linkResolver.cpp, line 758]

VM Operations (4 events):
Event: 0,127 Executing VM operation: HandshakeAllThreads
Event: 0,127 Executing VM operation: HandshakeAllThreads done
Event: 0,248 Executing VM operation: HandshakeAllThreads
Event: 0,248 Executing VM operation: HandshakeAllThreads done

Events (20 events):
Event: 0,289 loading class java/lang/reflect/ProxyGenerator
Event: 0,290 loading class java/lang/reflect/ProxyGenerator done
Event: 0,290 loading class java/lang/reflect/ProxyGenerator$ProxyMethod
Event: 0,290 loading class java/lang/reflect/ProxyGenerator$ProxyMethod done
Event: 0,292 loading class java/lang/reflect/ProxyGenerator$PrimitiveTypeInfo
Event: 0,292 loading class java/lang/reflect/ProxyGenerator$PrimitiveTypeInfo done
Event: 0,292 loading class jdk/internal/org/objectweb/asm/Edge
Event: 0,292 loading class jdk/internal/org/objectweb/asm/Edge done
Event: 0,299 loading class java/lang/reflect/UndeclaredThrowableException
Event: 0,299 loading class java/lang/reflect/UndeclaredThrowableException done
Event: 0,300 loading class java/lang/reflect/Proxy$ProxyBuilder$1
Event: 0,300 loading class java/lang/reflect/Proxy$ProxyBuilder$1 done
Event: 0,301 loading class java/lang/AssertionError
Event: 0,301 loading class java/lang/AssertionError done
Event: 0,301 loading class java/lang/reflect/TypeVariable
Event: 0,301 loading class java/lang/reflect/TypeVariable done
Event: 0,301 loading class java/lang/reflect/AnnotatedType
Event: 0,302 loading class java/lang/reflect/AnnotatedType done
Event: 0,302 loading class java/lang/TypeNotPresentException
Event: 0,302 loading class java/lang/TypeNotPresentException done


Dynamic libraries:
c3200000-c7000000 rw-p 00000000 00:00 0 
c7000000-100000000 ---p 00000000 00:00 0 
100000000-100020000 rw-p 00000000 00:00 0 
100020000-100040000 rw-p 00000000 00:00 0 
100040000-1000c0000 rw-p 00000000 00:00 0 
1000c0000-1000d0000 rw-p 00000000 00:00 0 
1000d0000-140000000 ---p 00000000 00:00 0 
564f111dd000-564f111de000 r--p 00000000 07:09 932                        /snap/eclipse/66/plugins/org.eclipse.justj.openjdk.hotspot.jre.full.linux.x86_64_17.0.5.v20221102-0933/jre/bin/java
564f111de000-564f111df000 r-xp 00001000 07:09 932                        /snap/eclipse/66/plugins/org.eclipse.justj.openjdk.hotspot.jre.full.linux.x86_64_17.0.5.v20221102-0933/jre/bin/java
564f111df000-564f111e0000 r--p 00002000 07:09 932                        /snap/eclipse/66/plugins/org.eclipse.justj.openjdk.hotspot.jre.full.linux.x86_64_17.0.5.v20221102-0933/jre/bin/java
564f111e0000-564f111e1000 r--p 00002000 07:09 932                        /snap/eclipse/66/plugins/org.eclipse.justj.openjdk.hotspot.jre.full.linux.x86_64_17.0.5.v20221102-0933/jre/bin/java
564f111e1000-564f111e2000 rw-p 00003000 07:09 932                        /snap/eclipse/66/plugins/org.eclipse.justj.openjdk.hotspot.jre.full.linux.x86_64_17.0.5.v20221102-0933/jre/bin/java
564f1188f000-564f118d7000 rw-p 00000000 00:00 0                          [heap]
7f7b28000000-7f7b28021000 rw-p 00000000 00:00 0 
7f7b28021000-7f7b2c000000 ---p 00000000 00:00 0 
7f7b30000000-7f7b30021000 rw-p 00000000 00:00 0 
7f7b30021000-7f7b34000000 ---p 00000000 00:00 0 
7f7b34000000-7f7b34021000 rw-p 00000000 00:00 0 
7f7b34021000-7f7b38000000 ---p 00000000 00:00 0 
7f7b38000000-7f7b38021000 rw-p 00000000 00:00 0 
7f7b38021000-7f7b3c000000 ---p 00000000 00:00 0 
7f7b3c000000-7f7b3c021000 rw-p 00000000 00:00 0 
7f7b3c021000-7f7b40000000 ---p 00000000 00:00 0 
7f7b40000000-7f7b402db000 rw-p 00000000 00:00 0 
7f7b402db000-7f7b44000000 ---p 00000000 00:00 0 
7f7b44000000-7f7b44021000 rw-p 00000000 00:00 0 
7f7b44021000-7f7b48000000 ---p 00000000 00:00 0 
7f7b48000000-7f7b48021000 rw-p 00000000 00:00 0 
7f7b48021000-7f7b4c000000 ---p 00000000 00:00 0 
7f7b4c000000-7f7b4c2a0000 rw-p 00000000 00:00 0 
7f7b4c2a0000-7f7b50000000 ---p 00000000 00:00 0 
7f7b50000000-7f7b50021000 rw-p 00000000 00:00 0 
7f7b50021000-7f7b54000000 ---p 00000000 00:00 0 
7f7b54000000-7f7b54021000 rw-p 00000000 00:00 0 
7f7b54021000-7f7b58000000 ---p 00000000 00:00 0 
7f7b58000000-7f7b58021000 rw-p 00000000 00:00 0 
7f7b58021000-7f7b5c000000 ---p 00000000 00:00 0 
7f7b5c000000-7f7b5c021000 rw-p 00000000 00:00 0 
7f7b5c021000-7f7b60000000 ---p 00000000 00:00 0 
7f7b60000000-7f7b60021000 rw-p 00000000 00:00 0 
7f7b60021000-7f7b64000000 ---p 00000000 00:00 0 
7f7b64000000-7f7b64021000 rw-p 00000000 00:00 0 
7f7b64021000-7f7b68000000 ---p 00000000 00:00 0 
7f7b68000000-7f7b68021000 rw-p 00000000 00:00 0 
7f7b68021000-7f7b6c000000 ---p 00000000 00:00 0 
7f7b6c000000-7f7b6c010000 rw-p 00000000 00:00 0 
7f7b6c010000-7f7b6c800000 ---p 00000000 00:00 0 
7f7b6c800000-7f7b6c81e000 r-xp 00000000 08:03 672734                     /home/pfr/.cache/JNA/temp/jna2882132963820263959.tmp (deleted)
7f7b6c81e000-7f7b6ca1d000 ---p 0001e000 08:03 672734                     /home/pfr/.cache/JNA/temp/jna2882132963820263959.tmp (deleted)
7f7b6ca1d000-7f7b6ca1e000 rw-p 0001d000 08:03 672734                     /home/pfr/.cache/JNA/temp/jna2882132963820263959.tmp (deleted)
7f7b6ca1e000-7f7b6ca1f000 rw-p 00000000 00:00 0 
7f7b6cafe000-7f7b6cb02000 ---p 00000000 00:00 0 
7f7b6cb02000-7f7b6cbfe000 rw-p 00000000 00:00 0 
7f7b6cbfe000-7f7b6cc02000 ---p 00000000 00:00 0 
7f7b6cc02000-7f7b6ccfe000 rw-p 00000000 00:00 0 
7f7b6ccfe000-7f7b6ccff000 ---p 00000000 00:00 0 
7f7b6ccff000-7f7b6ce00000 rw-p 00000000 00:00 0 
7f7b6ce00000-7f7b6deb6000 r--p 00000000 08:03 136397                     /usr/lib/locale/locale-archive
7f7b6df00000-7f7b6df04000 ---p 00000000 00:00 0 
7f7b6df04000-7f7b70000000 rw-p 00000000 00:00 0 
7f7b70000000-7f7b70021000 rw-p 00000000 00:00 0 
7f7b70021000-7f7b74000000 ---p 00000000 00:00 0 
7f7b74000000-7f7b74021000 rw-p 00000000 00:00 0 
7f7b74021000-7f7b78000000 ---p 00000000 00:00 0 
7f7b78000000-7f7b78021000 rw-p 00000000 00:00 0 
7f7b78021000-7f7b7c000000 ---p 00000000 00:00 0 
7f7b7c000000-7f7b7c004000 ---p 00000000 00:00 0 
7f7b7c004000-7f7b7c100000 rw-p 00000000 00:00 0 
7f7b7c100000-7f7b7c104000 ---p 00000000 00:00 0 
7f7b7c104000-7f7b7c200000 rw-p 00000000 00:00 0 
7f7b7c200000-7f7b7c204000 ---p 00000000 00:00 0 
7f7b7c204000-7f7b7c300000 rw-p 00000000 00:00 0 
7f7b7c300000-7f7b7c304000 ---p 00000000 00:00 0 
7f7b7c304000-7f7b7c400000 rw-p 00000000 00:00 0 
7f7b7c400000-7f7b7c404000 ---p 00000000 00:00 0 
7f7b7c404000-7f7b7c500000 rw-p 00000000 00:00 0 
7f7b7c500000-7f7b7c504000 ---p 00000000 00:00 0 
7f7b7c504000-7f7b7c600000 rw-p 00000000 00:00 0 
7f7b7c600000-7f7b7c604000 ---p 00000000 00:00 0 
7f7b7c604000-7f7b7c700000 rw-p 00000000 00:00 0 
7f7b7c700000-7f7b7c704000 ---p 00000000 00:00 0 
7f7b7c704000-7f7b7cc00000 rw-p 00000000 00:00 0 
7f7b7cc00000-7f7b7cc40000 rw-p 00000000 00:00 0 
7f7b7cc40000-7f7b7cc80000 rw-p 00000000 00:00 0 
7f7b7cc80000-7f7b7cd00000 rw-p 00000000 00:00 0 
7f7b7cd00000-7f7b7cf00000 rw-p 00000000 00:00 0 
7f7b7cf00000-7f7b7cf50000 rw-p 00000000 00:00 0 
7f7b7cf50000-7f7b7cf80000 ---p 00000000 00:00 0 
7f7b7cf80000-7f7b7d000000 rw-p 00000000 00:00 0 
7f7b7d015000-7f7b7d01c000 r--s 00000000 08:03 656382                     /usr/lib/x86_64-linux-gnu/gconv/gconv-modules.cache
7f7b7d01c000-7f7b7d01e000 r--p 00000000 08:03 671778                     /home/pfr/pfr_code/image/src/libImage.so
7f7b7d01e000-7f7b7d023000 r-xp 00002000 08:03 671778                     /home/pfr/pfr_code/image/src/libImage.so
7f7b7d023000-7f7b7d024000 r--p 00007000 08:03 671778                     /home/pfr/pfr_code/image/src/libImage.so
7f7b7d024000-7f7b7d025000 r--p 00007000 08:03 671778                     /home/pfr/pfr_code/image/src/libImage.so
7f7b7d025000-7f7b7d026000 rw-p 00008000 08:03 671778                     /home/pfr/pfr_code/image/src/libImage.so
7f7b7d026000-7f7b7d02a000 ---p 00000000 00:00 0 
7f7b7d02a000-7f7b7d079000 rw-p 00000000 00:00 0 
7f7b7d079000-7f7b7d07a000 ---p 00000000 00:00 0 
7f7b7d07a000-7f7b7d298000 rw-p 00000000 00:00 0 
7f7b7d298000-7f7b7d299000 ---p 00000000 00:00 0 
7f7b7d299000-7f7b7d39a000 rw-p 00000000 00:00 0 
7f7b7d39a000-7f7b7d39b000 ---p 00000000 00:00 0 
7f7b7d39b000-7f7b7d9a1000 rw-p 00000000 00:00 0 
7f7b7d9a1000-7f7b7dc11000 rwxp 00000000 00:00 0 
7f7b7dc11000-7f7b7df32000 ---p 00000000 00:00 0 
7f7b7df32000-7f7b7e1a2000 rwxp 00000000 00:00 0 
7f7b7e1a2000-7f7b85469000 ---p 00000000 00:00 0 
7f7b85469000-7f7b856d9000 rwxp 00000000 00:00 0 
7f7b856d9000-7f7b8c9a1000 ---p 00000000 00:00 0 
7f7b8c9a1000-7f7b90000000 r--s 00000000 07:09 1339                       /snap/eclipse/66/plugins/org.eclipse.justj.openjdk.hotspot.jre.full.linux.x86_64_17.0.5.v20221102-0933/jre/lib/modules
7f7b90000000-7f7b912f1000 rw-p 00000000 00:00 0 
7f7b912f1000-7f7b94000000 ---p 00000000 00:00 0 
7f7b94005000-7f7b94009000 r--p 00000000 07:09 1330                       /snap/eclipse/66/plugins/org.eclipse.justj.openjdk.hotspot.jre.full.linux.x86_64_17.0.5.v20221102-0933/jre/lib/libnet.so
7f7b94009000-7f7b94017000 r-xp 00004000 07:09 1330                       /snap/eclipse/66/plugins/org.eclipse.justj.openjdk.hotspot.jre.full.linux.x86_64_17.0.5.v20221102-0933/jre/lib/libnet.so
7f7b94017000-7f7b9401b000 r--p 00012000 07:09 1330                       /snap/eclipse/66/plugins/org.eclipse.justj.openjdk.hotspot.jre.full.linux.x86_64_17.0.5.v20221102-0933/jre/lib/libnet.so
7f7b9401b000-7f7b9401c000 r--p 00015000 07:09 1330                       /snap/eclipse/66/plugins/org.eclipse.justj.openjdk.hotspot.jre.full.linux.x86_64_17.0.5.v20221102-0933/jre/lib/libnet.so
7f7b9401c000-7f7b9401d000 rw-p 00016000 07:09 1330                       /snap/eclipse/66/plugins/org.eclipse.justj.openjdk.hotspot.jre.full.linux.x86_64_17.0.5.v20221102-0933/jre/lib/libnet.so
7f7b9401d000-7f7b94024000 r--p 00000000 07:09 1331                       /snap/eclipse/66/plugins/org.eclipse.justj.openjdk.hotspot.jre.full.linux.x86_64_17.0.5.v20221102-0933/jre/lib/libnio.so
7f7b94024000-7f7b9402d000 r-xp 00007000 07:09 1331                       /snap/eclipse/66/plugins/org.eclipse.justj.openjdk.hotspot.jre.full.linux.x86_64_17.0.5.v20221102-0933/jre/lib/libnio.so
7f7b9402d000-7f7b94031000 r--p 00010000 07:09 1331                       /snap/eclipse/66/plugins/org.eclipse.justj.openjdk.hotspot.jre.full.linux.x86_64_17.0.5.v20221102-0933/jre/lib/libnio.so
7f7b94031000-7f7b94032000 ---p 00014000 07:09 1331                       /snap/eclipse/66/plugins/org.eclipse.justj.openjdk.hotspot.jre.full.linux.x86_64_17.0.5.v20221102-0933/jre/lib/libnio.so
7f7b94032000-7f7b94033000 r--p 00014000 07:09 1331                       /snap/eclipse/66/plugins/org.eclipse.justj.openjdk.hotspot.jre.full.linux.x86_64_17.0.5.v20221102-0933/jre/lib/libnio.so
7f7b94033000-7f7b94034000 rw-p 00015000 07:09 1331                       /snap/eclipse/66/plugins/org.eclipse.justj.openjdk.hotspot.jre.full.linux.x86_64_17.0.5.v20221102-0933/jre/lib/libnio.so
7f7b94034000-7f7b94036000 r--p 00000000 07:09 1338                       /snap/eclipse/66/plugins/org.eclipse.justj.openjdk.hotspot.jre.full.linux.x86_64_17.0.5.v20221102-0933/jre/lib/libzip.so
7f7b94036000-7f7b9403a000 r-xp 00002000 07:09 1338                       /snap/eclipse/66/plugins/org.eclipse.justj.openjdk.hotspot.jre.full.linux.x86_64_17.0.5.v20221102-0933/jre/lib/libzip.so
7f7b9403a000-7f7b9403c000 r--p 00006000 07:09 1338                       /snap/eclipse/66/plugins/org.eclipse.justj.openjdk.hotspot.jre.full.linux.x86_64_17.0.5.v20221102-0933/jre/lib/libzip.so
7f7b9403c000-7f7b9403d000 r--p 00007000 07:09 1338                       /snap/eclipse/66/plugins/org.eclipse.justj.openjdk.hotspot.jre.full.linux.x86_64_17.0.5.v20221102-0933/jre/lib/libzip.so
7f7b9403d000-7f7b9403e000 rw-p 00008000 07:09 1338                       /snap/eclipse/66/plugins/org.eclipse.justj.openjdk.hotspot.jre.full.linux.x86_64_17.0.5.v20221102-0933/jre/lib/libzip.so
7f7b9403e000-7f7b9413f000 rw-p 00000000 00:00 0 
7f7b9413f000-7f7b94140000 ---p 00000000 00:00 0 
7f7b94140000-7f7b94241000 rw-p 00000000 00:00 0 
7f7b94241000-7f7b94242000 ---p 00000000 00:00 0 
7f7b94242000-7f7b94343000 rw-p 00000000 00:00 0 
7f7b94343000-7f7b94344000 ---p 00000000 00:00 0 
7f7b94344000-7f7b9457c000 rw-p 00000000 00:00 0 
7f7b9457c000-7f7b953bc000 ---p 00000000 00:00 0 
7f7b953bc000-7f7b954b4000 rw-p 00000000 00:00 0 
7f7b954b4000-7f7b962f4000 ---p 00000000 00:00 0 
7f7b962f4000-7f7b96313000 rw-p 00000000 00:00 0 
7f7b96313000-7f7b964db000 ---p 00000000 00:00 0 
7f7b964db000-7f7b964fa000 rw-p 00000000 00:00 0 
7f7b964fa000-7f7b966c2000 ---p 00000000 00:00 0 
7f7b966c2000-7f7b966e1000 rw-p 00000000 00:00 0 
7f7b966e1000-7f7b968a9000 ---p 00000000 00:00 0 
7f7b968a9000-7f7b96eb4000 rw-p 00000000 00:00 0 
7f7b96eb4000-7f7b96f9a000 ---p 00000000 00:00 0 
7f7b96f9a000-7f7b96f9f000 rw-p 00000000 00:00 0 
7f7b96f9f000-7f7b97085000 ---p 00000000 00:00 0 
7f7b97085000-7f7b9708a000 rw-p 00000000 00:00 0 
7f7b9708a000-7f7b97091000 ---p 00000000 00:00 0 
7f7b97091000-7f7b9709e000 r--p 00000000 07:09 1317                       /snap/eclipse/66/plugins/org.eclipse.justj.openjdk.hotspot.jre.full.linux.x86_64_17.0.5.v20221102-0933/jre/lib/libjava.so
7f7b9709e000-7f7b970b0000 r-xp 0000d000 07:09 1317                       /snap/eclipse/66/plugins/org.eclipse.justj.openjdk.hotspot.jre.full.linux.x86_64_17.0.5.v20221102-0933/jre/lib/libjava.so
7f7b970b0000-7f7b970b6000 r--p 0001f000 07:09 1317                       /snap/eclipse/66/plugins/org.eclipse.justj.openjdk.hotspot.jre.full.linux.x86_64_17.0.5.v20221102-0933/jre/lib/libjava.so
7f7b970b6000-7f7b970b7000 ---p 00025000 07:09 1317                       /snap/eclipse/66/plugins/org.eclipse.justj.openjdk.hotspot.jre.full.linux.x86_64_17.0.5.v20221102-0933/jre/lib/libjava.so
7f7b970b7000-7f7b970b8000 r--p 00025000 07:09 1317                       /snap/eclipse/66/plugins/org.eclipse.justj.openjdk.hotspot.jre.full.linux.x86_64_17.0.5.v20221102-0933/jre/lib/libjava.so
7f7b970b8000-7f7b970b9000 rw-p 00026000 07:09 1317                       /snap/eclipse/66/plugins/org.eclipse.justj.openjdk.hotspot.jre.full.linux.x86_64_17.0.5.v20221102-0933/jre/lib/libjava.so
7f7b970b9000-7f7b970ba000 rw-p 00000000 00:00 0 
7f7b970ba000-7f7b970be000 r--p 00000000 07:09 1321                       /snap/eclipse/66/plugins/org.eclipse.justj.openjdk.hotspot.jre.full.linux.x86_64_17.0.5.v20221102-0933/jre/lib/libjimage.so
7f7b970be000-7f7b970d1000 r-xp 00004000 07:09 1321                       /snap/eclipse/66/plugins/org.eclipse.justj.openjdk.hotspot.jre.full.linux.x86_64_17.0.5.v20221102-0933/jre/lib/libjimage.so
7f7b970d1000-7f7b970d7000 r--p 00017000 07:09 1321                       /snap/eclipse/66/plugins/org.eclipse.justj.openjdk.hotspot.jre.full.linux.x86_64_17.0.5.v20221102-0933/jre/lib/libjimage.so
7f7b970d7000-7f7b970d9000 r--p 0001c000 07:09 1321                       /snap/eclipse/66/plugins/org.eclipse.justj.openjdk.hotspot.jre.full.linux.x86_64_17.0.5.v20221102-0933/jre/lib/libjimage.so
7f7b970d9000-7f7b970da000 rw-p 0001e000 07:09 1321                       /snap/eclipse/66/plugins/org.eclipse.justj.openjdk.hotspot.jre.full.linux.x86_64_17.0.5.v20221102-0933/jre/lib/libjimage.so
7f7b970da000-7f7b970de000 ---p 00000000 00:00 0 
7f7b970de000-7f7b971da000 rw-p 00000000 00:00 0 
7f7b971da000-7f7b971e8000 r--p 00000000 08:03 137843                     /usr/lib/x86_64-linux-gnu/libm.so.6
7f7b971e8000-7f7b97264000 r-xp 0000e000 08:03 137843                     /usr/lib/x86_64-linux-gnu/libm.so.6
7f7b97264000-7f7b972bf000 r--p 0008a000 08:03 137843                     /usr/lib/x86_64-linux-gnu/libm.so.6
7f7b972bf000-7f7b972c0000 r--p 000e4000 08:03 137843                     /usr/lib/x86_64-linux-gnu/libm.so.6
7f7b972c0000-7f7b972c1000 rw-p 000e5000 08:03 137843                     /usr/lib/x86_64-linux-gnu/libm.so.6
7f7b972c1000-7f7b97513000 r--p 00000000 07:09 1349                       /snap/eclipse/66/plugins/org.eclipse.justj.openjdk.hotspot.jre.full.linux.x86_64_17.0.5.v20221102-0933/jre/lib/server/libjvm.so
7f7b97513000-7f7b9822c000 r-xp 00252000 07:09 1349                       /snap/eclipse/66/plugins/org.eclipse.justj.openjdk.hotspot.jre.full.linux.x86_64_17.0.5.v20221102-0933/jre/lib/server/libjvm.so
7f7b9822c000-7f7b984b7000 r--p 00f6b000 07:09 1349                       /snap/eclipse/66/plugins/org.eclipse.justj.openjdk.hotspot.jre.full.linux.x86_64_17.0.5.v20221102-0933/jre/lib/server/libjvm.so
7f7b984b7000-7f7b984b8000 ---p 011f6000 07:09 1349                       /snap/eclipse/66/plugins/org.eclipse.justj.openjdk.hotspot.jre.full.linux.x86_64_17.0.5.v20221102-0933/jre/lib/server/libjvm.so
7f7b984b8000-7f7b98571000 r--p 011f6000 07:09 1349                       /snap/eclipse/66/plugins/org.eclipse.justj.openjdk.hotspot.jre.full.linux.x86_64_17.0.5.v20221102-0933/jre/lib/server/libjvm.so
7f7b98571000-7f7b985a6000 rw-p 012af000 07:09 1349                       /snap/eclipse/66/plugins/org.eclipse.justj.openjdk.hotspot.jre.full.linux.x86_64_17.0.5.v20221102-0933/jre/lib/server/libjvm.so
7f7b985a6000-7f7b98600000 rw-p 00000000 00:00 0 
7f7b98600000-7f7b98628000 r--p 00000000 08:03 137192                     /usr/lib/x86_64-linux-gnu/libc.so.6
7f7b98628000-7f7b987bd000 r-xp 00028000 08:03 137192                     /usr/lib/x86_64-linux-gnu/libc.so.6
7f7b987bd000-7f7b98815000 r--p 001bd000 08:03 137192                     /usr/lib/x86_64-linux-gnu/libc.so.6
7f7b98815000-7f7b98819000 r--p 00214000 08:03 137192                     /usr/lib/x86_64-linux-gnu/libc.so.6
7f7b98819000-7f7b9881b000 rw-p 00218000 08:03 137192                     /usr/lib/x86_64-linux-gnu/libc.so.6
7f7b9881b000-7f7b98828000 rw-p 00000000 00:00 0 
7f7b9882e000-7f7b9882f000 r--p 00000000 08:03 138168                     /usr/lib/x86_64-linux-gnu/librt.so.1
7f7b9882f000-7f7b98830000 r-xp 00001000 08:03 138168                     /usr/lib/x86_64-linux-gnu/librt.so.1
7f7b98830000-7f7b98831000 r--p 00002000 08:03 138168                     /usr/lib/x86_64-linux-gnu/librt.so.1
7f7b98831000-7f7b98832000 r--p 00002000 08:03 138168                     /usr/lib/x86_64-linux-gnu/librt.so.1
7f7b98832000-7f7b98833000 rw-p 00003000 08:03 138168                     /usr/lib/x86_64-linux-gnu/librt.so.1
7f7b98833000-7f7b98838000 rw-p 00000000 00:00 0 
7f7b98838000-7f7b98839000 r--p 00000000 08:03 137334                     /usr/lib/x86_64-linux-gnu/libdl.so.2
7f7b98839000-7f7b9883a000 r-xp 00001000 08:03 137334                     /usr/lib/x86_64-linux-gnu/libdl.so.2
7f7b9883a000-7f7b9883b000 r--p 00002000 08:03 137334                     /usr/lib/x86_64-linux-gnu/libdl.so.2
7f7b9883b000-7f7b9883c000 r--p 00002000 08:03 137334                     /usr/lib/x86_64-linux-gnu/libdl.so.2
7f7b9883c000-7f7b9883d000 rw-p 00003000 08:03 137334                     /usr/lib/x86_64-linux-gnu/libdl.so.2
7f7b9883d000-7f7b9883e000 r--p 00000000 08:03 138112                     /usr/lib/x86_64-linux-gnu/libpthread.so.0
7f7b9883e000-7f7b9883f000 r-xp 00001000 08:03 138112                     /usr/lib/x86_64-linux-gnu/libpthread.so.0
7f7b9883f000-7f7b98840000 r--p 00002000 08:03 138112                     /usr/lib/x86_64-linux-gnu/libpthread.so.0
7f7b98840000-7f7b98841000 r--p 00002000 08:03 138112                     /usr/lib/x86_64-linux-gnu/libpthread.so.0
7f7b98841000-7f7b98842000 rw-p 00003000 08:03 138112                     /usr/lib/x86_64-linux-gnu/libpthread.so.0
7f7b98842000-7f7b98845000 r--p 00000000 07:09 1322                       /snap/eclipse/66/plugins/org.eclipse.justj.openjdk.hotspot.jre.full.linux.x86_64_17.0.5.v20221102-0933/jre/lib/libjli.so
7f7b98845000-7f7b9884f000 r-xp 00003000 07:09 1322                       /snap/eclipse/66/plugins/org.eclipse.justj.openjdk.hotspot.jre.full.linux.x86_64_17.0.5.v20221102-0933/jre/lib/libjli.so
7f7b9884f000-7f7b98852000 r--p 0000d000 07:09 1322                       /snap/eclipse/66/plugins/org.eclipse.justj.openjdk.hotspot.jre.full.linux.x86_64_17.0.5.v20221102-0933/jre/lib/libjli.so
7f7b98852000-7f7b98853000 ---p 00010000 07:09 1322                       /snap/eclipse/66/plugins/org.eclipse.justj.openjdk.hotspot.jre.full.linux.x86_64_17.0.5.v20221102-0933/jre/lib/libjli.so
7f7b98853000-7f7b98854000 r--p 00010000 07:09 1322                       /snap/eclipse/66/plugins/org.eclipse.justj.openjdk.hotspot.jre.full.linux.x86_64_17.0.5.v20221102-0933/jre/lib/libjli.so
7f7b98854000-7f7b98855000 rw-p 00011000 07:09 1322                       /snap/eclipse/66/plugins/org.eclipse.justj.openjdk.hotspot.jre.full.linux.x86_64_17.0.5.v20221102-0933/jre/lib/libjli.so
7f7b98855000-7f7b98857000 r--p 00000000 08:03 131946                     /usr/lib/x86_64-linux-gnu/libz.so.1.2.11
7f7b98857000-7f7b98868000 r-xp 00002000 08:03 131946                     /usr/lib/x86_64-linux-gnu/libz.so.1.2.11
7f7b98868000-7f7b9886e000 r--p 00013000 08:03 131946                     /usr/lib/x86_64-linux-gnu/libz.so.1.2.11
7f7b9886e000-7f7b9886f000 ---p 00019000 08:03 131946                     /usr/lib/x86_64-linux-gnu/libz.so.1.2.11
7f7b9886f000-7f7b98870000 r--p 00019000 08:03 131946                     /usr/lib/x86_64-linux-gnu/libz.so.1.2.11
7f7b98870000-7f7b98871000 rw-p 0001a000 08:03 131946                     /usr/lib/x86_64-linux-gnu/libz.so.1.2.11
7f7b98877000-7f7b9887f000 rw-s 00000000 08:03 393412                     /tmp/hsperfdata_pfr/10804
7f7b9887f000-7f7b98880000 ---p 00000000 00:00 0 
7f7b98880000-7f7b98881000 r--p 00000000 00:00 0 
7f7b98881000-7f7b98883000 rw-p 00000000 00:00 0 
7f7b98883000-7f7b98885000 r--p 00000000 08:03 136855                     /usr/lib/x86_64-linux-gnu/ld-linux-x86-64.so.2
7f7b98885000-7f7b988af000 r-xp 00002000 08:03 136855                     /usr/lib/x86_64-linux-gnu/ld-linux-x86-64.so.2
7f7b988af000-7f7b988ba000 r--p 0002c000 08:03 136855                     /usr/lib/x86_64-linux-gnu/ld-linux-x86-64.so.2
7f7b988ba000-7f7b988bb000 ---p 00000000 00:00 0 
7f7b988bb000-7f7b988bd000 r--p 00037000 08:03 136855                     /usr/lib/x86_64-linux-gnu/ld-linux-x86-64.so.2
7f7b988bd000-7f7b988bf000 rw-p 00039000 08:03 136855                     /usr/lib/x86_64-linux-gnu/ld-linux-x86-64.so.2
7ffc9dfd6000-7ffc9dff7000 rw-p 00000000 00:00 0                          [stack]
7ffc9dff7000-7ffc9dffb000 r--p 00000000 00:00 0                          [vvar]
7ffc9dffb000-7ffc9dffd000 r-xp 00000000 00:00 0                          [vdso]
ffffffffff600000-ffffffffff601000 --xp 00000000 00:00 0                  [vsyscall]


VM Arguments:
jvm_args: -Dfile.encoding=UTF-8 -XX:+ShowCodeDetailsInExceptionMessages 
java_command: test.TestJNA
java_class_path (initial): /home/pfr/pfr_code/PFR_Java/bin:/home/pfr/Téléchargements/jar_files/jna-5.13.0.jar
Launcher Type: SUN_STANDARD

[Global flags]
     intx CICompilerCount                          = 3                                         {product} {ergonomic}
     uint ConcGCThreads                            = 2                                         {product} {ergonomic}
     uint G1ConcRefinementThreads                  = 6                                         {product} {ergonomic}
   size_t G1HeapRegionSize                         = 1048576                                   {product} {ergonomic}
    uintx GCDrainStackTargetSize                   = 64                                        {product} {ergonomic}
   size_t InitialHeapSize                          = 65011712                                  {product} {ergonomic}
   size_t MarkStackSize                            = 4194304                                   {product} {ergonomic}
   size_t MaxHeapSize                              = 1021313024                                {product} {ergonomic}
   size_t MaxNewSize                               = 612368384                                 {product} {ergonomic}
   size_t MinHeapDeltaBytes                        = 1048576                                   {product} {ergonomic}
   size_t MinHeapSize                              = 8388608                                   {product} {ergonomic}
    uintx NonNMethodCodeHeapSize                   = 5832780                                {pd product} {ergonomic}
    uintx NonProfiledCodeHeapSize                  = 122912730                              {pd product} {ergonomic}
    uintx ProfiledCodeHeapSize                     = 122912730                              {pd product} {ergonomic}
    uintx ReservedCodeCacheSize                    = 251658240                              {pd product} {ergonomic}
     bool SegmentedCodeCache                       = true                                      {product} {ergonomic}
     bool ShowCodeDetailsInExceptionMessages       = true                                   {manageable} {command line}
   size_t SoftMaxHeapSize                          = 1021313024                             {manageable} {ergonomic}
     bool UseCompressedClassPointers               = true                           {product lp64_product} {ergonomic}
     bool UseCompressedOops                        = true                           {product lp64_product} {ergonomic}
     bool UseG1GC                                  = true                                      {product} {ergonomic}

Logging:
Log output configuration:
 #0: stdout all=warning uptime,level,tags
 #1: stderr all=off uptime,level,tags

Environment Variables:
PATH=/usr/local/sbin:/usr/local/bin:/usr/sbin:/usr/bin:/sbin:/bin:/usr/games:/usr/local/games:/snap/bin:/snap/bin
USERNAME=pfr
SHELL=/bin/bash
DISPLAY=:0
LANG=fr_FR.UTF-8
LC_NUMERIC=sv_SE.UTF-8
LC_TIME=sv_SE.UTF-8

Signal Handlers:
   SIGSEGV: crash_handler in libjvm.so, mask=11100100010111111101111111111110, flags=SA_RESTART|SA_SIGINFO
    SIGBUS: crash_handler in libjvm.so, mask=11100100010111111101111111111110, flags=SA_RESTART|SA_SIGINFO
    SIGFPE: crash_handler in libjvm.so, mask=11100100010111111101111111111110, flags=SA_RESTART|SA_SIGINFO
   SIGPIPE: javaSignalHandler in libjvm.so, mask=11100100010111111101111111111110, flags=SA_RESTART|SA_SIGINFO
   SIGXFSZ: javaSignalHandler in libjvm.so, mask=11100100010111111101111111111110, flags=SA_RESTART|SA_SIGINFO
    SIGILL: crash_handler in libjvm.so, mask=11100100010111111101111111111110, flags=SA_RESTART|SA_SIGINFO
   SIGUSR2: SR_handler in libjvm.so, mask=00100000000000000000000000000000, flags=SA_RESTART|SA_SIGINFO
    SIGHUP: UserHandler in libjvm.so, mask=11100100010111111101111111111110, flags=SA_RESTART|SA_SIGINFO
    SIGINT: UserHandler in libjvm.so, mask=11100100010111111101111111111110, flags=SA_RESTART|SA_SIGINFO
   SIGTERM: UserHandler in libjvm.so, mask=11100100010111111101111111111110, flags=SA_RESTART|SA_SIGINFO
   SIGQUIT: UserHandler in libjvm.so, mask=11100100010111111101111111111110, flags=SA_RESTART|SA_SIGINFO
  *** Handler was modified!
  *** Expected: javaSignalHandler in libjvm.so, mask=11100100110111111111111111111110, flags=SA_RESTART|SA_SIGINFO
   SIGTRAP: crash_handler in libjvm.so, mask=11100100010111111101111111111110, flags=SA_RESTART|SA_SIGINFO


---------------  S Y S T E M  ---------------

OS:
DISTRIB_ID=Ubuntu
DISTRIB_RELEASE=22.04
DISTRIB_CODENAME=jammy
DISTRIB_DESCRIPTION="Ubuntu 22.04.2 LTS"
uname: Linux 5.19.0-35-generic #36~22.04.1-Ubuntu SMP PREEMPT_DYNAMIC Fri Feb 17 15:17:25 UTC 2 x86_64
OS uptime: 0 days 1:32 hours
libc: glibc 2.35 NPTL 2.35 
rlimit (soft/hard): STACK 8192k/infinity , CORE 0k/infinity , NPROC 15243/15243 , NOFILE 1048576/1048576 , AS infinity/infinity , CPU infinity/infinity , DATA infinity/infinity , FSIZE infinity/infinity , MEMLOCK 497764k/497764k
load average: 0,77 0,92 0,98

/proc/meminfo:
MemTotal:        3982132 kB
MemFree:          144116 kB
MemAvailable:     547792 kB
Buffers:           17892 kB
Cached:           655896 kB
SwapCached:        50332 kB
Active:          1108104 kB
Inactive:        1198656 kB
Active(anon):     705584 kB
Inactive(anon):  1026548 kB
Active(file):     402520 kB
Inactive(file):   172108 kB
Unevictable:          80 kB
Mlocked:              80 kB
SwapTotal:       2097148 kB
SwapFree:         805384 kB
Zswap:                 0 kB
Zswapped:              0 kB
Dirty:               604 kB
Writeback:             0 kB
AnonPages:       1585408 kB
Mapped:           321420 kB
Shmem:             99072 kB
KReclaimable:      66996 kB
Slab:             634892 kB
SReclaimable:      66996 kB
SUnreclaim:       567896 kB
KernelStack:       19968 kB
PageTables:        39868 kB
NFS_Unstable:          0 kB
Bounce:                0 kB
WritebackTmp:          0 kB
CommitLimit:     4088212 kB
Committed_AS:    9531040 kB
VmallocTotal:   34359738367 kB
VmallocUsed:      575492 kB
VmallocChunk:          0 kB
Percpu:           128512 kB
HardwareCorrupted:     0 kB
AnonHugePages:         0 kB
ShmemHugePages:        0 kB
ShmemPmdMapped:        0 kB
FileHugePages:         0 kB
FilePmdMapped:         0 kB
HugePages_Total:       0
HugePages_Free:        0
HugePages_Rsvd:        0
HugePages_Surp:        0
Hugepagesize:       2048 kB
Hugetlb:               0 kB
DirectMap4k:      327488 kB
DirectMap2M:     3866624 kB
DirectMap1G:     2097152 kB

/sys/kernel/mm/transparent_hugepage/enabled: always [madvise] never
/sys/kernel/mm/transparent_hugepage/defrag (defrag/compaction efforts parameter): always defer defer+madvise [madvise] never

Process Memory:
Virtual Size: 3827516K (peak: 3880820K)
Resident Set Size: 71408K (peak: 71408K) (anon: 45612K, file: 25796K, shmem: 0K)
Swapped out: 0K
C-Heap outstanding allocations: 41953K, retained: 3270K
glibc malloc tunables: (default)

/proc/sys/kernel/threads-max (system-wide limit on the number of threads): 30487
/proc/sys/vm/max_map_count (maximum number of memory map areas a process may have): 65530
/proc/sys/kernel/pid_max (system-wide limit on number of process identifiers): 4194304

container (cgroup) information:
container_type: cgroupv2
cpu_cpuset_cpus: not supported
cpu_memory_nodes: not supported
active_processor_count: 6
cpu_quota: not supported
cpu_period: not supported
cpu_shares: not supported
memory_limit_in_bytes: unlimited
memory_and_swap_limit_in_bytes: unlimited
memory_soft_limit_in_bytes: unlimited
memory_usage_in_bytes: 1005404 k
memory_max_usage_in_bytes: not supported
maximum number of tasks: 4573
current number of tasks: 129

VMWare virtualization detected
Steal ticks since vm start: 0
Steal ticks percentage since vm start:  0,000

CPU: total 6 (initial active 6) (3 cores per cpu, 1 threads per core) family 6 model 140 stepping 1 microcode 0x86, cx8, cmov, fxsr, mmx, 3dnowpref, sse, sse2, sse3, ssse3, sse4.1, sse4.2, popcnt, lzcnt, tsc, tscinvbit, avx, avx2, aes, erms, clmul, bmi1, bmi2, adx, avx512f, avx512dq, avx512cd, avx512bw, avx512vl, sha, fma, vzeroupper, avx512_vpopcntdq, avx512_vpclmulqdq, avx512_vaes, avx512_vnni, clflush, clflushopt, clwb, avx512_vbmi2, avx512_vbmi, hv
CPU Model and flags from /proc/cpuinfo:
model name	: 11th Gen Intel(R) Core(TM) i7-11370H @ 3.30GHz
flags		: fpu vme de pse tsc msr pae mce cx8 apic sep mtrr pge mca cmov pat pse36 clflush mmx fxsr sse sse2 ss ht syscall nx pdpe1gb rdtscp lm constant_tsc arch_perfmon rep_good nopl xtopology tsc_reliable nonstop_tsc cpuid tsc_known_freq pni pclmulqdq ssse3 fma cx16 pcid sse4_1 sse4_2 x2apic movbe popcnt tsc_deadline_timer aes xsave avx f16c rdrand hypervisor lahf_lm abm 3dnowprefetch invpcid_single ssbd ibrs ibpb stibp ibrs_enhanced fsgsbase tsc_adjust bmi1 avx2 smep bmi2 erms invpcid avx512f avx512dq rdseed adx smap avx512ifma clflushopt clwb avx512cd sha_ni avx512bw avx512vl xsaveopt xsavec xgetbv1 xsaves arat avx512vbmi umip pku ospke avx512_vbmi2 gfni vaes vpclmulqdq avx512_vnni avx512_bitalg avx512_vpopcntdq rdpid movdiri movdir64b fsrm avx512_vp2intersect md_clear flush_l1d arch_capabilities

Online cpus: 0-5
Offline cpus: 6-127
BIOS frequency limitation: <Not Available>
Frequency switch latency (ns): <Not Available>
Available cpu frequencies: <Not Available>
Current governor: <Not Available>
Core performance/turbo boost: <Not Available>

Memory: 4k page, physical 3982132k(144116k free), swap 2097148k(805384k free)
Page Sizes: 4k

vm_info: OpenJDK 64-Bit Server VM (17.0.5+8) for linux-amd64 JRE (17.0.5+8), built on Oct 18 2022 00:00:00 by "temurin" with gcc 10.3.0

END.
