#
# A fatal error has been detected by the Java Runtime Environment:
#
#  SIGSEGV (0xb) at pc=0x00007f41bd7b2163, pid=11120, tid=11126
#
# JRE version: OpenJDK Runtime Environment Temurin-17.0.5+8 (17.0.5+8) (build 17.0.5+8)
# Java VM: OpenJDK 64-Bit Server VM Temurin-17.0.5+8 (17.0.5+8, mixed mode, tiered, compressed oops, compressed class ptrs, g1 gc, linux-amd64)
# Problematic frame:
# C  [libc.so.6+0x1b2163]
#
# Core dump will be written. Default location: Core dumps may be processed with "/usr/share/apport/apport -p%p -s%s -c%c -d%d -P%P -u%u -g%g -- %E" (or dumping to /home/pfr/pfr_code/PFR_Java/core.11120)
#
# If you would like to submit a bug report, please visit:
#   https://github.com/adoptium/adoptium-support/issues
# The crash happened outside the Java Virtual Machine in native code.
# See problematic frame for where to report the bug.
#

---------------  S U M M A R Y ------------

Command Line: -Dfile.encoding=UTF-8 -XX:+ShowCodeDetailsInExceptionMessages test.TestJNA

Host: 11th Gen Intel(R) Core(TM) i7-11370H @ 3.30GHz, 6 cores, 3G, Ubuntu 22.04.2 LTS
Time: Mon Mar 27 01:07:46 2023 CEST elapsed time: 0.916573 seconds (0d 0h 0m 0s)

---------------  T H R E A D  ---------------

Current thread (0x00007f41b8025d60):  JavaThread "main" [_thread_in_native, id=11126, stack(0x00007f41bc0da000,0x00007f41bc1da000)]

Stack: [0x00007f41bc0da000,0x00007f41bc1da000],  sp=0x00007f41bc1d77a8,  free space=1013k
Native frames: (J=compiled Java code, j=interpreted, Vv=VM code, C=native code)
C  [libc.so.6+0x1b2163]
C  [jna7771659899287487096.tmp+0x16052]

Java frames: (J=compiled Java code, j=interpreted, Vv=VM code)
j  com.sun.jna.Native.invokeVoid(Lcom/sun/jna/Function;JI[Ljava/lang/Object;)V+0
j  com.sun.jna.Function.invoke([Ljava/lang/Object;Ljava/lang/Class;ZI)Ljava/lang/Object;+42
j  com.sun.jna.Function.invoke(Ljava/lang/reflect/Method;[Ljava/lang/Class;Ljava/lang/Class;[Ljava/lang/Object;Ljava/util/Map;)Ljava/lang/Object;+271
j  com.sun.jna.Library$Handler.invoke(Ljava/lang/Object;Ljava/lang/reflect/Method;[Ljava/lang/Object;)Ljava/lang/Object;+390
j  jdk.proxy1.$Proxy0.recherchecouleur(IFLcom/sun/jna/Pointer;)V+30 jdk.proxy1
j  test.TestJNA.main([Ljava/lang/String;)V+19
v  ~StubRoutines::call_stub

siginfo: si_signo: 11 (SIGSEGV), si_code: 1 (SEGV_MAPERR), si_addr: 0x0000000000000000

Register to memory mapping:

RAX=0x0 is NULL
RBX=0x00007f41bc1d7d30 is pointing into the stack for thread: 0x00007f41b8025d60
RCX=0x0000000000007f41 is an unknown value
RDX=0x0000000000000002 is an unknown value
RSP=0x00007f41bc1d77a8 is pointing into the stack for thread: 0x00007f41b8025d60
RBP=0x00007f41bc1d7db0 is pointing into the stack for thread: 0x00007f41b8025d60
RSI=0x00007f41bc1d7d14 is pointing into the stack for thread: 0x00007f41b8025d60
RDI=0x0 is NULL
R8 =0x00007f41b813f4e0 points into unknown readable memory: 0x00007f46fbad2488 | 88 24 ad fb 46 7f 00 00
R9 =0x0 is NULL
R10=0x00007f41bd60adb8: <offset 0x000000000000adb8> in /lib/x86_64-linux-gnu/libc.so.6 at 0x00007f41bd600000
R11=0x00007f41bd7b1dd0: <offset 0x00000000001b1dd0> in /lib/x86_64-linux-gnu/libc.so.6 at 0x00007f41bd600000
R12=0x0000000000000032 is an unknown value
R13=0x0 is NULL
R14=0x0000000000000032 is an unknown value
R15=0x0 is NULL


Registers:
RAX=0x0000000000000000, RBX=0x00007f41bc1d7d30, RCX=0x0000000000007f41, RDX=0x0000000000000002
RSP=0x00007f41bc1d77a8, RBP=0x00007f41bc1d7db0, RSI=0x00007f41bc1d7d14, RDI=0x0000000000000000
R8 =0x00007f41b813f4e0, R9 =0x0000000000000000, R10=0x00007f41bd60adb8, R11=0x00007f41bd7b1dd0
R12=0x0000000000000032, R13=0x0000000000000000, R14=0x0000000000000032, R15=0x0000000000000000
RIP=0x00007f41bd7b2163, EFLAGS=0x0000000000010202, CSGSFS=0x002b000000000033, ERR=0x0000000000000006
  TRAPNO=0x000000000000000e

Top of Stack: (sp=0x00007f41bc1d77a8)
0x00007f41bc1d77a8:   00007f41a002bdff ffc0000000000bb9
0x00007f41bc1d77b8:   00007478742e3130 0000000000000000
0x00007f41bc1d77c8:   00009c4000000000 00000000ffc00000
0x00007f41bc1d77d8:   0000000000000000 0000000000000000 

Instructions: (pc=0x00007f41bd7b2163)
0x00007f41bd7b2063:   fe 28 7f 1f 62 b3 7d 20 3f c2 00 c5 fb 93 d0 85
0x00007f41bd7b2073:   d2 75 6a 48 83 e6 e0 83 e1 1f e9 ae fd ff ff 66
0x00007f41bd7b2083:   66 2e 0f 1f 84 00 00 00 00 00 0f 1f 00 48 01 cf
0x00007f41bd7b2093:   48 01 ce 0f bc d2 83 fa 20 0f 83 3e 01 00 00 83
0x00007f41bd7b20a3:   fa 10 0f 83 05 01 00 00 83 fa 08 0f 83 dc 00 00
0x00007f41bd7b20b3:   00 83 fa 04 0f 83 c3 00 00 00 83 fa 03 0f 84 aa
0x00007f41bd7b20c3:   00 00 00 83 fa 01 0f 87 91 00 00 00 74 7f c6 07
0x00007f41bd7b20d3:   00 c3 66 66 2e 0f 1f 84 00 00 00 00 00 48 83 c6
0x00007f41bd7b20e3:   20 48 83 c7 20 eb ac 66 0f 1f 44 00 00 0f bc d2
0x00007f41bd7b20f3:   48 01 ce 83 c2 20 29 ca eb 9c 0f 1f 00 0f bc d2
0x00007f41bd7b2103:   eb 94 66 66 2e 0f 1f 84 00 00 00 00 00 0f bc d1
0x00007f41bd7b2113:   62 e1 fe 28 7f 27 48 83 c6 20 48 83 c7 20 e9 73
0x00007f41bd7b2123:   ff ff ff 66 2e 0f 1f 84 00 00 00 00 00 0f bc d2
0x00007f41bd7b2133:   62 e1 fe 28 7f 27 62 e1 fe 28 7f 6f 01 48 83 c6
0x00007f41bd7b2143:   40 48 83 c7 40 e9 4c ff ff ff 0f 1f 00 0f b7 16
0x00007f41bd7b2153:   66 89 17 c3 66 0f 1f 84 00 00 00 00 00 0f b7 0e
0x00007f41bd7b2163:   66 89 0f c6 47 02 00 c3 0f 1f 44 00 00 8b 16 89
0x00007f41bd7b2173:   17 c3 66 66 2e 0f 1f 84 00 00 00 00 00 8b 0e 89
0x00007f41bd7b2183:   0f 8b 4c 16 fd 89 4c 17 fd c3 0f 1f 00 48 8b 0e
0x00007f41bd7b2193:   4c 8b 4c 16 f9 48 89 0f 4c 89 4c 17 f9 c3 66 66
0x00007f41bd7b21a3:   2e 0f 1f 84 00 00 00 00 00 0f 1f 40 00 62 e1 fe
0x00007f41bd7b21b3:   08 6f 16 62 e1 fe 08 6f 9c 16 f1 ff ff ff 62 e1
0x00007f41bd7b21c3:   fe 08 7f 17 62 e1 fe 08 7f 9c 17 f1 ff ff ff c3
0x00007f41bd7b21d3:   66 66 2e 0f 1f 84 00 00 00 00 00 66 90 62 e1 fe
0x00007f41bd7b21e3:   28 6f 16 62 e1 fe 28 6f 9c 16 e1 ff ff ff 62 e1
0x00007f41bd7b21f3:   fe 28 7f 17 62 e1 fe 28 7f 9c 17 e1 ff ff ff c3
0x00007f41bd7b2203:   66 2e 0f 1f 84 00 00 00 00 00 66 2e 0f 1f 84 00
0x00007f41bd7b2213:   00 00 00 00 66 0f 1f 84 00 00 00 00 00 f3 0f 1e
0x00007f41bd7b2223:   fa 89 f8 62 a1 fd 00 ef c0 25 ff 0f 00 00 3d e0
0x00007f41bd7b2233:   0f 00 00 0f 87 34 01 00 00 62 f3 7d 20 3f 07 00
0x00007f41bd7b2243:   c5 fb 93 c0 85 c0 74 55 f3 0f bc c0 c3 f3 0f bc
0x00007f41bd7b2253:   c0 29 d7 8d 44 07 20 c3 0f 1f 44 00 00 f3 0f bc 


Stack slot to memory mapping:
stack at sp + 0 slots: 0x00007f41a002bdff: recherchecouleur+0x00000000000002f4 in /home/pfr/pfr_code/image/src/libImage.so at 0x00007f41a0026000
stack at sp + 1 slots: 0xffc0000000000bb9 is an unknown value
stack at sp + 2 slots: 0x00007478742e3130 is an unknown value
stack at sp + 3 slots: 0x0 is NULL
stack at sp + 4 slots: 0x00009c4000000000 is an unknown value
stack at sp + 5 slots: 0x00000000ffc00000 is an unallocated location in the heap
stack at sp + 6 slots: 0x0 is NULL
stack at sp + 7 slots: 0x0 is NULL


---------------  P R O C E S S  ---------------

Threads class SMR info:
_java_thread_list=0x00007f41b831d5f0, length=13, elements={
0x00007f41b8025d60, 0x00007f41b81421c0, 0x00007f41b8143810, 0x00007f41b816c750,
0x00007f41b816d5b0, 0x00007f41b816e9c0, 0x00007f41b8170040, 0x00007f41b8171520,
0x00007f41b81729b0, 0x00007f41b8209da0, 0x00007f41b8211480, 0x00007f41b8328a80,
0x00007f41b831bc10
}

Java Threads: ( => current thread )
=>0x00007f41b8025d60 JavaThread "main" [_thread_in_native, id=11126, stack(0x00007f41bc0da000,0x00007f41bc1da000)]
  0x00007f41b81421c0 JavaThread "Reference Handler" daemon [_thread_blocked, id=11133, stack(0x00007f418b700000,0x00007f418b800000)]
  0x00007f41b8143810 JavaThread "Finalizer" daemon [_thread_blocked, id=11134, stack(0x00007f418b600000,0x00007f418b700000)]
  0x00007f41b816c750 JavaThread "Signal Dispatcher" daemon [_thread_blocked, id=11135, stack(0x00007f418b500000,0x00007f418b600000)]
  0x00007f41b816d5b0 JavaThread "Service Thread" daemon [_thread_blocked, id=11136, stack(0x00007f418a300000,0x00007f418a400000)]
  0x00007f41b816e9c0 JavaThread "Monitor Deflation Thread" daemon [_thread_blocked, id=11137, stack(0x00007f418a200000,0x00007f418a300000)]
  0x00007f41b8170040 JavaThread "C2 CompilerThread0" daemon [_thread_blocked, id=11138, stack(0x00007f418a100000,0x00007f418a200000)]
  0x00007f41b8171520 JavaThread "C1 CompilerThread0" daemon [_thread_blocked, id=11139, stack(0x00007f418a000000,0x00007f418a100000)]
  0x00007f41b81729b0 JavaThread "Sweeper thread" daemon [_thread_blocked, id=11140, stack(0x00007f4189f00000,0x00007f418a000000)]
  0x00007f41b8209da0 JavaThread "Notification Thread" daemon [_thread_blocked, id=11141, stack(0x00007f4189e00000,0x00007f4189f00000)]
  0x00007f41b8211480 JavaThread "Common-Cleaner" daemon [_thread_blocked, id=11143, stack(0x00007f4189bfe000,0x00007f4189cfe000)]
  0x00007f41b8328a80 JavaThread "process reaper" daemon [_thread_blocked, id=11145, stack(0x00007f41a0030000,0x00007f41a0052000)]
  0x00007f41b831bc10 JavaThread "JNA Cleaner" daemon [_thread_blocked, id=11146, stack(0x00007f4189afe000,0x00007f4189bfe000)]

Other Threads:
  0x00007f41b80f27e0 VMThread "VM Thread" [stack: 0x00007f41a00b4000,0x00007f41a01b4000] [id=11132]
  0x00007f41b818d6f0 WatcherThread [stack: 0x00007f4189d00000,0x00007f4189e00000] [id=11142]
  0x00007f41b8062850 GCTaskThread "GC Thread#0" [stack: 0x00007f41a2ca0000,0x00007f41a2da0000] [id=11127]
  0x00007f41b806b800 ConcurrentGCThread "G1 Main Marker" [stack: 0x00007f41a2b9e000,0x00007f41a2c9e000] [id=11128]
  0x00007f41b806c760 ConcurrentGCThread "G1 Conc#0" [stack: 0x00007f41a2a9c000,0x00007f41a2b9c000] [id=11129]
  0x00007f41b80b04e0 ConcurrentGCThread "G1 Refine#0" [stack: 0x00007f41a0394000,0x00007f41a0494000] [id=11130]
  0x00007f41b80b13d0 ConcurrentGCThread "G1 Service" [stack: 0x00007f41a0292000,0x00007f41a0392000] [id=11131]

Threads with active compile tasks:

VM state: not at safepoint (normal execution)

VM Mutex/Monitor currently owned by a thread: None

Heap address: 0x00000000c3200000, size: 974 MB, Compressed Oops mode: 32-bit

CDS archive(s) not mapped
Compressed class space mapped at: 0x0000000100000000-0x0000000140000000, reserved size: 1073741824
Narrow klass base: 0x0000000000000000, Narrow klass shift: 3, Narrow klass range: 0x140000000

GC Precious Log:
 CPUs: 6 total, 6 available
 Memory: 3888M
 Large Page Support: Disabled
 NUMA Support: Disabled
 Compressed Oops: Enabled (32-bit)
 Heap Region Size: 1M
 Heap Min Capacity: 8M
 Heap Initial Capacity: 62M
 Heap Max Capacity: 974M
 Pre-touch: Disabled
 Parallel Workers: 6
 Concurrent Workers: 2
 Concurrent Refinement Workers: 6
 Periodic GC: Disabled

Heap:
 garbage-first heap   total 63488K, used 4096K [0x00000000c3200000, 0x0000000100000000)
  region size 1024K, 5 young (5120K), 0 survivors (0K)
 Metaspace       used 8821K, committed 8960K, reserved 1064960K
  class space    used 797K, committed 832K, reserved 1048576K

Heap Regions: E=young(eden), S=young(survivor), O=old, HS=humongous(starts), HC=humongous(continues), CS=collection set, F=free, OA=open archive, CA=closed archive, TAMS=top-at-mark-start (previous, next)
|   0|0x00000000c3200000, 0x00000000c3200000, 0x00000000c3300000|  0%| F|  |TAMS 0x00000000c3200000, 0x00000000c3200000| Untracked 
|   1|0x00000000c3300000, 0x00000000c3300000, 0x00000000c3400000|  0%| F|  |TAMS 0x00000000c3300000, 0x00000000c3300000| Untracked 
|   2|0x00000000c3400000, 0x00000000c3400000, 0x00000000c3500000|  0%| F|  |TAMS 0x00000000c3400000, 0x00000000c3400000| Untracked 
|   3|0x00000000c3500000, 0x00000000c3500000, 0x00000000c3600000|  0%| F|  |TAMS 0x00000000c3500000, 0x00000000c3500000| Untracked 
|   4|0x00000000c3600000, 0x00000000c3600000, 0x00000000c3700000|  0%| F|  |TAMS 0x00000000c3600000, 0x00000000c3600000| Untracked 
|   5|0x00000000c3700000, 0x00000000c3700000, 0x00000000c3800000|  0%| F|  |TAMS 0x00000000c3700000, 0x00000000c3700000| Untracked 
|   6|0x00000000c3800000, 0x00000000c3800000, 0x00000000c3900000|  0%| F|  |TAMS 0x00000000c3800000, 0x00000000c3800000| Untracked 
|   7|0x00000000c3900000, 0x00000000c3900000, 0x00000000c3a00000|  0%| F|  |TAMS 0x00000000c3900000, 0x00000000c3900000| Untracked 
|   8|0x00000000c3a00000, 0x00000000c3a00000, 0x00000000c3b00000|  0%| F|  |TAMS 0x00000000c3a00000, 0x00000000c3a00000| Untracked 
|   9|0x00000000c3b00000, 0x00000000c3b00000, 0x00000000c3c00000|  0%| F|  |TAMS 0x00000000c3b00000, 0x00000000c3b00000| Untracked 
|  10|0x00000000c3c00000, 0x00000000c3c00000, 0x00000000c3d00000|  0%| F|  |TAMS 0x00000000c3c00000, 0x00000000c3c00000| Untracked 
|  11|0x00000000c3d00000, 0x00000000c3d00000, 0x00000000c3e00000|  0%| F|  |TAMS 0x00000000c3d00000, 0x00000000c3d00000| Untracked 
|  12|0x00000000c3e00000, 0x00000000c3e00000, 0x00000000c3f00000|  0%| F|  |TAMS 0x00000000c3e00000, 0x00000000c3e00000| Untracked 
|  13|0x00000000c3f00000, 0x00000000c3f00000, 0x00000000c4000000|  0%| F|  |TAMS 0x00000000c3f00000, 0x00000000c3f00000| Untracked 
|  14|0x00000000c4000000, 0x00000000c4000000, 0x00000000c4100000|  0%| F|  |TAMS 0x00000000c4000000, 0x00000000c4000000| Untracked 
|  15|0x00000000c4100000, 0x00000000c4100000, 0x00000000c4200000|  0%| F|  |TAMS 0x00000000c4100000, 0x00000000c4100000| Untracked 
|  16|0x00000000c4200000, 0x00000000c4200000, 0x00000000c4300000|  0%| F|  |TAMS 0x00000000c4200000, 0x00000000c4200000| Untracked 
|  17|0x00000000c4300000, 0x00000000c4300000, 0x00000000c4400000|  0%| F|  |TAMS 0x00000000c4300000, 0x00000000c4300000| Untracked 
|  18|0x00000000c4400000, 0x00000000c4400000, 0x00000000c4500000|  0%| F|  |TAMS 0x00000000c4400000, 0x00000000c4400000| Untracked 
|  19|0x00000000c4500000, 0x00000000c4500000, 0x00000000c4600000|  0%| F|  |TAMS 0x00000000c4500000, 0x00000000c4500000| Untracked 
|  20|0x00000000c4600000, 0x00000000c4600000, 0x00000000c4700000|  0%| F|  |TAMS 0x00000000c4600000, 0x00000000c4600000| Untracked 
|  21|0x00000000c4700000, 0x00000000c4700000, 0x00000000c4800000|  0%| F|  |TAMS 0x00000000c4700000, 0x00000000c4700000| Untracked 
|  22|0x00000000c4800000, 0x00000000c4800000, 0x00000000c4900000|  0%| F|  |TAMS 0x00000000c4800000, 0x00000000c4800000| Untracked 
|  23|0x00000000c4900000, 0x00000000c4900000, 0x00000000c4a00000|  0%| F|  |TAMS 0x00000000c4900000, 0x00000000c4900000| Untracked 
|  24|0x00000000c4a00000, 0x00000000c4a00000, 0x00000000c4b00000|  0%| F|  |TAMS 0x00000000c4a00000, 0x00000000c4a00000| Untracked 
|  25|0x00000000c4b00000, 0x00000000c4b00000, 0x00000000c4c00000|  0%| F|  |TAMS 0x00000000c4b00000, 0x00000000c4b00000| Untracked 
|  26|0x00000000c4c00000, 0x00000000c4c00000, 0x00000000c4d00000|  0%| F|  |TAMS 0x00000000c4c00000, 0x00000000c4c00000| Untracked 
|  27|0x00000000c4d00000, 0x00000000c4d00000, 0x00000000c4e00000|  0%| F|  |TAMS 0x00000000c4d00000, 0x00000000c4d00000| Untracked 
|  28|0x00000000c4e00000, 0x00000000c4e00000, 0x00000000c4f00000|  0%| F|  |TAMS 0x00000000c4e00000, 0x00000000c4e00000| Untracked 
|  29|0x00000000c4f00000, 0x00000000c4f00000, 0x00000000c5000000|  0%| F|  |TAMS 0x00000000c4f00000, 0x00000000c4f00000| Untracked 
|  30|0x00000000c5000000, 0x00000000c5000000, 0x00000000c5100000|  0%| F|  |TAMS 0x00000000c5000000, 0x00000000c5000000| Untracked 
|  31|0x00000000c5100000, 0x00000000c5100000, 0x00000000c5200000|  0%| F|  |TAMS 0x00000000c5100000, 0x00000000c5100000| Untracked 
|  32|0x00000000c5200000, 0x00000000c5200000, 0x00000000c5300000|  0%| F|  |TAMS 0x00000000c5200000, 0x00000000c5200000| Untracked 
|  33|0x00000000c5300000, 0x00000000c5300000, 0x00000000c5400000|  0%| F|  |TAMS 0x00000000c5300000, 0x00000000c5300000| Untracked 
|  34|0x00000000c5400000, 0x00000000c5400000, 0x00000000c5500000|  0%| F|  |TAMS 0x00000000c5400000, 0x00000000c5400000| Untracked 
|  35|0x00000000c5500000, 0x00000000c5500000, 0x00000000c5600000|  0%| F|  |TAMS 0x00000000c5500000, 0x00000000c5500000| Untracked 
|  36|0x00000000c5600000, 0x00000000c5600000, 0x00000000c5700000|  0%| F|  |TAMS 0x00000000c5600000, 0x00000000c5600000| Untracked 
|  37|0x00000000c5700000, 0x00000000c5700000, 0x00000000c5800000|  0%| F|  |TAMS 0x00000000c5700000, 0x00000000c5700000| Untracked 
|  38|0x00000000c5800000, 0x00000000c5800000, 0x00000000c5900000|  0%| F|  |TAMS 0x00000000c5800000, 0x00000000c5800000| Untracked 
|  39|0x00000000c5900000, 0x00000000c5900000, 0x00000000c5a00000|  0%| F|  |TAMS 0x00000000c5900000, 0x00000000c5900000| Untracked 
|  40|0x00000000c5a00000, 0x00000000c5a00000, 0x00000000c5b00000|  0%| F|  |TAMS 0x00000000c5a00000, 0x00000000c5a00000| Untracked 
|  41|0x00000000c5b00000, 0x00000000c5b00000, 0x00000000c5c00000|  0%| F|  |TAMS 0x00000000c5b00000, 0x00000000c5b00000| Untracked 
|  42|0x00000000c5c00000, 0x00000000c5c00000, 0x00000000c5d00000|  0%| F|  |TAMS 0x00000000c5c00000, 0x00000000c5c00000| Untracked 
|  43|0x00000000c5d00000, 0x00000000c5d00000, 0x00000000c5e00000|  0%| F|  |TAMS 0x00000000c5d00000, 0x00000000c5d00000| Untracked 
|  44|0x00000000c5e00000, 0x00000000c5e00000, 0x00000000c5f00000|  0%| F|  |TAMS 0x00000000c5e00000, 0x00000000c5e00000| Untracked 
|  45|0x00000000c5f00000, 0x00000000c5f00000, 0x00000000c6000000|  0%| F|  |TAMS 0x00000000c5f00000, 0x00000000c5f00000| Untracked 
|  46|0x00000000c6000000, 0x00000000c6000000, 0x00000000c6100000|  0%| F|  |TAMS 0x00000000c6000000, 0x00000000c6000000| Untracked 
|  47|0x00000000c6100000, 0x00000000c6100000, 0x00000000c6200000|  0%| F|  |TAMS 0x00000000c6100000, 0x00000000c6100000| Untracked 
|  48|0x00000000c6200000, 0x00000000c6200000, 0x00000000c6300000|  0%| F|  |TAMS 0x00000000c6200000, 0x00000000c6200000| Untracked 
|  49|0x00000000c6300000, 0x00000000c6300000, 0x00000000c6400000|  0%| F|  |TAMS 0x00000000c6300000, 0x00000000c6300000| Untracked 
|  50|0x00000000c6400000, 0x00000000c6400000, 0x00000000c6500000|  0%| F|  |TAMS 0x00000000c6400000, 0x00000000c6400000| Untracked 
|  51|0x00000000c6500000, 0x00000000c6500000, 0x00000000c6600000|  0%| F|  |TAMS 0x00000000c6500000, 0x00000000c6500000| Untracked 
|  52|0x00000000c6600000, 0x00000000c6600000, 0x00000000c6700000|  0%| F|  |TAMS 0x00000000c6600000, 0x00000000c6600000| Untracked 
|  53|0x00000000c6700000, 0x00000000c6700000, 0x00000000c6800000|  0%| F|  |TAMS 0x00000000c6700000, 0x00000000c6700000| Untracked 
|  54|0x00000000c6800000, 0x00000000c6800000, 0x00000000c6900000|  0%| F|  |TAMS 0x00000000c6800000, 0x00000000c6800000| Untracked 
|  55|0x00000000c6900000, 0x00000000c6900000, 0x00000000c6a00000|  0%| F|  |TAMS 0x00000000c6900000, 0x00000000c6900000| Untracked 
|  56|0x00000000c6a00000, 0x00000000c6a00000, 0x00000000c6b00000|  0%| F|  |TAMS 0x00000000c6a00000, 0x00000000c6a00000| Untracked 
|  57|0x00000000c6b00000, 0x00000000c6b6c080, 0x00000000c6c00000| 42%| E|  |TAMS 0x00000000c6b00000, 0x00000000c6b00000| Complete 
|  58|0x00000000c6c00000, 0x00000000c6d00000, 0x00000000c6d00000|100%| E|CS|TAMS 0x00000000c6c00000, 0x00000000c6c00000| Complete 
|  59|0x00000000c6d00000, 0x00000000c6e00000, 0x00000000c6e00000|100%| E|CS|TAMS 0x00000000c6d00000, 0x00000000c6d00000| Complete 
|  60|0x00000000c6e00000, 0x00000000c6f00000, 0x00000000c6f00000|100%| E|CS|TAMS 0x00000000c6e00000, 0x00000000c6e00000| Complete 
|  61|0x00000000c6f00000, 0x00000000c7000000, 0x00000000c7000000|100%| E|CS|TAMS 0x00000000c6f00000, 0x00000000c6f00000| Complete 

Card table byte_map: [0x00007f41a4df7000,0x00007f41a4fde000] _byte_map_base: 0x00007f41a47de000

Marking Bits (Prev, Next): (CMBitMap*) 0x00007f41b80632d0, (CMBitMap*) 0x00007f41b8063310
 Prev Bits: [0x00007f41a3cd8000, 0x00007f41a4c10000)
 Next Bits: [0x00007f41a2da0000, 0x00007f41a3cd8000)

Polling page: 0x00007f41bd886000

Metaspace:

Usage:
  Non-class:      7,84 MB used.
      Class:    797,90 KB used.
       Both:      8,61 MB used.

Virtual space:
  Non-class space:       16,00 MB reserved,       7,94 MB ( 50%) committed,  2 nodes.
      Class space:        1,00 GB reserved,     832,00 KB ( <1%) committed,  1 nodes.
             Both:        1,02 GB reserved,       8,75 MB ( <1%) committed. 

Chunk freelists:
   Non-Class:  3,97 MB
       Class:  3,20 MB
        Both:  7,16 MB

MaxMetaspaceSize: unlimited
CompressedClassSpaceSize: 1,00 GB
Initial GC threshold: 21,00 MB
Current GC threshold: 21,00 MB
CDS: off
MetaspaceReclaimPolicy: balanced
 - commit_granule_bytes: 65536.
 - commit_granule_words: 8192.
 - virtual_space_node_default_size: 1048576.
 - enlarge_chunks_in_place: 1.
 - new_chunks_are_fully_committed: 0.
 - uncommit_free_chunks: 1.
 - use_allocation_guard: 0.
 - handle_deallocations: 1.


Internal statistics:

num_allocs_failed_limit: 0.
num_arena_births: 24.
num_arena_deaths: 0.
num_vsnodes_births: 3.
num_vsnodes_deaths: 0.
num_space_committed: 140.
num_space_uncommitted: 0.
num_chunks_returned_to_freelist: 0.
num_chunks_taken_from_freelist: 61.
num_chunk_merges: 0.
num_chunk_splits: 32.
num_chunks_enlarged: 22.
num_purges: 0.
num_inconsistent_stats: 0.

CodeHeap 'non-profiled nmethods': size=120032Kb used=102Kb max_used=102Kb free=119929Kb
 bounds [0x00007f41ad469000, 0x00007f41ad6d9000, 0x00007f41b49a1000]
CodeHeap 'profiled nmethods': size=120028Kb used=440Kb max_used=440Kb free=119587Kb
 bounds [0x00007f41a5f32000, 0x00007f41a61a2000, 0x00007f41ad469000]
CodeHeap 'non-nmethods': size=5700Kb used=1137Kb max_used=1151Kb free=4562Kb
 bounds [0x00007f41a59a1000, 0x00007f41a5c11000, 0x00007f41a5f32000]
 total_blobs=755 nmethods=339 adapters=330
 compilation: enabled
              stopped_count=0, restarted_count=0
 full_count=0

Compilation events (20 events):
Event: 0,517 Thread 0x00007f41b8171520 nmethod 331 0x00007f41a5f9c810 code [0x00007f41a5f9ca00, 0x00007f41a5f9cde0]
Event: 0,517 Thread 0x00007f41b8171520  328       1       jdk.internal.org.objectweb.asm.SymbolTable::getMajorVersion (5 bytes)
Event: 0,517 Thread 0x00007f41b8171520 nmethod 328 0x00007f41ad481e10 code [0x00007f41ad481fa0, 0x00007f41ad482070]
Event: 0,517 Thread 0x00007f41b8171520  333       3       jdk.internal.org.objectweb.asm.Frame::pop (44 bytes)
Event: 0,517 Thread 0x00007f41b8171520 nmethod 333 0x00007f41a5f9cf90 code [0x00007f41a5f9d140, 0x00007f41a5f9d2d0]
Event: 0,517 Thread 0x00007f41b8171520  327       3       jdk.internal.org.objectweb.asm.Frame::merge (317 bytes)
Event: 0,518 Thread 0x00007f41b8171520 nmethod 327 0x00007f41a5f9d390 code [0x00007f41a5f9d5c0, 0x00007f41a5f9df40]
Event: 0,518 Thread 0x00007f41b8171520  332       3       jdk.internal.org.objectweb.asm.Label::getCanonicalInstance (19 bytes)
Event: 0,518 Thread 0x00007f41b8171520 nmethod 332 0x00007f41a5f9e110 code [0x00007f41a5f9e2a0, 0x00007f41a5f9e410]
Event: 0,518 Thread 0x00007f41b8171520  324       3       jdk.internal.org.objectweb.asm.ByteVector::put122 (93 bytes)
Event: 0,518 Thread 0x00007f41b8170040 nmethod 334% 0x00007f41ad482110 code [0x00007f41ad4822a0, 0x00007f41ad482478]
Event: 0,518 Thread 0x00007f41b8171520 nmethod 324 0x00007f41a5f9e510 code [0x00007f41a5f9e6c0, 0x00007f41a5f9e940]
Event: 0,518 Thread 0x00007f41b8171520  337       3       java.lang.PublicMethods$Key::matches (31 bytes)
Event: 0,518 Thread 0x00007f41b8171520 nmethod 337 0x00007f41a5f9eb10 code [0x00007f41a5f9ece0, 0x00007f41a5f9f030]
Event: 0,518 Thread 0x00007f41b8171520  336       1       java.lang.reflect.Method::getReturnType (5 bytes)
Event: 0,518 Thread 0x00007f41b8171520 nmethod 336 0x00007f41ad482590 code [0x00007f41ad482720, 0x00007f41ad4827f0]
Event: 0,521 Thread 0x00007f41b8171520  338       1       java.net.URL::getUserInfo (5 bytes)
Event: 0,521 Thread 0x00007f41b8171520 nmethod 338 0x00007f41ad482890 code [0x00007f41ad482a20, 0x00007f41ad482af0]
Event: 0,521 Thread 0x00007f41b8171520  339       3       sun.net.www.ParseUtil::firstEncodeIndex (86 bytes)
Event: 0,521 Thread 0x00007f41b8171520 nmethod 339 0x00007f41a5f9f210 code [0x00007f41a5f9f460, 0x00007f41a5f9fe20]

GC Heap History (0 events):
No events

Dll operation events (5 events):
Event: 0,015 Loaded shared library /snap/eclipse/66/plugins/org.eclipse.justj.openjdk.hotspot.jre.full.linux.x86_64_17.0.5.v20221102-0933/jre/lib/libjava.so
Event: 0,313 Loaded shared library /snap/eclipse/66/plugins/org.eclipse.justj.openjdk.hotspot.jre.full.linux.x86_64_17.0.5.v20221102-0933/jre/lib/libnio.so
Event: 0,327 Loaded shared library /snap/eclipse/66/plugins/org.eclipse.justj.openjdk.hotspot.jre.full.linux.x86_64_17.0.5.v20221102-0933/jre/lib/libzip.so
Event: 0,408 Loaded shared library /snap/eclipse/66/plugins/org.eclipse.justj.openjdk.hotspot.jre.full.linux.x86_64_17.0.5.v20221102-0933/jre/lib/libjimage.so
Event: 0,456 Loaded shared library /home/pfr/.cache/JNA/temp/jna7771659899287487096.tmp

Deoptimization events (0 events):
No events

Classes unloaded (0 events):
No events

Classes redefined (0 events):
No events

Internal exceptions (7 events):
Event: 0,478 Thread 0x00007f41b8025d60 Exception <a 'java/lang/NoSuchMethodError'{0x00000000c6ddaec8}: 'java.lang.Object java.lang.invoke.DirectMethodHandle$Holder.invokeStaticInit(java.lang.Object)'> (0x00000000c6ddaec8) 
thrown [src/hotspot/share/interpreter/linkResolver.cpp, line 758]
Event: 0,480 Thread 0x00007f41b8025d60 Exception <a 'java/lang/NoSuchMethodError'{0x00000000c6de4c18}: 'java.lang.Object java.lang.invoke.DirectMethodHandle$Holder.invokeStaticInit(java.lang.Object, java.lang.Object, long, java.lang.Object)'> (0x00000000c6de4c18) 
thrown [src/hotspot/share/interpreter/linkResolver.cpp, line 758]
Event: 0,481 Thread 0x00007f41b8025d60 Exception <a 'java/lang/NoSuchMethodError'{0x00000000c6deb520}: 'java.lang.Object java.lang.invoke.DirectMethodHandle$Holder.newInvokeSpecial(java.lang.Object, java.lang.Object, long)'> (0x00000000c6deb520) 
thrown [src/hotspot/share/interpreter/linkResolver.cpp, line 758]
Event: 0,481 Thread 0x00007f41b8025d60 Exception <a 'java/lang/NoSuchMethodError'{0x00000000c6defa68}: 'java.lang.Object java.lang.invoke.Invokers$Holder.linkToTargetMethod(java.lang.Object, long, java.lang.Object)'> (0x00000000c6defa68) 
thrown [src/hotspot/share/interpreter/linkResolver.cpp, line 758]
Event: 0,483 Thread 0x00007f41b8025d60 Exception <a 'java/lang/NoSuchMethodError'{0x00000000c6df7fc8}: 'java.lang.Object java.lang.invoke.DirectMethodHandle$Holder.newInvokeSpecial(java.lang.Object, java.lang.Object, java.lang.Object, int)'> (0x00000000c6df7fc8) 
thrown [src/hotspot/share/interpreter/linkResolver.cpp, line 758]
Event: 0,484 Thread 0x00007f41b8025d60 Exception <a 'java/lang/NoSuchMethodError'{0x00000000c6dfc3a8}: 'java.lang.Object java.lang.invoke.DirectMethodHandle$Holder.invokeSpecial(java.lang.Object, java.lang.Object, java.lang.Object, java.lang.Object, int)'> (0x00000000c6dfc3a8) 
thrown [src/hotspot/share/interpreter/linkResolver.cpp, line 758]
Event: 0,484 Thread 0x00007f41b8025d60 Exception <a 'java/lang/NoSuchMethodError'{0x00000000c6c001b0}: 'java.lang.Object java.lang.invoke.Invokers$Holder.linkToTargetMethod(java.lang.Object, java.lang.Object, int, java.lang.Object)'> (0x00000000c6c001b0) 
thrown [src/hotspot/share/interpreter/linkResolver.cpp, line 758]

VM Operations (4 events):
Event: 0,337 Executing VM operation: HandshakeAllThreads
Event: 0,337 Executing VM operation: HandshakeAllThreads done
Event: 0,470 Executing VM operation: HandshakeAllThreads
Event: 0,470 Executing VM operation: HandshakeAllThreads done

Events (20 events):
Event: 0,510 loading class java/lang/reflect/ProxyGenerator
Event: 0,511 loading class java/lang/reflect/ProxyGenerator done
Event: 0,511 loading class java/lang/reflect/ProxyGenerator$ProxyMethod
Event: 0,511 loading class java/lang/reflect/ProxyGenerator$ProxyMethod done
Event: 0,512 loading class java/lang/reflect/ProxyGenerator$PrimitiveTypeInfo
Event: 0,512 loading class java/lang/reflect/ProxyGenerator$PrimitiveTypeInfo done
Event: 0,512 loading class jdk/internal/org/objectweb/asm/Edge
Event: 0,512 loading class jdk/internal/org/objectweb/asm/Edge done
Event: 0,517 loading class java/lang/reflect/UndeclaredThrowableException
Event: 0,517 loading class java/lang/reflect/UndeclaredThrowableException done
Event: 0,518 loading class java/lang/reflect/Proxy$ProxyBuilder$1
Event: 0,518 loading class java/lang/reflect/Proxy$ProxyBuilder$1 done
Event: 0,519 loading class java/lang/AssertionError
Event: 0,519 loading class java/lang/AssertionError done
Event: 0,519 loading class java/lang/reflect/TypeVariable
Event: 0,519 loading class java/lang/reflect/TypeVariable done
Event: 0,519 loading class java/lang/reflect/AnnotatedType
Event: 0,519 loading class java/lang/reflect/AnnotatedType done
Event: 0,519 loading class java/lang/TypeNotPresentException
Event: 0,519 loading class java/lang/TypeNotPresentException done


Dynamic libraries:
c3200000-c7000000 rw-p 00000000 00:00 0 
c7000000-100000000 ---p 00000000 00:00 0 
100000000-100020000 rw-p 00000000 00:00 0 
100020000-100040000 rw-p 00000000 00:00 0 
100040000-1000c0000 rw-p 00000000 00:00 0 
1000c0000-1000d0000 rw-p 00000000 00:00 0 
1000d0000-140000000 ---p 00000000 00:00 0 
5613f8eeb000-5613f8eec000 r--p 00000000 07:09 932                        /snap/eclipse/66/plugins/org.eclipse.justj.openjdk.hotspot.jre.full.linux.x86_64_17.0.5.v20221102-0933/jre/bin/java
5613f8eec000-5613f8eed000 r-xp 00001000 07:09 932                        /snap/eclipse/66/plugins/org.eclipse.justj.openjdk.hotspot.jre.full.linux.x86_64_17.0.5.v20221102-0933/jre/bin/java
5613f8eed000-5613f8eee000 r--p 00002000 07:09 932                        /snap/eclipse/66/plugins/org.eclipse.justj.openjdk.hotspot.jre.full.linux.x86_64_17.0.5.v20221102-0933/jre/bin/java
5613f8eee000-5613f8eef000 r--p 00002000 07:09 932                        /snap/eclipse/66/plugins/org.eclipse.justj.openjdk.hotspot.jre.full.linux.x86_64_17.0.5.v20221102-0933/jre/bin/java
5613f8eef000-5613f8ef0000 rw-p 00003000 07:09 932                        /snap/eclipse/66/plugins/org.eclipse.justj.openjdk.hotspot.jre.full.linux.x86_64_17.0.5.v20221102-0933/jre/bin/java
5613f945d000-5613f94a5000 rw-p 00000000 00:00 0                          [heap]
7f414c000000-7f414c021000 rw-p 00000000 00:00 0 
7f414c021000-7f4150000000 ---p 00000000 00:00 0 
7f4154000000-7f4154021000 rw-p 00000000 00:00 0 
7f4154021000-7f4158000000 ---p 00000000 00:00 0 
7f4158000000-7f4158021000 rw-p 00000000 00:00 0 
7f4158021000-7f415c000000 ---p 00000000 00:00 0 
7f415c000000-7f415c021000 rw-p 00000000 00:00 0 
7f415c021000-7f4160000000 ---p 00000000 00:00 0 
7f4160000000-7f4160021000 rw-p 00000000 00:00 0 
7f4160021000-7f4164000000 ---p 00000000 00:00 0 
7f4164000000-7f4164209000 rw-p 00000000 00:00 0 
7f4164209000-7f4168000000 ---p 00000000 00:00 0 
7f4168000000-7f4168021000 rw-p 00000000 00:00 0 
7f4168021000-7f416c000000 ---p 00000000 00:00 0 
7f416c000000-7f416c021000 rw-p 00000000 00:00 0 
7f416c021000-7f4170000000 ---p 00000000 00:00 0 
7f4170000000-7f4170107000 rw-p 00000000 00:00 0 
7f4170107000-7f4174000000 ---p 00000000 00:00 0 
7f4174000000-7f4174021000 rw-p 00000000 00:00 0 
7f4174021000-7f4178000000 ---p 00000000 00:00 0 
7f4178000000-7f4178021000 rw-p 00000000 00:00 0 
7f4178021000-7f417c000000 ---p 00000000 00:00 0 
7f417c000000-7f417c021000 rw-p 00000000 00:00 0 
7f417c021000-7f4180000000 ---p 00000000 00:00 0 
7f4180000000-7f4180021000 rw-p 00000000 00:00 0 
7f4180021000-7f4184000000 ---p 00000000 00:00 0 
7f4184000000-7f4184021000 rw-p 00000000 00:00 0 
7f4184021000-7f4188000000 ---p 00000000 00:00 0 
7f4189000000-7f4189010000 rw-p 00000000 00:00 0 
7f4189010000-7f4189800000 ---p 00000000 00:00 0 
7f4189800000-7f418981e000 r-xp 00000000 08:03 672734                     /home/pfr/.cache/JNA/temp/jna7771659899287487096.tmp (deleted)
7f418981e000-7f4189a1d000 ---p 0001e000 08:03 672734                     /home/pfr/.cache/JNA/temp/jna7771659899287487096.tmp (deleted)
7f4189a1d000-7f4189a1e000 rw-p 0001d000 08:03 672734                     /home/pfr/.cache/JNA/temp/jna7771659899287487096.tmp (deleted)
7f4189a1e000-7f4189a1f000 rw-p 00000000 00:00 0 
7f4189afe000-7f4189b02000 ---p 00000000 00:00 0 
7f4189b02000-7f4189bfe000 rw-p 00000000 00:00 0 
7f4189bfe000-7f4189c02000 ---p 00000000 00:00 0 
7f4189c02000-7f4189cfe000 rw-p 00000000 00:00 0 
7f4189cfe000-7f4189cff000 ---p 00000000 00:00 0 
7f4189cff000-7f4189e00000 rw-p 00000000 00:00 0 
7f4189e00000-7f4189e04000 ---p 00000000 00:00 0 
7f4189e04000-7f4189f00000 rw-p 00000000 00:00 0 
7f4189f00000-7f4189f04000 ---p 00000000 00:00 0 
7f4189f04000-7f418a000000 rw-p 00000000 00:00 0 
7f418a000000-7f418a004000 ---p 00000000 00:00 0 
7f418a004000-7f418a100000 rw-p 00000000 00:00 0 
7f418a100000-7f418a104000 ---p 00000000 00:00 0 
7f418a104000-7f418a200000 rw-p 00000000 00:00 0 
7f418a200000-7f418a204000 ---p 00000000 00:00 0 
7f418a204000-7f418a300000 rw-p 00000000 00:00 0 
7f418a300000-7f418a304000 ---p 00000000 00:00 0 
7f418a304000-7f418a400000 rw-p 00000000 00:00 0 
7f418a400000-7f418b4b6000 r--p 00000000 08:03 136397                     /usr/lib/locale/locale-archive
7f418b500000-7f418b504000 ---p 00000000 00:00 0 
7f418b504000-7f418b600000 rw-p 00000000 00:00 0 
7f418b600000-7f418b604000 ---p 00000000 00:00 0 
7f418b604000-7f418b700000 rw-p 00000000 00:00 0 
7f418b700000-7f418b704000 ---p 00000000 00:00 0 
7f418b704000-7f418bc00000 rw-p 00000000 00:00 0 
7f418bc00000-7f418bc40000 rw-p 00000000 00:00 0 
7f418bc40000-7f418bc80000 rw-p 00000000 00:00 0 
7f418bc80000-7f418bd00000 rw-p 00000000 00:00 0 
7f418bd00000-7f418bf00000 rw-p 00000000 00:00 0 
7f418bf00000-7f418bf60000 rw-p 00000000 00:00 0 
7f418bf60000-7f418bf80000 ---p 00000000 00:00 0 
7f418bf80000-7f418c000000 rw-p 00000000 00:00 0 
7f418c000000-7f418c021000 rw-p 00000000 00:00 0 
7f418c021000-7f4190000000 ---p 00000000 00:00 0 
7f4190000000-7f4190021000 rw-p 00000000 00:00 0 
7f4190021000-7f4194000000 ---p 00000000 00:00 0 
7f4194000000-7f4194021000 rw-p 00000000 00:00 0 
7f4194021000-7f4198000000 ---p 00000000 00:00 0 
7f4198000000-7f4198021000 rw-p 00000000 00:00 0 
7f4198021000-7f419c000000 ---p 00000000 00:00 0 
7f419c000000-7f419c021000 rw-p 00000000 00:00 0 
7f419c021000-7f41a0000000 ---p 00000000 00:00 0 
7f41a0026000-7f41a0028000 r--p 00000000 08:03 671778                     /home/pfr/pfr_code/image/src/libImage.so
7f41a0028000-7f41a002d000 r-xp 00002000 08:03 671778                     /home/pfr/pfr_code/image/src/libImage.so
7f41a002d000-7f41a002e000 r--p 00007000 08:03 671778                     /home/pfr/pfr_code/image/src/libImage.so
7f41a002e000-7f41a002f000 r--p 00007000 08:03 671778                     /home/pfr/pfr_code/image/src/libImage.so
7f41a002f000-7f41a0030000 rw-p 00008000 08:03 671778                     /home/pfr/pfr_code/image/src/libImage.so
7f41a0030000-7f41a0034000 ---p 00000000 00:00 0 
7f41a0034000-7f41a0083000 rw-p 00000000 00:00 0 
7f41a0083000-7f41a0087000 r--p 00000000 07:09 1330                       /snap/eclipse/66/plugins/org.eclipse.justj.openjdk.hotspot.jre.full.linux.x86_64_17.0.5.v20221102-0933/jre/lib/libnet.so
7f41a0087000-7f41a0095000 r-xp 00004000 07:09 1330                       /snap/eclipse/66/plugins/org.eclipse.justj.openjdk.hotspot.jre.full.linux.x86_64_17.0.5.v20221102-0933/jre/lib/libnet.so
7f41a0095000-7f41a0099000 r--p 00012000 07:09 1330                       /snap/eclipse/66/plugins/org.eclipse.justj.openjdk.hotspot.jre.full.linux.x86_64_17.0.5.v20221102-0933/jre/lib/libnet.so
7f41a0099000-7f41a009a000 r--p 00015000 07:09 1330                       /snap/eclipse/66/plugins/org.eclipse.justj.openjdk.hotspot.jre.full.linux.x86_64_17.0.5.v20221102-0933/jre/lib/libnet.so
7f41a009a000-7f41a009b000 rw-p 00016000 07:09 1330                       /snap/eclipse/66/plugins/org.eclipse.justj.openjdk.hotspot.jre.full.linux.x86_64_17.0.5.v20221102-0933/jre/lib/libnet.so
7f41a009b000-7f41a00a2000 r--p 00000000 07:09 1331                       /snap/eclipse/66/plugins/org.eclipse.justj.openjdk.hotspot.jre.full.linux.x86_64_17.0.5.v20221102-0933/jre/lib/libnio.so
7f41a00a2000-7f41a00ab000 r-xp 00007000 07:09 1331                       /snap/eclipse/66/plugins/org.eclipse.justj.openjdk.hotspot.jre.full.linux.x86_64_17.0.5.v20221102-0933/jre/lib/libnio.so
7f41a00ab000-7f41a00af000 r--p 00010000 07:09 1331                       /snap/eclipse/66/plugins/org.eclipse.justj.openjdk.hotspot.jre.full.linux.x86_64_17.0.5.v20221102-0933/jre/lib/libnio.so
7f41a00af000-7f41a00b0000 ---p 00014000 07:09 1331                       /snap/eclipse/66/plugins/org.eclipse.justj.openjdk.hotspot.jre.full.linux.x86_64_17.0.5.v20221102-0933/jre/lib/libnio.so
7f41a00b0000-7f41a00b1000 r--p 00014000 07:09 1331                       /snap/eclipse/66/plugins/org.eclipse.justj.openjdk.hotspot.jre.full.linux.x86_64_17.0.5.v20221102-0933/jre/lib/libnio.so
7f41a00b1000-7f41a00b2000 rw-p 00015000 07:09 1331                       /snap/eclipse/66/plugins/org.eclipse.justj.openjdk.hotspot.jre.full.linux.x86_64_17.0.5.v20221102-0933/jre/lib/libnio.so
7f41a00b2000-7f41a00b3000 ---p 00000000 00:00 0 
7f41a00b3000-7f41a0290000 rw-p 00000000 00:00 0 
7f41a0290000-7f41a0291000 ---p 00000000 00:00 0 
7f41a0291000-7f41a0392000 rw-p 00000000 00:00 0 
7f41a0392000-7f41a0393000 ---p 00000000 00:00 0 
7f41a0393000-7f41a2a9a000 rw-p 00000000 00:00 0 
7f41a2a9a000-7f41a2a9b000 ---p 00000000 00:00 0 
7f41a2a9b000-7f41a2b9c000 rw-p 00000000 00:00 0 
7f41a2b9c000-7f41a2b9d000 ---p 00000000 00:00 0 
7f41a2b9d000-7f41a2c9e000 rw-p 00000000 00:00 0 
7f41a2c9e000-7f41a2c9f000 ---p 00000000 00:00 0 
7f41a2c9f000-7f41a2e98000 rw-p 00000000 00:00 0 
7f41a2e98000-7f41a3cd8000 ---p 00000000 00:00 0 
7f41a3cd8000-7f41a3dd0000 rw-p 00000000 00:00 0 
7f41a3dd0000-7f41a4c10000 ---p 00000000 00:00 0 
7f41a4c10000-7f41a4c2f000 rw-p 00000000 00:00 0 
7f41a4c2f000-7f41a4df7000 ---p 00000000 00:00 0 
7f41a4df7000-7f41a4e16000 rw-p 00000000 00:00 0 
7f41a4e16000-7f41a4fde000 ---p 00000000 00:00 0 
7f41a4fde000-7f41a4ffd000 rw-p 00000000 00:00 0 
7f41a4ffd000-7f41a51c5000 ---p 00000000 00:00 0 
7f41a51c5000-7f41a57d0000 rw-p 00000000 00:00 0 
7f41a57d0000-7f41a58b6000 ---p 00000000 00:00 0 
7f41a58b6000-7f41a58bb000 rw-p 00000000 00:00 0 
7f41a58bb000-7f41a59a1000 ---p 00000000 00:00 0 
7f41a59a1000-7f41a5c11000 rwxp 00000000 00:00 0 
7f41a5c11000-7f41a5f32000 ---p 00000000 00:00 0 
7f41a5f32000-7f41a61a2000 rwxp 00000000 00:00 0 
7f41a61a2000-7f41ad469000 ---p 00000000 00:00 0 
7f41ad469000-7f41ad6d9000 rwxp 00000000 00:00 0 
7f41ad6d9000-7f41b49a1000 ---p 00000000 00:00 0 
7f41b49a1000-7f41b8000000 r--s 00000000 07:09 1339                       /snap/eclipse/66/plugins/org.eclipse.justj.openjdk.hotspot.jre.full.linux.x86_64_17.0.5.v20221102-0933/jre/lib/modules
7f41b8000000-7f41b92f1000 rw-p 00000000 00:00 0 
7f41b92f1000-7f41bc000000 ---p 00000000 00:00 0 
7f41bc000000-7f41bc007000 r--s 00000000 08:03 656382                     /usr/lib/x86_64-linux-gnu/gconv/gconv-modules.cache
7f41bc007000-7f41bc009000 r--p 00000000 07:09 1338                       /snap/eclipse/66/plugins/org.eclipse.justj.openjdk.hotspot.jre.full.linux.x86_64_17.0.5.v20221102-0933/jre/lib/libzip.so
7f41bc009000-7f41bc00d000 r-xp 00002000 07:09 1338                       /snap/eclipse/66/plugins/org.eclipse.justj.openjdk.hotspot.jre.full.linux.x86_64_17.0.5.v20221102-0933/jre/lib/libzip.so
7f41bc00d000-7f41bc00f000 r--p 00006000 07:09 1338                       /snap/eclipse/66/plugins/org.eclipse.justj.openjdk.hotspot.jre.full.linux.x86_64_17.0.5.v20221102-0933/jre/lib/libzip.so
7f41bc00f000-7f41bc010000 r--p 00007000 07:09 1338                       /snap/eclipse/66/plugins/org.eclipse.justj.openjdk.hotspot.jre.full.linux.x86_64_17.0.5.v20221102-0933/jre/lib/libzip.so
7f41bc010000-7f41bc011000 rw-p 00008000 07:09 1338                       /snap/eclipse/66/plugins/org.eclipse.justj.openjdk.hotspot.jre.full.linux.x86_64_17.0.5.v20221102-0933/jre/lib/libzip.so
7f41bc011000-7f41bc091000 rw-p 00000000 00:00 0 
7f41bc091000-7f41bc09e000 r--p 00000000 07:09 1317                       /snap/eclipse/66/plugins/org.eclipse.justj.openjdk.hotspot.jre.full.linux.x86_64_17.0.5.v20221102-0933/jre/lib/libjava.so
7f41bc09e000-7f41bc0b0000 r-xp 0000d000 07:09 1317                       /snap/eclipse/66/plugins/org.eclipse.justj.openjdk.hotspot.jre.full.linux.x86_64_17.0.5.v20221102-0933/jre/lib/libjava.so
7f41bc0b0000-7f41bc0b6000 r--p 0001f000 07:09 1317                       /snap/eclipse/66/plugins/org.eclipse.justj.openjdk.hotspot.jre.full.linux.x86_64_17.0.5.v20221102-0933/jre/lib/libjava.so
7f41bc0b6000-7f41bc0b7000 ---p 00025000 07:09 1317                       /snap/eclipse/66/plugins/org.eclipse.justj.openjdk.hotspot.jre.full.linux.x86_64_17.0.5.v20221102-0933/jre/lib/libjava.so
7f41bc0b7000-7f41bc0b8000 r--p 00025000 07:09 1317                       /snap/eclipse/66/plugins/org.eclipse.justj.openjdk.hotspot.jre.full.linux.x86_64_17.0.5.v20221102-0933/jre/lib/libjava.so
7f41bc0b8000-7f41bc0b9000 rw-p 00026000 07:09 1317                       /snap/eclipse/66/plugins/org.eclipse.justj.openjdk.hotspot.jre.full.linux.x86_64_17.0.5.v20221102-0933/jre/lib/libjava.so
7f41bc0b9000-7f41bc0ba000 rw-p 00000000 00:00 0 
7f41bc0ba000-7f41bc0be000 r--p 00000000 07:09 1321                       /snap/eclipse/66/plugins/org.eclipse.justj.openjdk.hotspot.jre.full.linux.x86_64_17.0.5.v20221102-0933/jre/lib/libjimage.so
7f41bc0be000-7f41bc0d1000 r-xp 00004000 07:09 1321                       /snap/eclipse/66/plugins/org.eclipse.justj.openjdk.hotspot.jre.full.linux.x86_64_17.0.5.v20221102-0933/jre/lib/libjimage.so
7f41bc0d1000-7f41bc0d7000 r--p 00017000 07:09 1321                       /snap/eclipse/66/plugins/org.eclipse.justj.openjdk.hotspot.jre.full.linux.x86_64_17.0.5.v20221102-0933/jre/lib/libjimage.so
7f41bc0d7000-7f41bc0d9000 r--p 0001c000 07:09 1321                       /snap/eclipse/66/plugins/org.eclipse.justj.openjdk.hotspot.jre.full.linux.x86_64_17.0.5.v20221102-0933/jre/lib/libjimage.so
7f41bc0d9000-7f41bc0da000 rw-p 0001e000 07:09 1321                       /snap/eclipse/66/plugins/org.eclipse.justj.openjdk.hotspot.jre.full.linux.x86_64_17.0.5.v20221102-0933/jre/lib/libjimage.so
7f41bc0da000-7f41bc0de000 ---p 00000000 00:00 0 
7f41bc0de000-7f41bc1da000 rw-p 00000000 00:00 0 
7f41bc1da000-7f41bc1e8000 r--p 00000000 08:03 137843                     /usr/lib/x86_64-linux-gnu/libm.so.6
7f41bc1e8000-7f41bc264000 r-xp 0000e000 08:03 137843                     /usr/lib/x86_64-linux-gnu/libm.so.6
7f41bc264000-7f41bc2bf000 r--p 0008a000 08:03 137843                     /usr/lib/x86_64-linux-gnu/libm.so.6
7f41bc2bf000-7f41bc2c0000 r--p 000e4000 08:03 137843                     /usr/lib/x86_64-linux-gnu/libm.so.6
7f41bc2c0000-7f41bc2c1000 rw-p 000e5000 08:03 137843                     /usr/lib/x86_64-linux-gnu/libm.so.6
7f41bc2c1000-7f41bc513000 r--p 00000000 07:09 1349                       /snap/eclipse/66/plugins/org.eclipse.justj.openjdk.hotspot.jre.full.linux.x86_64_17.0.5.v20221102-0933/jre/lib/server/libjvm.so
7f41bc513000-7f41bd22c000 r-xp 00252000 07:09 1349                       /snap/eclipse/66/plugins/org.eclipse.justj.openjdk.hotspot.jre.full.linux.x86_64_17.0.5.v20221102-0933/jre/lib/server/libjvm.so
7f41bd22c000-7f41bd4b7000 r--p 00f6b000 07:09 1349                       /snap/eclipse/66/plugins/org.eclipse.justj.openjdk.hotspot.jre.full.linux.x86_64_17.0.5.v20221102-0933/jre/lib/server/libjvm.so
7f41bd4b7000-7f41bd4b8000 ---p 011f6000 07:09 1349                       /snap/eclipse/66/plugins/org.eclipse.justj.openjdk.hotspot.jre.full.linux.x86_64_17.0.5.v20221102-0933/jre/lib/server/libjvm.so
7f41bd4b8000-7f41bd571000 r--p 011f6000 07:09 1349                       /snap/eclipse/66/plugins/org.eclipse.justj.openjdk.hotspot.jre.full.linux.x86_64_17.0.5.v20221102-0933/jre/lib/server/libjvm.so
7f41bd571000-7f41bd5a6000 rw-p 012af000 07:09 1349                       /snap/eclipse/66/plugins/org.eclipse.justj.openjdk.hotspot.jre.full.linux.x86_64_17.0.5.v20221102-0933/jre/lib/server/libjvm.so
7f41bd5a6000-7f41bd600000 rw-p 00000000 00:00 0 
7f41bd600000-7f41bd628000 r--p 00000000 08:03 137192                     /usr/lib/x86_64-linux-gnu/libc.so.6
7f41bd628000-7f41bd7bd000 r-xp 00028000 08:03 137192                     /usr/lib/x86_64-linux-gnu/libc.so.6
7f41bd7bd000-7f41bd815000 r--p 001bd000 08:03 137192                     /usr/lib/x86_64-linux-gnu/libc.so.6
7f41bd815000-7f41bd819000 r--p 00214000 08:03 137192                     /usr/lib/x86_64-linux-gnu/libc.so.6
7f41bd819000-7f41bd81b000 rw-p 00218000 08:03 137192                     /usr/lib/x86_64-linux-gnu/libc.so.6
7f41bd81b000-7f41bd828000 rw-p 00000000 00:00 0 
7f41bd829000-7f41bd82e000 rw-p 00000000 00:00 0 
7f41bd82e000-7f41bd835000 ---p 00000000 00:00 0 
7f41bd835000-7f41bd836000 r--p 00000000 08:03 138168                     /usr/lib/x86_64-linux-gnu/librt.so.1
7f41bd836000-7f41bd837000 r-xp 00001000 08:03 138168                     /usr/lib/x86_64-linux-gnu/librt.so.1
7f41bd837000-7f41bd838000 r--p 00002000 08:03 138168                     /usr/lib/x86_64-linux-gnu/librt.so.1
7f41bd838000-7f41bd839000 r--p 00002000 08:03 138168                     /usr/lib/x86_64-linux-gnu/librt.so.1
7f41bd839000-7f41bd83a000 rw-p 00003000 08:03 138168                     /usr/lib/x86_64-linux-gnu/librt.so.1
7f41bd83a000-7f41bd83f000 rw-p 00000000 00:00 0 
7f41bd83f000-7f41bd840000 r--p 00000000 08:03 137334                     /usr/lib/x86_64-linux-gnu/libdl.so.2
7f41bd840000-7f41bd841000 r-xp 00001000 08:03 137334                     /usr/lib/x86_64-linux-gnu/libdl.so.2
7f41bd841000-7f41bd842000 r--p 00002000 08:03 137334                     /usr/lib/x86_64-linux-gnu/libdl.so.2
7f41bd842000-7f41bd843000 r--p 00002000 08:03 137334                     /usr/lib/x86_64-linux-gnu/libdl.so.2
7f41bd843000-7f41bd844000 rw-p 00003000 08:03 137334                     /usr/lib/x86_64-linux-gnu/libdl.so.2
7f41bd844000-7f41bd845000 r--p 00000000 08:03 138112                     /usr/lib/x86_64-linux-gnu/libpthread.so.0
7f41bd845000-7f41bd846000 r-xp 00001000 08:03 138112                     /usr/lib/x86_64-linux-gnu/libpthread.so.0
7f41bd846000-7f41bd847000 r--p 00002000 08:03 138112                     /usr/lib/x86_64-linux-gnu/libpthread.so.0
7f41bd847000-7f41bd848000 r--p 00002000 08:03 138112                     /usr/lib/x86_64-linux-gnu/libpthread.so.0
7f41bd848000-7f41bd849000 rw-p 00003000 08:03 138112                     /usr/lib/x86_64-linux-gnu/libpthread.so.0
7f41bd849000-7f41bd84c000 r--p 00000000 07:09 1322                       /snap/eclipse/66/plugins/org.eclipse.justj.openjdk.hotspot.jre.full.linux.x86_64_17.0.5.v20221102-0933/jre/lib/libjli.so
7f41bd84c000-7f41bd856000 r-xp 00003000 07:09 1322                       /snap/eclipse/66/plugins/org.eclipse.justj.openjdk.hotspot.jre.full.linux.x86_64_17.0.5.v20221102-0933/jre/lib/libjli.so
7f41bd856000-7f41bd859000 r--p 0000d000 07:09 1322                       /snap/eclipse/66/plugins/org.eclipse.justj.openjdk.hotspot.jre.full.linux.x86_64_17.0.5.v20221102-0933/jre/lib/libjli.so
7f41bd859000-7f41bd85a000 ---p 00010000 07:09 1322                       /snap/eclipse/66/plugins/org.eclipse.justj.openjdk.hotspot.jre.full.linux.x86_64_17.0.5.v20221102-0933/jre/lib/libjli.so
7f41bd85a000-7f41bd85b000 r--p 00010000 07:09 1322                       /snap/eclipse/66/plugins/org.eclipse.justj.openjdk.hotspot.jre.full.linux.x86_64_17.0.5.v20221102-0933/jre/lib/libjli.so
7f41bd85b000-7f41bd85c000 rw-p 00011000 07:09 1322                       /snap/eclipse/66/plugins/org.eclipse.justj.openjdk.hotspot.jre.full.linux.x86_64_17.0.5.v20221102-0933/jre/lib/libjli.so
7f41bd85c000-7f41bd85e000 r--p 00000000 08:03 131946                     /usr/lib/x86_64-linux-gnu/libz.so.1.2.11
7f41bd85e000-7f41bd86f000 r-xp 00002000 08:03 131946                     /usr/lib/x86_64-linux-gnu/libz.so.1.2.11
7f41bd86f000-7f41bd875000 r--p 00013000 08:03 131946                     /usr/lib/x86_64-linux-gnu/libz.so.1.2.11
7f41bd875000-7f41bd876000 ---p 00019000 08:03 131946                     /usr/lib/x86_64-linux-gnu/libz.so.1.2.11
7f41bd876000-7f41bd877000 r--p 00019000 08:03 131946                     /usr/lib/x86_64-linux-gnu/libz.so.1.2.11
7f41bd877000-7f41bd878000 rw-p 0001a000 08:03 131946                     /usr/lib/x86_64-linux-gnu/libz.so.1.2.11
7f41bd87e000-7f41bd886000 rw-s 00000000 08:03 393412                     /tmp/hsperfdata_pfr/11120
7f41bd886000-7f41bd887000 ---p 00000000 00:00 0 
7f41bd887000-7f41bd888000 r--p 00000000 00:00 0 
7f41bd888000-7f41bd88a000 rw-p 00000000 00:00 0 
7f41bd88a000-7f41bd88c000 r--p 00000000 08:03 136855                     /usr/lib/x86_64-linux-gnu/ld-linux-x86-64.so.2
7f41bd88c000-7f41bd8b6000 r-xp 00002000 08:03 136855                     /usr/lib/x86_64-linux-gnu/ld-linux-x86-64.so.2
7f41bd8b6000-7f41bd8c1000 r--p 0002c000 08:03 136855                     /usr/lib/x86_64-linux-gnu/ld-linux-x86-64.so.2
7f41bd8c1000-7f41bd8c2000 ---p 00000000 00:00 0 
7f41bd8c2000-7f41bd8c4000 r--p 00037000 08:03 136855                     /usr/lib/x86_64-linux-gnu/ld-linux-x86-64.so.2
7f41bd8c4000-7f41bd8c6000 rw-p 00039000 08:03 136855                     /usr/lib/x86_64-linux-gnu/ld-linux-x86-64.so.2
7fff30175000-7fff30196000 rw-p 00000000 00:00 0                          [stack]
7fff301a8000-7fff301ac000 r--p 00000000 00:00 0                          [vvar]
7fff301ac000-7fff301ae000 r-xp 00000000 00:00 0                          [vdso]
ffffffffff600000-ffffffffff601000 --xp 00000000 00:00 0                  [vsyscall]


VM Arguments:
jvm_args: -Dfile.encoding=UTF-8 -XX:+ShowCodeDetailsInExceptionMessages 
java_command: test.TestJNA
java_class_path (initial): /home/pfr/pfr_code/PFR_Java/bin:/home/pfr/Téléchargements/jar_files/jna-5.13.0.jar
Launcher Type: SUN_STANDARD

[Global flags]
     intx CICompilerCount                          = 3                                         {product} {ergonomic}
     uint ConcGCThreads                            = 2                                         {product} {ergonomic}
     uint G1ConcRefinementThreads                  = 6                                         {product} {ergonomic}
   size_t G1HeapRegionSize                         = 1048576                                   {product} {ergonomic}
    uintx GCDrainStackTargetSize                   = 64                                        {product} {ergonomic}
   size_t InitialHeapSize                          = 65011712                                  {product} {ergonomic}
   size_t MarkStackSize                            = 4194304                                   {product} {ergonomic}
   size_t MaxHeapSize                              = 1021313024                                {product} {ergonomic}
   size_t MaxNewSize                               = 612368384                                 {product} {ergonomic}
   size_t MinHeapDeltaBytes                        = 1048576                                   {product} {ergonomic}
   size_t MinHeapSize                              = 8388608                                   {product} {ergonomic}
    uintx NonNMethodCodeHeapSize                   = 5832780                                {pd product} {ergonomic}
    uintx NonProfiledCodeHeapSize                  = 122912730                              {pd product} {ergonomic}
    uintx ProfiledCodeHeapSize                     = 122912730                              {pd product} {ergonomic}
    uintx ReservedCodeCacheSize                    = 251658240                              {pd product} {ergonomic}
     bool SegmentedCodeCache                       = true                                      {product} {ergonomic}
     bool ShowCodeDetailsInExceptionMessages       = true                                   {manageable} {command line}
   size_t SoftMaxHeapSize                          = 1021313024                             {manageable} {ergonomic}
     bool UseCompressedClassPointers               = true                           {product lp64_product} {ergonomic}
     bool UseCompressedOops                        = true                           {product lp64_product} {ergonomic}
     bool UseG1GC                                  = true                                      {product} {ergonomic}

Logging:
Log output configuration:
 #0: stdout all=warning uptime,level,tags
 #1: stderr all=off uptime,level,tags

Environment Variables:
PATH=/usr/local/sbin:/usr/local/bin:/usr/sbin:/usr/bin:/sbin:/bin:/usr/games:/usr/local/games:/snap/bin:/snap/bin
USERNAME=pfr
SHELL=/bin/bash
DISPLAY=:0
LANG=fr_FR.UTF-8
LC_NUMERIC=sv_SE.UTF-8
LC_TIME=sv_SE.UTF-8

Signal Handlers:
   SIGSEGV: crash_handler in libjvm.so, mask=11100100010111111101111111111110, flags=SA_RESTART|SA_SIGINFO
    SIGBUS: crash_handler in libjvm.so, mask=11100100010111111101111111111110, flags=SA_RESTART|SA_SIGINFO
    SIGFPE: crash_handler in libjvm.so, mask=11100100010111111101111111111110, flags=SA_RESTART|SA_SIGINFO
   SIGPIPE: javaSignalHandler in libjvm.so, mask=11100100010111111101111111111110, flags=SA_RESTART|SA_SIGINFO
   SIGXFSZ: javaSignalHandler in libjvm.so, mask=11100100010111111101111111111110, flags=SA_RESTART|SA_SIGINFO
    SIGILL: crash_handler in libjvm.so, mask=11100100010111111101111111111110, flags=SA_RESTART|SA_SIGINFO
   SIGUSR2: SR_handler in libjvm.so, mask=00100000000000000000000000000000, flags=SA_RESTART|SA_SIGINFO
    SIGHUP: UserHandler in libjvm.so, mask=11100100010111111101111111111110, flags=SA_RESTART|SA_SIGINFO
    SIGINT: UserHandler in libjvm.so, mask=11100100010111111101111111111110, flags=SA_RESTART|SA_SIGINFO
   SIGTERM: UserHandler in libjvm.so, mask=11100100010111111101111111111110, flags=SA_RESTART|SA_SIGINFO
   SIGQUIT: UserHandler in libjvm.so, mask=11100100010111111101111111111110, flags=SA_RESTART|SA_SIGINFO
  *** Handler was modified!
  *** Expected: javaSignalHandler in libjvm.so, mask=11100100110111111111111111111110, flags=SA_RESTART|SA_SIGINFO
   SIGTRAP: crash_handler in libjvm.so, mask=11100100010111111101111111111110, flags=SA_RESTART|SA_SIGINFO


---------------  S Y S T E M  ---------------

OS:
DISTRIB_ID=Ubuntu
DISTRIB_RELEASE=22.04
DISTRIB_CODENAME=jammy
DISTRIB_DESCRIPTION="Ubuntu 22.04.2 LTS"
uname: Linux 5.19.0-35-generic #36~22.04.1-Ubuntu SMP PREEMPT_DYNAMIC Fri Feb 17 15:17:25 UTC 2 x86_64
OS uptime: 0 days 1:35 hours
libc: glibc 2.35 NPTL 2.35 
rlimit (soft/hard): STACK 8192k/infinity , CORE 0k/infinity , NPROC 15243/15243 , NOFILE 1048576/1048576 , AS infinity/infinity , CPU infinity/infinity , DATA infinity/infinity , FSIZE infinity/infinity , MEMLOCK 497764k/497764k
load average: 1,15 1,04 1,02

/proc/meminfo:
MemTotal:        3982132 kB
MemFree:          116300 kB
MemAvailable:     505604 kB
Buffers:           11932 kB
Cached:           652772 kB
SwapCached:        46924 kB
Active:           927532 kB
Inactive:        1417044 kB
Active(anon):     620268 kB
Inactive(anon):  1164100 kB
Active(file):     307264 kB
Inactive(file):   252944 kB
Unevictable:          96 kB
Mlocked:              96 kB
SwapTotal:       2097148 kB
SwapFree:         709380 kB
Zswap:                 0 kB
Zswapped:              0 kB
Dirty:               200 kB
Writeback:             0 kB
AnonPages:       1634252 kB
Mapped:           419832 kB
Shmem:            104616 kB
KReclaimable:      67092 kB
Slab:             635516 kB
SReclaimable:      67092 kB
SUnreclaim:       568424 kB
KernelStack:       20576 kB
PageTables:        41560 kB
NFS_Unstable:          0 kB
Bounce:                0 kB
WritebackTmp:          0 kB
CommitLimit:     4088212 kB
Committed_AS:    9812604 kB
VmallocTotal:   34359738367 kB
VmallocUsed:      576164 kB
VmallocChunk:          0 kB
Percpu:           128512 kB
HardwareCorrupted:     0 kB
AnonHugePages:         0 kB
ShmemHugePages:        0 kB
ShmemPmdMapped:        0 kB
FileHugePages:         0 kB
FilePmdMapped:         0 kB
HugePages_Total:       0
HugePages_Free:        0
HugePages_Rsvd:        0
HugePages_Surp:        0
Hugepagesize:       2048 kB
Hugetlb:               0 kB
DirectMap4k:      329536 kB
DirectMap2M:     3864576 kB
DirectMap1G:     2097152 kB

/sys/kernel/mm/transparent_hugepage/enabled: always [madvise] never
/sys/kernel/mm/transparent_hugepage/defrag (defrag/compaction efforts parameter): always defer defer+madvise [madvise] never

Process Memory:
Virtual Size: 3827516K (peak: 3880820K)
Resident Set Size: 69260K (peak: 69260K) (anon: 43620K, file: 25640K, shmem: 0K)
Swapped out: 0K
C-Heap outstanding allocations: 40353K, retained: 2366K
glibc malloc tunables: (default)

/proc/sys/kernel/threads-max (system-wide limit on the number of threads): 30487
/proc/sys/vm/max_map_count (maximum number of memory map areas a process may have): 65530
/proc/sys/kernel/pid_max (system-wide limit on number of process identifiers): 4194304

container (cgroup) information:
container_type: cgroupv2
cpu_cpuset_cpus: not supported
cpu_memory_nodes: not supported
active_processor_count: 6
cpu_quota: not supported
cpu_period: not supported
cpu_shares: not supported
memory_limit_in_bytes: unlimited
memory_and_swap_limit_in_bytes: unlimited
memory_soft_limit_in_bytes: unlimited
memory_usage_in_bytes: 922796 k
memory_max_usage_in_bytes: not supported
maximum number of tasks: 4573
current number of tasks: 139

VMWare virtualization detected
Steal ticks since vm start: 0
Steal ticks percentage since vm start:  0,000

CPU: total 6 (initial active 6) (3 cores per cpu, 1 threads per core) family 6 model 140 stepping 1 microcode 0x86, cx8, cmov, fxsr, mmx, 3dnowpref, sse, sse2, sse3, ssse3, sse4.1, sse4.2, popcnt, lzcnt, tsc, tscinvbit, avx, avx2, aes, erms, clmul, bmi1, bmi2, adx, avx512f, avx512dq, avx512cd, avx512bw, avx512vl, sha, fma, vzeroupper, avx512_vpopcntdq, avx512_vpclmulqdq, avx512_vaes, avx512_vnni, clflush, clflushopt, clwb, avx512_vbmi2, avx512_vbmi, hv
CPU Model and flags from /proc/cpuinfo:
model name	: 11th Gen Intel(R) Core(TM) i7-11370H @ 3.30GHz
flags		: fpu vme de pse tsc msr pae mce cx8 apic sep mtrr pge mca cmov pat pse36 clflush mmx fxsr sse sse2 ss ht syscall nx pdpe1gb rdtscp lm constant_tsc arch_perfmon rep_good nopl xtopology tsc_reliable nonstop_tsc cpuid tsc_known_freq pni pclmulqdq ssse3 fma cx16 pcid sse4_1 sse4_2 x2apic movbe popcnt tsc_deadline_timer aes xsave avx f16c rdrand hypervisor lahf_lm abm 3dnowprefetch invpcid_single ssbd ibrs ibpb stibp ibrs_enhanced fsgsbase tsc_adjust bmi1 avx2 smep bmi2 erms invpcid avx512f avx512dq rdseed adx smap avx512ifma clflushopt clwb avx512cd sha_ni avx512bw avx512vl xsaveopt xsavec xgetbv1 xsaves arat avx512vbmi umip pku ospke avx512_vbmi2 gfni vaes vpclmulqdq avx512_vnni avx512_bitalg avx512_vpopcntdq rdpid movdiri movdir64b fsrm avx512_vp2intersect md_clear flush_l1d arch_capabilities

Online cpus: 0-5
Offline cpus: 6-127
BIOS frequency limitation: <Not Available>
Frequency switch latency (ns): <Not Available>
Available cpu frequencies: <Not Available>
Current governor: <Not Available>
Core performance/turbo boost: <Not Available>

Memory: 4k page, physical 3982132k(116300k free), swap 2097148k(709380k free)
Page Sizes: 4k

vm_info: OpenJDK 64-Bit Server VM (17.0.5+8) for linux-amd64 JRE (17.0.5+8), built on Oct 18 2022 00:00:00 by "temurin" with gcc 10.3.0

END.
