#
# A fatal error has been detected by the Java Runtime Environment:
#
#  SIGSEGV (0xb) at pc=0x00007ff5c09b2163, pid=10888, tid=10893
#
# JRE version: OpenJDK Runtime Environment Temurin-17.0.5+8 (17.0.5+8) (build 17.0.5+8)
# Java VM: OpenJDK 64-Bit Server VM Temurin-17.0.5+8 (17.0.5+8, mixed mode, tiered, compressed oops, compressed class ptrs, g1 gc, linux-amd64)
# Problematic frame:
# C  [libc.so.6+0x1b2163]
#
# Core dump will be written. Default location: Core dumps may be processed with "/usr/share/apport/apport -p%p -s%s -c%c -d%d -P%P -u%u -g%g -- %E" (or dumping to /home/pfr/pfr_code/PFR_Java/core.10888)
#
# If you would like to submit a bug report, please visit:
#   https://github.com/adoptium/adoptium-support/issues
# The crash happened outside the Java Virtual Machine in native code.
# See problematic frame for where to report the bug.
#

---------------  S U M M A R Y ------------

Command Line: -Dfile.encoding=UTF-8 -XX:+ShowCodeDetailsInExceptionMessages test.TestJNA

Host: 11th Gen Intel(R) Core(TM) i7-11370H @ 3.30GHz, 6 cores, 3G, Ubuntu 22.04.2 LTS
Time: Mon Mar 27 01:05:18 2023 CEST elapsed time: 0.729598 seconds (0d 0h 0m 0s)

---------------  T H R E A D  ---------------

Current thread (0x00007ff5b8025d60):  JavaThread "main" [_thread_in_native, id=10893, stack(0x00007ff5c0a2e000,0x00007ff5c0b2e000)]

Stack: [0x00007ff5c0a2e000,0x00007ff5c0b2e000],  sp=0x00007ff5c0b2b7a8,  free space=1013k
Native frames: (J=compiled Java code, j=interpreted, Vv=VM code, C=native code)
C  [libc.so.6+0x1b2163]
C  [jna7036786942419048394.tmp+0x16052]

Java frames: (J=compiled Java code, j=interpreted, Vv=VM code)
j  com.sun.jna.Native.invokeVoid(Lcom/sun/jna/Function;JI[Ljava/lang/Object;)V+0
j  com.sun.jna.Function.invoke([Ljava/lang/Object;Ljava/lang/Class;ZI)Ljava/lang/Object;+42
j  com.sun.jna.Function.invoke(Ljava/lang/reflect/Method;[Ljava/lang/Class;Ljava/lang/Class;[Ljava/lang/Object;Ljava/util/Map;)Ljava/lang/Object;+271
j  com.sun.jna.Library$Handler.invoke(Ljava/lang/Object;Ljava/lang/reflect/Method;[Ljava/lang/Object;)Ljava/lang/Object;+390
j  jdk.proxy1.$Proxy0.recherchecouleur(IFLcom/sun/jna/Pointer;)V+30 jdk.proxy1
j  test.TestJNA.main([Ljava/lang/String;)V+19
v  ~StubRoutines::call_stub

siginfo: si_signo: 11 (SIGSEGV), si_code: 1 (SEGV_MAPERR), si_addr: 0x0000000000000000

Register to memory mapping:

RAX=0x0 is NULL
RBX=0x00007ff5c0b2bd30 is pointing into the stack for thread: 0x00007ff5b8025d60
RCX=0x0000000000007ff5 is an unknown value
RDX=0x0000000000000002 is an unknown value
RSP=0x00007ff5c0b2b7a8 is pointing into the stack for thread: 0x00007ff5b8025d60
RBP=0x00007ff5c0b2bdb0 is pointing into the stack for thread: 0x00007ff5b8025d60
RSI=0x00007ff5c0b2bd14 is pointing into the stack for thread: 0x00007ff5b8025d60
RDI=0x0 is NULL
R8 =0x00007ff5b813f4e0 points into unknown readable memory: 0x00007ff2fbad2488 | 88 24 ad fb f2 7f 00 00
R9 =0x0 is NULL
R10=0x00007ff5c080adb8: <offset 0x000000000000adb8> in /lib/x86_64-linux-gnu/libc.so.6 at 0x00007ff5c0800000
R11=0x00007ff5c09b1dd0: <offset 0x00000000001b1dd0> in /lib/x86_64-linux-gnu/libc.so.6 at 0x00007ff5c0800000
R12=0x0000000000000032 is an unknown value
R13=0x0 is NULL
R14=0x0000000000000032 is an unknown value
R15=0x0 is NULL


Registers:
RAX=0x0000000000000000, RBX=0x00007ff5c0b2bd30, RCX=0x0000000000007ff5, RDX=0x0000000000000002
RSP=0x00007ff5c0b2b7a8, RBP=0x00007ff5c0b2bdb0, RSI=0x00007ff5c0b2bd14, RDI=0x0000000000000000
R8 =0x00007ff5b813f4e0, R9 =0x0000000000000000, R10=0x00007ff5c080adb8, R11=0x00007ff5c09b1dd0
R12=0x0000000000000032, R13=0x0000000000000000, R14=0x0000000000000032, R15=0x0000000000000000
RIP=0x00007ff5c09b2163, EFLAGS=0x0000000000010202, CSGSFS=0x002b000000000033, ERR=0x0000000000000006
  TRAPNO=0x000000000000000e

Top of Stack: (sp=0x00007ff5c0b2b7a8)
0x00007ff5c0b2b7a8:   00007ff5a540ddff ffc0000000000bb9
0x00007ff5c0b2b7b8:   00007478742e3130 0000000000000000
0x00007ff5c0b2b7c8:   00009c4000000000 00000000ffc00000
0x00007ff5c0b2b7d8:   0000000000000000 0000000000000000 

Instructions: (pc=0x00007ff5c09b2163)
0x00007ff5c09b2063:   fe 28 7f 1f 62 b3 7d 20 3f c2 00 c5 fb 93 d0 85
0x00007ff5c09b2073:   d2 75 6a 48 83 e6 e0 83 e1 1f e9 ae fd ff ff 66
0x00007ff5c09b2083:   66 2e 0f 1f 84 00 00 00 00 00 0f 1f 00 48 01 cf
0x00007ff5c09b2093:   48 01 ce 0f bc d2 83 fa 20 0f 83 3e 01 00 00 83
0x00007ff5c09b20a3:   fa 10 0f 83 05 01 00 00 83 fa 08 0f 83 dc 00 00
0x00007ff5c09b20b3:   00 83 fa 04 0f 83 c3 00 00 00 83 fa 03 0f 84 aa
0x00007ff5c09b20c3:   00 00 00 83 fa 01 0f 87 91 00 00 00 74 7f c6 07
0x00007ff5c09b20d3:   00 c3 66 66 2e 0f 1f 84 00 00 00 00 00 48 83 c6
0x00007ff5c09b20e3:   20 48 83 c7 20 eb ac 66 0f 1f 44 00 00 0f bc d2
0x00007ff5c09b20f3:   48 01 ce 83 c2 20 29 ca eb 9c 0f 1f 00 0f bc d2
0x00007ff5c09b2103:   eb 94 66 66 2e 0f 1f 84 00 00 00 00 00 0f bc d1
0x00007ff5c09b2113:   62 e1 fe 28 7f 27 48 83 c6 20 48 83 c7 20 e9 73
0x00007ff5c09b2123:   ff ff ff 66 2e 0f 1f 84 00 00 00 00 00 0f bc d2
0x00007ff5c09b2133:   62 e1 fe 28 7f 27 62 e1 fe 28 7f 6f 01 48 83 c6
0x00007ff5c09b2143:   40 48 83 c7 40 e9 4c ff ff ff 0f 1f 00 0f b7 16
0x00007ff5c09b2153:   66 89 17 c3 66 0f 1f 84 00 00 00 00 00 0f b7 0e
0x00007ff5c09b2163:   66 89 0f c6 47 02 00 c3 0f 1f 44 00 00 8b 16 89
0x00007ff5c09b2173:   17 c3 66 66 2e 0f 1f 84 00 00 00 00 00 8b 0e 89
0x00007ff5c09b2183:   0f 8b 4c 16 fd 89 4c 17 fd c3 0f 1f 00 48 8b 0e
0x00007ff5c09b2193:   4c 8b 4c 16 f9 48 89 0f 4c 89 4c 17 f9 c3 66 66
0x00007ff5c09b21a3:   2e 0f 1f 84 00 00 00 00 00 0f 1f 40 00 62 e1 fe
0x00007ff5c09b21b3:   08 6f 16 62 e1 fe 08 6f 9c 16 f1 ff ff ff 62 e1
0x00007ff5c09b21c3:   fe 08 7f 17 62 e1 fe 08 7f 9c 17 f1 ff ff ff c3
0x00007ff5c09b21d3:   66 66 2e 0f 1f 84 00 00 00 00 00 66 90 62 e1 fe
0x00007ff5c09b21e3:   28 6f 16 62 e1 fe 28 6f 9c 16 e1 ff ff ff 62 e1
0x00007ff5c09b21f3:   fe 28 7f 17 62 e1 fe 28 7f 9c 17 e1 ff ff ff c3
0x00007ff5c09b2203:   66 2e 0f 1f 84 00 00 00 00 00 66 2e 0f 1f 84 00
0x00007ff5c09b2213:   00 00 00 00 66 0f 1f 84 00 00 00 00 00 f3 0f 1e
0x00007ff5c09b2223:   fa 89 f8 62 a1 fd 00 ef c0 25 ff 0f 00 00 3d e0
0x00007ff5c09b2233:   0f 00 00 0f 87 34 01 00 00 62 f3 7d 20 3f 07 00
0x00007ff5c09b2243:   c5 fb 93 c0 85 c0 74 55 f3 0f bc c0 c3 f3 0f bc
0x00007ff5c09b2253:   c0 29 d7 8d 44 07 20 c3 0f 1f 44 00 00 f3 0f bc 


Stack slot to memory mapping:
stack at sp + 0 slots: 0x00007ff5a540ddff: recherchecouleur+0x00000000000002f4 in /home/pfr/pfr_code/image/src/libImage.so at 0x00007ff5a5408000
stack at sp + 1 slots: 0xffc0000000000bb9 is an unknown value
stack at sp + 2 slots: 0x00007478742e3130 is an unknown value
stack at sp + 3 slots: 0x0 is NULL
stack at sp + 4 slots: 0x00009c4000000000 is an unknown value
stack at sp + 5 slots: 0x00000000ffc00000 is an unallocated location in the heap
stack at sp + 6 slots: 0x0 is NULL
stack at sp + 7 slots: 0x0 is NULL


---------------  P R O C E S S  ---------------

Threads class SMR info:
_java_thread_list=0x00007ff5b8345a80, length=13, elements={
0x00007ff5b8025d60, 0x00007ff5b81421c0, 0x00007ff5b8143810, 0x00007ff5b816c750,
0x00007ff5b816d5b0, 0x00007ff5b816e9c0, 0x00007ff5b8170040, 0x00007ff5b8171520,
0x00007ff5b81729b0, 0x00007ff5b8221ec0, 0x00007ff5b82295a0, 0x00007ff5b8350b00,
0x00007ff5b83440a0
}

Java Threads: ( => current thread )
=>0x00007ff5b8025d60 JavaThread "main" [_thread_in_native, id=10893, stack(0x00007ff5c0a2e000,0x00007ff5c0b2e000)]
  0x00007ff5b81421c0 JavaThread "Reference Handler" daemon [_thread_blocked, id=10900, stack(0x00007ff5a4b00000,0x00007ff5a4c00000)]
  0x00007ff5b8143810 JavaThread "Finalizer" daemon [_thread_blocked, id=10901, stack(0x00007ff5a4a00000,0x00007ff5a4b00000)]
  0x00007ff5b816c750 JavaThread "Signal Dispatcher" daemon [_thread_blocked, id=10902, stack(0x00007ff5a4900000,0x00007ff5a4a00000)]
  0x00007ff5b816d5b0 JavaThread "Service Thread" daemon [_thread_blocked, id=10903, stack(0x00007ff5a4800000,0x00007ff5a4900000)]
  0x00007ff5b816e9c0 JavaThread "Monitor Deflation Thread" daemon [_thread_blocked, id=10904, stack(0x00007ff5a4700000,0x00007ff5a4800000)]
  0x00007ff5b8170040 JavaThread "C2 CompilerThread0" daemon [_thread_blocked, id=10905, stack(0x00007ff5a4600000,0x00007ff5a4700000)]
  0x00007ff5b8171520 JavaThread "C1 CompilerThread0" daemon [_thread_blocked, id=10906, stack(0x00007ff5a4500000,0x00007ff5a4600000)]
  0x00007ff5b81729b0 JavaThread "Sweeper thread" daemon [_thread_blocked, id=10907, stack(0x00007ff5a4400000,0x00007ff5a4500000)]
  0x00007ff5b8221ec0 JavaThread "Notification Thread" daemon [_thread_blocked, id=10908, stack(0x00007ff5a4300000,0x00007ff5a4400000)]
  0x00007ff5b82295a0 JavaThread "Common-Cleaner" daemon [_thread_blocked, id=10910, stack(0x00007ff5a40fe000,0x00007ff5a41fe000)]
  0x00007ff5b8350b00 JavaThread "process reaper" daemon [_thread_blocked, id=10912, stack(0x00007ff5a5412000,0x00007ff5a5434000)]
  0x00007ff5b83440a0 JavaThread "JNA Cleaner" daemon [_thread_blocked, id=10913, stack(0x00007ff595f00000,0x00007ff596000000)]

Other Threads:
  0x00007ff5b80f27e0 VMThread "VM Thread" [stack: 0x00007ff5a547f000,0x00007ff5a557f000] [id=10899]
  0x00007ff5b81956e0 WatcherThread [stack: 0x00007ff5a4200000,0x00007ff5a4300000] [id=10909]
  0x00007ff5b8062850 GCTaskThread "GC Thread#0" [stack: 0x00007ff5bc72c000,0x00007ff5bc82c000] [id=10894]
  0x00007ff5b806b800 ConcurrentGCThread "G1 Main Marker" [stack: 0x00007ff5bc62a000,0x00007ff5bc72a000] [id=10895]
  0x00007ff5b806c760 ConcurrentGCThread "G1 Conc#0" [stack: 0x00007ff5bc528000,0x00007ff5bc628000] [id=10896]
  0x00007ff5b80b04e0 ConcurrentGCThread "G1 Refine#0" [stack: 0x00007ff5a57a0000,0x00007ff5a58a0000] [id=10897]
  0x00007ff5b80b13d0 ConcurrentGCThread "G1 Service" [stack: 0x00007ff5a569e000,0x00007ff5a579e000] [id=10898]

Threads with active compile tasks:

VM state: not at safepoint (normal execution)

VM Mutex/Monitor currently owned by a thread: None

Heap address: 0x00000000c3200000, size: 974 MB, Compressed Oops mode: 32-bit

CDS archive(s) not mapped
Compressed class space mapped at: 0x0000000100000000-0x0000000140000000, reserved size: 1073741824
Narrow klass base: 0x0000000000000000, Narrow klass shift: 3, Narrow klass range: 0x140000000

GC Precious Log:
 CPUs: 6 total, 6 available
 Memory: 3888M
 Large Page Support: Disabled
 NUMA Support: Disabled
 Compressed Oops: Enabled (32-bit)
 Heap Region Size: 1M
 Heap Min Capacity: 8M
 Heap Initial Capacity: 62M
 Heap Max Capacity: 974M
 Pre-touch: Disabled
 Parallel Workers: 6
 Concurrent Workers: 2
 Concurrent Refinement Workers: 6
 Periodic GC: Disabled

Heap:
 garbage-first heap   total 63488K, used 4096K [0x00000000c3200000, 0x0000000100000000)
  region size 1024K, 5 young (5120K), 0 survivors (0K)
 Metaspace       used 8817K, committed 8896K, reserved 1064960K
  class space    used 797K, committed 832K, reserved 1048576K

Heap Regions: E=young(eden), S=young(survivor), O=old, HS=humongous(starts), HC=humongous(continues), CS=collection set, F=free, OA=open archive, CA=closed archive, TAMS=top-at-mark-start (previous, next)
|   0|0x00000000c3200000, 0x00000000c3200000, 0x00000000c3300000|  0%| F|  |TAMS 0x00000000c3200000, 0x00000000c3200000| Untracked 
|   1|0x00000000c3300000, 0x00000000c3300000, 0x00000000c3400000|  0%| F|  |TAMS 0x00000000c3300000, 0x00000000c3300000| Untracked 
|   2|0x00000000c3400000, 0x00000000c3400000, 0x00000000c3500000|  0%| F|  |TAMS 0x00000000c3400000, 0x00000000c3400000| Untracked 
|   3|0x00000000c3500000, 0x00000000c3500000, 0x00000000c3600000|  0%| F|  |TAMS 0x00000000c3500000, 0x00000000c3500000| Untracked 
|   4|0x00000000c3600000, 0x00000000c3600000, 0x00000000c3700000|  0%| F|  |TAMS 0x00000000c3600000, 0x00000000c3600000| Untracked 
|   5|0x00000000c3700000, 0x00000000c3700000, 0x00000000c3800000|  0%| F|  |TAMS 0x00000000c3700000, 0x00000000c3700000| Untracked 
|   6|0x00000000c3800000, 0x00000000c3800000, 0x00000000c3900000|  0%| F|  |TAMS 0x00000000c3800000, 0x00000000c3800000| Untracked 
|   7|0x00000000c3900000, 0x00000000c3900000, 0x00000000c3a00000|  0%| F|  |TAMS 0x00000000c3900000, 0x00000000c3900000| Untracked 
|   8|0x00000000c3a00000, 0x00000000c3a00000, 0x00000000c3b00000|  0%| F|  |TAMS 0x00000000c3a00000, 0x00000000c3a00000| Untracked 
|   9|0x00000000c3b00000, 0x00000000c3b00000, 0x00000000c3c00000|  0%| F|  |TAMS 0x00000000c3b00000, 0x00000000c3b00000| Untracked 
|  10|0x00000000c3c00000, 0x00000000c3c00000, 0x00000000c3d00000|  0%| F|  |TAMS 0x00000000c3c00000, 0x00000000c3c00000| Untracked 
|  11|0x00000000c3d00000, 0x00000000c3d00000, 0x00000000c3e00000|  0%| F|  |TAMS 0x00000000c3d00000, 0x00000000c3d00000| Untracked 
|  12|0x00000000c3e00000, 0x00000000c3e00000, 0x00000000c3f00000|  0%| F|  |TAMS 0x00000000c3e00000, 0x00000000c3e00000| Untracked 
|  13|0x00000000c3f00000, 0x00000000c3f00000, 0x00000000c4000000|  0%| F|  |TAMS 0x00000000c3f00000, 0x00000000c3f00000| Untracked 
|  14|0x00000000c4000000, 0x00000000c4000000, 0x00000000c4100000|  0%| F|  |TAMS 0x00000000c4000000, 0x00000000c4000000| Untracked 
|  15|0x00000000c4100000, 0x00000000c4100000, 0x00000000c4200000|  0%| F|  |TAMS 0x00000000c4100000, 0x00000000c4100000| Untracked 
|  16|0x00000000c4200000, 0x00000000c4200000, 0x00000000c4300000|  0%| F|  |TAMS 0x00000000c4200000, 0x00000000c4200000| Untracked 
|  17|0x00000000c4300000, 0x00000000c4300000, 0x00000000c4400000|  0%| F|  |TAMS 0x00000000c4300000, 0x00000000c4300000| Untracked 
|  18|0x00000000c4400000, 0x00000000c4400000, 0x00000000c4500000|  0%| F|  |TAMS 0x00000000c4400000, 0x00000000c4400000| Untracked 
|  19|0x00000000c4500000, 0x00000000c4500000, 0x00000000c4600000|  0%| F|  |TAMS 0x00000000c4500000, 0x00000000c4500000| Untracked 
|  20|0x00000000c4600000, 0x00000000c4600000, 0x00000000c4700000|  0%| F|  |TAMS 0x00000000c4600000, 0x00000000c4600000| Untracked 
|  21|0x00000000c4700000, 0x00000000c4700000, 0x00000000c4800000|  0%| F|  |TAMS 0x00000000c4700000, 0x00000000c4700000| Untracked 
|  22|0x00000000c4800000, 0x00000000c4800000, 0x00000000c4900000|  0%| F|  |TAMS 0x00000000c4800000, 0x00000000c4800000| Untracked 
|  23|0x00000000c4900000, 0x00000000c4900000, 0x00000000c4a00000|  0%| F|  |TAMS 0x00000000c4900000, 0x00000000c4900000| Untracked 
|  24|0x00000000c4a00000, 0x00000000c4a00000, 0x00000000c4b00000|  0%| F|  |TAMS 0x00000000c4a00000, 0x00000000c4a00000| Untracked 
|  25|0x00000000c4b00000, 0x00000000c4b00000, 0x00000000c4c00000|  0%| F|  |TAMS 0x00000000c4b00000, 0x00000000c4b00000| Untracked 
|  26|0x00000000c4c00000, 0x00000000c4c00000, 0x00000000c4d00000|  0%| F|  |TAMS 0x00000000c4c00000, 0x00000000c4c00000| Untracked 
|  27|0x00000000c4d00000, 0x00000000c4d00000, 0x00000000c4e00000|  0%| F|  |TAMS 0x00000000c4d00000, 0x00000000c4d00000| Untracked 
|  28|0x00000000c4e00000, 0x00000000c4e00000, 0x00000000c4f00000|  0%| F|  |TAMS 0x00000000c4e00000, 0x00000000c4e00000| Untracked 
|  29|0x00000000c4f00000, 0x00000000c4f00000, 0x00000000c5000000|  0%| F|  |TAMS 0x00000000c4f00000, 0x00000000c4f00000| Untracked 
|  30|0x00000000c5000000, 0x00000000c5000000, 0x00000000c5100000|  0%| F|  |TAMS 0x00000000c5000000, 0x00000000c5000000| Untracked 
|  31|0x00000000c5100000, 0x00000000c5100000, 0x00000000c5200000|  0%| F|  |TAMS 0x00000000c5100000, 0x00000000c5100000| Untracked 
|  32|0x00000000c5200000, 0x00000000c5200000, 0x00000000c5300000|  0%| F|  |TAMS 0x00000000c5200000, 0x00000000c5200000| Untracked 
|  33|0x00000000c5300000, 0x00000000c5300000, 0x00000000c5400000|  0%| F|  |TAMS 0x00000000c5300000, 0x00000000c5300000| Untracked 
|  34|0x00000000c5400000, 0x00000000c5400000, 0x00000000c5500000|  0%| F|  |TAMS 0x00000000c5400000, 0x00000000c5400000| Untracked 
|  35|0x00000000c5500000, 0x00000000c5500000, 0x00000000c5600000|  0%| F|  |TAMS 0x00000000c5500000, 0x00000000c5500000| Untracked 
|  36|0x00000000c5600000, 0x00000000c5600000, 0x00000000c5700000|  0%| F|  |TAMS 0x00000000c5600000, 0x00000000c5600000| Untracked 
|  37|0x00000000c5700000, 0x00000000c5700000, 0x00000000c5800000|  0%| F|  |TAMS 0x00000000c5700000, 0x00000000c5700000| Untracked 
|  38|0x00000000c5800000, 0x00000000c5800000, 0x00000000c5900000|  0%| F|  |TAMS 0x00000000c5800000, 0x00000000c5800000| Untracked 
|  39|0x00000000c5900000, 0x00000000c5900000, 0x00000000c5a00000|  0%| F|  |TAMS 0x00000000c5900000, 0x00000000c5900000| Untracked 
|  40|0x00000000c5a00000, 0x00000000c5a00000, 0x00000000c5b00000|  0%| F|  |TAMS 0x00000000c5a00000, 0x00000000c5a00000| Untracked 
|  41|0x00000000c5b00000, 0x00000000c5b00000, 0x00000000c5c00000|  0%| F|  |TAMS 0x00000000c5b00000, 0x00000000c5b00000| Untracked 
|  42|0x00000000c5c00000, 0x00000000c5c00000, 0x00000000c5d00000|  0%| F|  |TAMS 0x00000000c5c00000, 0x00000000c5c00000| Untracked 
|  43|0x00000000c5d00000, 0x00000000c5d00000, 0x00000000c5e00000|  0%| F|  |TAMS 0x00000000c5d00000, 0x00000000c5d00000| Untracked 
|  44|0x00000000c5e00000, 0x00000000c5e00000, 0x00000000c5f00000|  0%| F|  |TAMS 0x00000000c5e00000, 0x00000000c5e00000| Untracked 
|  45|0x00000000c5f00000, 0x00000000c5f00000, 0x00000000c6000000|  0%| F|  |TAMS 0x00000000c5f00000, 0x00000000c5f00000| Untracked 
|  46|0x00000000c6000000, 0x00000000c6000000, 0x00000000c6100000|  0%| F|  |TAMS 0x00000000c6000000, 0x00000000c6000000| Untracked 
|  47|0x00000000c6100000, 0x00000000c6100000, 0x00000000c6200000|  0%| F|  |TAMS 0x00000000c6100000, 0x00000000c6100000| Untracked 
|  48|0x00000000c6200000, 0x00000000c6200000, 0x00000000c6300000|  0%| F|  |TAMS 0x00000000c6200000, 0x00000000c6200000| Untracked 
|  49|0x00000000c6300000, 0x00000000c6300000, 0x00000000c6400000|  0%| F|  |TAMS 0x00000000c6300000, 0x00000000c6300000| Untracked 
|  50|0x00000000c6400000, 0x00000000c6400000, 0x00000000c6500000|  0%| F|  |TAMS 0x00000000c6400000, 0x00000000c6400000| Untracked 
|  51|0x00000000c6500000, 0x00000000c6500000, 0x00000000c6600000|  0%| F|  |TAMS 0x00000000c6500000, 0x00000000c6500000| Untracked 
|  52|0x00000000c6600000, 0x00000000c6600000, 0x00000000c6700000|  0%| F|  |TAMS 0x00000000c6600000, 0x00000000c6600000| Untracked 
|  53|0x00000000c6700000, 0x00000000c6700000, 0x00000000c6800000|  0%| F|  |TAMS 0x00000000c6700000, 0x00000000c6700000| Untracked 
|  54|0x00000000c6800000, 0x00000000c6800000, 0x00000000c6900000|  0%| F|  |TAMS 0x00000000c6800000, 0x00000000c6800000| Untracked 
|  55|0x00000000c6900000, 0x00000000c6900000, 0x00000000c6a00000|  0%| F|  |TAMS 0x00000000c6900000, 0x00000000c6900000| Untracked 
|  56|0x00000000c6a00000, 0x00000000c6a00000, 0x00000000c6b00000|  0%| F|  |TAMS 0x00000000c6a00000, 0x00000000c6a00000| Untracked 
|  57|0x00000000c6b00000, 0x00000000c6b6c100, 0x00000000c6c00000| 42%| E|  |TAMS 0x00000000c6b00000, 0x00000000c6b00000| Complete 
|  58|0x00000000c6c00000, 0x00000000c6d00000, 0x00000000c6d00000|100%| E|CS|TAMS 0x00000000c6c00000, 0x00000000c6c00000| Complete 
|  59|0x00000000c6d00000, 0x00000000c6e00000, 0x00000000c6e00000|100%| E|CS|TAMS 0x00000000c6d00000, 0x00000000c6d00000| Complete 
|  60|0x00000000c6e00000, 0x00000000c6f00000, 0x00000000c6f00000|100%| E|CS|TAMS 0x00000000c6e00000, 0x00000000c6e00000| Complete 
|  61|0x00000000c6f00000, 0x00000000c7000000, 0x00000000c7000000|100%| E|CS|TAMS 0x00000000c6f00000, 0x00000000c6f00000| Complete 

Card table byte_map: [0x00007ff5be8c2000,0x00007ff5beaa9000] _byte_map_base: 0x00007ff5be2a9000

Marking Bits (Prev, Next): (CMBitMap*) 0x00007ff5b80632d0, (CMBitMap*) 0x00007ff5b8063310
 Prev Bits: [0x00007ff5bd7a3000, 0x00007ff5be6db000)
 Next Bits: [0x00007ff5bc86b000, 0x00007ff5bd7a3000)

Polling page: 0x00007ff5c0c66000

Metaspace:

Usage:
  Non-class:      7,83 MB used.
      Class:    797,90 KB used.
       Both:      8,61 MB used.

Virtual space:
  Non-class space:       16,00 MB reserved,       7,88 MB ( 49%) committed,  2 nodes.
      Class space:        1,00 GB reserved,     832,00 KB ( <1%) committed,  1 nodes.
             Both:        1,02 GB reserved,       8,69 MB ( <1%) committed. 

Chunk freelists:
   Non-Class:  3,97 MB
       Class:  3,20 MB
        Both:  7,16 MB

MaxMetaspaceSize: unlimited
CompressedClassSpaceSize: 1,00 GB
Initial GC threshold: 21,00 MB
Current GC threshold: 21,00 MB
CDS: off
MetaspaceReclaimPolicy: balanced
 - commit_granule_bytes: 65536.
 - commit_granule_words: 8192.
 - virtual_space_node_default_size: 1048576.
 - enlarge_chunks_in_place: 1.
 - new_chunks_are_fully_committed: 0.
 - uncommit_free_chunks: 1.
 - use_allocation_guard: 0.
 - handle_deallocations: 1.


Internal statistics:

num_allocs_failed_limit: 0.
num_arena_births: 24.
num_arena_deaths: 0.
num_vsnodes_births: 3.
num_vsnodes_deaths: 0.
num_space_committed: 139.
num_space_uncommitted: 0.
num_chunks_returned_to_freelist: 0.
num_chunks_taken_from_freelist: 61.
num_chunk_merges: 0.
num_chunk_splits: 32.
num_chunks_enlarged: 22.
num_purges: 0.
num_inconsistent_stats: 0.

CodeHeap 'non-profiled nmethods': size=120032Kb used=102Kb max_used=102Kb free=119929Kb
 bounds [0x00007ff5ad469000, 0x00007ff5ad6d9000, 0x00007ff5b49a1000]
CodeHeap 'profiled nmethods': size=120028Kb used=424Kb max_used=424Kb free=119603Kb
 bounds [0x00007ff5a5f32000, 0x00007ff5a61a2000, 0x00007ff5ad469000]
CodeHeap 'non-nmethods': size=5700Kb used=1137Kb max_used=1151Kb free=4562Kb
 bounds [0x00007ff5a59a1000, 0x00007ff5a5c11000, 0x00007ff5a5f32000]
 total_blobs=750 nmethods=334 adapters=330
 compilation: enabled
              stopped_count=0, restarted_count=0
 full_count=0

Compilation events (20 events):
Event: 0,340 Thread 0x00007ff5b8171520  320       3       jdk.internal.org.objectweb.asm.Frame::push (109 bytes)
Event: 0,340 Thread 0x00007ff5b8171520 nmethod 320 0x00007ff5a5f98690 code [0x00007ff5a5f98860, 0x00007ff5a5f98dc0]
Event: 0,340 Thread 0x00007ff5b8171520  321       3       jdk.internal.org.objectweb.asm.Frame::merge (317 bytes)
Event: 0,340 Thread 0x00007ff5b8171520 nmethod 321 0x00007ff5a5f98f90 code [0x00007ff5a5f991c0, 0x00007ff5a5f99b40]
Event: 0,340 Thread 0x00007ff5b8171520  326       3       jdk.internal.org.objectweb.asm.MethodWriter::visitInsn (115 bytes)
Event: 0,340 Thread 0x00007ff5b8171520 nmethod 326 0x00007ff5a5f99d10 code [0x00007ff5a5f99f00, 0x00007ff5a5f9a2e0]
Event: 0,340 Thread 0x00007ff5b8171520  328       3       jdk.internal.org.objectweb.asm.Frame::pop (44 bytes)
Event: 0,340 Thread 0x00007ff5b8171520 nmethod 328 0x00007ff5a5f9a490 code [0x00007ff5a5f9a640, 0x00007ff5a5f9a7d0]
Event: 0,340 Thread 0x00007ff5b8171520  322       1       jdk.internal.org.objectweb.asm.SymbolTable::getMajorVersion (5 bytes)
Event: 0,340 Thread 0x00007ff5b8171520 nmethod 322 0x00007ff5ad482210 code [0x00007ff5ad4823a0, 0x00007ff5ad482470]
Event: 0,340 Thread 0x00007ff5b8171520  327       3       jdk.internal.org.objectweb.asm.Label::getCanonicalInstance (19 bytes)
Event: 0,340 Thread 0x00007ff5b8171520 nmethod 327 0x00007ff5a5f9a890 code [0x00007ff5a5f9aa20, 0x00007ff5a5f9ab90]
Event: 0,340 Thread 0x00007ff5b8171520  318       3       jdk.internal.org.objectweb.asm.ByteVector::put122 (93 bytes)
Event: 0,341 Thread 0x00007ff5b8171520 nmethod 318 0x00007ff5a5f9ac90 code [0x00007ff5a5f9ae40, 0x00007ff5a5f9b0c0]
Event: 0,341 Thread 0x00007ff5b8171520  330       1       java.lang.reflect.Method::getReturnType (5 bytes)
Event: 0,341 Thread 0x00007ff5b8171520 nmethod 330 0x00007ff5ad482510 code [0x00007ff5ad4826a0, 0x00007ff5ad482770]
Event: 0,342 Thread 0x00007ff5b8171520  333       1       java.net.URL::getUserInfo (5 bytes)
Event: 0,342 Thread 0x00007ff5b8171520 nmethod 333 0x00007ff5ad482810 code [0x00007ff5ad4829a0, 0x00007ff5ad482a70]
Event: 0,342 Thread 0x00007ff5b8171520  334       3       sun.net.www.ParseUtil::firstEncodeIndex (86 bytes)
Event: 0,342 Thread 0x00007ff5b8171520 nmethod 334 0x00007ff5a5f9b290 code [0x00007ff5a5f9b4e0, 0x00007ff5a5f9bea0]

GC Heap History (0 events):
No events

Dll operation events (5 events):
Event: 0,004 Loaded shared library /snap/eclipse/66/plugins/org.eclipse.justj.openjdk.hotspot.jre.full.linux.x86_64_17.0.5.v20221102-0933/jre/lib/libjava.so
Event: 0,109 Loaded shared library /snap/eclipse/66/plugins/org.eclipse.justj.openjdk.hotspot.jre.full.linux.x86_64_17.0.5.v20221102-0933/jre/lib/libnio.so
Event: 0,120 Loaded shared library /snap/eclipse/66/plugins/org.eclipse.justj.openjdk.hotspot.jre.full.linux.x86_64_17.0.5.v20221102-0933/jre/lib/libzip.so
Event: 0,180 Loaded shared library /snap/eclipse/66/plugins/org.eclipse.justj.openjdk.hotspot.jre.full.linux.x86_64_17.0.5.v20221102-0933/jre/lib/libjimage.so
Event: 0,240 Loaded shared library /home/pfr/.cache/JNA/temp/jna7036786942419048394.tmp

Deoptimization events (0 events):
No events

Classes unloaded (0 events):
No events

Classes redefined (0 events):
No events

Internal exceptions (7 events):
Event: 0,277 Thread 0x00007ff5b8025d60 Exception <a 'java/lang/NoSuchMethodError'{0x00000000c6ddaec8}: 'java.lang.Object java.lang.invoke.DirectMethodHandle$Holder.invokeStaticInit(java.lang.Object)'> (0x00000000c6ddaec8) 
thrown [src/hotspot/share/interpreter/linkResolver.cpp, line 758]
Event: 0,282 Thread 0x00007ff5b8025d60 Exception <a 'java/lang/NoSuchMethodError'{0x00000000c6de4c18}: 'java.lang.Object java.lang.invoke.DirectMethodHandle$Holder.invokeStaticInit(java.lang.Object, java.lang.Object, long, java.lang.Object)'> (0x00000000c6de4c18) 
thrown [src/hotspot/share/interpreter/linkResolver.cpp, line 758]
Event: 0,284 Thread 0x00007ff5b8025d60 Exception <a 'java/lang/NoSuchMethodError'{0x00000000c6deb520}: 'java.lang.Object java.lang.invoke.DirectMethodHandle$Holder.newInvokeSpecial(java.lang.Object, java.lang.Object, long)'> (0x00000000c6deb520) 
thrown [src/hotspot/share/interpreter/linkResolver.cpp, line 758]
Event: 0,285 Thread 0x00007ff5b8025d60 Exception <a 'java/lang/NoSuchMethodError'{0x00000000c6defa68}: 'java.lang.Object java.lang.invoke.Invokers$Holder.linkToTargetMethod(java.lang.Object, long, java.lang.Object)'> (0x00000000c6defa68) 
thrown [src/hotspot/share/interpreter/linkResolver.cpp, line 758]
Event: 0,289 Thread 0x00007ff5b8025d60 Exception <a 'java/lang/NoSuchMethodError'{0x00000000c6df7fc8}: 'java.lang.Object java.lang.invoke.DirectMethodHandle$Holder.newInvokeSpecial(java.lang.Object, java.lang.Object, java.lang.Object, int)'> (0x00000000c6df7fc8) 
thrown [src/hotspot/share/interpreter/linkResolver.cpp, line 758]
Event: 0,290 Thread 0x00007ff5b8025d60 Exception <a 'java/lang/NoSuchMethodError'{0x00000000c6dfc3a8}: 'java.lang.Object java.lang.invoke.DirectMethodHandle$Holder.invokeSpecial(java.lang.Object, java.lang.Object, java.lang.Object, java.lang.Object, int)'> (0x00000000c6dfc3a8) 
thrown [src/hotspot/share/interpreter/linkResolver.cpp, line 758]
Event: 0,290 Thread 0x00007ff5b8025d60 Exception <a 'java/lang/NoSuchMethodError'{0x00000000c6c001b0}: 'java.lang.Object java.lang.invoke.Invokers$Holder.linkToTargetMethod(java.lang.Object, java.lang.Object, int, java.lang.Object)'> (0x00000000c6c001b0) 
thrown [src/hotspot/share/interpreter/linkResolver.cpp, line 758]

VM Operations (4 events):
Event: 0,124 Executing VM operation: HandshakeAllThreads
Event: 0,125 Executing VM operation: HandshakeAllThreads done
Event: 0,262 Executing VM operation: HandshakeAllThreads
Event: 0,262 Executing VM operation: HandshakeAllThreads done

Events (20 events):
Event: 0,326 loading class java/lang/reflect/ProxyGenerator
Event: 0,327 loading class java/lang/reflect/ProxyGenerator done
Event: 0,327 loading class java/lang/reflect/ProxyGenerator$ProxyMethod
Event: 0,327 loading class java/lang/reflect/ProxyGenerator$ProxyMethod done
Event: 0,329 loading class java/lang/reflect/ProxyGenerator$PrimitiveTypeInfo
Event: 0,329 loading class java/lang/reflect/ProxyGenerator$PrimitiveTypeInfo done
Event: 0,329 loading class jdk/internal/org/objectweb/asm/Edge
Event: 0,329 loading class jdk/internal/org/objectweb/asm/Edge done
Event: 0,337 loading class java/lang/reflect/UndeclaredThrowableException
Event: 0,337 loading class java/lang/reflect/UndeclaredThrowableException done
Event: 0,338 loading class java/lang/reflect/Proxy$ProxyBuilder$1
Event: 0,338 loading class java/lang/reflect/Proxy$ProxyBuilder$1 done
Event: 0,339 loading class java/lang/AssertionError
Event: 0,339 loading class java/lang/AssertionError done
Event: 0,340 loading class java/lang/reflect/TypeVariable
Event: 0,340 loading class java/lang/reflect/TypeVariable done
Event: 0,340 loading class java/lang/reflect/AnnotatedType
Event: 0,340 loading class java/lang/reflect/AnnotatedType done
Event: 0,340 loading class java/lang/TypeNotPresentException
Event: 0,340 loading class java/lang/TypeNotPresentException done


Dynamic libraries:
c3200000-c7000000 rw-p 00000000 00:00 0 
c7000000-100000000 ---p 00000000 00:00 0 
100000000-100020000 rw-p 00000000 00:00 0 
100020000-100040000 rw-p 00000000 00:00 0 
100040000-1000c0000 rw-p 00000000 00:00 0 
1000c0000-1000d0000 rw-p 00000000 00:00 0 
1000d0000-140000000 ---p 00000000 00:00 0 
556913919000-55691391a000 r--p 00000000 07:09 932                        /snap/eclipse/66/plugins/org.eclipse.justj.openjdk.hotspot.jre.full.linux.x86_64_17.0.5.v20221102-0933/jre/bin/java
55691391a000-55691391b000 r-xp 00001000 07:09 932                        /snap/eclipse/66/plugins/org.eclipse.justj.openjdk.hotspot.jre.full.linux.x86_64_17.0.5.v20221102-0933/jre/bin/java
55691391b000-55691391c000 r--p 00002000 07:09 932                        /snap/eclipse/66/plugins/org.eclipse.justj.openjdk.hotspot.jre.full.linux.x86_64_17.0.5.v20221102-0933/jre/bin/java
55691391c000-55691391d000 r--p 00002000 07:09 932                        /snap/eclipse/66/plugins/org.eclipse.justj.openjdk.hotspot.jre.full.linux.x86_64_17.0.5.v20221102-0933/jre/bin/java
55691391d000-55691391e000 rw-p 00003000 07:09 932                        /snap/eclipse/66/plugins/org.eclipse.justj.openjdk.hotspot.jre.full.linux.x86_64_17.0.5.v20221102-0933/jre/bin/java
5569154be000-556915506000 rw-p 00000000 00:00 0                          [heap]
7ff550000000-7ff550021000 rw-p 00000000 00:00 0 
7ff550021000-7ff554000000 ---p 00000000 00:00 0 
7ff557400000-7ff557410000 rw-p 00000000 00:00 0 
7ff557410000-7ff557c00000 ---p 00000000 00:00 0 
7ff558000000-7ff558021000 rw-p 00000000 00:00 0 
7ff558021000-7ff55c000000 ---p 00000000 00:00 0 
7ff55c000000-7ff55c021000 rw-p 00000000 00:00 0 
7ff55c021000-7ff560000000 ---p 00000000 00:00 0 
7ff560000000-7ff560021000 rw-p 00000000 00:00 0 
7ff560021000-7ff564000000 ---p 00000000 00:00 0 
7ff564000000-7ff564021000 rw-p 00000000 00:00 0 
7ff564021000-7ff568000000 ---p 00000000 00:00 0 
7ff568000000-7ff56817a000 rw-p 00000000 00:00 0 
7ff56817a000-7ff56c000000 ---p 00000000 00:00 0 
7ff56c000000-7ff56c021000 rw-p 00000000 00:00 0 
7ff56c021000-7ff570000000 ---p 00000000 00:00 0 
7ff570000000-7ff570021000 rw-p 00000000 00:00 0 
7ff570021000-7ff574000000 ---p 00000000 00:00 0 
7ff574000000-7ff57418f000 rw-p 00000000 00:00 0 
7ff57418f000-7ff578000000 ---p 00000000 00:00 0 
7ff578000000-7ff578021000 rw-p 00000000 00:00 0 
7ff578021000-7ff57c000000 ---p 00000000 00:00 0 
7ff57c000000-7ff57c021000 rw-p 00000000 00:00 0 
7ff57c021000-7ff580000000 ---p 00000000 00:00 0 
7ff580000000-7ff580021000 rw-p 00000000 00:00 0 
7ff580021000-7ff584000000 ---p 00000000 00:00 0 
7ff584000000-7ff584021000 rw-p 00000000 00:00 0 
7ff584021000-7ff588000000 ---p 00000000 00:00 0 
7ff588000000-7ff588021000 rw-p 00000000 00:00 0 
7ff588021000-7ff58c000000 ---p 00000000 00:00 0 
7ff58c000000-7ff58c021000 rw-p 00000000 00:00 0 
7ff58c021000-7ff590000000 ---p 00000000 00:00 0 
7ff590000000-7ff590021000 rw-p 00000000 00:00 0 
7ff590021000-7ff594000000 ---p 00000000 00:00 0 
7ff594a00000-7ff594a1e000 r-xp 00000000 08:03 672747                     /home/pfr/.cache/JNA/temp/jna7036786942419048394.tmp (deleted)
7ff594a1e000-7ff594c1d000 ---p 0001e000 08:03 672747                     /home/pfr/.cache/JNA/temp/jna7036786942419048394.tmp (deleted)
7ff594c1d000-7ff594c1e000 rw-p 0001d000 08:03 672747                     /home/pfr/.cache/JNA/temp/jna7036786942419048394.tmp (deleted)
7ff594c1e000-7ff594c1f000 rw-p 00000000 00:00 0 
7ff594e00000-7ff595eb6000 r--p 00000000 08:03 136397                     /usr/lib/locale/locale-archive
7ff595f00000-7ff595f04000 ---p 00000000 00:00 0 
7ff595f04000-7ff598000000 rw-p 00000000 00:00 0 
7ff598000000-7ff598021000 rw-p 00000000 00:00 0 
7ff598021000-7ff59c000000 ---p 00000000 00:00 0 
7ff59c000000-7ff59c021000 rw-p 00000000 00:00 0 
7ff59c021000-7ff5a0000000 ---p 00000000 00:00 0 
7ff5a0000000-7ff5a0021000 rw-p 00000000 00:00 0 
7ff5a0021000-7ff5a4000000 ---p 00000000 00:00 0 
7ff5a40fe000-7ff5a4102000 ---p 00000000 00:00 0 
7ff5a4102000-7ff5a41fe000 rw-p 00000000 00:00 0 
7ff5a41fe000-7ff5a41ff000 ---p 00000000 00:00 0 
7ff5a41ff000-7ff5a4300000 rw-p 00000000 00:00 0 
7ff5a4300000-7ff5a4304000 ---p 00000000 00:00 0 
7ff5a4304000-7ff5a4400000 rw-p 00000000 00:00 0 
7ff5a4400000-7ff5a4404000 ---p 00000000 00:00 0 
7ff5a4404000-7ff5a4500000 rw-p 00000000 00:00 0 
7ff5a4500000-7ff5a4504000 ---p 00000000 00:00 0 
7ff5a4504000-7ff5a4600000 rw-p 00000000 00:00 0 
7ff5a4600000-7ff5a4604000 ---p 00000000 00:00 0 
7ff5a4604000-7ff5a4700000 rw-p 00000000 00:00 0 
7ff5a4700000-7ff5a4704000 ---p 00000000 00:00 0 
7ff5a4704000-7ff5a4800000 rw-p 00000000 00:00 0 
7ff5a4800000-7ff5a4804000 ---p 00000000 00:00 0 
7ff5a4804000-7ff5a4900000 rw-p 00000000 00:00 0 
7ff5a4900000-7ff5a4904000 ---p 00000000 00:00 0 
7ff5a4904000-7ff5a4a00000 rw-p 00000000 00:00 0 
7ff5a4a00000-7ff5a4a04000 ---p 00000000 00:00 0 
7ff5a4a04000-7ff5a4b00000 rw-p 00000000 00:00 0 
7ff5a4b00000-7ff5a4b04000 ---p 00000000 00:00 0 
7ff5a4b04000-7ff5a5000000 rw-p 00000000 00:00 0 
7ff5a5000000-7ff5a5040000 rw-p 00000000 00:00 0 
7ff5a5040000-7ff5a5080000 rw-p 00000000 00:00 0 
7ff5a5080000-7ff5a5100000 rw-p 00000000 00:00 0 
7ff5a5100000-7ff5a5300000 rw-p 00000000 00:00 0 
7ff5a5300000-7ff5a5350000 rw-p 00000000 00:00 0 
7ff5a5350000-7ff5a5380000 ---p 00000000 00:00 0 
7ff5a5380000-7ff5a5400000 rw-p 00000000 00:00 0 
7ff5a5401000-7ff5a5408000 r--s 00000000 08:03 656382                     /usr/lib/x86_64-linux-gnu/gconv/gconv-modules.cache
7ff5a5408000-7ff5a540a000 r--p 00000000 08:03 671778                     /home/pfr/pfr_code/image/src/libImage.so
7ff5a540a000-7ff5a540f000 r-xp 00002000 08:03 671778                     /home/pfr/pfr_code/image/src/libImage.so
7ff5a540f000-7ff5a5410000 r--p 00007000 08:03 671778                     /home/pfr/pfr_code/image/src/libImage.so
7ff5a5410000-7ff5a5411000 r--p 00007000 08:03 671778                     /home/pfr/pfr_code/image/src/libImage.so
7ff5a5411000-7ff5a5412000 rw-p 00008000 08:03 671778                     /home/pfr/pfr_code/image/src/libImage.so
7ff5a5412000-7ff5a5416000 ---p 00000000 00:00 0 
7ff5a5416000-7ff5a5465000 rw-p 00000000 00:00 0 
7ff5a5465000-7ff5a5469000 r--p 00000000 07:09 1330                       /snap/eclipse/66/plugins/org.eclipse.justj.openjdk.hotspot.jre.full.linux.x86_64_17.0.5.v20221102-0933/jre/lib/libnet.so
7ff5a5469000-7ff5a5477000 r-xp 00004000 07:09 1330                       /snap/eclipse/66/plugins/org.eclipse.justj.openjdk.hotspot.jre.full.linux.x86_64_17.0.5.v20221102-0933/jre/lib/libnet.so
7ff5a5477000-7ff5a547b000 r--p 00012000 07:09 1330                       /snap/eclipse/66/plugins/org.eclipse.justj.openjdk.hotspot.jre.full.linux.x86_64_17.0.5.v20221102-0933/jre/lib/libnet.so
7ff5a547b000-7ff5a547c000 r--p 00015000 07:09 1330                       /snap/eclipse/66/plugins/org.eclipse.justj.openjdk.hotspot.jre.full.linux.x86_64_17.0.5.v20221102-0933/jre/lib/libnet.so
7ff5a547c000-7ff5a547d000 rw-p 00016000 07:09 1330                       /snap/eclipse/66/plugins/org.eclipse.justj.openjdk.hotspot.jre.full.linux.x86_64_17.0.5.v20221102-0933/jre/lib/libnet.so
7ff5a547d000-7ff5a547e000 ---p 00000000 00:00 0 
7ff5a547e000-7ff5a569c000 rw-p 00000000 00:00 0 
7ff5a569c000-7ff5a569d000 ---p 00000000 00:00 0 
7ff5a569d000-7ff5a579e000 rw-p 00000000 00:00 0 
7ff5a579e000-7ff5a579f000 ---p 00000000 00:00 0 
7ff5a579f000-7ff5a59a1000 rw-p 00000000 00:00 0 
7ff5a59a1000-7ff5a5c11000 rwxp 00000000 00:00 0 
7ff5a5c11000-7ff5a5f32000 ---p 00000000 00:00 0 
7ff5a5f32000-7ff5a61a2000 rwxp 00000000 00:00 0 
7ff5a61a2000-7ff5ad469000 ---p 00000000 00:00 0 
7ff5ad469000-7ff5ad6d9000 rwxp 00000000 00:00 0 
7ff5ad6d9000-7ff5b49a1000 ---p 00000000 00:00 0 
7ff5b49a1000-7ff5b8000000 r--s 00000000 07:09 1339                       /snap/eclipse/66/plugins/org.eclipse.justj.openjdk.hotspot.jre.full.linux.x86_64_17.0.5.v20221102-0933/jre/lib/modules
7ff5b8000000-7ff5b9349000 rw-p 00000000 00:00 0 
7ff5b9349000-7ff5bc000000 ---p 00000000 00:00 0 
7ff5bc000000-7ff5bc007000 r--p 00000000 07:09 1331                       /snap/eclipse/66/plugins/org.eclipse.justj.openjdk.hotspot.jre.full.linux.x86_64_17.0.5.v20221102-0933/jre/lib/libnio.so
7ff5bc007000-7ff5bc010000 r-xp 00007000 07:09 1331                       /snap/eclipse/66/plugins/org.eclipse.justj.openjdk.hotspot.jre.full.linux.x86_64_17.0.5.v20221102-0933/jre/lib/libnio.so
7ff5bc010000-7ff5bc014000 r--p 00010000 07:09 1331                       /snap/eclipse/66/plugins/org.eclipse.justj.openjdk.hotspot.jre.full.linux.x86_64_17.0.5.v20221102-0933/jre/lib/libnio.so
7ff5bc014000-7ff5bc015000 ---p 00014000 07:09 1331                       /snap/eclipse/66/plugins/org.eclipse.justj.openjdk.hotspot.jre.full.linux.x86_64_17.0.5.v20221102-0933/jre/lib/libnio.so
7ff5bc015000-7ff5bc016000 r--p 00014000 07:09 1331                       /snap/eclipse/66/plugins/org.eclipse.justj.openjdk.hotspot.jre.full.linux.x86_64_17.0.5.v20221102-0933/jre/lib/libnio.so
7ff5bc016000-7ff5bc017000 rw-p 00015000 07:09 1331                       /snap/eclipse/66/plugins/org.eclipse.justj.openjdk.hotspot.jre.full.linux.x86_64_17.0.5.v20221102-0933/jre/lib/libnio.so
7ff5bc017000-7ff5bc019000 r--p 00000000 07:09 1338                       /snap/eclipse/66/plugins/org.eclipse.justj.openjdk.hotspot.jre.full.linux.x86_64_17.0.5.v20221102-0933/jre/lib/libzip.so
7ff5bc019000-7ff5bc01d000 r-xp 00002000 07:09 1338                       /snap/eclipse/66/plugins/org.eclipse.justj.openjdk.hotspot.jre.full.linux.x86_64_17.0.5.v20221102-0933/jre/lib/libzip.so
7ff5bc01d000-7ff5bc01f000 r--p 00006000 07:09 1338                       /snap/eclipse/66/plugins/org.eclipse.justj.openjdk.hotspot.jre.full.linux.x86_64_17.0.5.v20221102-0933/jre/lib/libzip.so
7ff5bc01f000-7ff5bc020000 r--p 00007000 07:09 1338                       /snap/eclipse/66/plugins/org.eclipse.justj.openjdk.hotspot.jre.full.linux.x86_64_17.0.5.v20221102-0933/jre/lib/libzip.so
7ff5bc020000-7ff5bc021000 rw-p 00008000 07:09 1338                       /snap/eclipse/66/plugins/org.eclipse.justj.openjdk.hotspot.jre.full.linux.x86_64_17.0.5.v20221102-0933/jre/lib/libzip.so
7ff5bc021000-7ff5bc526000 rw-p 00000000 00:00 0 
7ff5bc526000-7ff5bc527000 ---p 00000000 00:00 0 
7ff5bc527000-7ff5bc628000 rw-p 00000000 00:00 0 
7ff5bc628000-7ff5bc629000 ---p 00000000 00:00 0 
7ff5bc629000-7ff5bc72a000 rw-p 00000000 00:00 0 
7ff5bc72a000-7ff5bc72b000 ---p 00000000 00:00 0 
7ff5bc72b000-7ff5bc963000 rw-p 00000000 00:00 0 
7ff5bc963000-7ff5bd7a3000 ---p 00000000 00:00 0 
7ff5bd7a3000-7ff5bd89b000 rw-p 00000000 00:00 0 
7ff5bd89b000-7ff5be6db000 ---p 00000000 00:00 0 
7ff5be6db000-7ff5be6fa000 rw-p 00000000 00:00 0 
7ff5be6fa000-7ff5be8c2000 ---p 00000000 00:00 0 
7ff5be8c2000-7ff5be8e1000 rw-p 00000000 00:00 0 
7ff5be8e1000-7ff5beaa9000 ---p 00000000 00:00 0 
7ff5beaa9000-7ff5beac8000 rw-p 00000000 00:00 0 
7ff5beac8000-7ff5bec90000 ---p 00000000 00:00 0 
7ff5bec90000-7ff5bf29b000 rw-p 00000000 00:00 0 
7ff5bf29b000-7ff5bf381000 ---p 00000000 00:00 0 
7ff5bf381000-7ff5bf386000 rw-p 00000000 00:00 0 
7ff5bf386000-7ff5bf46c000 ---p 00000000 00:00 0 
7ff5bf46c000-7ff5bf471000 rw-p 00000000 00:00 0 
7ff5bf471000-7ff5bf478000 ---p 00000000 00:00 0 
7ff5bf478000-7ff5bf485000 r--p 00000000 07:09 1317                       /snap/eclipse/66/plugins/org.eclipse.justj.openjdk.hotspot.jre.full.linux.x86_64_17.0.5.v20221102-0933/jre/lib/libjava.so
7ff5bf485000-7ff5bf497000 r-xp 0000d000 07:09 1317                       /snap/eclipse/66/plugins/org.eclipse.justj.openjdk.hotspot.jre.full.linux.x86_64_17.0.5.v20221102-0933/jre/lib/libjava.so
7ff5bf497000-7ff5bf49d000 r--p 0001f000 07:09 1317                       /snap/eclipse/66/plugins/org.eclipse.justj.openjdk.hotspot.jre.full.linux.x86_64_17.0.5.v20221102-0933/jre/lib/libjava.so
7ff5bf49d000-7ff5bf49e000 ---p 00025000 07:09 1317                       /snap/eclipse/66/plugins/org.eclipse.justj.openjdk.hotspot.jre.full.linux.x86_64_17.0.5.v20221102-0933/jre/lib/libjava.so
7ff5bf49e000-7ff5bf49f000 r--p 00025000 07:09 1317                       /snap/eclipse/66/plugins/org.eclipse.justj.openjdk.hotspot.jre.full.linux.x86_64_17.0.5.v20221102-0933/jre/lib/libjava.so
7ff5bf49f000-7ff5bf4a0000 rw-p 00026000 07:09 1317                       /snap/eclipse/66/plugins/org.eclipse.justj.openjdk.hotspot.jre.full.linux.x86_64_17.0.5.v20221102-0933/jre/lib/libjava.so
7ff5bf4a0000-7ff5bf4a1000 rw-p 00000000 00:00 0 
7ff5bf4a1000-7ff5bf4a5000 r--p 00000000 07:09 1321                       /snap/eclipse/66/plugins/org.eclipse.justj.openjdk.hotspot.jre.full.linux.x86_64_17.0.5.v20221102-0933/jre/lib/libjimage.so
7ff5bf4a5000-7ff5bf4b8000 r-xp 00004000 07:09 1321                       /snap/eclipse/66/plugins/org.eclipse.justj.openjdk.hotspot.jre.full.linux.x86_64_17.0.5.v20221102-0933/jre/lib/libjimage.so
7ff5bf4b8000-7ff5bf4be000 r--p 00017000 07:09 1321                       /snap/eclipse/66/plugins/org.eclipse.justj.openjdk.hotspot.jre.full.linux.x86_64_17.0.5.v20221102-0933/jre/lib/libjimage.so
7ff5bf4be000-7ff5bf4c0000 r--p 0001c000 07:09 1321                       /snap/eclipse/66/plugins/org.eclipse.justj.openjdk.hotspot.jre.full.linux.x86_64_17.0.5.v20221102-0933/jre/lib/libjimage.so
7ff5bf4c0000-7ff5bf4c1000 rw-p 0001e000 07:09 1321                       /snap/eclipse/66/plugins/org.eclipse.justj.openjdk.hotspot.jre.full.linux.x86_64_17.0.5.v20221102-0933/jre/lib/libjimage.so
7ff5bf4c1000-7ff5bf713000 r--p 00000000 07:09 1349                       /snap/eclipse/66/plugins/org.eclipse.justj.openjdk.hotspot.jre.full.linux.x86_64_17.0.5.v20221102-0933/jre/lib/server/libjvm.so
7ff5bf713000-7ff5c042c000 r-xp 00252000 07:09 1349                       /snap/eclipse/66/plugins/org.eclipse.justj.openjdk.hotspot.jre.full.linux.x86_64_17.0.5.v20221102-0933/jre/lib/server/libjvm.so
7ff5c042c000-7ff5c06b7000 r--p 00f6b000 07:09 1349                       /snap/eclipse/66/plugins/org.eclipse.justj.openjdk.hotspot.jre.full.linux.x86_64_17.0.5.v20221102-0933/jre/lib/server/libjvm.so
7ff5c06b7000-7ff5c06b8000 ---p 011f6000 07:09 1349                       /snap/eclipse/66/plugins/org.eclipse.justj.openjdk.hotspot.jre.full.linux.x86_64_17.0.5.v20221102-0933/jre/lib/server/libjvm.so
7ff5c06b8000-7ff5c0771000 r--p 011f6000 07:09 1349                       /snap/eclipse/66/plugins/org.eclipse.justj.openjdk.hotspot.jre.full.linux.x86_64_17.0.5.v20221102-0933/jre/lib/server/libjvm.so
7ff5c0771000-7ff5c07a6000 rw-p 012af000 07:09 1349                       /snap/eclipse/66/plugins/org.eclipse.justj.openjdk.hotspot.jre.full.linux.x86_64_17.0.5.v20221102-0933/jre/lib/server/libjvm.so
7ff5c07a6000-7ff5c0800000 rw-p 00000000 00:00 0 
7ff5c0800000-7ff5c0828000 r--p 00000000 08:03 137192                     /usr/lib/x86_64-linux-gnu/libc.so.6
7ff5c0828000-7ff5c09bd000 r-xp 00028000 08:03 137192                     /usr/lib/x86_64-linux-gnu/libc.so.6
7ff5c09bd000-7ff5c0a15000 r--p 001bd000 08:03 137192                     /usr/lib/x86_64-linux-gnu/libc.so.6
7ff5c0a15000-7ff5c0a19000 r--p 00214000 08:03 137192                     /usr/lib/x86_64-linux-gnu/libc.so.6
7ff5c0a19000-7ff5c0a1b000 rw-p 00218000 08:03 137192                     /usr/lib/x86_64-linux-gnu/libc.so.6
7ff5c0a1b000-7ff5c0a28000 rw-p 00000000 00:00 0 
7ff5c0a2e000-7ff5c0a32000 ---p 00000000 00:00 0 
7ff5c0a32000-7ff5c0b2e000 rw-p 00000000 00:00 0 
7ff5c0b2e000-7ff5c0b3c000 r--p 00000000 08:03 137843                     /usr/lib/x86_64-linux-gnu/libm.so.6
7ff5c0b3c000-7ff5c0bb8000 r-xp 0000e000 08:03 137843                     /usr/lib/x86_64-linux-gnu/libm.so.6
7ff5c0bb8000-7ff5c0c13000 r--p 0008a000 08:03 137843                     /usr/lib/x86_64-linux-gnu/libm.so.6
7ff5c0c13000-7ff5c0c14000 r--p 000e4000 08:03 137843                     /usr/lib/x86_64-linux-gnu/libm.so.6
7ff5c0c14000-7ff5c0c15000 rw-p 000e5000 08:03 137843                     /usr/lib/x86_64-linux-gnu/libm.so.6
7ff5c0c15000-7ff5c0c16000 r--p 00000000 08:03 138168                     /usr/lib/x86_64-linux-gnu/librt.so.1
7ff5c0c16000-7ff5c0c17000 r-xp 00001000 08:03 138168                     /usr/lib/x86_64-linux-gnu/librt.so.1
7ff5c0c17000-7ff5c0c18000 r--p 00002000 08:03 138168                     /usr/lib/x86_64-linux-gnu/librt.so.1
7ff5c0c18000-7ff5c0c19000 r--p 00002000 08:03 138168                     /usr/lib/x86_64-linux-gnu/librt.so.1
7ff5c0c19000-7ff5c0c1a000 rw-p 00003000 08:03 138168                     /usr/lib/x86_64-linux-gnu/librt.so.1
7ff5c0c1a000-7ff5c0c1f000 rw-p 00000000 00:00 0 
7ff5c0c1f000-7ff5c0c20000 r--p 00000000 08:03 137334                     /usr/lib/x86_64-linux-gnu/libdl.so.2
7ff5c0c20000-7ff5c0c21000 r-xp 00001000 08:03 137334                     /usr/lib/x86_64-linux-gnu/libdl.so.2
7ff5c0c21000-7ff5c0c22000 r--p 00002000 08:03 137334                     /usr/lib/x86_64-linux-gnu/libdl.so.2
7ff5c0c22000-7ff5c0c23000 r--p 00002000 08:03 137334                     /usr/lib/x86_64-linux-gnu/libdl.so.2
7ff5c0c23000-7ff5c0c24000 rw-p 00003000 08:03 137334                     /usr/lib/x86_64-linux-gnu/libdl.so.2
7ff5c0c24000-7ff5c0c25000 r--p 00000000 08:03 138112                     /usr/lib/x86_64-linux-gnu/libpthread.so.0
7ff5c0c25000-7ff5c0c26000 r-xp 00001000 08:03 138112                     /usr/lib/x86_64-linux-gnu/libpthread.so.0
7ff5c0c26000-7ff5c0c27000 r--p 00002000 08:03 138112                     /usr/lib/x86_64-linux-gnu/libpthread.so.0
7ff5c0c27000-7ff5c0c28000 r--p 00002000 08:03 138112                     /usr/lib/x86_64-linux-gnu/libpthread.so.0
7ff5c0c28000-7ff5c0c29000 rw-p 00003000 08:03 138112                     /usr/lib/x86_64-linux-gnu/libpthread.so.0
7ff5c0c29000-7ff5c0c2c000 r--p 00000000 07:09 1322                       /snap/eclipse/66/plugins/org.eclipse.justj.openjdk.hotspot.jre.full.linux.x86_64_17.0.5.v20221102-0933/jre/lib/libjli.so
7ff5c0c2c000-7ff5c0c36000 r-xp 00003000 07:09 1322                       /snap/eclipse/66/plugins/org.eclipse.justj.openjdk.hotspot.jre.full.linux.x86_64_17.0.5.v20221102-0933/jre/lib/libjli.so
7ff5c0c36000-7ff5c0c39000 r--p 0000d000 07:09 1322                       /snap/eclipse/66/plugins/org.eclipse.justj.openjdk.hotspot.jre.full.linux.x86_64_17.0.5.v20221102-0933/jre/lib/libjli.so
7ff5c0c39000-7ff5c0c3a000 ---p 00010000 07:09 1322                       /snap/eclipse/66/plugins/org.eclipse.justj.openjdk.hotspot.jre.full.linux.x86_64_17.0.5.v20221102-0933/jre/lib/libjli.so
7ff5c0c3a000-7ff5c0c3b000 r--p 00010000 07:09 1322                       /snap/eclipse/66/plugins/org.eclipse.justj.openjdk.hotspot.jre.full.linux.x86_64_17.0.5.v20221102-0933/jre/lib/libjli.so
7ff5c0c3b000-7ff5c0c3c000 rw-p 00011000 07:09 1322                       /snap/eclipse/66/plugins/org.eclipse.justj.openjdk.hotspot.jre.full.linux.x86_64_17.0.5.v20221102-0933/jre/lib/libjli.so
7ff5c0c3c000-7ff5c0c3e000 r--p 00000000 08:03 131946                     /usr/lib/x86_64-linux-gnu/libz.so.1.2.11
7ff5c0c3e000-7ff5c0c4f000 r-xp 00002000 08:03 131946                     /usr/lib/x86_64-linux-gnu/libz.so.1.2.11
7ff5c0c4f000-7ff5c0c55000 r--p 00013000 08:03 131946                     /usr/lib/x86_64-linux-gnu/libz.so.1.2.11
7ff5c0c55000-7ff5c0c56000 ---p 00019000 08:03 131946                     /usr/lib/x86_64-linux-gnu/libz.so.1.2.11
7ff5c0c56000-7ff5c0c57000 r--p 00019000 08:03 131946                     /usr/lib/x86_64-linux-gnu/libz.so.1.2.11
7ff5c0c57000-7ff5c0c58000 rw-p 0001a000 08:03 131946                     /usr/lib/x86_64-linux-gnu/libz.so.1.2.11
7ff5c0c5e000-7ff5c0c66000 rw-s 00000000 08:03 393412                     /tmp/hsperfdata_pfr/10888
7ff5c0c66000-7ff5c0c67000 ---p 00000000 00:00 0 
7ff5c0c67000-7ff5c0c68000 r--p 00000000 00:00 0 
7ff5c0c68000-7ff5c0c6a000 rw-p 00000000 00:00 0 
7ff5c0c6a000-7ff5c0c6c000 r--p 00000000 08:03 136855                     /usr/lib/x86_64-linux-gnu/ld-linux-x86-64.so.2
7ff5c0c6c000-7ff5c0c96000 r-xp 00002000 08:03 136855                     /usr/lib/x86_64-linux-gnu/ld-linux-x86-64.so.2
7ff5c0c96000-7ff5c0ca1000 r--p 0002c000 08:03 136855                     /usr/lib/x86_64-linux-gnu/ld-linux-x86-64.so.2
7ff5c0ca1000-7ff5c0ca2000 ---p 00000000 00:00 0 
7ff5c0ca2000-7ff5c0ca4000 r--p 00037000 08:03 136855                     /usr/lib/x86_64-linux-gnu/ld-linux-x86-64.so.2
7ff5c0ca4000-7ff5c0ca6000 rw-p 00039000 08:03 136855                     /usr/lib/x86_64-linux-gnu/ld-linux-x86-64.so.2
7ffcdf84e000-7ffcdf86f000 rw-p 00000000 00:00 0                          [stack]
7ffcdf912000-7ffcdf916000 r--p 00000000 00:00 0                          [vvar]
7ffcdf916000-7ffcdf918000 r-xp 00000000 00:00 0                          [vdso]
ffffffffff600000-ffffffffff601000 --xp 00000000 00:00 0                  [vsyscall]


VM Arguments:
jvm_args: -Dfile.encoding=UTF-8 -XX:+ShowCodeDetailsInExceptionMessages 
java_command: test.TestJNA
java_class_path (initial): /home/pfr/pfr_code/PFR_Java/bin:/home/pfr/Téléchargements/jar_files/jna-5.13.0.jar
Launcher Type: SUN_STANDARD

[Global flags]
     intx CICompilerCount                          = 3                                         {product} {ergonomic}
     uint ConcGCThreads                            = 2                                         {product} {ergonomic}
     uint G1ConcRefinementThreads                  = 6                                         {product} {ergonomic}
   size_t G1HeapRegionSize                         = 1048576                                   {product} {ergonomic}
    uintx GCDrainStackTargetSize                   = 64                                        {product} {ergonomic}
   size_t InitialHeapSize                          = 65011712                                  {product} {ergonomic}
   size_t MarkStackSize                            = 4194304                                   {product} {ergonomic}
   size_t MaxHeapSize                              = 1021313024                                {product} {ergonomic}
   size_t MaxNewSize                               = 612368384                                 {product} {ergonomic}
   size_t MinHeapDeltaBytes                        = 1048576                                   {product} {ergonomic}
   size_t MinHeapSize                              = 8388608                                   {product} {ergonomic}
    uintx NonNMethodCodeHeapSize                   = 5832780                                {pd product} {ergonomic}
    uintx NonProfiledCodeHeapSize                  = 122912730                              {pd product} {ergonomic}
    uintx ProfiledCodeHeapSize                     = 122912730                              {pd product} {ergonomic}
    uintx ReservedCodeCacheSize                    = 251658240                              {pd product} {ergonomic}
     bool SegmentedCodeCache                       = true                                      {product} {ergonomic}
     bool ShowCodeDetailsInExceptionMessages       = true                                   {manageable} {command line}
   size_t SoftMaxHeapSize                          = 1021313024                             {manageable} {ergonomic}
     bool UseCompressedClassPointers               = true                           {product lp64_product} {ergonomic}
     bool UseCompressedOops                        = true                           {product lp64_product} {ergonomic}
     bool UseG1GC                                  = true                                      {product} {ergonomic}

Logging:
Log output configuration:
 #0: stdout all=warning uptime,level,tags
 #1: stderr all=off uptime,level,tags

Environment Variables:
PATH=/usr/local/sbin:/usr/local/bin:/usr/sbin:/usr/bin:/sbin:/bin:/usr/games:/usr/local/games:/snap/bin:/snap/bin
USERNAME=pfr
SHELL=/bin/bash
DISPLAY=:0
LANG=fr_FR.UTF-8
LC_NUMERIC=sv_SE.UTF-8
LC_TIME=sv_SE.UTF-8

Signal Handlers:
   SIGSEGV: crash_handler in libjvm.so, mask=11100100010111111101111111111110, flags=SA_RESTART|SA_SIGINFO
    SIGBUS: crash_handler in libjvm.so, mask=11100100010111111101111111111110, flags=SA_RESTART|SA_SIGINFO
    SIGFPE: crash_handler in libjvm.so, mask=11100100010111111101111111111110, flags=SA_RESTART|SA_SIGINFO
   SIGPIPE: javaSignalHandler in libjvm.so, mask=11100100010111111101111111111110, flags=SA_RESTART|SA_SIGINFO
   SIGXFSZ: javaSignalHandler in libjvm.so, mask=11100100010111111101111111111110, flags=SA_RESTART|SA_SIGINFO
    SIGILL: crash_handler in libjvm.so, mask=11100100010111111101111111111110, flags=SA_RESTART|SA_SIGINFO
   SIGUSR2: SR_handler in libjvm.so, mask=00100000000000000000000000000000, flags=SA_RESTART|SA_SIGINFO
    SIGHUP: UserHandler in libjvm.so, mask=11100100010111111101111111111110, flags=SA_RESTART|SA_SIGINFO
    SIGINT: UserHandler in libjvm.so, mask=11100100010111111101111111111110, flags=SA_RESTART|SA_SIGINFO
   SIGTERM: UserHandler in libjvm.so, mask=11100100010111111101111111111110, flags=SA_RESTART|SA_SIGINFO
   SIGQUIT: UserHandler in libjvm.so, mask=11100100010111111101111111111110, flags=SA_RESTART|SA_SIGINFO
  *** Handler was modified!
  *** Expected: javaSignalHandler in libjvm.so, mask=11100100110111111111111111111110, flags=SA_RESTART|SA_SIGINFO
   SIGTRAP: crash_handler in libjvm.so, mask=11100100010111111101111111111110, flags=SA_RESTART|SA_SIGINFO


---------------  S Y S T E M  ---------------

OS:
DISTRIB_ID=Ubuntu
DISTRIB_RELEASE=22.04
DISTRIB_CODENAME=jammy
DISTRIB_DESCRIPTION="Ubuntu 22.04.2 LTS"
uname: Linux 5.19.0-35-generic #36~22.04.1-Ubuntu SMP PREEMPT_DYNAMIC Fri Feb 17 15:17:25 UTC 2 x86_64
OS uptime: 0 days 1:33 hours
libc: glibc 2.35 NPTL 2.35 
rlimit (soft/hard): STACK 8192k/infinity , CORE 0k/infinity , NPROC 15243/15243 , NOFILE 1048576/1048576 , AS infinity/infinity , CPU infinity/infinity , DATA infinity/infinity , FSIZE infinity/infinity , MEMLOCK 497764k/497764k
load average: 0,98 0,96 0,99

/proc/meminfo:
MemTotal:        3982132 kB
MemFree:          104456 kB
MemAvailable:     511504 kB
Buffers:           19464 kB
Cached:           670960 kB
SwapCached:        49448 kB
Active:          1110364 kB
Inactive:        1244504 kB
Active(anon):     703644 kB
Inactive(anon):  1065056 kB
Active(file):     406720 kB
Inactive(file):   179448 kB
Unevictable:          96 kB
Mlocked:              96 kB
SwapTotal:       2097148 kB
SwapFree:         804104 kB
Zswap:                 0 kB
Zswapped:              0 kB
Dirty:               440 kB
Writeback:             0 kB
AnonPages:       1617856 kB
Mapped:           388140 kB
Shmem:            104072 kB
KReclaimable:      67044 kB
Slab:             634948 kB
SReclaimable:      67044 kB
SUnreclaim:       567904 kB
KernelStack:       20256 kB
PageTables:        40356 kB
NFS_Unstable:          0 kB
Bounce:                0 kB
WritebackTmp:          0 kB
CommitLimit:     4088212 kB
Committed_AS:    9634456 kB
VmallocTotal:   34359738367 kB
VmallocUsed:      575780 kB
VmallocChunk:          0 kB
Percpu:           128512 kB
HardwareCorrupted:     0 kB
AnonHugePages:         0 kB
ShmemHugePages:        0 kB
ShmemPmdMapped:        0 kB
FileHugePages:         0 kB
FilePmdMapped:         0 kB
HugePages_Total:       0
HugePages_Free:        0
HugePages_Rsvd:        0
HugePages_Surp:        0
Hugepagesize:       2048 kB
Hugetlb:               0 kB
DirectMap4k:      327488 kB
DirectMap2M:     3866624 kB
DirectMap1G:     2097152 kB

/sys/kernel/mm/transparent_hugepage/enabled: always [madvise] never
/sys/kernel/mm/transparent_hugepage/defrag (defrag/compaction efforts parameter): always defer defer+madvise [madvise] never

Process Memory:
Virtual Size: 3827516K (peak: 3880820K)
Resident Set Size: 69664K (peak: 69664K) (anon: 43832K, file: 25832K, shmem: 0K)
Swapped out: 0K
C-Heap outstanding allocations: 40769K, retained: 2278K
glibc malloc tunables: (default)

/proc/sys/kernel/threads-max (system-wide limit on the number of threads): 30487
/proc/sys/vm/max_map_count (maximum number of memory map areas a process may have): 65530
/proc/sys/kernel/pid_max (system-wide limit on number of process identifiers): 4194304

container (cgroup) information:
container_type: cgroupv2
cpu_cpuset_cpus: not supported
cpu_memory_nodes: not supported
active_processor_count: 6
cpu_quota: not supported
cpu_period: not supported
cpu_shares: not supported
memory_limit_in_bytes: unlimited
memory_and_swap_limit_in_bytes: unlimited
memory_soft_limit_in_bytes: unlimited
memory_usage_in_bytes: 1045756 k
memory_max_usage_in_bytes: not supported
maximum number of tasks: 4573
current number of tasks: 143

VMWare virtualization detected
Steal ticks since vm start: 0
Steal ticks percentage since vm start:  0,000

CPU: total 6 (initial active 6) (3 cores per cpu, 1 threads per core) family 6 model 140 stepping 1 microcode 0x86, cx8, cmov, fxsr, mmx, 3dnowpref, sse, sse2, sse3, ssse3, sse4.1, sse4.2, popcnt, lzcnt, tsc, tscinvbit, avx, avx2, aes, erms, clmul, bmi1, bmi2, adx, avx512f, avx512dq, avx512cd, avx512bw, avx512vl, sha, fma, vzeroupper, avx512_vpopcntdq, avx512_vpclmulqdq, avx512_vaes, avx512_vnni, clflush, clflushopt, clwb, avx512_vbmi2, avx512_vbmi, hv
CPU Model and flags from /proc/cpuinfo:
model name	: 11th Gen Intel(R) Core(TM) i7-11370H @ 3.30GHz
flags		: fpu vme de pse tsc msr pae mce cx8 apic sep mtrr pge mca cmov pat pse36 clflush mmx fxsr sse sse2 ss ht syscall nx pdpe1gb rdtscp lm constant_tsc arch_perfmon rep_good nopl xtopology tsc_reliable nonstop_tsc cpuid tsc_known_freq pni pclmulqdq ssse3 fma cx16 pcid sse4_1 sse4_2 x2apic movbe popcnt tsc_deadline_timer aes xsave avx f16c rdrand hypervisor lahf_lm abm 3dnowprefetch invpcid_single ssbd ibrs ibpb stibp ibrs_enhanced fsgsbase tsc_adjust bmi1 avx2 smep bmi2 erms invpcid avx512f avx512dq rdseed adx smap avx512ifma clflushopt clwb avx512cd sha_ni avx512bw avx512vl xsaveopt xsavec xgetbv1 xsaves arat avx512vbmi umip pku ospke avx512_vbmi2 gfni vaes vpclmulqdq avx512_vnni avx512_bitalg avx512_vpopcntdq rdpid movdiri movdir64b fsrm avx512_vp2intersect md_clear flush_l1d arch_capabilities

Online cpus: 0-5
Offline cpus: 6-127
BIOS frequency limitation: <Not Available>
Frequency switch latency (ns): <Not Available>
Available cpu frequencies: <Not Available>
Current governor: <Not Available>
Core performance/turbo boost: <Not Available>

Memory: 4k page, physical 3982132k(104456k free), swap 2097148k(804104k free)
Page Sizes: 4k

vm_info: OpenJDK 64-Bit Server VM (17.0.5+8) for linux-amd64 JRE (17.0.5+8), built on Oct 18 2022 00:00:00 by "temurin" with gcc 10.3.0

END.
