#
# A fatal error has been detected by the Java Runtime Environment:
#
#  SIGSEGV (0xb) at pc=0x00007fa9aebb2163, pid=10943, tid=10948
#
# JRE version: OpenJDK Runtime Environment Temurin-17.0.5+8 (17.0.5+8) (build 17.0.5+8)
# Java VM: OpenJDK 64-Bit Server VM Temurin-17.0.5+8 (17.0.5+8, mixed mode, tiered, compressed oops, compressed class ptrs, g1 gc, linux-amd64)
# Problematic frame:
# C  [libc.so.6+0x1b2163]
#
# Core dump will be written. Default location: Core dumps may be processed with "/usr/share/apport/apport -p%p -s%s -c%c -d%d -P%P -u%u -g%g -- %E" (or dumping to /home/pfr/pfr_code/PFR_Java/core.10943)
#
# If you would like to submit a bug report, please visit:
#   https://github.com/adoptium/adoptium-support/issues
# The crash happened outside the Java Virtual Machine in native code.
# See problematic frame for where to report the bug.
#

---------------  S U M M A R Y ------------

Command Line: -Dfile.encoding=UTF-8 -XX:+ShowCodeDetailsInExceptionMessages test.TestJNA

Host: 11th Gen Intel(R) Core(TM) i7-11370H @ 3.30GHz, 6 cores, 3G, Ubuntu 22.04.2 LTS
Time: Mon Mar 27 01:05:53 2023 CEST elapsed time: 0.693576 seconds (0d 0h 0m 0s)

---------------  T H R E A D  ---------------

Current thread (0x00007fa9a8025d60):  JavaThread "main" [_thread_in_native, id=10948, stack(0x00007fa9ad5c1000,0x00007fa9ad6c1000)]

Stack: [0x00007fa9ad5c1000,0x00007fa9ad6c1000],  sp=0x00007fa9ad6be7a8,  free space=1013k
Native frames: (J=compiled Java code, j=interpreted, Vv=VM code, C=native code)
C  [libc.so.6+0x1b2163]
C  [jna5098321019589304221.tmp+0x16052]

Java frames: (J=compiled Java code, j=interpreted, Vv=VM code)
j  com.sun.jna.Native.invokeVoid(Lcom/sun/jna/Function;JI[Ljava/lang/Object;)V+0
j  com.sun.jna.Function.invoke([Ljava/lang/Object;Ljava/lang/Class;ZI)Ljava/lang/Object;+42
j  com.sun.jna.Function.invoke(Ljava/lang/reflect/Method;[Ljava/lang/Class;Ljava/lang/Class;[Ljava/lang/Object;Ljava/util/Map;)Ljava/lang/Object;+271
j  com.sun.jna.Library$Handler.invoke(Ljava/lang/Object;Ljava/lang/reflect/Method;[Ljava/lang/Object;)Ljava/lang/Object;+390
j  jdk.proxy1.$Proxy0.recherchecouleur(IFLcom/sun/jna/Pointer;)V+30 jdk.proxy1
j  test.TestJNA.main([Ljava/lang/String;)V+19
v  ~StubRoutines::call_stub

siginfo: si_signo: 11 (SIGSEGV), si_code: 1 (SEGV_MAPERR), si_addr: 0x0000000000000000

Register to memory mapping:

RAX=0x0 is NULL
RBX=0x00007fa9ad6bed30 is pointing into the stack for thread: 0x00007fa9a8025d60
RCX=0x0000000000007fa9 is an unknown value
RDX=0x0000000000000002 is an unknown value
RSP=0x00007fa9ad6be7a8 is pointing into the stack for thread: 0x00007fa9a8025d60
RBP=0x00007fa9ad6bedb0 is pointing into the stack for thread: 0x00007fa9a8025d60
RSI=0x00007fa9ad6bed14 is pointing into the stack for thread: 0x00007fa9a8025d60
RDI=0x0 is NULL
R8 =0x00007fa9a813f4e0 points into unknown readable memory: 0x00007faefbad2488 | 88 24 ad fb ae 7f 00 00
R9 =0x0 is NULL
R10=0x00007fa9aea0adb8: <offset 0x000000000000adb8> in /lib/x86_64-linux-gnu/libc.so.6 at 0x00007fa9aea00000
R11=0x00007fa9aebb1dd0: <offset 0x00000000001b1dd0> in /lib/x86_64-linux-gnu/libc.so.6 at 0x00007fa9aea00000
R12=0x0000000000000032 is an unknown value
R13=0x0 is NULL
R14=0x0000000000000032 is an unknown value
R15=0x0 is NULL


Registers:
RAX=0x0000000000000000, RBX=0x00007fa9ad6bed30, RCX=0x0000000000007fa9, RDX=0x0000000000000002
RSP=0x00007fa9ad6be7a8, RBP=0x00007fa9ad6bedb0, RSI=0x00007fa9ad6bed14, RDI=0x0000000000000000
R8 =0x00007fa9a813f4e0, R9 =0x0000000000000000, R10=0x00007fa9aea0adb8, R11=0x00007fa9aebb1dd0
R12=0x0000000000000032, R13=0x0000000000000000, R14=0x0000000000000032, R15=0x0000000000000000
RIP=0x00007fa9aebb2163, EFLAGS=0x0000000000010202, CSGSFS=0x002b000000000033, ERR=0x0000000000000006
  TRAPNO=0x000000000000000e

Top of Stack: (sp=0x00007fa9ad6be7a8)
0x00007fa9ad6be7a8:   00007fa9aec30dff ffc0000000000bb9
0x00007fa9ad6be7b8:   00007478742e3130 0000000000000000
0x00007fa9ad6be7c8:   00009c4000000000 00000000ffc00000
0x00007fa9ad6be7d8:   0000000000000000 0000000000000000 

Instructions: (pc=0x00007fa9aebb2163)
0x00007fa9aebb2063:   fe 28 7f 1f 62 b3 7d 20 3f c2 00 c5 fb 93 d0 85
0x00007fa9aebb2073:   d2 75 6a 48 83 e6 e0 83 e1 1f e9 ae fd ff ff 66
0x00007fa9aebb2083:   66 2e 0f 1f 84 00 00 00 00 00 0f 1f 00 48 01 cf
0x00007fa9aebb2093:   48 01 ce 0f bc d2 83 fa 20 0f 83 3e 01 00 00 83
0x00007fa9aebb20a3:   fa 10 0f 83 05 01 00 00 83 fa 08 0f 83 dc 00 00
0x00007fa9aebb20b3:   00 83 fa 04 0f 83 c3 00 00 00 83 fa 03 0f 84 aa
0x00007fa9aebb20c3:   00 00 00 83 fa 01 0f 87 91 00 00 00 74 7f c6 07
0x00007fa9aebb20d3:   00 c3 66 66 2e 0f 1f 84 00 00 00 00 00 48 83 c6
0x00007fa9aebb20e3:   20 48 83 c7 20 eb ac 66 0f 1f 44 00 00 0f bc d2
0x00007fa9aebb20f3:   48 01 ce 83 c2 20 29 ca eb 9c 0f 1f 00 0f bc d2
0x00007fa9aebb2103:   eb 94 66 66 2e 0f 1f 84 00 00 00 00 00 0f bc d1
0x00007fa9aebb2113:   62 e1 fe 28 7f 27 48 83 c6 20 48 83 c7 20 e9 73
0x00007fa9aebb2123:   ff ff ff 66 2e 0f 1f 84 00 00 00 00 00 0f bc d2
0x00007fa9aebb2133:   62 e1 fe 28 7f 27 62 e1 fe 28 7f 6f 01 48 83 c6
0x00007fa9aebb2143:   40 48 83 c7 40 e9 4c ff ff ff 0f 1f 00 0f b7 16
0x00007fa9aebb2153:   66 89 17 c3 66 0f 1f 84 00 00 00 00 00 0f b7 0e
0x00007fa9aebb2163:   66 89 0f c6 47 02 00 c3 0f 1f 44 00 00 8b 16 89
0x00007fa9aebb2173:   17 c3 66 66 2e 0f 1f 84 00 00 00 00 00 8b 0e 89
0x00007fa9aebb2183:   0f 8b 4c 16 fd 89 4c 17 fd c3 0f 1f 00 48 8b 0e
0x00007fa9aebb2193:   4c 8b 4c 16 f9 48 89 0f 4c 89 4c 17 f9 c3 66 66
0x00007fa9aebb21a3:   2e 0f 1f 84 00 00 00 00 00 0f 1f 40 00 62 e1 fe
0x00007fa9aebb21b3:   08 6f 16 62 e1 fe 08 6f 9c 16 f1 ff ff ff 62 e1
0x00007fa9aebb21c3:   fe 08 7f 17 62 e1 fe 08 7f 9c 17 f1 ff ff ff c3
0x00007fa9aebb21d3:   66 66 2e 0f 1f 84 00 00 00 00 00 66 90 62 e1 fe
0x00007fa9aebb21e3:   28 6f 16 62 e1 fe 28 6f 9c 16 e1 ff ff ff 62 e1
0x00007fa9aebb21f3:   fe 28 7f 17 62 e1 fe 28 7f 9c 17 e1 ff ff ff c3
0x00007fa9aebb2203:   66 2e 0f 1f 84 00 00 00 00 00 66 2e 0f 1f 84 00
0x00007fa9aebb2213:   00 00 00 00 66 0f 1f 84 00 00 00 00 00 f3 0f 1e
0x00007fa9aebb2223:   fa 89 f8 62 a1 fd 00 ef c0 25 ff 0f 00 00 3d e0
0x00007fa9aebb2233:   0f 00 00 0f 87 34 01 00 00 62 f3 7d 20 3f 07 00
0x00007fa9aebb2243:   c5 fb 93 c0 85 c0 74 55 f3 0f bc c0 c3 f3 0f bc
0x00007fa9aebb2253:   c0 29 d7 8d 44 07 20 c3 0f 1f 44 00 00 f3 0f bc 


Stack slot to memory mapping:
stack at sp + 0 slots: 0x00007fa9aec30dff: recherchecouleur+0x00000000000002f4 in /home/pfr/pfr_code/image/src/libImage.so at 0x00007fa9aec2b000
stack at sp + 1 slots: 0xffc0000000000bb9 is an unknown value
stack at sp + 2 slots: 0x00007478742e3130 is an unknown value
stack at sp + 3 slots: 0x0 is NULL
stack at sp + 4 slots: 0x00009c4000000000 is an unknown value
stack at sp + 5 slots: 0x00000000ffc00000 is an unallocated location in the heap
stack at sp + 6 slots: 0x0 is NULL
stack at sp + 7 slots: 0x0 is NULL


---------------  P R O C E S S  ---------------

Threads class SMR info:
_java_thread_list=0x00007fa9a8325d50, length=13, elements={
0x00007fa9a8025d60, 0x00007fa9a81421c0, 0x00007fa9a8143810, 0x00007fa9a816c750,
0x00007fa9a816d5b0, 0x00007fa9a816e9c0, 0x00007fa9a8170040, 0x00007fa9a8171520,
0x00007fa9a81729b0, 0x00007fa9a82122a0, 0x00007fa9a8219980, 0x00007fa9a8331280,
0x00007fa9a8324370
}

Java Threads: ( => current thread )
=>0x00007fa9a8025d60 JavaThread "main" [_thread_in_native, id=10948, stack(0x00007fa9ad5c1000,0x00007fa9ad6c1000)]
  0x00007fa9a81421c0 JavaThread "Reference Handler" daemon [_thread_blocked, id=10955, stack(0x00007fa99150d000,0x00007fa99160d000)]
  0x00007fa9a8143810 JavaThread "Finalizer" daemon [_thread_blocked, id=10956, stack(0x00007fa99140d000,0x00007fa99150d000)]
  0x00007fa9a816c750 JavaThread "Signal Dispatcher" daemon [_thread_blocked, id=10957, stack(0x00007fa990b00000,0x00007fa990c00000)]
  0x00007fa9a816d5b0 JavaThread "Service Thread" daemon [_thread_blocked, id=10958, stack(0x00007fa990a00000,0x00007fa990b00000)]
  0x00007fa9a816e9c0 JavaThread "Monitor Deflation Thread" daemon [_thread_blocked, id=10959, stack(0x00007fa990900000,0x00007fa990a00000)]
  0x00007fa9a8170040 JavaThread "C2 CompilerThread0" daemon [_thread_blocked, id=10960, stack(0x00007fa990800000,0x00007fa990900000)]
  0x00007fa9a8171520 JavaThread "C1 CompilerThread0" daemon [_thread_blocked, id=10961, stack(0x00007fa990700000,0x00007fa990800000)]
  0x00007fa9a81729b0 JavaThread "Sweeper thread" daemon [_thread_blocked, id=10962, stack(0x00007fa990600000,0x00007fa990700000)]
  0x00007fa9a82122a0 JavaThread "Notification Thread" daemon [_thread_blocked, id=10963, stack(0x00007fa990500000,0x00007fa990600000)]
  0x00007fa9a8219980 JavaThread "Common-Cleaner" daemon [_thread_blocked, id=10965, stack(0x00007fa9902fe000,0x00007fa9903fe000)]
  0x00007fa9a8331280 JavaThread "process reaper" daemon [_thread_blocked, id=10967, stack(0x00007fa9902ab000,0x00007fa9902cd000)]
  0x00007fa9a8324370 JavaThread "JNA Cleaner" daemon [_thread_blocked, id=10968, stack(0x00007fa9901ab000,0x00007fa9902ab000)]

Other Threads:
  0x00007fa9a80f27e0 VMThread "VM Thread" [stack: 0x00007fa99160f000,0x00007fa99170f000] [id=10954]
  0x00007fa9a81a56c0 WatcherThread [stack: 0x00007fa990400000,0x00007fa990500000] [id=10964]
  0x00007fa9a8062850 GCTaskThread "GC Thread#0" [stack: 0x00007fa9ac730000,0x00007fa9ac830000] [id=10949]
  0x00007fa9a806b800 ConcurrentGCThread "G1 Main Marker" [stack: 0x00007fa9ac62e000,0x00007fa9ac72e000] [id=10950]
  0x00007fa9a806c760 ConcurrentGCThread "G1 Conc#0" [stack: 0x00007fa9ac52c000,0x00007fa9ac62c000] [id=10951]
  0x00007fa9a80b04e0 ConcurrentGCThread "G1 Refine#0" [stack: 0x00007fa991930000,0x00007fa991a30000] [id=10952]
  0x00007fa9a80b13d0 ConcurrentGCThread "G1 Service" [stack: 0x00007fa99182e000,0x00007fa99192e000] [id=10953]

Threads with active compile tasks:

VM state: not at safepoint (normal execution)

VM Mutex/Monitor currently owned by a thread: None

Heap address: 0x00000000c3200000, size: 974 MB, Compressed Oops mode: 32-bit

CDS archive(s) not mapped
Compressed class space mapped at: 0x0000000100000000-0x0000000140000000, reserved size: 1073741824
Narrow klass base: 0x0000000000000000, Narrow klass shift: 3, Narrow klass range: 0x140000000

GC Precious Log:
 CPUs: 6 total, 6 available
 Memory: 3888M
 Large Page Support: Disabled
 NUMA Support: Disabled
 Compressed Oops: Enabled (32-bit)
 Heap Region Size: 1M
 Heap Min Capacity: 8M
 Heap Initial Capacity: 62M
 Heap Max Capacity: 974M
 Pre-touch: Disabled
 Parallel Workers: 6
 Concurrent Workers: 2
 Concurrent Refinement Workers: 6
 Periodic GC: Disabled

Heap:
 garbage-first heap   total 63488K, used 4096K [0x00000000c3200000, 0x0000000100000000)
  region size 1024K, 5 young (5120K), 0 survivors (0K)
 Metaspace       used 8820K, committed 8960K, reserved 1064960K
  class space    used 797K, committed 832K, reserved 1048576K

Heap Regions: E=young(eden), S=young(survivor), O=old, HS=humongous(starts), HC=humongous(continues), CS=collection set, F=free, OA=open archive, CA=closed archive, TAMS=top-at-mark-start (previous, next)
|   0|0x00000000c3200000, 0x00000000c3200000, 0x00000000c3300000|  0%| F|  |TAMS 0x00000000c3200000, 0x00000000c3200000| Untracked 
|   1|0x00000000c3300000, 0x00000000c3300000, 0x00000000c3400000|  0%| F|  |TAMS 0x00000000c3300000, 0x00000000c3300000| Untracked 
|   2|0x00000000c3400000, 0x00000000c3400000, 0x00000000c3500000|  0%| F|  |TAMS 0x00000000c3400000, 0x00000000c3400000| Untracked 
|   3|0x00000000c3500000, 0x00000000c3500000, 0x00000000c3600000|  0%| F|  |TAMS 0x00000000c3500000, 0x00000000c3500000| Untracked 
|   4|0x00000000c3600000, 0x00000000c3600000, 0x00000000c3700000|  0%| F|  |TAMS 0x00000000c3600000, 0x00000000c3600000| Untracked 
|   5|0x00000000c3700000, 0x00000000c3700000, 0x00000000c3800000|  0%| F|  |TAMS 0x00000000c3700000, 0x00000000c3700000| Untracked 
|   6|0x00000000c3800000, 0x00000000c3800000, 0x00000000c3900000|  0%| F|  |TAMS 0x00000000c3800000, 0x00000000c3800000| Untracked 
|   7|0x00000000c3900000, 0x00000000c3900000, 0x00000000c3a00000|  0%| F|  |TAMS 0x00000000c3900000, 0x00000000c3900000| Untracked 
|   8|0x00000000c3a00000, 0x00000000c3a00000, 0x00000000c3b00000|  0%| F|  |TAMS 0x00000000c3a00000, 0x00000000c3a00000| Untracked 
|   9|0x00000000c3b00000, 0x00000000c3b00000, 0x00000000c3c00000|  0%| F|  |TAMS 0x00000000c3b00000, 0x00000000c3b00000| Untracked 
|  10|0x00000000c3c00000, 0x00000000c3c00000, 0x00000000c3d00000|  0%| F|  |TAMS 0x00000000c3c00000, 0x00000000c3c00000| Untracked 
|  11|0x00000000c3d00000, 0x00000000c3d00000, 0x00000000c3e00000|  0%| F|  |TAMS 0x00000000c3d00000, 0x00000000c3d00000| Untracked 
|  12|0x00000000c3e00000, 0x00000000c3e00000, 0x00000000c3f00000|  0%| F|  |TAMS 0x00000000c3e00000, 0x00000000c3e00000| Untracked 
|  13|0x00000000c3f00000, 0x00000000c3f00000, 0x00000000c4000000|  0%| F|  |TAMS 0x00000000c3f00000, 0x00000000c3f00000| Untracked 
|  14|0x00000000c4000000, 0x00000000c4000000, 0x00000000c4100000|  0%| F|  |TAMS 0x00000000c4000000, 0x00000000c4000000| Untracked 
|  15|0x00000000c4100000, 0x00000000c4100000, 0x00000000c4200000|  0%| F|  |TAMS 0x00000000c4100000, 0x00000000c4100000| Untracked 
|  16|0x00000000c4200000, 0x00000000c4200000, 0x00000000c4300000|  0%| F|  |TAMS 0x00000000c4200000, 0x00000000c4200000| Untracked 
|  17|0x00000000c4300000, 0x00000000c4300000, 0x00000000c4400000|  0%| F|  |TAMS 0x00000000c4300000, 0x00000000c4300000| Untracked 
|  18|0x00000000c4400000, 0x00000000c4400000, 0x00000000c4500000|  0%| F|  |TAMS 0x00000000c4400000, 0x00000000c4400000| Untracked 
|  19|0x00000000c4500000, 0x00000000c4500000, 0x00000000c4600000|  0%| F|  |TAMS 0x00000000c4500000, 0x00000000c4500000| Untracked 
|  20|0x00000000c4600000, 0x00000000c4600000, 0x00000000c4700000|  0%| F|  |TAMS 0x00000000c4600000, 0x00000000c4600000| Untracked 
|  21|0x00000000c4700000, 0x00000000c4700000, 0x00000000c4800000|  0%| F|  |TAMS 0x00000000c4700000, 0x00000000c4700000| Untracked 
|  22|0x00000000c4800000, 0x00000000c4800000, 0x00000000c4900000|  0%| F|  |TAMS 0x00000000c4800000, 0x00000000c4800000| Untracked 
|  23|0x00000000c4900000, 0x00000000c4900000, 0x00000000c4a00000|  0%| F|  |TAMS 0x00000000c4900000, 0x00000000c4900000| Untracked 
|  24|0x00000000c4a00000, 0x00000000c4a00000, 0x00000000c4b00000|  0%| F|  |TAMS 0x00000000c4a00000, 0x00000000c4a00000| Untracked 
|  25|0x00000000c4b00000, 0x00000000c4b00000, 0x00000000c4c00000|  0%| F|  |TAMS 0x00000000c4b00000, 0x00000000c4b00000| Untracked 
|  26|0x00000000c4c00000, 0x00000000c4c00000, 0x00000000c4d00000|  0%| F|  |TAMS 0x00000000c4c00000, 0x00000000c4c00000| Untracked 
|  27|0x00000000c4d00000, 0x00000000c4d00000, 0x00000000c4e00000|  0%| F|  |TAMS 0x00000000c4d00000, 0x00000000c4d00000| Untracked 
|  28|0x00000000c4e00000, 0x00000000c4e00000, 0x00000000c4f00000|  0%| F|  |TAMS 0x00000000c4e00000, 0x00000000c4e00000| Untracked 
|  29|0x00000000c4f00000, 0x00000000c4f00000, 0x00000000c5000000|  0%| F|  |TAMS 0x00000000c4f00000, 0x00000000c4f00000| Untracked 
|  30|0x00000000c5000000, 0x00000000c5000000, 0x00000000c5100000|  0%| F|  |TAMS 0x00000000c5000000, 0x00000000c5000000| Untracked 
|  31|0x00000000c5100000, 0x00000000c5100000, 0x00000000c5200000|  0%| F|  |TAMS 0x00000000c5100000, 0x00000000c5100000| Untracked 
|  32|0x00000000c5200000, 0x00000000c5200000, 0x00000000c5300000|  0%| F|  |TAMS 0x00000000c5200000, 0x00000000c5200000| Untracked 
|  33|0x00000000c5300000, 0x00000000c5300000, 0x00000000c5400000|  0%| F|  |TAMS 0x00000000c5300000, 0x00000000c5300000| Untracked 
|  34|0x00000000c5400000, 0x00000000c5400000, 0x00000000c5500000|  0%| F|  |TAMS 0x00000000c5400000, 0x00000000c5400000| Untracked 
|  35|0x00000000c5500000, 0x00000000c5500000, 0x00000000c5600000|  0%| F|  |TAMS 0x00000000c5500000, 0x00000000c5500000| Untracked 
|  36|0x00000000c5600000, 0x00000000c5600000, 0x00000000c5700000|  0%| F|  |TAMS 0x00000000c5600000, 0x00000000c5600000| Untracked 
|  37|0x00000000c5700000, 0x00000000c5700000, 0x00000000c5800000|  0%| F|  |TAMS 0x00000000c5700000, 0x00000000c5700000| Untracked 
|  38|0x00000000c5800000, 0x00000000c5800000, 0x00000000c5900000|  0%| F|  |TAMS 0x00000000c5800000, 0x00000000c5800000| Untracked 
|  39|0x00000000c5900000, 0x00000000c5900000, 0x00000000c5a00000|  0%| F|  |TAMS 0x00000000c5900000, 0x00000000c5900000| Untracked 
|  40|0x00000000c5a00000, 0x00000000c5a00000, 0x00000000c5b00000|  0%| F|  |TAMS 0x00000000c5a00000, 0x00000000c5a00000| Untracked 
|  41|0x00000000c5b00000, 0x00000000c5b00000, 0x00000000c5c00000|  0%| F|  |TAMS 0x00000000c5b00000, 0x00000000c5b00000| Untracked 
|  42|0x00000000c5c00000, 0x00000000c5c00000, 0x00000000c5d00000|  0%| F|  |TAMS 0x00000000c5c00000, 0x00000000c5c00000| Untracked 
|  43|0x00000000c5d00000, 0x00000000c5d00000, 0x00000000c5e00000|  0%| F|  |TAMS 0x00000000c5d00000, 0x00000000c5d00000| Untracked 
|  44|0x00000000c5e00000, 0x00000000c5e00000, 0x00000000c5f00000|  0%| F|  |TAMS 0x00000000c5e00000, 0x00000000c5e00000| Untracked 
|  45|0x00000000c5f00000, 0x00000000c5f00000, 0x00000000c6000000|  0%| F|  |TAMS 0x00000000c5f00000, 0x00000000c5f00000| Untracked 
|  46|0x00000000c6000000, 0x00000000c6000000, 0x00000000c6100000|  0%| F|  |TAMS 0x00000000c6000000, 0x00000000c6000000| Untracked 
|  47|0x00000000c6100000, 0x00000000c6100000, 0x00000000c6200000|  0%| F|  |TAMS 0x00000000c6100000, 0x00000000c6100000| Untracked 
|  48|0x00000000c6200000, 0x00000000c6200000, 0x00000000c6300000|  0%| F|  |TAMS 0x00000000c6200000, 0x00000000c6200000| Untracked 
|  49|0x00000000c6300000, 0x00000000c6300000, 0x00000000c6400000|  0%| F|  |TAMS 0x00000000c6300000, 0x00000000c6300000| Untracked 
|  50|0x00000000c6400000, 0x00000000c6400000, 0x00000000c6500000|  0%| F|  |TAMS 0x00000000c6400000, 0x00000000c6400000| Untracked 
|  51|0x00000000c6500000, 0x00000000c6500000, 0x00000000c6600000|  0%| F|  |TAMS 0x00000000c6500000, 0x00000000c6500000| Untracked 
|  52|0x00000000c6600000, 0x00000000c6600000, 0x00000000c6700000|  0%| F|  |TAMS 0x00000000c6600000, 0x00000000c6600000| Untracked 
|  53|0x00000000c6700000, 0x00000000c6700000, 0x00000000c6800000|  0%| F|  |TAMS 0x00000000c6700000, 0x00000000c6700000| Untracked 
|  54|0x00000000c6800000, 0x00000000c6800000, 0x00000000c6900000|  0%| F|  |TAMS 0x00000000c6800000, 0x00000000c6800000| Untracked 
|  55|0x00000000c6900000, 0x00000000c6900000, 0x00000000c6a00000|  0%| F|  |TAMS 0x00000000c6900000, 0x00000000c6900000| Untracked 
|  56|0x00000000c6a00000, 0x00000000c6a00000, 0x00000000c6b00000|  0%| F|  |TAMS 0x00000000c6a00000, 0x00000000c6a00000| Untracked 
|  57|0x00000000c6b00000, 0x00000000c6b6c068, 0x00000000c6c00000| 42%| E|  |TAMS 0x00000000c6b00000, 0x00000000c6b00000| Complete 
|  58|0x00000000c6c00000, 0x00000000c6d00000, 0x00000000c6d00000|100%| E|CS|TAMS 0x00000000c6c00000, 0x00000000c6c00000| Complete 
|  59|0x00000000c6d00000, 0x00000000c6e00000, 0x00000000c6e00000|100%| E|CS|TAMS 0x00000000c6d00000, 0x00000000c6d00000| Complete 
|  60|0x00000000c6e00000, 0x00000000c6f00000, 0x00000000c6f00000|100%| E|CS|TAMS 0x00000000c6e00000, 0x00000000c6e00000| Complete 
|  61|0x00000000c6f00000, 0x00000000c7000000, 0x00000000c7000000|100%| E|CS|TAMS 0x00000000c6f00000, 0x00000000c6f00000| Complete 

Card table byte_map: [0x00007fa9aca17000,0x00007fa9acbfe000] _byte_map_base: 0x00007fa9ac3fe000

Marking Bits (Prev, Next): (CMBitMap*) 0x00007fa9a80632d0, (CMBitMap*) 0x00007fa9a8063310
 Prev Bits: [0x00007fa994a69000, 0x00007fa9959a1000)
 Next Bits: [0x00007fa993b31000, 0x00007fa994a69000)

Polling page: 0x00007fa9aee22000

Metaspace:

Usage:
  Non-class:      7,83 MB used.
      Class:    797,90 KB used.
       Both:      8,61 MB used.

Virtual space:
  Non-class space:       16,00 MB reserved,       7,94 MB ( 50%) committed,  2 nodes.
      Class space:        1,00 GB reserved,     832,00 KB ( <1%) committed,  1 nodes.
             Both:        1,02 GB reserved,       8,75 MB ( <1%) committed. 

Chunk freelists:
   Non-Class:  3,97 MB
       Class:  3,20 MB
        Both:  7,16 MB

MaxMetaspaceSize: unlimited
CompressedClassSpaceSize: 1,00 GB
Initial GC threshold: 21,00 MB
Current GC threshold: 21,00 MB
CDS: off
MetaspaceReclaimPolicy: balanced
 - commit_granule_bytes: 65536.
 - commit_granule_words: 8192.
 - virtual_space_node_default_size: 1048576.
 - enlarge_chunks_in_place: 1.
 - new_chunks_are_fully_committed: 0.
 - uncommit_free_chunks: 1.
 - use_allocation_guard: 0.
 - handle_deallocations: 1.


Internal statistics:

num_allocs_failed_limit: 0.
num_arena_births: 24.
num_arena_deaths: 0.
num_vsnodes_births: 3.
num_vsnodes_deaths: 0.
num_space_committed: 140.
num_space_uncommitted: 0.
num_chunks_returned_to_freelist: 0.
num_chunks_taken_from_freelist: 61.
num_chunk_merges: 0.
num_chunk_splits: 32.
num_chunks_enlarged: 22.
num_purges: 0.
num_inconsistent_stats: 0.

CodeHeap 'non-profiled nmethods': size=120032Kb used=107Kb max_used=107Kb free=119924Kb
 bounds [0x00007fa99d469000, 0x00007fa99d6d9000, 0x00007fa9a49a1000]
CodeHeap 'profiled nmethods': size=120028Kb used=428Kb max_used=428Kb free=119599Kb
 bounds [0x00007fa995f32000, 0x00007fa9961a2000, 0x00007fa99d469000]
CodeHeap 'non-nmethods': size=5700Kb used=1137Kb max_used=1157Kb free=4562Kb
 bounds [0x00007fa9959a1000, 0x00007fa995c11000, 0x00007fa995f32000]
 total_blobs=745 nmethods=329 adapters=330
 compilation: enabled
              stopped_count=0, restarted_count=0
 full_count=0

Compilation events (20 events):
Event: 0,276 Thread 0x00007fa9a8171520 nmethod 322 0x00007fa995f9b090 code [0x00007fa995f9b220, 0x00007fa995f9b390]
Event: 0,276 Thread 0x00007fa9a8171520  315       3       jdk.internal.org.objectweb.asm.ByteVector::put122 (93 bytes)
Event: 0,276 Thread 0x00007fa9a8171520 nmethod 315 0x00007fa995f9b490 code [0x00007fa995f9b640, 0x00007fa995f9b8c0]
Event: 0,276 Thread 0x00007fa9a8171520  327       3       java.lang.PublicMethods$Key::matches (31 bytes)
Event: 0,276 Thread 0x00007fa9a8171520 nmethod 327 0x00007fa995f9ba90 code [0x00007fa995f9bc60, 0x00007fa995f9bfb0]
Event: 0,276 Thread 0x00007fa9a8171520  326       1       java.lang.reflect.Method::getReturnType (5 bytes)
Event: 0,276 Thread 0x00007fa9a8171520 nmethod 326 0x00007fa99d480090 code [0x00007fa99d480220, 0x00007fa99d4802f0]
Event: 0,279 Thread 0x00007fa9a8171520  328       1       java.net.URL::getUserInfo (5 bytes)
Event: 0,279 Thread 0x00007fa9a8171520 nmethod 328 0x00007fa99d480390 code [0x00007fa99d480520, 0x00007fa99d4805f0]
Event: 0,279 Thread 0x00007fa9a8171520  329       3       sun.net.www.ParseUtil::firstEncodeIndex (86 bytes)
Event: 0,279 Thread 0x00007fa9a8171520 nmethod 329 0x00007fa995f9c190 code [0x00007fa995f9c3e0, 0x00007fa995f9cda0]
Event: 0,281 Thread 0x00007fa9a8170040 nmethod 295% 0x00007fa99d480690 code [0x00007fa99d4808c0, 0x00007fa99d482200]
Event: 0,282 Thread 0x00007fa9a8170040  294 %     4       java.lang.StringUTF16::compress @ 3 (50 bytes)
Event: 0,284 Thread 0x00007fa9a8170040 nmethod 294% 0x00007fa99d482b10 code [0x00007fa99d482ca0, 0x00007fa99d483098]
Event: 0,284 Thread 0x00007fa9a8170040  287       4       java.lang.StringLatin1::lastIndexOf (40 bytes)
Event: 0,286 Thread 0x00007fa9a8170040 nmethod 287 0x00007fa99d483210 code [0x00007fa99d4833a0, 0x00007fa99d483518]
Event: 0,286 Thread 0x00007fa9a8170040  290       4       java.lang.StringLatin1::canEncode (13 bytes)
Event: 0,287 Thread 0x00007fa9a8170040 nmethod 290 0x00007fa99d483610 code [0x00007fa99d483780, 0x00007fa99d4837f8]
Event: 0,287 Thread 0x00007fa9a8170040  324       4       jdk.internal.org.objectweb.asm.SymbolTable::get (13 bytes)
Event: 0,287 Thread 0x00007fa9a8170040 nmethod 324 0x00007fa99d483910 code [0x00007fa99d483aa0, 0x00007fa99d483b78]

GC Heap History (0 events):
No events

Dll operation events (5 events):
Event: 0,002 Loaded shared library /snap/eclipse/66/plugins/org.eclipse.justj.openjdk.hotspot.jre.full.linux.x86_64_17.0.5.v20221102-0933/jre/lib/libjava.so
Event: 0,124 Loaded shared library /snap/eclipse/66/plugins/org.eclipse.justj.openjdk.hotspot.jre.full.linux.x86_64_17.0.5.v20221102-0933/jre/lib/libnio.so
Event: 0,132 Loaded shared library /snap/eclipse/66/plugins/org.eclipse.justj.openjdk.hotspot.jre.full.linux.x86_64_17.0.5.v20221102-0933/jre/lib/libzip.so
Event: 0,183 Loaded shared library /snap/eclipse/66/plugins/org.eclipse.justj.openjdk.hotspot.jre.full.linux.x86_64_17.0.5.v20221102-0933/jre/lib/libjimage.so
Event: 0,223 Loaded shared library /home/pfr/.cache/JNA/temp/jna5098321019589304221.tmp

Deoptimization events (0 events):
No events

Classes unloaded (0 events):
No events

Classes redefined (0 events):
No events

Internal exceptions (7 events):
Event: 0,238 Thread 0x00007fa9a8025d60 Exception <a 'java/lang/NoSuchMethodError'{0x00000000c6ddaec8}: 'java.lang.Object java.lang.invoke.DirectMethodHandle$Holder.invokeStaticInit(java.lang.Object)'> (0x00000000c6ddaec8) 
thrown [src/hotspot/share/interpreter/linkResolver.cpp, line 758]
Event: 0,240 Thread 0x00007fa9a8025d60 Exception <a 'java/lang/NoSuchMethodError'{0x00000000c6de4c18}: 'java.lang.Object java.lang.invoke.DirectMethodHandle$Holder.invokeStaticInit(java.lang.Object, java.lang.Object, long, java.lang.Object)'> (0x00000000c6de4c18) 
thrown [src/hotspot/share/interpreter/linkResolver.cpp, line 758]
Event: 0,240 Thread 0x00007fa9a8025d60 Exception <a 'java/lang/NoSuchMethodError'{0x00000000c6deb520}: 'java.lang.Object java.lang.invoke.DirectMethodHandle$Holder.newInvokeSpecial(java.lang.Object, java.lang.Object, long)'> (0x00000000c6deb520) 
thrown [src/hotspot/share/interpreter/linkResolver.cpp, line 758]
Event: 0,241 Thread 0x00007fa9a8025d60 Exception <a 'java/lang/NoSuchMethodError'{0x00000000c6defa68}: 'java.lang.Object java.lang.invoke.Invokers$Holder.linkToTargetMethod(java.lang.Object, long, java.lang.Object)'> (0x00000000c6defa68) 
thrown [src/hotspot/share/interpreter/linkResolver.cpp, line 758]
Event: 0,243 Thread 0x00007fa9a8025d60 Exception <a 'java/lang/NoSuchMethodError'{0x00000000c6df7fc8}: 'java.lang.Object java.lang.invoke.DirectMethodHandle$Holder.newInvokeSpecial(java.lang.Object, java.lang.Object, java.lang.Object, int)'> (0x00000000c6df7fc8) 
thrown [src/hotspot/share/interpreter/linkResolver.cpp, line 758]
Event: 0,243 Thread 0x00007fa9a8025d60 Exception <a 'java/lang/NoSuchMethodError'{0x00000000c6dfc3a8}: 'java.lang.Object java.lang.invoke.DirectMethodHandle$Holder.invokeSpecial(java.lang.Object, java.lang.Object, java.lang.Object, java.lang.Object, int)'> (0x00000000c6dfc3a8) 
thrown [src/hotspot/share/interpreter/linkResolver.cpp, line 758]
Event: 0,243 Thread 0x00007fa9a8025d60 Exception <a 'java/lang/NoSuchMethodError'{0x00000000c6c001b0}: 'java.lang.Object java.lang.invoke.Invokers$Holder.linkToTargetMethod(java.lang.Object, java.lang.Object, int, java.lang.Object)'> (0x00000000c6c001b0) 
thrown [src/hotspot/share/interpreter/linkResolver.cpp, line 758]

VM Operations (4 events):
Event: 0,133 Executing VM operation: HandshakeAllThreads
Event: 0,133 Executing VM operation: HandshakeAllThreads done
Event: 0,233 Executing VM operation: HandshakeAllThreads
Event: 0,233 Executing VM operation: HandshakeAllThreads done

Events (20 events):
Event: 0,268 loading class java/lang/reflect/ProxyGenerator
Event: 0,269 loading class java/lang/reflect/ProxyGenerator done
Event: 0,269 loading class java/lang/reflect/ProxyGenerator$ProxyMethod
Event: 0,269 loading class java/lang/reflect/ProxyGenerator$ProxyMethod done
Event: 0,270 loading class java/lang/reflect/ProxyGenerator$PrimitiveTypeInfo
Event: 0,270 loading class java/lang/reflect/ProxyGenerator$PrimitiveTypeInfo done
Event: 0,270 loading class jdk/internal/org/objectweb/asm/Edge
Event: 0,270 loading class jdk/internal/org/objectweb/asm/Edge done
Event: 0,276 loading class java/lang/reflect/UndeclaredThrowableException
Event: 0,276 loading class java/lang/reflect/UndeclaredThrowableException done
Event: 0,276 loading class java/lang/reflect/Proxy$ProxyBuilder$1
Event: 0,276 loading class java/lang/reflect/Proxy$ProxyBuilder$1 done
Event: 0,277 loading class java/lang/AssertionError
Event: 0,277 loading class java/lang/AssertionError done
Event: 0,277 loading class java/lang/reflect/TypeVariable
Event: 0,277 loading class java/lang/reflect/TypeVariable done
Event: 0,277 loading class java/lang/reflect/AnnotatedType
Event: 0,277 loading class java/lang/reflect/AnnotatedType done
Event: 0,278 loading class java/lang/TypeNotPresentException
Event: 0,278 loading class java/lang/TypeNotPresentException done


Dynamic libraries:
c3200000-c7000000 rw-p 00000000 00:00 0 
c7000000-100000000 ---p 00000000 00:00 0 
100000000-100020000 rw-p 00000000 00:00 0 
100020000-100040000 rw-p 00000000 00:00 0 
100040000-1000c0000 rw-p 00000000 00:00 0 
1000c0000-1000d0000 rw-p 00000000 00:00 0 
1000d0000-140000000 ---p 00000000 00:00 0 
559e010d4000-559e010d5000 r--p 00000000 07:09 932                        /snap/eclipse/66/plugins/org.eclipse.justj.openjdk.hotspot.jre.full.linux.x86_64_17.0.5.v20221102-0933/jre/bin/java
559e010d5000-559e010d6000 r-xp 00001000 07:09 932                        /snap/eclipse/66/plugins/org.eclipse.justj.openjdk.hotspot.jre.full.linux.x86_64_17.0.5.v20221102-0933/jre/bin/java
559e010d6000-559e010d7000 r--p 00002000 07:09 932                        /snap/eclipse/66/plugins/org.eclipse.justj.openjdk.hotspot.jre.full.linux.x86_64_17.0.5.v20221102-0933/jre/bin/java
559e010d7000-559e010d8000 r--p 00002000 07:09 932                        /snap/eclipse/66/plugins/org.eclipse.justj.openjdk.hotspot.jre.full.linux.x86_64_17.0.5.v20221102-0933/jre/bin/java
559e010d8000-559e010d9000 rw-p 00003000 07:09 932                        /snap/eclipse/66/plugins/org.eclipse.justj.openjdk.hotspot.jre.full.linux.x86_64_17.0.5.v20221102-0933/jre/bin/java
559e02537000-559e0257f000 rw-p 00000000 00:00 0                          [heap]
7fa940000000-7fa940021000 rw-p 00000000 00:00 0 
7fa940021000-7fa944000000 ---p 00000000 00:00 0 
7fa944000000-7fa944021000 rw-p 00000000 00:00 0 
7fa944021000-7fa948000000 ---p 00000000 00:00 0 
7fa948000000-7fa948021000 rw-p 00000000 00:00 0 
7fa948021000-7fa94c000000 ---p 00000000 00:00 0 
7fa94c000000-7fa94c021000 rw-p 00000000 00:00 0 
7fa94c021000-7fa950000000 ---p 00000000 00:00 0 
7fa950000000-7fa950021000 rw-p 00000000 00:00 0 
7fa950021000-7fa954000000 ---p 00000000 00:00 0 
7fa954000000-7fa954021000 rw-p 00000000 00:00 0 
7fa954021000-7fa958000000 ---p 00000000 00:00 0 
7fa958000000-7fa9582ed000 rw-p 00000000 00:00 0 
7fa9582ed000-7fa95c000000 ---p 00000000 00:00 0 
7fa95c000000-7fa95c23a000 rw-p 00000000 00:00 0 
7fa95c23a000-7fa960000000 ---p 00000000 00:00 0 
7fa960000000-7fa960021000 rw-p 00000000 00:00 0 
7fa960021000-7fa964000000 ---p 00000000 00:00 0 
7fa964000000-7fa964021000 rw-p 00000000 00:00 0 
7fa964021000-7fa968000000 ---p 00000000 00:00 0 
7fa968000000-7fa968021000 rw-p 00000000 00:00 0 
7fa968021000-7fa96c000000 ---p 00000000 00:00 0 
7fa96c000000-7fa96c021000 rw-p 00000000 00:00 0 
7fa96c021000-7fa970000000 ---p 00000000 00:00 0 
7fa972000000-7fa972010000 rw-p 00000000 00:00 0 
7fa972010000-7fa972800000 ---p 00000000 00:00 0 
7fa972a00000-7fa972a1e000 r-xp 00000000 08:03 672751                     /home/pfr/.cache/JNA/temp/jna5098321019589304221.tmp (deleted)
7fa972a1e000-7fa972c1d000 ---p 0001e000 08:03 672751                     /home/pfr/.cache/JNA/temp/jna5098321019589304221.tmp (deleted)
7fa972c1d000-7fa972c1e000 rw-p 0001d000 08:03 672751                     /home/pfr/.cache/JNA/temp/jna5098321019589304221.tmp (deleted)
7fa972c1e000-7fa972c1f000 rw-p 00000000 00:00 0 
7fa972e00000-7fa973eb6000 r--p 00000000 08:03 136397                     /usr/lib/locale/locale-archive
7fa974000000-7fa974021000 rw-p 00000000 00:00 0 
7fa974021000-7fa978000000 ---p 00000000 00:00 0 
7fa978000000-7fa978021000 rw-p 00000000 00:00 0 
7fa978021000-7fa97c000000 ---p 00000000 00:00 0 
7fa97c000000-7fa97c021000 rw-p 00000000 00:00 0 
7fa97c021000-7fa980000000 ---p 00000000 00:00 0 
7fa980000000-7fa980021000 rw-p 00000000 00:00 0 
7fa980021000-7fa984000000 ---p 00000000 00:00 0 
7fa984000000-7fa984021000 rw-p 00000000 00:00 0 
7fa984021000-7fa988000000 ---p 00000000 00:00 0 
7fa988000000-7fa988021000 rw-p 00000000 00:00 0 
7fa988021000-7fa98c000000 ---p 00000000 00:00 0 
7fa98c000000-7fa98c021000 rw-p 00000000 00:00 0 
7fa98c021000-7fa990000000 ---p 00000000 00:00 0 
7fa9901ab000-7fa9901af000 ---p 00000000 00:00 0 
7fa9901af000-7fa9902ab000 rw-p 00000000 00:00 0 
7fa9902ab000-7fa9902af000 ---p 00000000 00:00 0 
7fa9902af000-7fa9902fe000 rw-p 00000000 00:00 0 
7fa9902fe000-7fa990302000 ---p 00000000 00:00 0 
7fa990302000-7fa9903fe000 rw-p 00000000 00:00 0 
7fa9903fe000-7fa9903ff000 ---p 00000000 00:00 0 
7fa9903ff000-7fa990500000 rw-p 00000000 00:00 0 
7fa990500000-7fa990504000 ---p 00000000 00:00 0 
7fa990504000-7fa990600000 rw-p 00000000 00:00 0 
7fa990600000-7fa990604000 ---p 00000000 00:00 0 
7fa990604000-7fa990700000 rw-p 00000000 00:00 0 
7fa990700000-7fa990704000 ---p 00000000 00:00 0 
7fa990704000-7fa990800000 rw-p 00000000 00:00 0 
7fa990800000-7fa990804000 ---p 00000000 00:00 0 
7fa990804000-7fa990900000 rw-p 00000000 00:00 0 
7fa990900000-7fa990904000 ---p 00000000 00:00 0 
7fa990904000-7fa990a00000 rw-p 00000000 00:00 0 
7fa990a00000-7fa990a04000 ---p 00000000 00:00 0 
7fa990a04000-7fa990b00000 rw-p 00000000 00:00 0 
7fa990b00000-7fa990b04000 ---p 00000000 00:00 0 
7fa990b04000-7fa991000000 rw-p 00000000 00:00 0 
7fa991000000-7fa991040000 rw-p 00000000 00:00 0 
7fa991040000-7fa991080000 rw-p 00000000 00:00 0 
7fa991080000-7fa991100000 rw-p 00000000 00:00 0 
7fa991100000-7fa991300000 rw-p 00000000 00:00 0 
7fa991300000-7fa991360000 rw-p 00000000 00:00 0 
7fa991360000-7fa991380000 ---p 00000000 00:00 0 
7fa991380000-7fa991400000 rw-p 00000000 00:00 0 
7fa99140d000-7fa991411000 ---p 00000000 00:00 0 
7fa991411000-7fa99150d000 rw-p 00000000 00:00 0 
7fa99150d000-7fa991511000 ---p 00000000 00:00 0 
7fa991511000-7fa99160d000 rw-p 00000000 00:00 0 
7fa99160d000-7fa99160e000 ---p 00000000 00:00 0 
7fa99160e000-7fa99182c000 rw-p 00000000 00:00 0 
7fa99182c000-7fa99182d000 ---p 00000000 00:00 0 
7fa99182d000-7fa99192e000 rw-p 00000000 00:00 0 
7fa99192e000-7fa99192f000 ---p 00000000 00:00 0 
7fa99192f000-7fa993c29000 rw-p 00000000 00:00 0 
7fa993c29000-7fa994a69000 ---p 00000000 00:00 0 
7fa994a69000-7fa994b61000 rw-p 00000000 00:00 0 
7fa994b61000-7fa9959a1000 ---p 00000000 00:00 0 
7fa9959a1000-7fa995c11000 rwxp 00000000 00:00 0 
7fa995c11000-7fa995f32000 ---p 00000000 00:00 0 
7fa995f32000-7fa9961a2000 rwxp 00000000 00:00 0 
7fa9961a2000-7fa99d469000 ---p 00000000 00:00 0 
7fa99d469000-7fa99d6d9000 rwxp 00000000 00:00 0 
7fa99d6d9000-7fa9a49a1000 ---p 00000000 00:00 0 
7fa9a49a1000-7fa9a8000000 r--s 00000000 07:09 1339                       /snap/eclipse/66/plugins/org.eclipse.justj.openjdk.hotspot.jre.full.linux.x86_64_17.0.5.v20221102-0933/jre/lib/modules
7fa9a8000000-7fa9a9309000 rw-p 00000000 00:00 0 
7fa9a9309000-7fa9ac000000 ---p 00000000 00:00 0 
7fa9ac006000-7fa9ac00d000 r--s 00000000 08:03 656382                     /usr/lib/x86_64-linux-gnu/gconv/gconv-modules.cache
7fa9ac00d000-7fa9ac011000 r--p 00000000 07:09 1330                       /snap/eclipse/66/plugins/org.eclipse.justj.openjdk.hotspot.jre.full.linux.x86_64_17.0.5.v20221102-0933/jre/lib/libnet.so
7fa9ac011000-7fa9ac01f000 r-xp 00004000 07:09 1330                       /snap/eclipse/66/plugins/org.eclipse.justj.openjdk.hotspot.jre.full.linux.x86_64_17.0.5.v20221102-0933/jre/lib/libnet.so
7fa9ac01f000-7fa9ac023000 r--p 00012000 07:09 1330                       /snap/eclipse/66/plugins/org.eclipse.justj.openjdk.hotspot.jre.full.linux.x86_64_17.0.5.v20221102-0933/jre/lib/libnet.so
7fa9ac023000-7fa9ac024000 r--p 00015000 07:09 1330                       /snap/eclipse/66/plugins/org.eclipse.justj.openjdk.hotspot.jre.full.linux.x86_64_17.0.5.v20221102-0933/jre/lib/libnet.so
7fa9ac024000-7fa9ac025000 rw-p 00016000 07:09 1330                       /snap/eclipse/66/plugins/org.eclipse.justj.openjdk.hotspot.jre.full.linux.x86_64_17.0.5.v20221102-0933/jre/lib/libnet.so
7fa9ac025000-7fa9ac52a000 rw-p 00000000 00:00 0 
7fa9ac52a000-7fa9ac52b000 ---p 00000000 00:00 0 
7fa9ac52b000-7fa9ac62c000 rw-p 00000000 00:00 0 
7fa9ac62c000-7fa9ac62d000 ---p 00000000 00:00 0 
7fa9ac62d000-7fa9ac72e000 rw-p 00000000 00:00 0 
7fa9ac72e000-7fa9ac72f000 ---p 00000000 00:00 0 
7fa9ac72f000-7fa9ac84f000 rw-p 00000000 00:00 0 
7fa9ac84f000-7fa9aca17000 ---p 00000000 00:00 0 
7fa9aca17000-7fa9aca36000 rw-p 00000000 00:00 0 
7fa9aca36000-7fa9acbfe000 ---p 00000000 00:00 0 
7fa9acbfe000-7fa9acc1d000 rw-p 00000000 00:00 0 
7fa9acc1d000-7fa9acde5000 ---p 00000000 00:00 0 
7fa9acde5000-7fa9ad3f0000 rw-p 00000000 00:00 0 
7fa9ad3f0000-7fa9ad4d6000 ---p 00000000 00:00 0 
7fa9ad4d6000-7fa9ad4db000 rw-p 00000000 00:00 0 
7fa9ad4db000-7fa9ad5c1000 ---p 00000000 00:00 0 
7fa9ad5c1000-7fa9ad5c5000 ---p 00000000 00:00 0 
7fa9ad5c5000-7fa9ad6c1000 rw-p 00000000 00:00 0 
7fa9ad6c1000-7fa9ad913000 r--p 00000000 07:09 1349                       /snap/eclipse/66/plugins/org.eclipse.justj.openjdk.hotspot.jre.full.linux.x86_64_17.0.5.v20221102-0933/jre/lib/server/libjvm.so
7fa9ad913000-7fa9ae62c000 r-xp 00252000 07:09 1349                       /snap/eclipse/66/plugins/org.eclipse.justj.openjdk.hotspot.jre.full.linux.x86_64_17.0.5.v20221102-0933/jre/lib/server/libjvm.so
7fa9ae62c000-7fa9ae8b7000 r--p 00f6b000 07:09 1349                       /snap/eclipse/66/plugins/org.eclipse.justj.openjdk.hotspot.jre.full.linux.x86_64_17.0.5.v20221102-0933/jre/lib/server/libjvm.so
7fa9ae8b7000-7fa9ae8b8000 ---p 011f6000 07:09 1349                       /snap/eclipse/66/plugins/org.eclipse.justj.openjdk.hotspot.jre.full.linux.x86_64_17.0.5.v20221102-0933/jre/lib/server/libjvm.so
7fa9ae8b8000-7fa9ae971000 r--p 011f6000 07:09 1349                       /snap/eclipse/66/plugins/org.eclipse.justj.openjdk.hotspot.jre.full.linux.x86_64_17.0.5.v20221102-0933/jre/lib/server/libjvm.so
7fa9ae971000-7fa9ae9a6000 rw-p 012af000 07:09 1349                       /snap/eclipse/66/plugins/org.eclipse.justj.openjdk.hotspot.jre.full.linux.x86_64_17.0.5.v20221102-0933/jre/lib/server/libjvm.so
7fa9ae9a6000-7fa9aea00000 rw-p 00000000 00:00 0 
7fa9aea00000-7fa9aea28000 r--p 00000000 08:03 137192                     /usr/lib/x86_64-linux-gnu/libc.so.6
7fa9aea28000-7fa9aebbd000 r-xp 00028000 08:03 137192                     /usr/lib/x86_64-linux-gnu/libc.so.6
7fa9aebbd000-7fa9aec15000 r--p 001bd000 08:03 137192                     /usr/lib/x86_64-linux-gnu/libc.so.6
7fa9aec15000-7fa9aec19000 r--p 00214000 08:03 137192                     /usr/lib/x86_64-linux-gnu/libc.so.6
7fa9aec19000-7fa9aec1b000 rw-p 00218000 08:03 137192                     /usr/lib/x86_64-linux-gnu/libc.so.6
7fa9aec1b000-7fa9aec28000 rw-p 00000000 00:00 0 
7fa9aec2b000-7fa9aec2d000 r--p 00000000 08:03 671778                     /home/pfr/pfr_code/image/src/libImage.so
7fa9aec2d000-7fa9aec32000 r-xp 00002000 08:03 671778                     /home/pfr/pfr_code/image/src/libImage.so
7fa9aec32000-7fa9aec33000 r--p 00007000 08:03 671778                     /home/pfr/pfr_code/image/src/libImage.so
7fa9aec33000-7fa9aec34000 r--p 00007000 08:03 671778                     /home/pfr/pfr_code/image/src/libImage.so
7fa9aec34000-7fa9aec35000 rw-p 00008000 08:03 671778                     /home/pfr/pfr_code/image/src/libImage.so
7fa9aec35000-7fa9aec3c000 r--p 00000000 07:09 1331                       /snap/eclipse/66/plugins/org.eclipse.justj.openjdk.hotspot.jre.full.linux.x86_64_17.0.5.v20221102-0933/jre/lib/libnio.so
7fa9aec3c000-7fa9aec45000 r-xp 00007000 07:09 1331                       /snap/eclipse/66/plugins/org.eclipse.justj.openjdk.hotspot.jre.full.linux.x86_64_17.0.5.v20221102-0933/jre/lib/libnio.so
7fa9aec45000-7fa9aec49000 r--p 00010000 07:09 1331                       /snap/eclipse/66/plugins/org.eclipse.justj.openjdk.hotspot.jre.full.linux.x86_64_17.0.5.v20221102-0933/jre/lib/libnio.so
7fa9aec49000-7fa9aec4a000 ---p 00014000 07:09 1331                       /snap/eclipse/66/plugins/org.eclipse.justj.openjdk.hotspot.jre.full.linux.x86_64_17.0.5.v20221102-0933/jre/lib/libnio.so
7fa9aec4a000-7fa9aec4b000 r--p 00014000 07:09 1331                       /snap/eclipse/66/plugins/org.eclipse.justj.openjdk.hotspot.jre.full.linux.x86_64_17.0.5.v20221102-0933/jre/lib/libnio.so
7fa9aec4b000-7fa9aec4c000 rw-p 00015000 07:09 1331                       /snap/eclipse/66/plugins/org.eclipse.justj.openjdk.hotspot.jre.full.linux.x86_64_17.0.5.v20221102-0933/jre/lib/libnio.so
7fa9aec4c000-7fa9aec4e000 r--p 00000000 07:09 1338                       /snap/eclipse/66/plugins/org.eclipse.justj.openjdk.hotspot.jre.full.linux.x86_64_17.0.5.v20221102-0933/jre/lib/libzip.so
7fa9aec4e000-7fa9aec52000 r-xp 00002000 07:09 1338                       /snap/eclipse/66/plugins/org.eclipse.justj.openjdk.hotspot.jre.full.linux.x86_64_17.0.5.v20221102-0933/jre/lib/libzip.so
7fa9aec52000-7fa9aec54000 r--p 00006000 07:09 1338                       /snap/eclipse/66/plugins/org.eclipse.justj.openjdk.hotspot.jre.full.linux.x86_64_17.0.5.v20221102-0933/jre/lib/libzip.so
7fa9aec54000-7fa9aec55000 r--p 00007000 07:09 1338                       /snap/eclipse/66/plugins/org.eclipse.justj.openjdk.hotspot.jre.full.linux.x86_64_17.0.5.v20221102-0933/jre/lib/libzip.so
7fa9aec55000-7fa9aec56000 rw-p 00008000 07:09 1338                       /snap/eclipse/66/plugins/org.eclipse.justj.openjdk.hotspot.jre.full.linux.x86_64_17.0.5.v20221102-0933/jre/lib/libzip.so
7fa9aec56000-7fa9aec9a000 rw-p 00000000 00:00 0 
7fa9aec9a000-7fa9aeca1000 ---p 00000000 00:00 0 
7fa9aeca1000-7fa9aecae000 r--p 00000000 07:09 1317                       /snap/eclipse/66/plugins/org.eclipse.justj.openjdk.hotspot.jre.full.linux.x86_64_17.0.5.v20221102-0933/jre/lib/libjava.so
7fa9aecae000-7fa9aecc0000 r-xp 0000d000 07:09 1317                       /snap/eclipse/66/plugins/org.eclipse.justj.openjdk.hotspot.jre.full.linux.x86_64_17.0.5.v20221102-0933/jre/lib/libjava.so
7fa9aecc0000-7fa9aecc6000 r--p 0001f000 07:09 1317                       /snap/eclipse/66/plugins/org.eclipse.justj.openjdk.hotspot.jre.full.linux.x86_64_17.0.5.v20221102-0933/jre/lib/libjava.so
7fa9aecc6000-7fa9aecc7000 ---p 00025000 07:09 1317                       /snap/eclipse/66/plugins/org.eclipse.justj.openjdk.hotspot.jre.full.linux.x86_64_17.0.5.v20221102-0933/jre/lib/libjava.so
7fa9aecc7000-7fa9aecc8000 r--p 00025000 07:09 1317                       /snap/eclipse/66/plugins/org.eclipse.justj.openjdk.hotspot.jre.full.linux.x86_64_17.0.5.v20221102-0933/jre/lib/libjava.so
7fa9aecc8000-7fa9aecc9000 rw-p 00026000 07:09 1317                       /snap/eclipse/66/plugins/org.eclipse.justj.openjdk.hotspot.jre.full.linux.x86_64_17.0.5.v20221102-0933/jre/lib/libjava.so
7fa9aecc9000-7fa9aecca000 rw-p 00000000 00:00 0 
7fa9aecca000-7fa9aecce000 r--p 00000000 07:09 1321                       /snap/eclipse/66/plugins/org.eclipse.justj.openjdk.hotspot.jre.full.linux.x86_64_17.0.5.v20221102-0933/jre/lib/libjimage.so
7fa9aecce000-7fa9aece1000 r-xp 00004000 07:09 1321                       /snap/eclipse/66/plugins/org.eclipse.justj.openjdk.hotspot.jre.full.linux.x86_64_17.0.5.v20221102-0933/jre/lib/libjimage.so
7fa9aece1000-7fa9aece7000 r--p 00017000 07:09 1321                       /snap/eclipse/66/plugins/org.eclipse.justj.openjdk.hotspot.jre.full.linux.x86_64_17.0.5.v20221102-0933/jre/lib/libjimage.so
7fa9aece7000-7fa9aece9000 r--p 0001c000 07:09 1321                       /snap/eclipse/66/plugins/org.eclipse.justj.openjdk.hotspot.jre.full.linux.x86_64_17.0.5.v20221102-0933/jre/lib/libjimage.so
7fa9aece9000-7fa9aecea000 rw-p 0001e000 07:09 1321                       /snap/eclipse/66/plugins/org.eclipse.justj.openjdk.hotspot.jre.full.linux.x86_64_17.0.5.v20221102-0933/jre/lib/libjimage.so
7fa9aecea000-7fa9aecf8000 r--p 00000000 08:03 137843                     /usr/lib/x86_64-linux-gnu/libm.so.6
7fa9aecf8000-7fa9aed74000 r-xp 0000e000 08:03 137843                     /usr/lib/x86_64-linux-gnu/libm.so.6
7fa9aed74000-7fa9aedcf000 r--p 0008a000 08:03 137843                     /usr/lib/x86_64-linux-gnu/libm.so.6
7fa9aedcf000-7fa9aedd0000 r--p 000e4000 08:03 137843                     /usr/lib/x86_64-linux-gnu/libm.so.6
7fa9aedd0000-7fa9aedd1000 rw-p 000e5000 08:03 137843                     /usr/lib/x86_64-linux-gnu/libm.so.6
7fa9aedd1000-7fa9aedd2000 r--p 00000000 08:03 138168                     /usr/lib/x86_64-linux-gnu/librt.so.1
7fa9aedd2000-7fa9aedd3000 r-xp 00001000 08:03 138168                     /usr/lib/x86_64-linux-gnu/librt.so.1
7fa9aedd3000-7fa9aedd4000 r--p 00002000 08:03 138168                     /usr/lib/x86_64-linux-gnu/librt.so.1
7fa9aedd4000-7fa9aedd5000 r--p 00002000 08:03 138168                     /usr/lib/x86_64-linux-gnu/librt.so.1
7fa9aedd5000-7fa9aedd6000 rw-p 00003000 08:03 138168                     /usr/lib/x86_64-linux-gnu/librt.so.1
7fa9aedd6000-7fa9aeddb000 rw-p 00000000 00:00 0 
7fa9aeddb000-7fa9aeddc000 r--p 00000000 08:03 137334                     /usr/lib/x86_64-linux-gnu/libdl.so.2
7fa9aeddc000-7fa9aeddd000 r-xp 00001000 08:03 137334                     /usr/lib/x86_64-linux-gnu/libdl.so.2
7fa9aeddd000-7fa9aedde000 r--p 00002000 08:03 137334                     /usr/lib/x86_64-linux-gnu/libdl.so.2
7fa9aedde000-7fa9aeddf000 r--p 00002000 08:03 137334                     /usr/lib/x86_64-linux-gnu/libdl.so.2
7fa9aeddf000-7fa9aede0000 rw-p 00003000 08:03 137334                     /usr/lib/x86_64-linux-gnu/libdl.so.2
7fa9aede0000-7fa9aede1000 r--p 00000000 08:03 138112                     /usr/lib/x86_64-linux-gnu/libpthread.so.0
7fa9aede1000-7fa9aede2000 r-xp 00001000 08:03 138112                     /usr/lib/x86_64-linux-gnu/libpthread.so.0
7fa9aede2000-7fa9aede3000 r--p 00002000 08:03 138112                     /usr/lib/x86_64-linux-gnu/libpthread.so.0
7fa9aede3000-7fa9aede4000 r--p 00002000 08:03 138112                     /usr/lib/x86_64-linux-gnu/libpthread.so.0
7fa9aede4000-7fa9aede5000 rw-p 00003000 08:03 138112                     /usr/lib/x86_64-linux-gnu/libpthread.so.0
7fa9aede5000-7fa9aede8000 r--p 00000000 07:09 1322                       /snap/eclipse/66/plugins/org.eclipse.justj.openjdk.hotspot.jre.full.linux.x86_64_17.0.5.v20221102-0933/jre/lib/libjli.so
7fa9aede8000-7fa9aedf2000 r-xp 00003000 07:09 1322                       /snap/eclipse/66/plugins/org.eclipse.justj.openjdk.hotspot.jre.full.linux.x86_64_17.0.5.v20221102-0933/jre/lib/libjli.so
7fa9aedf2000-7fa9aedf5000 r--p 0000d000 07:09 1322                       /snap/eclipse/66/plugins/org.eclipse.justj.openjdk.hotspot.jre.full.linux.x86_64_17.0.5.v20221102-0933/jre/lib/libjli.so
7fa9aedf5000-7fa9aedf6000 ---p 00010000 07:09 1322                       /snap/eclipse/66/plugins/org.eclipse.justj.openjdk.hotspot.jre.full.linux.x86_64_17.0.5.v20221102-0933/jre/lib/libjli.so
7fa9aedf6000-7fa9aedf7000 r--p 00010000 07:09 1322                       /snap/eclipse/66/plugins/org.eclipse.justj.openjdk.hotspot.jre.full.linux.x86_64_17.0.5.v20221102-0933/jre/lib/libjli.so
7fa9aedf7000-7fa9aedf8000 rw-p 00011000 07:09 1322                       /snap/eclipse/66/plugins/org.eclipse.justj.openjdk.hotspot.jre.full.linux.x86_64_17.0.5.v20221102-0933/jre/lib/libjli.so
7fa9aedf8000-7fa9aedfa000 r--p 00000000 08:03 131946                     /usr/lib/x86_64-linux-gnu/libz.so.1.2.11
7fa9aedfa000-7fa9aee0b000 r-xp 00002000 08:03 131946                     /usr/lib/x86_64-linux-gnu/libz.so.1.2.11
7fa9aee0b000-7fa9aee11000 r--p 00013000 08:03 131946                     /usr/lib/x86_64-linux-gnu/libz.so.1.2.11
7fa9aee11000-7fa9aee12000 ---p 00019000 08:03 131946                     /usr/lib/x86_64-linux-gnu/libz.so.1.2.11
7fa9aee12000-7fa9aee13000 r--p 00019000 08:03 131946                     /usr/lib/x86_64-linux-gnu/libz.so.1.2.11
7fa9aee13000-7fa9aee14000 rw-p 0001a000 08:03 131946                     /usr/lib/x86_64-linux-gnu/libz.so.1.2.11
7fa9aee1a000-7fa9aee22000 rw-s 00000000 08:03 393412                     /tmp/hsperfdata_pfr/10943
7fa9aee22000-7fa9aee23000 ---p 00000000 00:00 0 
7fa9aee23000-7fa9aee24000 r--p 00000000 00:00 0 
7fa9aee24000-7fa9aee26000 rw-p 00000000 00:00 0 
7fa9aee26000-7fa9aee28000 r--p 00000000 08:03 136855                     /usr/lib/x86_64-linux-gnu/ld-linux-x86-64.so.2
7fa9aee28000-7fa9aee52000 r-xp 00002000 08:03 136855                     /usr/lib/x86_64-linux-gnu/ld-linux-x86-64.so.2
7fa9aee52000-7fa9aee5d000 r--p 0002c000 08:03 136855                     /usr/lib/x86_64-linux-gnu/ld-linux-x86-64.so.2
7fa9aee5d000-7fa9aee5e000 ---p 00000000 00:00 0 
7fa9aee5e000-7fa9aee60000 r--p 00037000 08:03 136855                     /usr/lib/x86_64-linux-gnu/ld-linux-x86-64.so.2
7fa9aee60000-7fa9aee62000 rw-p 00039000 08:03 136855                     /usr/lib/x86_64-linux-gnu/ld-linux-x86-64.so.2
7fff20482000-7fff204a3000 rw-p 00000000 00:00 0                          [stack]
7fff205da000-7fff205de000 r--p 00000000 00:00 0                          [vvar]
7fff205de000-7fff205e0000 r-xp 00000000 00:00 0                          [vdso]
ffffffffff600000-ffffffffff601000 --xp 00000000 00:00 0                  [vsyscall]


VM Arguments:
jvm_args: -Dfile.encoding=UTF-8 -XX:+ShowCodeDetailsInExceptionMessages 
java_command: test.TestJNA
java_class_path (initial): /home/pfr/pfr_code/PFR_Java/bin:/home/pfr/Téléchargements/jar_files/jna-5.13.0.jar
Launcher Type: SUN_STANDARD

[Global flags]
     intx CICompilerCount                          = 3                                         {product} {ergonomic}
     uint ConcGCThreads                            = 2                                         {product} {ergonomic}
     uint G1ConcRefinementThreads                  = 6                                         {product} {ergonomic}
   size_t G1HeapRegionSize                         = 1048576                                   {product} {ergonomic}
    uintx GCDrainStackTargetSize                   = 64                                        {product} {ergonomic}
   size_t InitialHeapSize                          = 65011712                                  {product} {ergonomic}
   size_t MarkStackSize                            = 4194304                                   {product} {ergonomic}
   size_t MaxHeapSize                              = 1021313024                                {product} {ergonomic}
   size_t MaxNewSize                               = 612368384                                 {product} {ergonomic}
   size_t MinHeapDeltaBytes                        = 1048576                                   {product} {ergonomic}
   size_t MinHeapSize                              = 8388608                                   {product} {ergonomic}
    uintx NonNMethodCodeHeapSize                   = 5832780                                {pd product} {ergonomic}
    uintx NonProfiledCodeHeapSize                  = 122912730                              {pd product} {ergonomic}
    uintx ProfiledCodeHeapSize                     = 122912730                              {pd product} {ergonomic}
    uintx ReservedCodeCacheSize                    = 251658240                              {pd product} {ergonomic}
     bool SegmentedCodeCache                       = true                                      {product} {ergonomic}
     bool ShowCodeDetailsInExceptionMessages       = true                                   {manageable} {command line}
   size_t SoftMaxHeapSize                          = 1021313024                             {manageable} {ergonomic}
     bool UseCompressedClassPointers               = true                           {product lp64_product} {ergonomic}
     bool UseCompressedOops                        = true                           {product lp64_product} {ergonomic}
     bool UseG1GC                                  = true                                      {product} {ergonomic}

Logging:
Log output configuration:
 #0: stdout all=warning uptime,level,tags
 #1: stderr all=off uptime,level,tags

Environment Variables:
PATH=/usr/local/sbin:/usr/local/bin:/usr/sbin:/usr/bin:/sbin:/bin:/usr/games:/usr/local/games:/snap/bin:/snap/bin
USERNAME=pfr
SHELL=/bin/bash
DISPLAY=:0
LANG=fr_FR.UTF-8
LC_NUMERIC=sv_SE.UTF-8
LC_TIME=sv_SE.UTF-8

Signal Handlers:
   SIGSEGV: crash_handler in libjvm.so, mask=11100100010111111101111111111110, flags=SA_RESTART|SA_SIGINFO
    SIGBUS: crash_handler in libjvm.so, mask=11100100010111111101111111111110, flags=SA_RESTART|SA_SIGINFO
    SIGFPE: crash_handler in libjvm.so, mask=11100100010111111101111111111110, flags=SA_RESTART|SA_SIGINFO
   SIGPIPE: javaSignalHandler in libjvm.so, mask=11100100010111111101111111111110, flags=SA_RESTART|SA_SIGINFO
   SIGXFSZ: javaSignalHandler in libjvm.so, mask=11100100010111111101111111111110, flags=SA_RESTART|SA_SIGINFO
    SIGILL: crash_handler in libjvm.so, mask=11100100010111111101111111111110, flags=SA_RESTART|SA_SIGINFO
   SIGUSR2: SR_handler in libjvm.so, mask=00100000000000000000000000000000, flags=SA_RESTART|SA_SIGINFO
    SIGHUP: UserHandler in libjvm.so, mask=11100100010111111101111111111110, flags=SA_RESTART|SA_SIGINFO
    SIGINT: UserHandler in libjvm.so, mask=11100100010111111101111111111110, flags=SA_RESTART|SA_SIGINFO
   SIGTERM: UserHandler in libjvm.so, mask=11100100010111111101111111111110, flags=SA_RESTART|SA_SIGINFO
   SIGQUIT: UserHandler in libjvm.so, mask=11100100010111111101111111111110, flags=SA_RESTART|SA_SIGINFO
  *** Handler was modified!
  *** Expected: javaSignalHandler in libjvm.so, mask=11100100110111111111111111111110, flags=SA_RESTART|SA_SIGINFO
   SIGTRAP: crash_handler in libjvm.so, mask=11100100010111111101111111111110, flags=SA_RESTART|SA_SIGINFO


---------------  S Y S T E M  ---------------

OS:
DISTRIB_ID=Ubuntu
DISTRIB_RELEASE=22.04
DISTRIB_CODENAME=jammy
DISTRIB_DESCRIPTION="Ubuntu 22.04.2 LTS"
uname: Linux 5.19.0-35-generic #36~22.04.1-Ubuntu SMP PREEMPT_DYNAMIC Fri Feb 17 15:17:25 UTC 2 x86_64
OS uptime: 0 days 1:33 hours
libc: glibc 2.35 NPTL 2.35 
rlimit (soft/hard): STACK 8192k/infinity , CORE 0k/infinity , NPROC 15243/15243 , NOFILE 1048576/1048576 , AS infinity/infinity , CPU infinity/infinity , DATA infinity/infinity , FSIZE infinity/infinity , MEMLOCK 497764k/497764k
load average: 0,89 0,95 0,99

/proc/meminfo:
MemTotal:        3982132 kB
MemFree:          122888 kB
MemAvailable:     509200 kB
Buffers:           17948 kB
Cached:           651020 kB
SwapCached:        50268 kB
Active:          1080192 kB
Inactive:        1247792 kB
Active(anon):     690472 kB
Inactive(anon):  1074068 kB
Active(file):     389720 kB
Inactive(file):   173724 kB
Unevictable:          96 kB
Mlocked:              96 kB
SwapTotal:       2097148 kB
SwapFree:         791308 kB
Zswap:                 0 kB
Zswapped:              0 kB
Dirty:               500 kB
Writeback:             0 kB
AnonPages:       1611648 kB
Mapped:           386216 kB
Shmem:            105532 kB
KReclaimable:      66928 kB
Slab:             634848 kB
SReclaimable:      66928 kB
SUnreclaim:       567920 kB
KernelStack:       20072 kB
PageTables:        40536 kB
NFS_Unstable:          0 kB
Bounce:                0 kB
WritebackTmp:          0 kB
CommitLimit:     4088212 kB
Committed_AS:    9654192 kB
VmallocTotal:   34359738367 kB
VmallocUsed:      575604 kB
VmallocChunk:          0 kB
Percpu:           128512 kB
HardwareCorrupted:     0 kB
AnonHugePages:         0 kB
ShmemHugePages:        0 kB
ShmemPmdMapped:        0 kB
FileHugePages:         0 kB
FilePmdMapped:         0 kB
HugePages_Total:       0
HugePages_Free:        0
HugePages_Rsvd:        0
HugePages_Surp:        0
Hugepagesize:       2048 kB
Hugetlb:               0 kB
DirectMap4k:      327488 kB
DirectMap2M:     3866624 kB
DirectMap1G:     2097152 kB

/sys/kernel/mm/transparent_hugepage/enabled: always [madvise] never
/sys/kernel/mm/transparent_hugepage/defrag (defrag/compaction efforts parameter): always defer defer+madvise [madvise] never

Process Memory:
Virtual Size: 3827516K (peak: 3827572K)
Resident Set Size: 71536K (peak: 71536K) (anon: 45668K, file: 25868K, shmem: 0K)
Swapped out: 0K
C-Heap outstanding allocations: 41856K, retained: 3127K
glibc malloc tunables: (default)

/proc/sys/kernel/threads-max (system-wide limit on the number of threads): 30487
/proc/sys/vm/max_map_count (maximum number of memory map areas a process may have): 65530
/proc/sys/kernel/pid_max (system-wide limit on number of process identifiers): 4194304

container (cgroup) information:
container_type: cgroupv2
cpu_cpuset_cpus: not supported
cpu_memory_nodes: not supported
active_processor_count: 6
cpu_quota: not supported
cpu_period: not supported
cpu_shares: not supported
memory_limit_in_bytes: unlimited
memory_and_swap_limit_in_bytes: unlimited
memory_soft_limit_in_bytes: unlimited
memory_usage_in_bytes: 1027536 k
memory_max_usage_in_bytes: not supported
maximum number of tasks: 4573
current number of tasks: 139

VMWare virtualization detected
Steal ticks since vm start: 0
Steal ticks percentage since vm start:  0,000

CPU: total 6 (initial active 6) (3 cores per cpu, 1 threads per core) family 6 model 140 stepping 1 microcode 0x86, cx8, cmov, fxsr, mmx, 3dnowpref, sse, sse2, sse3, ssse3, sse4.1, sse4.2, popcnt, lzcnt, tsc, tscinvbit, avx, avx2, aes, erms, clmul, bmi1, bmi2, adx, avx512f, avx512dq, avx512cd, avx512bw, avx512vl, sha, fma, vzeroupper, avx512_vpopcntdq, avx512_vpclmulqdq, avx512_vaes, avx512_vnni, clflush, clflushopt, clwb, avx512_vbmi2, avx512_vbmi, hv
CPU Model and flags from /proc/cpuinfo:
model name	: 11th Gen Intel(R) Core(TM) i7-11370H @ 3.30GHz
flags		: fpu vme de pse tsc msr pae mce cx8 apic sep mtrr pge mca cmov pat pse36 clflush mmx fxsr sse sse2 ss ht syscall nx pdpe1gb rdtscp lm constant_tsc arch_perfmon rep_good nopl xtopology tsc_reliable nonstop_tsc cpuid tsc_known_freq pni pclmulqdq ssse3 fma cx16 pcid sse4_1 sse4_2 x2apic movbe popcnt tsc_deadline_timer aes xsave avx f16c rdrand hypervisor lahf_lm abm 3dnowprefetch invpcid_single ssbd ibrs ibpb stibp ibrs_enhanced fsgsbase tsc_adjust bmi1 avx2 smep bmi2 erms invpcid avx512f avx512dq rdseed adx smap avx512ifma clflushopt clwb avx512cd sha_ni avx512bw avx512vl xsaveopt xsavec xgetbv1 xsaves arat avx512vbmi umip pku ospke avx512_vbmi2 gfni vaes vpclmulqdq avx512_vnni avx512_bitalg avx512_vpopcntdq rdpid movdiri movdir64b fsrm avx512_vp2intersect md_clear flush_l1d arch_capabilities

Online cpus: 0-5
Offline cpus: 6-127
BIOS frequency limitation: <Not Available>
Frequency switch latency (ns): <Not Available>
Available cpu frequencies: <Not Available>
Current governor: <Not Available>
Core performance/turbo boost: <Not Available>

Memory: 4k page, physical 3982132k(122888k free), swap 2097148k(791308k free)
Page Sizes: 4k

vm_info: OpenJDK 64-Bit Server VM (17.0.5+8) for linux-amd64 JRE (17.0.5+8), built on Oct 18 2022 00:00:00 by "temurin" with gcc 10.3.0

END.
